[ignoring loop detection]
==================================================
RUN START TIME (UTC): 20260627T105125Z
Log filepath        : trained_models\logs\run_single_user3_20260627T105125Z.log
==================================================
COMMAND LINE ARGUMENTS:
  --louo      : False
  --test_mode : False
  --test_user : user3
  --epochs    : 50
  --lr        : 0.0003
  --save_dir  : trained_models
==================================================
CENTRAL HYPERPARAMETERS:
  Device            : cuda
  Dataset root      : C:\Shoab\Thesis\Experiments\dataset
  Seed              : 42
  Dev-Val Ratio     : 0.12
  Batch size        : 4
  Test mode         : False
  Model name        : lstm_fullseq
  Normalization     : palm_ref
  Learning rate     : 0.0003
  Epochs            : 50
  Feature dim       : 128
  Hidden size       : 256
  Num layers        : 2
  Dropout           : 0.2
  Decoder bag size  : 5
  Decoder threshold : 0.35
==================================================

Using device: cuda
Dataset root: C:\Shoab\Thesis\Experiments\dataset
Matched recordings per user:
  user1: 76 recordings
  user2: 73 recordings
  user3: 55 recordings
  user5: 72 recordings

[A
[A
[A
[A
[A
[A
[A
[A
[A
[A
[A
[A
[A
[A
[A
[A
[A
[A
[A
[A
[A
[A
[A
[A
[A
[A
[A
[A
[A
[A
[A
[A
[A
[A
[A
[A
[A
[A
[A
[A
[A
[A
[A
[A
[A
[A
[A
[A
[A
[A
[A
[A
[A
[A
[A
[A
[A
[A
[A
[A
[A
[A
[A
[A
[A
[A
[A
[A
[A
[A
[A
[A
[A
[A
[A
[A
[A
[A
[A
[A
[A
[A
[A
[A
[A
[A
[A
[A
[A
[A
[A
[A
[A
[A
[A
[A
[A
[A
[A
[A
[A
[A
[A
[A
[A
[A
[A
[A
[A
[A
[A
[A
[A
[A
[A
[A
[A
[A
[A
[A
[A
[A
[A
[A
[A
[A
[A
[A
[A
[A
[A
[A
[A
[A
[A
[A
[A
[A
[A
[A
[A
[A
[A
[A
[A
[A
[A
[A
[A
[A
[A
[A
[A
[A
[A
[A
[A
[A
[A
[A
[A
[A
[A
[A
[A
[A
[A
[A
[A
[A
[A
[A
[A
[A
[A
[A
[A
[A
[A
[A
[A
[A
[A
[A
[A
[A
[A
[A
[A
[A
[A
[A
[A
[A
[A
[A
[A
[A
[A
[A
[A
[A
[A
[A
[A
[A
[A
[A
[A
[A
[A
[A
[A
[A
[A
[A
[A
[A
[A
[A
[A
[A
[A
[A
[A
[A
[A
[A
[A
[A
[A
[A
[A
[A
[A
[A
[A
[A
[A
[A
[A
[A
[A
[A
[A
[A
[A
[A
[A
[A
[A
[A
[A
[A
[A
[A
[A
[A
[A
[A
[A
[A
[A
[A
[A
[A
[A
[A
[A
[A
[A
[A
[A
[A
[A
[A
[A
[A
[A
[A
[A
[A
[A
[A
[A
[A
[A
[A
[A
[A
[A
[A
[A
[A
[A
[A
[A
[A
[A
[A
[A
[A
[A
[A
[A
[A
[A
[A
[A
[A
[A
[A
[A
[A
[A
[A
[A
[A
[A
[A
[A
[A
[A
[A
[A
[A
[A
[A
[A
[A
[A
[A
[A
[A
[A
[A
[A
[A
[A
[A
[A
[A
[A
[A
[A
[A
[A
[A
[A
[A
[A
[A
[A
[A
[A
[A
[A
[A
[A
[A
[A
[A
[A
[A
[A
[A
[A
[A
[A
[A
[A
[A
[A
[A
[A
[A
[A
[A
[A
[A
[A
[A
[A
[A
[A
[A
[A
[A
[A
[A
[A
[A
[A
[A
[A
[A
[A
[A
[A
[A
[A
[A
[A
[A
[A
[A
[A
[A
[A
[A
[A
[A
[A
[A
[A
[A
[A
[A
[A
[A
[A
[A
[A
[A
[A
[A
[A
[A
[A
[A
[A
[A
[A
[A
[A
[A
[A
[A
[A
[A
[A
[A
[A
[A
[A
[A
[A
[A
[A
[A
[A
[A
[A
[A
[A
[A
[A
[A
[A
[A
[A
[A
[A
[A
[A
[A
[A
[A
[A
[A
[A
[A
[A
[A
[A
[A
[A
[A
[A
[A
[A
[A
[A
[A
[A
[A
[A
[A
[A
[A
[A
[A
[A
[A
[A
[A
[A
[A
[A
[A
[A
[A
[A
[A
[A
[A
[A
[A
[A
[A
[A
[A
[A
[A
[A
[A
[A
[A
[A
[A
[A
[A
[A
[A
[A
[A
[A
[A
[A
[A
[A
[A
[A
[A
[A
[A
[A
[A
[A
[A
[A
[A
[A
[A
[A
[A
[A
[A
[A
[A
[A
[A
[A
[A
[A
[A
[A
[A
[A
[A
[A
[A
[A
[A
[A
[A
[A
[A
[A
[A
[A
[A
[A
[A
[A
[A
[A
[A
[A
[A
[A
[A
[A
[A
[A
[A
[A
[A
[A
[A
[A
[A
[A
[A
[A
[A
[A
[A
[A
[A
[A
[A
[A
[A
[A
[A
[A
[A
[A
[A
[A
[A
[A
[A
[A
[A
[A
[A
[A
[A
[A
[A
[A
[A
[A
[A
[A
[A
[A
[A
[A
[A
[A
[A
[A
[A
[A
[A
[A
[A
[A
[A
[A
[A
[A
[A
[A
[A
[A
[A
[A
[A
[A
[A
[A
[A
[A
[A
[A
[A
[A
[A
[A
[A
[A
[A
[A
[A
[A
[A
[A
[A
[A
[A
[A
[A
[A
[A
[A
[A
[A
[A
[A
[A
[A
[A
[A
[A
[A
[A
[A
[A
[A
[A
[A
[A
[A
[A
[A
[A
[A
[A
[A
[A
[A
[A
[A
[A
[A
[A
[A
[A
[A
[A
[A
[A
[A
[A
[A
[A
[A
[A
[A
[A
[A
[A
[A
[A
[A
[A
[A
[A
[A
[A
[A
[A
[A
[A
[A
[A
[A
[A
[A
[A
[A
[A
[A
[A
[A
[A
[A
[A
[A
[A
[A
[A
[A
[A
[A
[A
[A
[A
[A
[A
[A
[A
[A
[A
[A
[A
[A
[A
[A
[A
[A
[A
[A
[A
[A
[A
[A
[A
[A
[A
[A
[A
[A
[A
[A
[A
[A
[A
[A
[A
[A
[A
[A
[A
[A
[A
[A
[A
[A
[A
[A
[A
[A
[A
[A
[A
[A
[A
[A
[A
[A
[A
[A
[A
[A
[A
[A
[A
[A
[A
[A
[A
[A
[A
[A
[A
[A
[A
[A
[A
[A
[A
[A

[A
[A
[A
[A
[A
[A
[A
[A
[A
[A
[A
[A
[A
[A
[A
[A
[A
[A
[A
[A
[A
[A
[A
[A
[A
[A
[A
[A
[A
[A
[A
[A
[A
[A
[A
[A
[A
[A
[A
[A
[A
[A
[A
[A
[A
[A
[A
[A
[A
[A
[A
[A
[A
[A
[A
[A
[A
[A
[A
[A
[A
[A
[A
[A
[A
[A
[A
[A
[A
[A
[A
[A
[A
[A
[A
[A
[A
[A
[A
[A
[A
[A
[A
[A
[A
[A
[A
[A
[A
[A
[A
[A
[A
[A
[A
[A
[A
[A
[A
[A
[A
[A
[A
[A
[A
[A
[A
[A
[A
[A
[A
[A
[A
[A
[A
[A
[A
[A
[A
[A
[A
[A
[A
[A
[A
[A
[A
[A
[A
[A
[A
[A
[A
[A
[A
[A
[A
[A
[A
[A
[A
[A
[A
[A
[A
[A
[A
[A
[A
[A
[A
[A
[A
[A
[A
[A
[A
[A
[A
[A
[A
[A
[A
[A
[A
[A
[A
[A
[A
[A
[A
[A
[A
[A
[A
[A
[A
[A
[A
[A
[A
[A
[A
[A
[A
[A
[A
[A
[A
[A
[A
[A
[A
[A
[A
[A
[A
[A
[A
[A
[A
[A
[A
[A
[A
[A
[A
[A
[A
[A
[A
[A
[A
[A
[A
[A
[A
[A
[A
[A
[A
[A
[A
[A
[A
[A
[A
[A
[A
[A
[A
[A
[A
[A
[A
[A
[A
[A
[A
[A
[A
[A
[A
[A
[A
[A
[A
[A
[A
[A
[A
[A
[A
[A
[A
[A
[A
[A
[A
[A
[A
[A
[A
[A
[A
[A
[A
[A
[A
[A
[A
[A
[A
[A
[A
[A
[A
[A
[A
[A
[A
[A
[A
[A
[A
[A
[A
[A
[A
[A
[A
[A
[A
[A
[A
[A
[A
[A
[A
[A
[A
[A
[A
[A
[A
[A
[A
[A
[A
[A
[A
[A
[A
[A
[A
[A
[A
[A
[A
[A
[A
[A
[A
[A
[A
[A
[A
[A
[A
[A
[A
[A
[A
[A
[A
[A
[A
[A
[A
[A
[A
[A
[A
[A
[A
[A
[A
[A
[A
[A
[A
[A
[A
[A
[A
[A
[A
[A
[A
[A
[A
[A
[A
[A
[A
[A
[A
[A
[A
[A
[A
[A
[A
[A
[A
[A
[A
[A
[A
[A
[A
[A
[A
[A
[A
[A
[A
[A
[A
[A
[A
[A
[A
[A
[A
[A
[A
[A
[A
[A
[A
[A
[A
[A
[A
[A
[A
[A
[A
[A
[A
[A
[A
[A
[A
[A
[A
[A
[A
[A
[A
[A
[A
[A
[A
[A
[A
[A
[A
[A
[A
[A
[A
[A
[A
[A
[A
[A
[A
[A
[A
[A
[A
[A
[A
[A
[A
[A
[A
[A
[A
[A
[A
[A
[A
[A
[A
[A
[A
[A
[A
[A
[A
[A
[A
[A
[A
[A
[A
[A
[A
[A
[A
[A
[A
[A
[A
[A
[A
[A
[A
[A
[A
[A
[A
[A
[A
[A
[A
[A
[A
[A
[A
[A
[A
[A
[A
[A
[A
[A
[A
[A
[A
[A
[A
[A
[A
[A
[A
[A
[A
[A
[A
[A
[A
[A
[A
[A
[A
[A
[A
[A
[A
[A
[A
[A
[A
[A
[A
[A
[A
[A
[A
[A
[A
[A
[A
[A
[A
[A
[A
[A
[A
[A
[A
[A
[A
[A
[A
[A
[A
[A
[A
[A
[A
[A
[A
[A
[A
[A
[A
[A
[A
[A
[A
[A
[A
[A
[A
[A
[A
[A
[A
[A
[A
[A
[A
[A
[A
[A
[A
[A
[A
[A
[A
[A
[A
[A
[A
[A
[A
[A
[A
[A
[A
[A
[A
[A
[A
[A
[A
[A
[A
[A
[A
[A
[A
[A
[A
[A
[A
[A
[A
[A
[A
[A
[A
[A
[A
[A
[A
[A
[A
[A
[A
[A
[A
[A
[A
[A
[A
[A
[A
[A
[A
[A
[A
[A
[A
[A
[A
[A
[A
[A
[A
[A
[A
[A
[A
[A
[A
[A
[A
[A
[A
[A
[A
[A
[A
[A
[A
[A
[A
[A
[A
[A
[A
[A
[A
[A
[A
[A
[A
[A
[A
[A
[A
[A
[A
[A
[A
[A
[A
[A
[A
[A
[A
[A
[A
[A
[A
[A
[A
[A
[A
[A
[A
[A
[A
[A
[A
[A
[A
[A
[A
[A
[A
[A
[A
[A
[A
[A
[A
[A
[A
[A
[A
[A
[A
[A
[A
[A
[A
[A
[A
[A
[A
[A
[A
[A
[A

[A
[A
[A
[A
[A
[A
[A
[A
[A
[A
[A
[A
[A
[A
[A
[A
[A
[A
[A
[A
[A
[A
[A
[A
[A
[A
[A
[A
[A
[A
[A
[A
[A
[A
[A
[A
[A
[A
[A
[A
[A
[A
[A
[A
[A
[A
[A
[A
[A
[A
[A
[A
[A
[A
[A
[A
[A
[A
[A
[A
[A
[A
[A
[A
[A
[A
[A
[A
[A
[A
[A
[A
[A
[A
[A
[A
[A
[A
[A
[A
[A
[A
[A
[A
[A
[A
[A
[A
[A
[A
[A
[A
[A
[A
[A
[A
[A
[A
[A
[A
[A
[A
[A
[A
[A
[A
[A
[A
[A
[A
[A
[A
[A
[A
[A
[A
[A
[A
[A
[A
[A
[A
[A
[A
[A
[A
[A
[A
[A
[A
[A
[A
[A
[A
[A
[A
[A
[A
[A
[A
[A
[A
[A
[A
[A
[A
[A
[A
[A
[A
[A
[A
[A
[A
[A
[A
[A
[A
[A
[A
[A
[A
[A
[A
[A
[A
[A
[A
[A
[A
[A
[A
[A
[A
[A
[A
[A
[A
[A
[A
[A
[A
[A
[A
[A
[A
[A
[A
[A
[A
[A
[A
[A
[A
[A
[A
[A
[A
[A
[A
[A
[A
[A
[A
[A
[A
[A
[A
[A
[A
[A
[A
[A
[A
[A
[A
[A
[A
[A
[A
[A
[A
[A
[A
[A
[A
[A
[A
[A
[A
[A
[A
[A
[A
[A
[A
[A
[A
[A
[A
[A
[A
[A
[A
[A
[A
[A
[A
[A
[A
[A
[A
[A
[A
[A
[A
[A
[A
[A
[A
[A
[A
[A
[A
[A
[A
[A
[A
[A
[A
[A
[A
[A
[A
[A
[A
[A
[A
[A
[A
[A
[A
[A
[A
[A
[A
[A
[A
[A
[A
[A
[A
[A
[A
[A
[A
[A
[A
[A
[A
[A
[A
[A
[A
[A
[A
[A
[A
[A
[A
[A
[A
[A
[A
[A
[A
[A
[A
[A
[A
[A
[A
[A
[A
[A
[A
[A
[A
[A
[A
[A
[A
[A
[A
[A
[A
[A
[A
[A
[A
[A
[A
[A
[A
[A
[A
[A
[A
[A
[A
[A
[A
[A
[A
[A
[A
[A
[A
[A
[A
[A
[A
[A
[A
[A
[A
[A
[A
[A
[A
[A
[A
[A
[A
[A
[A
[A
[A
[A
[A
[A
[A
[A
[A
[A
[A
[A
[A
[A
[A
[A
[A
[A
[A
[A
[A
[A
[A
[A
[A
[A
[A
[A
[A
[A
[A
[A
[A
[A
[A
[A
[A
[A
[A
[A
[A
[A
[A
[A
[A
[A
[A
[A
[A
[A
[A
[A
[A
[A
[A
[A
[A
[A
[A
[A
[A
[A
[A
[A
[A
[A
[A
[A
[A
[A
[A
[A
[A
[A
[A
[A
[A
[A
[A
[A
[A
[A
[A
[A
[A
[A
[A
[A
[A
[A
[A
[A
[A
[A
[A
[A
[A
[A
[A
[A
[A
[A
[A
[A
[A
[A
[A
[A
[A
[A
[A
[A
[A
[A
[A
[A
[A
[A
[A
[A
[A
[A
[A
[A
[A
[A
[A
[A
[A
[A
[A
[A
[A
[A
[A
[A
[A
[A
[A
[A
[A
[A
[A
[A
[A
[A
[A
[A
[A
[A
[A
[A
[A
[A
[A
[A
[A
[A
[A
[A
[A
[A
[A
[A
[A
[A
[A
[A
[A
[A
[A
[A
[A
[A
[A
[A
[A
[A
[A
[A
[A
[A
[A
[A
[A
[A
[A
[A
[A
[A
[A
[A
[A
[A
[A
[A
[A
[A
[A
[A
[A
[A
[A
[A
[A
[A
[A
[A
[A
[A
[A
[A
[A
[A
[A
[A
[A
[A
[A
[A
[A
[A
[A
[A
[A
[A
[A
[A
[A
[A
[A
[A
[A
[A
[A

[A
[A
[A
[A
[A
[A
[A
[A
[A
[A
[A
[A
[A
[A
[A
[A
[A
[A
[A
[A
[A
[A
[A
[A
[A
[A
[A
[A
[A
[A
[A
[A
[A
[A
[A
[A
[A
[A
[A
[A
[A
[A
[A
[A
[A
[A
[A
[A
[A
[A
[A
[A
[A
[A
[A
[A
[A
[A
[A
[A
[A
[A
[A
[A
[A
[A
[A
[A
[A
[A
[A
[A
[A
[A
[A
[A
[A
[A
[A
[A
[A
[A
[A
[A
[A
[A
[A
[A
[A
[A
[A
[A
[A
[A
[A
[A
[A
[A
[A
[A
[A
[A
[A
[A
[A
[A
[A
[A
[A
[A
[A
[A
[A
[A
[A
[A
[A
[A
[A
[A
[A
[A
[A
[A
[A
[A
[A
[A
[A
[A
[A
[A
[A
[A
[A
[A
[A
[A
[A
[A
[A
[A
[A
[A
[A
[A
[A
[A
[A
[A
[A
[A
[A
[A
[A
[A
[A
[A
[A
[A
[A
[A
[A
[A
[A
[A
[A
[A
[A
[A
[A
[A
[A
[A
[A
[A
[A
[A
[A
[A
[A
[A
[A
[A
[A
[A
[A
[A
[A
[A
[A
[A
[A
[A
[A
[A
[A
[A
[A
[A
[A
[A
[A
[A
[A
[A
[A
[A
[A
[A
[A
[A
[A
[A
[A
[A
[A
[A
[A
[A
[A
[A
[A
[A
[A
[A
[A
[A
[A
[A
[A
[A
[A
[A
[A
[A
[A
[A
[A
[A
[A
[A
[A
[A
[A
[A
[A
[A
[A
[A
[A
[A
[A
[A
[A
[A
[A
[A
[A
[A
[A
[A
[A
[A
[A
[A
[A
[A
[A
[A
[A
[A
[A
[A
[A
[A
[A
[A
[A
[A
[A
[A
[A
[A
[A
[A
[A
[A
[A
[A
[A
[A
[A
[A
[A
[A
[A
[A
[A
[A
[A
[A
[A
[A
[A
[A
[A
[A
[A
[A
[A
[A
[A
[A
[A
[A
[A
[A
[A
[A
[A
[A
[A
[A
[A
[A
[A
[A
[A
[A
[A
[A
[A
[A
[A
[A
[A
[A
[A
[A
[A
[A
[A
[A
[A
[A
[A
[A
[A
[A
[A
[A
[A
[A
[A
[A
[A
[A
[A
[A
[A
[A
[A
[A
[A
[A
[A
[A
[A
[A
[A
[A
[A
[A
[A
[A
[A
[A
[A
[A
[A
[A
[A
[A
[A
[A
[A
[A
[A
[A
[A
[A
[A
[A
[A
[A
[A
[A
[A
[A
[A
[A
[A
[A
[A
[A
[A
[A
[A
[A
[A
[A
[A
[A
[A
[A
[A
[A
[A
[A
[A
[A
[A
[A
[A
[A
[A
[A
[A
[A
[A
[A
[A
[A
[A
[A
[A
[A
[A
[A
[A
[A
[A
[A
[A
[A
[A
[A
[A
[A
[A
[A
[A
[A
[A
[A
[A
[A
[A
[A
[A
[A
[A
[A
[A
[A
[A
[A
[A
[A
[A
[A
[A
[A
[A
[A
[A
[A
[A
[A
[A
[A
[A
[A
[A
[A
[A
[A
[A
[A
[A
[A
[A
[A
[A
[A
[A
[A
[A
[A
[A
[A
[A
[A
[A
[A
[A
[A
[A
[A
[A
[A
[A
[A
[A
[A
[A
[A
[A
[A
[A
[A
[A
[A
[A
[A
[A
[A
[A
[A
[A
[A
[A
[A
[A
[A
[A
[A
[A
[A
[A
[A
[A
[A
[A
[A
[A
[A
[A
[A
[A
[A
[A
[A
[A
[A
[A
[A
[A
[A
[A
[A
[A
[A
[A
[A
[A
[A
[A
[A
[A
[A
[A
[A
[A
[A
[A
[A
[A
[A
[A
[A
[A
[A
[A
[A
[A
[A
[A
[A
[A
[A
[A
[A
[A
[A
[A
[A
[A
[A
[A
[A
[A
[A
[A
[A
[A
[A
[A
[A
[A
[A
[A
[A
[A
[A
[A
[A
[A
[A
[A
[A
[A
[A
[A
[A
[A
[A
[A
[A
[A
[A
[A
[A
[A
[A
[A
[A
[A
[A
[A
[A
[A
[A
[A
[A
[A
[A
[A
[A
[A
[A
[A
[A
[A
[A
[A
[A
[A
[A
[A
[A
[A
[A
[A
[A
[A
[A
[A
[A
[A
[A
[A
[A
[A
[A
[A
[A
[A
[A
[A
[A
[A
[A
[A
[A
[A
[A
[A
[A
[A
[A
[A
[A
[A
[A
[A
[A
[A
[A
[A
[A
[A
[A
[A
[A
[A
[A
[A
[A
[A
[A
[A
[A
[A
[A
[A
[A
[A
[A
[A
[A
[A
[A
[A
[A
[A
[A
[A
[A
[A
[A
[A
[A
[A
[A
[A
[A
[A
[A
[A
[A
[A
[A
[A
[A
[A
[A
[A
[A
[A
[A
[A
[A
[A
[A
[A
[A
[A
[A
[A
[A
[A
[A
[A
[A
[A
[A
[A
[A
[A
[A
[A
[A
[A
[A
[A
[A
[A
[A
[A
[A
[A
[A
[A
[A
[A
[A
[A
[A
[A
[A
[A
[A

Total raw segments (sign + background): 2293
Available users: ['user1', 'user2', 'user3', 'user5']

======================================================================
FOLD: test_user=user3, dev_users=['user1', 'user2', 'user5']
======================================================================

============================================================
SPLIT: test_user=user3, dev_users=['user1', 'user2', 'user5']
============================================================
Dev removed by filter   : {'missing_data': 1, 'low_confidence': 1, 'too_short': 4}
Test removed by filter  : {'too_short': 1}
Train segments (filtered): 1558
Val segments (filtered)  : 272
Test segments (filtered) : 457
Label mapping (string -> ID):
  np.str_('AUGUST') -> 0
  np.str_('BIG') -> 1
  np.str_('BIRD') -> 2
  np.str_('BOAT') -> 3
  np.str_('COME') -> 4
  np.str_('DRIVER') -> 5
  np.str_('FARMING') -> 6
  np.str_('FEBRUARY') -> 7
  np.str_('GO') -> 8
  np.str_('GREETINGS') -> 9
  np.str_('OUR') -> 10
  np.str_('READ') -> 11
  np.str_('SMALL') -> 12
  np.str_('TIGER') -> 13
  np.str_('TRAIN') -> 14
  np.str_('UGLY') -> 15
  np.str_('VAN') -> 16
  np.str_('WHAT') -> 17
  np.str_('WHICH') -> 18
  np.str_('WRITE') -> 19
  np.str_('background') -> 20

Total classes: 21
Background class ID: 20
WER catalog sizes -> train: 188, val: 33, test: 55
Train batches: 47 | Val batches: 9 | Test batches: 14
Model: lstm_fullseq | Trainable params: 991,509
[lstm_fullseq] using normalization: palm_ref
Stabilization: grad_clip=True (norm=1.0), scheduler=True, early_stopping_patience=15
  -> [lstm_fullseq] new best in memory (val_acc=0.7600)
lstm_fullseq | Epoch 01 | Train Loss: 2.3355 | Train Batch Acc: 0.3752 | Val Acc: 0.7600
  -> [lstm_fullseq] new best in memory (val_acc=0.7733)
lstm_fullseq | Epoch 02 | Train Loss: 1.3954 | Train Batch Acc: 0.6909 | Val Acc: 0.7733
lstm_fullseq | Epoch 03 | Train Loss: 1.0198 | Train Batch Acc: 0.6911 | Val Acc: 0.7581
  -> [lstm_fullseq] new best in memory (val_acc=0.8075)
lstm_fullseq | Epoch 04 | Train Loss: 0.7815 | Train Batch Acc: 0.7194 | Val Acc: 0.8075
lstm_fullseq | Epoch 05 | Train Loss: 0.6551 | Train Batch Acc: 0.7183 | Val Acc: 0.8006
lstm_fullseq | Epoch 06 | Train Loss: 0.5486 | Train Batch Acc: 0.7509 | Val Acc: 0.8000
lstm_fullseq | Epoch 07 | Train Loss: 0.5131 | Train Batch Acc: 0.7507 | Val Acc: 0.8057
lstm_fullseq | Epoch 08 | Train Loss: 0.4504 | Train Batch Acc: 0.7667 | Val Acc: 0.7680
  -> [lstm_fullseq] new best in memory (val_acc=0.8213)
lstm_fullseq | Epoch 09 | Train Loss: 0.4019 | Train Batch Acc: 0.7723 | Val Acc: 0.8213
lstm_fullseq | Epoch 10 | Train Loss: 0.4096 | Train Batch Acc: 0.7800 | Val Acc: 0.7972
lstm_fullseq | Epoch 11 | Train Loss: 0.3696 | Train Batch Acc: 0.7955 | Val Acc: 0.8140
  -> [lstm_fullseq] new best in memory (val_acc=0.8430)
lstm_fullseq | Epoch 12 | Train Loss: 0.3392 | Train Batch Acc: 0.7955 | Val Acc: 0.8430
  -> [lstm_fullseq] new best in memory (val_acc=0.8615)
lstm_fullseq | Epoch 13 | Train Loss: 0.3252 | Train Batch Acc: 0.7848 | Val Acc: 0.8615
lstm_fullseq | Epoch 14 | Train Loss: 0.3008 | Train Batch Acc: 0.7930 | Val Acc: 0.8059
lstm_fullseq | Epoch 15 | Train Loss: 0.2823 | Train Batch Acc: 0.8099 | Val Acc: 0.8035
lstm_fullseq | Epoch 16 | Train Loss: 0.2571 | Train Batch Acc: 0.8253 | Val Acc: 0.8156
lstm_fullseq | Epoch 17 | Train Loss: 0.2443 | Train Batch Acc: 0.8140 | Val Acc: 0.8295
lstm_fullseq | Epoch 18 | Train Loss: 0.2253 | Train Batch Acc: 0.8371 | Val Acc: 0.8199
lstm_fullseq | Epoch 19 | Train Loss: 0.2145 | Train Batch Acc: 0.8418 | Val Acc: 0.8151
lstm_fullseq | Epoch 20 | Train Loss: 0.1829 | Train Batch Acc: 0.8511 | Val Acc: 0.8025
  -> [lstm_fullseq] new best in memory (val_acc=0.8743)
lstm_fullseq | Epoch 21 | Train Loss: 0.1657 | Train Batch Acc: 0.8546 | Val Acc: 0.8743
lstm_fullseq | Epoch 22 | Train Loss: 0.1554 | Train Batch Acc: 0.8676 | Val Acc: 0.8364
lstm_fullseq | Epoch 23 | Train Loss: 0.1525 | Train Batch Acc: 0.8606 | Val Acc: 0.8729
lstm_fullseq | Epoch 24 | Train Loss: 0.1403 | Train Batch Acc: 0.8623 | Val Acc: 0.8554
lstm_fullseq | Epoch 25 | Train Loss: 0.1409 | Train Batch Acc: 0.8630 | Val Acc: 0.8709
lstm_fullseq | Epoch 26 | Train Loss: 0.1327 | Train Batch Acc: 0.8679 | Val Acc: 0.8484
lstm_fullseq | Epoch 27 | Train Loss: 0.1285 | Train Batch Acc: 0.8750 | Val Acc: 0.8574
lstm_fullseq | Epoch 28 | Train Loss: 0.1093 | Train Batch Acc: 0.8823 | Val Acc: 0.8653
lstm_fullseq | Epoch 29 | Train Loss: 0.1050 | Train Batch Acc: 0.8866 | Val Acc: 0.8707
lstm_fullseq | Epoch 30 | Train Loss: 0.1011 | Train Batch Acc: 0.8879 | Val Acc: 0.8624
lstm_fullseq | Epoch 31 | Train Loss: 0.0963 | Train Batch Acc: 0.8869 | Val Acc: 0.8594
lstm_fullseq | Epoch 32 | Train Loss: 0.0954 | Train Batch Acc: 0.8866 | Val Acc: 0.8678
lstm_fullseq | Epoch 33 | Train Loss: 0.0958 | Train Batch Acc: 0.8943 | Val Acc: 0.8685
lstm_fullseq | Epoch 34 | Train Loss: 0.0871 | Train Batch Acc: 0.8913 | Val Acc: 0.8622
lstm_fullseq | Epoch 35 | Train Loss: 0.0852 | Train Batch Acc: 0.9005 | Val Acc: 0.8529
lstm_fullseq | Epoch 36 | Train Loss: 0.0819 | Train Batch Acc: 0.8975 | Val Acc: 0.8740
Early stopping triggered after 36 epochs (no improvement for 15 epochs).

lstm_fullseq per-epoch summary:
           model normalization  epoch  train_loss  train_batch_acc   val_acc
26  lstm_fullseq      palm_ref     27    0.128550         0.875038  0.857417
27  lstm_fullseq      palm_ref     28    0.109253         0.882305  0.865292
28  lstm_fullseq      palm_ref     29    0.104994         0.886637  0.870667
29  lstm_fullseq      palm_ref     30    0.101076         0.887925  0.862417
30  lstm_fullseq      palm_ref     31    0.096305         0.886864  0.859417
31  lstm_fullseq      palm_ref     32    0.095371         0.886564  0.867833
32  lstm_fullseq      palm_ref     33    0.095758         0.894255  0.868500
33  lstm_fullseq      palm_ref     34    0.087071         0.891284  0.862250
34  lstm_fullseq      palm_ref     35    0.085155         0.900476  0.852917
35  lstm_fullseq      palm_ref     36    0.081870         0.897483  0.874042
[lstm_fullseq] best model restored from memory.

========== TRAIN FRAME-LEVEL REPORT ==========
Accuracy: 0.8854
              precision    recall  f1-score   support

      AUGUST       0.88      0.98      0.93      3391
         BIG       0.55      0.98      0.71      2383
        BIRD       0.76      0.98      0.86      2642
        BOAT       0.69      0.99      0.81      2190
        COME       0.78      0.92      0.84      2437
      DRIVER       0.92      0.98      0.95      3988
     FARMING       0.85      0.98      0.91      3018
    FEBRUARY       0.87      0.96      0.91      3330
          GO       0.74      0.98      0.84      1880
   GREETINGS       0.88      0.98      0.93      2934
         OUR       0.62      0.97      0.75      2002
        READ       0.86      0.96      0.91      3734
       SMALL       0.76      0.95      0.85      2740
       TIGER       0.71      0.98      0.83      2118
       TRAIN       0.79      0.99      0.88      2699
        UGLY       0.67      0.95      0.79      2243
         VAN       0.78      0.99      0.87      2274
        WHAT       0.62      0.98      0.76       935
       WHICH       0.72      0.99      0.83      2892
       WRITE       0.89      0.98      0.93      2585
  background       0.99      0.83      0.90     84235

    accuracy                           0.89    136650
   macro avg       0.78      0.97      0.86    136650
weighted avg       0.91      0.89      0.89    136650


========== VAL FRAME-LEVEL REPORT ==========
Accuracy: 0.8743
              precision    recall  f1-score   support

      AUGUST       0.91      0.97      0.94       709
         BIG       0.54      0.93      0.68       385
        BIRD       0.77      0.93      0.85       559
        BOAT       0.62      0.98      0.76       379
        COME       0.73      0.93      0.82       403
      DRIVER       0.90      0.93      0.92       724
     FARMING       0.84      0.82      0.83       451
    FEBRUARY       0.85      0.98      0.91       665
          GO       0.71      0.97      0.82       324
   GREETINGS       0.87      0.96      0.92       511
         OUR       0.69      0.96      0.80       342
        READ       0.89      0.95      0.92       678
       SMALL       0.74      0.94      0.83       477
       TIGER       0.59      0.97      0.74       345
       TRAIN       0.78      0.95      0.86       496
        UGLY       0.65      0.84      0.73       431
         VAN       0.64      0.98      0.77       311
        WHAT       0.67      0.96      0.79       198
       WHICH       0.67      0.97      0.79       485
       WRITE       0.89      0.99      0.94       508
  background       0.99      0.83      0.90     14619

    accuracy                           0.87     24000
   macro avg       0.76      0.94      0.83     24000
weighted avg       0.90      0.87      0.88     24000


========== TEST FRAME-LEVEL REPORT ==========
Accuracy: 0.7766
              precision    recall  f1-score   support

      AUGUST       0.88      0.75      0.81      1135
         BIG       0.41      0.90      0.57       719
        BIRD       0.76      0.71      0.73       845
        BOAT       0.41      0.77      0.54       780
        COME       0.78      0.80      0.79       621
      DRIVER       0.77      0.96      0.86      1295
     FARMING       0.76      0.71      0.73       982
    FEBRUARY       0.44      0.95      0.60      1036
          GO       0.58      0.87      0.70       381
   GREETINGS       0.64      0.58      0.61       916
         OUR       0.56      0.46      0.51       513
        READ       0.72      0.84      0.78      1046
       SMALL       0.85      0.84      0.85       894
       TIGER       0.64      0.79      0.70       622
       TRAIN       0.70      0.97      0.81       678
        UGLY       0.21      0.07      0.10       741
         VAN       0.38      0.88      0.53       819
        WHAT       0.42      0.46      0.44       361
       WHICH       0.54      0.97      0.69       784
       WRITE       0.78      0.63      0.70      1088
  background       0.95      0.79      0.86     24994

    accuracy                           0.78     41250
   macro avg       0.63      0.75      0.66     41250
weighted avg       0.83      0.78      0.79     41250


========== FRAME ACCURACY SUMMARY ==========
split  frame_accuracy
Train        0.885445
  Val        0.874333
 Test        0.776582

========== TEST (USER3) WER SUMMARY ==========
Normalization  : palm_ref
Stream mode    : lstm_online
Bag size       : 5  (167ms)
Aggregation    : mean
Conf threshold : 0.35
Min sign frames: 15  (500ms)
Total sequences evaluated: 55
Mean WER:   0.2758
Median WER: 0.2500
Std WER:    0.2955

Showing 5 example sequence(s):
  [1] user3 | P3_S10_R1
    Frames       : 750 | Missing ratio: 0.000
    Stream steps : 750 | Emitted: 3
    GT           : ['SMALL', 'FEBRUARY', 'BOAT']
    Prediction   : ['SMALL', 'FEBRUARY', 'BOAT']
    WER          : 0.0000
    Emit regions : [(48, 124, np.str_('SMALL')), (270, 380, np.str_('FEBRUARY')), (484, 583, np.str_('BOAT'))]
    GT segments  : [{'label': 'SMALL', 'start_frame': 37, 'end_frame': 114}, {'label': 'FEBRUARY', 'start_frame': 264, 'end_frame': 360}, {'label': 'BOAT', 'start_frame': 479, 'end_frame': 558}]
  [2] user3 | P3_S10_R2
    Frames       : 750 | Missing ratio: 0.000
    Stream steps : 750 | Emitted: 4
    GT           : ['SMALL', 'FEBRUARY', 'BOAT']
    Prediction   : ['SMALL', 'FEBRUARY', 'WHICH', 'BOAT']
    WER          : 0.3333
    Emit regions : [(44, 133, np.str_('SMALL')), (224, 342, np.str_('FEBRUARY')), (426, 462, np.str_('WHICH')), (464, 569, np.str_('BOAT'))]
    GT segments  : [{'label': 'SMALL', 'start_frame': 35, 'end_frame': 118}, {'label': 'FEBRUARY', 'start_frame': 219, 'end_frame': 321}, {'label': 'BOAT', 'start_frame': 459, 'end_frame': 546}]
  [3] user3 | P3_S10_R3
    Frames       : 750 | Missing ratio: 0.000
    Stream steps : 750 | Emitted: 3
    GT           : ['SMALL', 'FEBRUARY', 'BOAT']
    Prediction   : ['SMALL', 'FEBRUARY', 'BOAT']
    WER          : 0.0000
    Emit regions : [(73, 160, np.str_('SMALL')), (259, 384, np.str_('FEBRUARY')), (487, 588, np.str_('BOAT'))]
    GT segments  : [{'label': 'SMALL', 'start_frame': 62, 'end_frame': 148}, {'label': 'FEBRUARY', 'start_frame': 254, 'end_frame': 359}, {'label': 'BOAT', 'start_frame': 482, 'end_frame': 573}]
  [4] user3 | P3_S10_R4
    Frames       : 750 | Missing ratio: 0.000
    Stream steps : 750 | Emitted: 3
    GT           : ['SMALL', 'FEBRUARY', 'BOAT']
    Prediction   : ['SMALL', 'FEBRUARY', 'BOAT']
    WER          : 0.0000
    Emit regions : [(59, 150, np.str_('SMALL')), (246, 357, np.str_('FEBRUARY')), (470, 573, np.str_('BOAT'))]
    GT segments  : [{'label': 'SMALL', 'start_frame': 51, 'end_frame': 128}, {'label': 'FEBRUARY', 'start_frame': 241, 'end_frame': 337}, {'label': 'BOAT', 'start_frame': 462, 'end_frame': 554}]
  [5] user3 | P3_S10_R5
    Frames       : 750 | Missing ratio: 0.000
    Stream steps : 750 | Emitted: 3
    GT           : ['SMALL', 'FEBRUARY', 'BOAT']
    Prediction   : ['SMALL', 'FEBRUARY', 'BOAT']
    WER          : 0.0000
    Emit regions : [(65, 155, np.str_('SMALL')), (284, 412, np.str_('FEBRUARY')), (502, 600, np.str_('BOAT'))]
    GT segments  : [{'label': 'SMALL', 'start_frame': 54, 'end_frame': 132}, {'label': 'FEBRUARY', 'start_frame': 279, 'end_frame': 386}, {'label': 'BOAT', 'start_frame': 495, 'end_frame': 582}]

========== DEV VAL WER SUMMARY ==========
Normalization  : palm_ref
Stream mode    : lstm_online
Bag size       : 5  (167ms)
Aggregation    : mean
Conf threshold : 0.35
Min sign frames: 15  (500ms)
Total sequences evaluated: 33
Mean WER:   0.0657
Median WER: 0.0000
Std WER:    0.1174

Showing 5 example sequence(s):
  [1] user1 | P1_S10_R4
    Frames       : 750 | Missing ratio: 0.000
    Stream steps : 750 | Emitted: 3
    GT           : ['SMALL', 'FEBRUARY', 'BOAT']
    Prediction   : ['SMALL', 'FEBRUARY', 'BOAT']
    WER          : 0.0000
    Emit regions : [(51, 127, np.str_('SMALL')), (224, 337, np.str_('FEBRUARY')), (374, 491, np.str_('BOAT'))]
    GT segments  : [{'label': 'SMALL', 'start_frame': 46, 'end_frame': 126}, {'label': 'FEBRUARY', 'start_frame': 221, 'end_frame': 327}, {'label': 'BOAT', 'start_frame': 371, 'end_frame': 454}]
  [2] user1 | P1_S11_R3
    Frames       : 750 | Missing ratio: 0.000
    Stream steps : 750 | Emitted: 4
    GT           : ['GO', 'UGLY', 'WRITE', 'AUGUST']
    Prediction   : ['GO', 'UGLY', 'WRITE', 'AUGUST']
    WER          : 0.0000
    Emit regions : [(62, 127, np.str_('GO')), (179, 287, np.str_('UGLY')), (326, 386, np.str_('WRITE')), (463, 572, np.str_('AUGUST'))]
    GT segments  : [{'label': 'GO', 'start_frame': 60, 'end_frame': 112}, {'label': 'UGLY', 'start_frame': 179, 'end_frame': 257}, {'label': 'WRITE', 'start_frame': 324, 'end_frame': 378}, {'label': 'AUGUST', 'start_frame': 458, 'end_frame': 560}]
  [3] user1 | P1_S1_R1
    Frames       : 750 | Missing ratio: 0.000
    Stream steps : 750 | Emitted: 4
    GT           : ['GO', 'READ', 'OUR', 'COME']
    Prediction   : ['GO', 'READ', 'OUR', 'COME']
    WER          : 0.0000
    Emit regions : [(55, 135, np.str_('GO')), (161, 305, np.str_('READ')), (325, 429, np.str_('OUR')), (462, 592, np.str_('COME'))]
    GT segments  : [{'label': 'GO', 'start_frame': 54, 'end_frame': 125}, {'label': 'READ', 'start_frame': 167, 'end_frame': 292}, {'label': 'OUR', 'start_frame': 336, 'end_frame': 419}, {'label': 'COME', 'start_frame': 488, 'end_frame': 580}]
  [4] user1 | P1_S2_R9
    Frames       : 750 | Missing ratio: 0.000
    Stream steps : 750 | Emitted: 4
    GT           : ['FARMING', 'BIG', 'VAN', 'SMALL']
    Prediction   : ['FARMING', 'BIG', 'VAN', 'SMALL']
    WER          : 0.0000
    Emit regions : [(42, 135, np.str_('FARMING')), (205, 284, np.str_('BIG')), (328, 394, np.str_('VAN')), (466, 600, np.str_('SMALL'))]
    GT segments  : [{'label': 'FARMING', 'start_frame': 39, 'end_frame': 121}, {'label': 'BIG', 'start_frame': 203, 'end_frame': 254}, {'label': 'VAN', 'start_frame': 324, 'end_frame': 381}, {'label': 'SMALL', 'start_frame': 517, 'end_frame': 591}]
  [5] user1 | P1_S3_R2
    Frames       : 750 | Missing ratio: 0.000
    Stream steps : 750 | Emitted: 4
    GT           : ['WRITE', 'FEBRUARY', 'UGLY', 'AUGUST']
    Prediction   : ['WRITE', 'FEBRUARY', 'FEBRUARY', 'AUGUST']
    WER          : 0.2500
    Emit regions : [(26, 107, np.str_('WRITE')), (150, 281, np.str_('FEBRUARY')), (342, 461, np.str_('FEBRUARY')), (512, 638, np.str_('AUGUST'))]
    GT segments  : [{'label': 'WRITE', 'start_frame': 22, 'end_frame': 101}, {'label': 'FEBRUARY', 'start_frame': 145, 'end_frame': 271}, {'label': 'UGLY', 'start_frame': 340, 'end_frame': 444}, {'label': 'AUGUST', 'start_frame': 504, 'end_frame': 628}]

============================================================
STREAMING METRICS EVALUATION — Test (user3)
============================================================
Sequences: 55 | Classes: 21
Running: original+corrected


────────────────────────────────────────────────────────────
ORIGINAL METRICS (Duo Streamers baseline) — Test (user3)
────────────────────────────────────────────────────────────
==================================================
GLOBAL RESULTS (Original / Duo Streamers version)
==================================================
Class AUGUST:
  Detection Rate : 0.3000
  FP Rate (buggy): 0.0000
  Avg Latency    : 22.89 frames
  Avg Jaccard    : 0.6621
Class BIG:
  Detection Rate : 0.3333
  FP Rate (buggy): 0.1000
  Avg Latency    : 7.92 frames
  Avg Jaccard    : 0.6496
Class BIRD:
  Detection Rate : 0.2667
  FP Rate (buggy): 0.0000
  Avg Latency    : 16.25 frames
  Avg Jaccard    : 0.5124
Class BOAT:
  Detection Rate : 0.2333
  FP Rate (buggy): 0.1667
  Avg Latency    : 5.14 frames
  Avg Jaccard    : 0.5958
Class COME:
  Detection Rate : 0.3333
  FP Rate (buggy): 0.0323
  Avg Latency    : 14.40 frames
  Avg Jaccard    : 0.6638
Class DRIVER:
  Detection Rate : 0.3333
  FP Rate (buggy): 0.0625
  Avg Latency    : 6.40 frames
  Avg Jaccard    : 0.8493
Class FARMING:
  Detection Rate : 0.3333
  FP Rate (buggy): 0.0000
  Avg Latency    : 25.92 frames
  Avg Jaccard    : 0.5499
Class FEBRUARY:
  Detection Rate : 0.3333
  FP Rate (buggy): 0.3182
  Avg Latency    : 7.70 frames
  Avg Jaccard    : 0.8015
Class GO:
  Detection Rate : 0.3000
  FP Rate (buggy): 0.0323
  Avg Latency    : 6.89 frames
  Avg Jaccard    : 0.6144
Class GREETINGS:
  Detection Rate : 0.2121
  FP Rate (buggy): 0.0571
  Avg Latency    : 11.43 frames
  Avg Jaccard    : 0.5385
Class OUR:
  Detection Rate : 0.2500
  FP Rate (buggy): 0.0000
  Avg Latency    : 24.00 frames
  Avg Jaccard    : 0.3669
Class READ:
  Detection Rate : 0.3333
  FP Rate (buggy): 0.0909
  Avg Latency    : 17.70 frames
  Avg Jaccard    : 0.7248
Class SMALL:
  Detection Rate : 0.3333
  FP Rate (buggy): 0.0000
  Avg Latency    : 14.18 frames
  Avg Jaccard    : 0.7243
Class TIGER:
  Detection Rate : 0.3000
  FP Rate (buggy): 0.0323
  Avg Latency    : 8.89 frames
  Avg Jaccard    : 0.5156
Class TRAIN:
  Detection Rate : 0.3333
  FP Rate (buggy): 0.1429
  Avg Latency    : 5.12 frames
  Avg Jaccard    : 0.7868
Class UGLY:
  Detection Rate : 0.0000
  FP Rate (buggy): 0.0323
  Avg Jaccard    : 0.0519
Class VAN:
  Detection Rate : 0.3333
  FP Rate (buggy): 0.0833
  Avg Latency    : 11.09 frames
  Avg Jaccard    : 0.6402
Class WHAT:
  Detection Rate : 0.0333
  FP Rate (buggy): 0.1429
  Avg Latency    : 25.00 frames
  Avg Jaccard    : 0.0961
Class WHICH:
  Detection Rate : 0.3333
  FP Rate (buggy): 0.0357
  Avg Latency    : 4.56 frames
  Avg Jaccard    : 0.7760
Class WRITE:
  Detection Rate : 0.2667
  FP Rate (buggy): 0.0000
  Avg Latency    : 22.62 frames
  Avg Jaccard    : 0.5575

--- Macro averages ---
  Overall Detection Rate : 0.2756
  Overall FPR (buggy)    : 0.0734
  Overall Jaccard Index  : 0.5839  
==================================================

────────────────────────────────────────────────────────────
CORRECTED METRICS (SHREC'21 protocol) — Test (user3)
────────────────────────────────────────────────────────────
============================================================
GLOBAL RESULTS  (Corrected — SHREC'21 protocol)
============================================================
Class AUGUST:
  Detection Rate : 0.9000  (9/10)
  Misclass Rate  : 0.1000  (1/10)
  False Pos Rate : 0.1000  (1 FP / 10 GT)
  Avg Latency    : 27.11 frames
  Avg Jaccard    : 0.5307
Class BIG:
  Detection Rate : 1.0000  (12/12)
  Misclass Rate  : 0.0000  (0/12)
  False Pos Rate : 0.5833  (7 FP / 12 GT)
  Avg Latency    : 7.92 frames
  Avg Jaccard    : 0.4341
Class BIRD:
  Detection Rate : 0.8000  (8/10)
  Misclass Rate  : 0.0000  (0/10)
  False Pos Rate : 0.0000  (0 FP / 10 GT)
  Avg Latency    : 16.25 frames
  Avg Jaccard    : 0.5285
Class BOAT:
  Detection Rate : 0.7000  (7/10)
  Misclass Rate  : 0.3000  (3/10)
  False Pos Rate : 0.6000  (6 FP / 10 GT)
  Avg Latency    : 5.14 frames
  Avg Jaccard    : 0.2755
Class COME:
  Detection Rate : 1.0000  (10/10)
  Misclass Rate  : 0.0000  (0/10)
  False Pos Rate : 0.2000  (2 FP / 10 GT)
  Avg Latency    : 14.40 frames
  Avg Jaccard    : 0.5692
Class DRIVER:
  Detection Rate : 1.0000  (10/10)
  Misclass Rate  : 0.0000  (0/10)
  False Pos Rate : 0.4000  (4 FP / 10 GT)
  Avg Latency    : 6.40 frames
  Avg Jaccard    : 0.6016
Class FARMING:
  Detection Rate : 1.0000  (12/12)
  Misclass Rate  : 0.0000  (0/12)
  False Pos Rate : 0.0000  (0 FP / 12 GT)
  Avg Latency    : 25.92 frames
  Avg Jaccard    : 0.6335
Class FEBRUARY:
  Detection Rate : 1.0000  (10/10)
  Misclass Rate  : 0.0000  (0/10)
  False Pos Rate : 0.0000  (0 FP / 10 GT)
  Avg Latency    : 7.70 frames
  Avg Jaccard    : 0.7992
Class GO:
  Detection Rate : 0.9000  (9/10)
  Misclass Rate  : 0.1000  (1/10)
  False Pos Rate : 0.4000  (4 FP / 10 GT)
  Avg Latency    : 6.89 frames
  Avg Jaccard    : 0.4261
Class GREETINGS:
  Detection Rate : 0.6364  (7/11)
  Misclass Rate  : 0.2727  (3/11)
  False Pos Rate : 0.2727  (3 FP / 11 GT)
  Avg Latency    : 11.43 frames
  Avg Jaccard    : 0.3192
Class OUR:
  Detection Rate : 0.2500  (2/8)
  Misclass Rate  : 0.2500  (2/8)
  False Pos Rate : 0.6250  (5 FP / 8 GT)
  Avg Latency    : 26.00 frames
  Avg Jaccard    : 0.1372
Class READ:
  Detection Rate : 1.0000  (10/10)
  Misclass Rate  : 0.0000  (0/10)
  False Pos Rate : 0.0000  (0 FP / 10 GT)
  Avg Latency    : 17.70 frames
  Avg Jaccard    : 0.8111
Class SMALL:
  Detection Rate : 1.0000  (11/11)
  Misclass Rate  : 0.0000  (0/11)
  False Pos Rate : 0.0000  (0 FP / 11 GT)
  Avg Latency    : 14.18 frames
  Avg Jaccard    : 0.7247
Class TIGER:
  Detection Rate : 1.0000  (10/10)
  Misclass Rate  : 0.0000  (0/10)
  False Pos Rate : 0.0000  (0 FP / 10 GT)
  Avg Latency    : 8.80 frames
  Avg Jaccard    : 0.5727
Class TRAIN:
  Detection Rate : 1.0000  (8/8)
  Misclass Rate  : 0.0000  (0/8)
  False Pos Rate : 0.0000  (0 FP / 8 GT)
  Avg Latency    : 5.12 frames
  Avg Jaccard    : 0.7769
Class UGLY:
  Detection Rate : 0.0000  (0/10)
  Misclass Rate  : 1.0000  (10/10)
  False Pos Rate : 0.0000  (0 FP / 10 GT)
  Avg Latency    : nan frames
  Avg Jaccard    : 0.0000
Class VAN:
  Detection Rate : 1.0000  (11/11)
  Misclass Rate  : 0.0000  (0/11)
  False Pos Rate : 0.1818  (2 FP / 11 GT)
  Avg Latency    : 11.27 frames
  Avg Jaccard    : 0.5466
Class WHAT:
  Detection Rate : 0.6000  (6/10)
  Misclass Rate  : 0.1000  (1/10)
  False Pos Rate : 0.3000  (3 FP / 10 GT)
  Avg Latency    : 18.67 frames
  Avg Jaccard    : 0.1900
Class WHICH:
  Detection Rate : 1.0000  (9/9)
  Misclass Rate  : 0.0000  (0/9)
  False Pos Rate : 0.4444  (4 FP / 9 GT)
  Avg Latency    : 4.56 frames
  Avg Jaccard    : 0.5307
Class WRITE:
  Detection Rate : 0.8000  (8/10)
  Misclass Rate  : 0.2000  (2/10)
  False Pos Rate : 0.1000  (1 FP / 10 GT)
  Avg Latency    : 22.62 frames
  Avg Jaccard    : 0.5034

--- Macro averages (across all classes) ---
  Detection Rate : 0.8366
  Misclass Rate  : 0.1139
  False Pos Rate : 0.2079
  Jaccard Index  : 0.4955
============================================================
Saved model checkpoint: trained_models\20260627T113030Z_lstm_fullseq_val-0.8743_3dff88f3.pt
Training curves saved to: trained_models\plots\curves_test_user3.png

======================================================================
FINAL SUMMARY ACROSS ALL FOLDS
======================================================================
test_user           dev_users  best_val_acc  test_mean_wer                                                          saved_path
    user3 user1, user2, user5      0.874333       0.275758 trained_models\20260627T113030Z_lstm_fullseq_val-0.8743_3dff88f3.pt
