[ignoring loop detection]
==================================================
COMMENT: running on all folds on fixed model
==================================================
RUN START TIME (UTC): 20260705T054057Z
Log filepath        : trained_models/logs/run_LOUO_20260705T054057Z.log
==================================================
COMMAND LINE ARGUMENTS:
  --louo      : True
  --test_mode : False
  --test_user : user3
  --epochs    : 10
  --lr        : 0.0003
  --save_dir  : trained_models
  --dataset_root: /kaggle/input/datasets/shoabahamed/sign-language-thesis/dataset/dataset
  --glosses_per_batch: 12
  --samples_per_gloss: 12
  --comment   : running on all folds on fixed model
  --from_checkpoint: False
  --focal_loss: False
  --focal_gamma: 2.0
  --exclude_train_seq: 
  --augment   : True
  --rotation_prob: 0.5
  --rotation_range: 8.0
  --scaling_prob: 0.5
  --scaling_min: 0.95
  --scaling_max: 1.05
  --noise_prob: 0.5
  --noise_std : 2.0
  --dropout_prob: 0.35
  --dropout_rate: 0.25
  --user1_epochs: None
  --user1_lr  : None
  --user1_glosses_per_batch: None
  --user1_samples_per_gloss: None
  --user1_focal_loss: None
  --user1_focal_gamma: None
  --user1_exclude_train_seq: None
  --user1_augment: None
  --user1_rotation_prob: None
  --user1_rotation_range: None
  --user1_scaling_prob: None
  --user1_scaling_min: None
  --user1_scaling_max: None
  --user1_noise_prob: None
  --user1_noise_std: None
  --user1_dropout_prob: None
  --user1_dropout_rate: None
  --user2_epochs: None
  --user2_lr  : None
  --user2_glosses_per_batch: None
  --user2_samples_per_gloss: None
  --user2_focal_loss: None
  --user2_focal_gamma: None
  --user2_exclude_train_seq: None
  --user2_augment: None
  --user2_rotation_prob: None
  --user2_rotation_range: None
  --user2_scaling_prob: None
  --user2_scaling_min: None
  --user2_scaling_max: None
  --user2_noise_prob: None
  --user2_noise_std: None
  --user2_dropout_prob: None
  --user2_dropout_rate: None
  --user3_epochs: None
  --user3_lr  : None
  --user3_glosses_per_batch: None
  --user3_samples_per_gloss: None
  --user3_focal_loss: None
  --user3_focal_gamma: None
  --user3_exclude_train_seq: None
  --user3_augment: None
  --user3_rotation_prob: None
  --user3_rotation_range: None
  --user3_scaling_prob: None
  --user3_scaling_min: None
  --user3_scaling_max: None
  --user3_noise_prob: None
  --user3_noise_std: None
  --user3_dropout_prob: None
  --user3_dropout_rate: None
  --user5_epochs: None
  --user5_lr  : None
  --user5_glosses_per_batch: None
  --user5_samples_per_gloss: None
  --user5_focal_loss: None
  --user5_focal_gamma: None
  --user5_exclude_train_seq: None
  --user5_augment: None
  --user5_rotation_prob: None
  --user5_rotation_range: None
  --user5_scaling_prob: None
  --user5_scaling_min: None
  --user5_scaling_max: None
  --user5_noise_prob: None
  --user5_noise_std: None
  --user5_dropout_prob: None
  --user5_dropout_rate: None
==================================================
CENTRAL HYPERPARAMETERS:
  Device            : cuda
  Dataset root      : /kaggle/input/datasets/shoabahamed/sign-language-thesis/dataset/dataset
  Glosses/batch     : 12
  Samples/gloss     : 12
  Seed              : 42
  Dev-Val Ratio     : 0.12
  Batch size        : 4
  Test mode         : False
  Model name        : thct_net
  Normalization     : palm_ref
  Learning rate     : 0.0003
  Epochs            : 10
  From checkpoint   : False
  D_MODEL           : 128
  NUM_HEADS         : 4
  NUM_TRANS_LAYERS  : 4
  BASE_CH           : 64
  Dropout           : 0.1
  Decoder bag size  : 5
  Decoder threshold : 0.35
  Loss function     : CrossEntropyLoss
  Augmentation      : True
    Rotation prob   : 0.5 (range: ±8.0 deg)
    Scaling prob    : 0.5 (range: [0.95, 1.05])
    Noise prob      : 0.5 (std: 2.0 mm)
    Dropout prob    : 0.35 (rate: 0.25)
  Per-user overrides: see RESOLVED PER-USER FOLD CONFIGURATIONS below
==================================================

Using device: cuda
Dataset root: /kaggle/input/datasets/shoabahamed/sign-language-thesis/dataset/dataset
Matched recordings per user:
  user1: 76 recordings
  user2: 73 recordings
  user3: 55 recordings
  user5: 72 recordings


Total raw segments (sign + background): 2293
Available users: ['user1', 'user2', 'user3', 'user5']

######################################################################
LEAVE-ONE-OUT USER CROSS-VALIDATION
Users to evaluate: ['user1', 'user2', 'user3', 'user5']
######################################################################

======================================================================
RESOLVED PER-USER FOLD CONFIGURATIONS
======================================================================

  [user1]
    epochs=10, lr=0.0003, augment=True
    aug: rot_p=0.5, rot_r=±8.0, scale_p=0.5, scale=[0.95,1.05], noise_p=0.5, noise_std=2.0, drop_p=0.35, drop_r=0.25

  [user2]
    epochs=10, lr=0.0003, augment=True
    aug: rot_p=0.5, rot_r=±8.0, scale_p=0.5, scale=[0.95,1.05], noise_p=0.5, noise_std=2.0, drop_p=0.35, drop_r=0.25

  [user3]
    epochs=10, lr=0.0003, augment=True
    aug: rot_p=0.5, rot_r=±8.0, scale_p=0.5, scale=[0.95,1.05], noise_p=0.5, noise_std=2.0, drop_p=0.35, drop_r=0.25

  [user5]
    epochs=10, lr=0.0003, augment=True
    aug: rot_p=0.5, rot_r=±8.0, scale_p=0.5, scale=[0.95,1.05], noise_p=0.5, noise_std=2.0, drop_p=0.35, drop_r=0.25
======================================================================


──────────────────────────────────────────────────────────────────────
FOLD CONFIG: test_user=user1
──────────────────────────────────────────────────────────────────────
  Epochs            : 10
  Learning rate     : 0.0003
  Glosses/batch     : 12
  Samples/gloss     : 12
  Loss function     : CrossEntropyLoss
  Augmentation      : True
    Rotation prob   : 0.5 (range: ±8.0 deg)
    Scaling prob    : 0.5 (range: [0.95, 1.05])
    Noise prob      : 0.5 (std: 2.0 mm)
    Dropout prob    : 0.35 (rate: 0.25)
──────────────────────────────────────────────────────────────────────

======================================================================
FOLD: test_user=user1, dev_users=['user2', 'user3', 'user5']
======================================================================

============================================================
SPLIT: test_user=user1, dev_users=['user2', 'user3', 'user5']
============================================================
Dev removed by filter   : {'too_short': 5}
Test removed by filter  : {'missing_data': 1, 'low_confidence': 1}
Train segments (filtered): 1382
Val segments (filtered)  : 272
Test segments (filtered) : 633
Label mapping (string -> ID):
  np.str_('AUGUST') -> 0
  np.str_('BIG') -> 1
  np.str_('BIRD') -> 2
  np.str_('BOAT') -> 3
  np.str_('COME') -> 4
  np.str_('DRIVER') -> 5
  np.str_('FARMING') -> 6
  np.str_('FEBRUARY') -> 7
  np.str_('GO') -> 8
  np.str_('GREETINGS') -> 9
  np.str_('OUR') -> 10
  np.str_('READ') -> 11
  np.str_('SMALL') -> 12
  np.str_('TIGER') -> 13
  np.str_('TRAIN') -> 14
  np.str_('UGLY') -> 15
  np.str_('VAN') -> 16
  np.str_('WHAT') -> 17
  np.str_('WHICH') -> 18
  np.str_('WRITE') -> 19
  np.str_('background') -> 20

Total classes: 21
Background class ID: 20
WER catalog sizes -> train: 167, val: 33, test: 76
Train windows: 81451 | Val windows: 16218 | Test windows: 38589
Train batches: 566 | Val batches: 4055 | Test batches: 9648
Loss function: CrossEntropyLoss
Model: thct_net | Trainable params: 1,185,727
[thct_net] using normalization: palm_ref
Stabilization: grad_clip=True (norm=1.0), scheduler=True, early_stopping_patience=15
Model selection criterion: validation macro-F1
  -> [thct_net] new best in memory (val_f1=0.9740, val_acc=0.9895)
thct_net | Epoch 01 | Loss: 0.3923 | Train Acc: 0.9225 | Train F1: 0.9235 | Val Acc: 0.9895 | Val F1: 0.9740
thct_net | Epoch 02 | Loss: 0.0121 | Train Acc: 0.9973 | Train F1: 0.9973 | Val Acc: 0.9888 | Val F1: 0.9708
  -> [thct_net] new best in memory (val_f1=0.9867, val_acc=0.9946)
thct_net | Epoch 03 | Loss: 0.0068 | Train Acc: 0.9981 | Train F1: 0.9981 | Val Acc: 0.9946 | Val F1: 0.9867
thct_net | Epoch 04 | Loss: 0.0049 | Train Acc: 0.9987 | Train F1: 0.9987 | Val Acc: 0.9947 | Val F1: 0.9835
thct_net | Epoch 05 | Loss: 0.0049 | Train Acc: 0.9986 | Train F1: 0.9986 | Val Acc: 0.9934 | Val F1: 0.9815
  -> [thct_net] new best in memory (val_f1=0.9872, val_acc=0.9953)
thct_net | Epoch 06 | Loss: 0.0049 | Train Acc: 0.9986 | Train F1: 0.9986 | Val Acc: 0.9953 | Val F1: 0.9872
thct_net | Epoch 07 | Loss: 0.0020 | Train Acc: 0.9995 | Train F1: 0.9995 | Val Acc: 0.9918 | Val F1: 0.9793
thct_net | Epoch 08 | Loss: 0.0029 | Train Acc: 0.9993 | Train F1: 0.9993 | Val Acc: 0.9948 | Val F1: 0.9855
thct_net | Epoch 09 | Loss: 0.0053 | Train Acc: 0.9988 | Train F1: 0.9988 | Val Acc: 0.9765 | Val F1: 0.9541
thct_net | Epoch 10 | Loss: 0.0027 | Train Acc: 0.9992 | Train F1: 0.9992 | Val Acc: 0.9949 | Val F1: 0.9868

thct_net per-epoch summary:
      model normalization  epoch  train_loss  train_batch_acc  train_f1   val_acc    val_f1
0  thct_net      palm_ref      1    0.392344         0.922495  0.923465  0.989456  0.973978
1  thct_net      palm_ref      2    0.012088         0.997276  0.997281  0.988840  0.970795
2  thct_net      palm_ref      3    0.006804         0.998061  0.998068  0.994636  0.986730
3  thct_net      palm_ref      4    0.004856         0.998712  0.998723  0.994697  0.983512
4  thct_net      palm_ref      5    0.004931         0.998601  0.998611  0.993402  0.981546
5  thct_net      palm_ref      6    0.004854         0.998577  0.998579  0.995314  0.987200
6  thct_net      palm_ref      7    0.001953         0.999546  0.999548  0.991799  0.979250
7  thct_net      palm_ref      8    0.002861         0.999301  0.999298  0.994759  0.985459
8  thct_net      palm_ref      9    0.005294         0.998810  0.998827  0.976508  0.954105
9  thct_net      palm_ref     10    0.002652         0.999227  0.999216  0.994882  0.986845
[thct_net] best model restored from memory.

========== TRAIN WINDOW-LEVEL REPORT ==========
Accuracy: 0.9989
              precision    recall  f1-score   support

      AUGUST       1.00      1.00      1.00      4056
         BIG       1.00      0.98      0.99      3984
        BIRD       1.00      1.00      1.00      4128
        BOAT       1.00      1.00      1.00      3792
        COME       1.00      1.00      1.00      3696
      DRIVER       1.00      1.00      1.00      3624
     FARMING       1.00      1.00      1.00      3948
    FEBRUARY       1.00      1.00      1.00      3864
          GO       1.00      1.00      1.00      3912
   GREETINGS       1.00      1.00      1.00      3804
         OUR       1.00      1.00      1.00      3804
        READ       1.00      1.00      1.00      3900
       SMALL       0.98      1.00      0.99      3840
       TIGER       1.00      1.00      1.00      3672
       TRAIN       1.00      1.00      1.00      3852
        UGLY       1.00      1.00      1.00      3924
         VAN       1.00      1.00      1.00      4248
        WHAT       1.00      1.00      1.00      3912
       WHICH       1.00      1.00      1.00      3840
       WRITE       1.00      1.00      1.00      3756
  background       1.00      1.00      1.00      3948

    accuracy                           1.00     81504
   macro avg       1.00      1.00      1.00     81504
weighted avg       1.00      1.00      1.00     81504


========== VAL WINDOW-LEVEL REPORT ==========
Accuracy: 0.9953
              precision    recall  f1-score   support

      AUGUST       1.00      1.00      1.00       534
         BIG       1.00      1.00      1.00       150
        BIRD       0.97      1.00      0.99       266
        BOAT       1.00      1.00      1.00       229
        COME       0.96      0.98      0.97       179
      DRIVER       1.00      1.00      1.00       548
     FARMING       0.98      0.89      0.94       238
    FEBRUARY       1.00      1.00      1.00       437
          GO       0.87      1.00      0.93       116
   GREETINGS       1.00      1.00      1.00       379
         OUR       1.00      1.00      1.00       151
        READ       1.00      1.00      1.00       409
       SMALL       1.00      1.00      1.00       258
       TIGER       1.00      1.00      1.00       182
       TRAIN       1.00      1.00      1.00       280
        UGLY       1.00      0.97      0.98       243
         VAN       0.90      0.99      0.94       185
        WHAT       1.00      1.00      1.00        15
       WHICH       1.00      0.97      0.99       373
       WRITE       1.00      1.00      1.00       369
  background       1.00      1.00      1.00     10677

    accuracy                           1.00     16218
   macro avg       0.98      0.99      0.99     16218
weighted avg       1.00      1.00      1.00     16218

Confusion matrix saved to: trained_models/plots/confusion_matrices/user1/val_confusion_normalized.png
Misclassification matrix saved to: trained_models/plots/confusion_matrices/user1/val_confusion_misclassifications.png

========== TEST WINDOW-LEVEL REPORT ==========
Accuracy: 0.9483
              precision    recall  f1-score   support

      AUGUST       0.97      1.00      0.98       971
         BIG       1.00      0.74      0.85       655
        BIRD       0.95      0.94      0.94       892
        BOAT       0.95      0.99      0.97       589
        COME       0.81      0.77      0.79       779
      DRIVER       1.00      0.98      0.99      1250
     FARMING       0.98      0.78      0.87      1257
    FEBRUARY       0.94      0.93      0.93       994
          GO       0.87      0.73      0.79       465
   GREETINGS       1.00      0.87      0.93       846
         OUR       0.78      0.92      0.84       591
        READ       1.00      0.99      0.99      1256
       SMALL       0.58      1.00      0.73       815
       TIGER       0.87      1.00      0.93       657
       TRAIN       0.88      0.77      0.82       880
        UGLY       0.80      0.93      0.86       779
         VAN       0.98      0.97      0.97       828
        WHAT       0.92      0.64      0.76        75
       WHICH       0.81      0.59      0.69       884
       WRITE       1.00      1.00      1.00       422
  background       0.98      0.99      0.99     22704

    accuracy                           0.95     38589
   macro avg       0.91      0.88      0.89     38589
weighted avg       0.95      0.95      0.95     38589

Confusion matrix saved to: trained_models/plots/confusion_matrices/user1/test_confusion_normalized.png
Misclassification matrix saved to: trained_models/plots/confusion_matrices/user1/test_confusion_misclassifications.png

========== WINDOW ACCURACY SUMMARY ==========
split  frame_accuracy
Train        0.998871
  Val        0.995314
 Test        0.948301

========== TEST (USER1) WER SUMMARY ==========
Normalization  : palm_ref
Stream mode    : thct_net_batch
Bag size       : 5  (167ms)
Aggregation    : mean
Conf threshold : 0.35
Min sign frames: 15  (500ms)
Total sequences evaluated: 76
Mean WER:   0.2083
Median WER: 0.0000
Std WER:    0.2581

Showing 5 example sequence(s):
  [1] user1 | P1_S7_R5
    Frames       : 750 | Missing ratio: 0.000
    Stream steps : 721 | Emitted: 3
    GT           : ['COME', 'DRIVER', 'BIRD']
    Prediction   : ['COME', 'DRIVER', 'BIRD']
    WER          : 0.0000
    Emit regions : [(64, 128, np.str_('COME')), (201, 342, np.str_('DRIVER')), (417, 514, np.str_('BIRD'))]
    GT segments  : [{'label': 'COME', 'start_frame': 38, 'end_frame': 115}, {'label': 'DRIVER', 'start_frame': 187, 'end_frame': 327}, {'label': 'BIRD', 'start_frame': 393, 'end_frame': 497}]
  [2] user1 | P1_S10_R1
    Frames       : 750 | Missing ratio: 0.000
    Stream steps : 721 | Emitted: 3
    GT           : ['SMALL', 'FEBRUARY', 'BOAT']
    Prediction   : ['SMALL', 'FEBRUARY', 'BOAT']
    WER          : 0.0000
    Emit regions : [(46, 135, np.str_('SMALL')), (198, 293, np.str_('FEBRUARY')), (317, 393, np.str_('BOAT'))]
    GT segments  : [{'label': 'SMALL', 'start_frame': 35, 'end_frame': 122}, {'label': 'FEBRUARY', 'start_frame': 178, 'end_frame': 273}, {'label': 'BOAT', 'start_frame': 309, 'end_frame': 387}]
  [3] user1 | P1_S2_R5
    Frames       : 750 | Missing ratio: 0.000
    Stream steps : 721 | Emitted: 5
    GT           : ['FARMING', 'BIG', 'VAN', 'SMALL']
    Prediction   : ['FARMING', 'SMALL', 'VAN', 'SMALL', 'SMALL']
    WER          : 0.5000
    Emit regions : [(57, 154, np.str_('FARMING')), (210, 296, np.str_('SMALL')), (376, 480, np.str_('VAN')), (538, 637, np.str_('SMALL')), (682, 699, np.str_('SMALL'))]
    GT segments  : [{'label': 'FARMING', 'start_frame': 28, 'end_frame': 138}, {'label': 'BIG', 'start_frame': 198, 'end_frame': 277}, {'label': 'VAN', 'start_frame': 369, 'end_frame': 462}, {'label': 'SMALL', 'start_frame': 527, 'end_frame': 616}]
  [4] user1 | P1_S3_R1
    Frames       : 750 | Missing ratio: 0.000
    Stream steps : 721 | Emitted: 5
    GT           : ['WRITE', 'FEBRUARY', 'UGLY', 'AUGUST']
    Prediction   : ['WRITE', 'FEBRUARY', 'UGLY', 'UGLY', 'AUGUST']
    WER          : 0.2500
    Emit regions : [(43, 131, np.str_('WRITE')), (233, 373, np.str_('FEBRUARY')), (415, 456, np.str_('UGLY')), (475, 543, np.str_('UGLY')), (627, 746, np.str_('AUGUST'))]
    GT segments  : [{'label': 'WRITE', 'start_frame': 39, 'end_frame': 115}, {'label': 'FEBRUARY', 'start_frame': 213, 'end_frame': 357}, {'label': 'UGLY', 'start_frame': 408, 'end_frame': 531}, {'label': 'AUGUST', 'start_frame': 595, 'end_frame': 735}]
  [5] user1 | P1_S2_R4
    Frames       : 750 | Missing ratio: 0.000
    Stream steps : 721 | Emitted: 4
    GT           : ['FARMING', 'BIG', 'VAN', 'SMALL']
    Prediction   : ['FARMING', 'SMALL', 'VAN', 'SMALL']
    WER          : 0.2500
    Emit regions : [(33, 129, np.str_('FARMING')), (201, 312, np.str_('SMALL')), (378, 474, np.str_('VAN')), (543, 616, np.str_('SMALL'))]
    GT segments  : [{'label': 'FARMING', 'start_frame': 19, 'end_frame': 134}, {'label': 'BIG', 'start_frame': 197, 'end_frame': 279}, {'label': 'VAN', 'start_frame': 369, 'end_frame': 458}, {'label': 'SMALL', 'start_frame': 523, 'end_frame': 610}]
[test_user1_20260705T054057Z] metadata -> trained_models/results/test_user1_20260705t054057z_metadata.parquet
[test_user1_20260705T054057Z] arrays   -> trained_models/results/test_user1_20260705t054057z_arrays.npz
  sequences : 76
  npz keys  : 608

========== DEV VAL WER SUMMARY ==========
Normalization  : palm_ref
Stream mode    : thct_net_batch
Bag size       : 5  (167ms)
Aggregation    : mean
Conf threshold : 0.35
Min sign frames: 15  (500ms)
Total sequences evaluated: 33
Mean WER:   0.0076
Median WER: 0.0000
Std WER:    0.0429

Showing 5 example sequence(s):
  [1] user2 | P2_S10_R5
    Frames       : 750 | Missing ratio: 0.000
    Stream steps : 721 | Emitted: 3
    GT           : ['SMALL', 'FEBRUARY', 'BOAT']
    Prediction   : ['SMALL', 'FEBRUARY', 'BOAT']
    WER          : 0.0000
    Emit regions : [(73, 139, np.str_('SMALL')), (344, 494, np.str_('FEBRUARY')), (556, 607, np.str_('BOAT'))]
    GT segments  : [{'label': 'SMALL', 'start_frame': 53, 'end_frame': 117}, {'label': 'FEBRUARY', 'start_frame': 331, 'end_frame': 477}, {'label': 'BOAT', 'start_frame': 543, 'end_frame': 589}]
  [2] user2 | P2_S7_R2
    Frames       : 600 | Missing ratio: 0.000
    Stream steps : 571 | Emitted: 3
    GT           : ['COME', 'DRIVER', 'BIRD']
    Prediction   : ['COME', 'DRIVER', 'BIRD']
    WER          : 0.0000
    Emit regions : [(74, 121, np.str_('COME')), (172, 299, np.str_('DRIVER')), (414, 501, np.str_('BIRD'))]
    GT segments  : [{'label': 'COME', 'start_frame': 61, 'end_frame': 99}, {'label': 'DRIVER', 'start_frame': 156, 'end_frame': 281}, {'label': 'BIRD', 'start_frame': 395, 'end_frame': 477}]
  [3] user2 | P2_S6_R4
    Frames       : 750 | Missing ratio: 0.000
    Stream steps : 721 | Emitted: 3
    GT           : ['WHICH', 'OUR', 'TRAIN']
    Prediction   : ['WHICH', 'OUR', 'TRAIN']
    WER          : 0.0000
    Emit regions : [(81, 187, np.str_('WHICH')), (288, 322, np.str_('OUR')), (501, 553, np.str_('TRAIN'))]
    GT segments  : [{'label': 'WHICH', 'start_frame': 65, 'end_frame': 173}, {'label': 'OUR', 'start_frame': 261, 'end_frame': 306}, {'label': 'TRAIN', 'start_frame': 483, 'end_frame': 543}]
  [4] user2 | P2_S2_R5
    Frames       : 750 | Missing ratio: 0.000
    Stream steps : 721 | Emitted: 4
    GT           : ['FARMING', 'BIG', 'VAN', 'SMALL']
    Prediction   : ['FARMING', 'BIG', 'VAN', 'SMALL']
    WER          : 0.0000
    Emit regions : [(73, 139, np.str_('FARMING')), (243, 311, np.str_('BIG')), (433, 482, np.str_('VAN')), (654, 716, np.str_('SMALL'))]
    GT segments  : [{'label': 'FARMING', 'start_frame': 62, 'end_frame': 115}, {'label': 'BIG', 'start_frame': 233, 'end_frame': 285}, {'label': 'VAN', 'start_frame': 420, 'end_frame': 459}, {'label': 'SMALL', 'start_frame': 634, 'end_frame': 694}]
  [5] user2 | P2_S5_R2
    Frames       : 600 | Missing ratio: 0.000
    Stream steps : 571 | Emitted: 4
    GT           : ['BIRD', 'WHAT', 'DRIVER', 'GREETINGS']
    Prediction   : ['BIRD', 'WHAT', 'DRIVER', 'GREETINGS']
    WER          : 0.0000
    Emit regions : [(50, 113, np.str_('BIRD')), (153, 184, np.str_('WHAT')), (234, 358, np.str_('DRIVER')), (390, 440, np.str_('GREETINGS'))]
    GT segments  : [{'label': 'BIRD', 'start_frame': 31, 'end_frame': 101}, {'label': 'WHAT', 'start_frame': 140, 'end_frame': 161}, {'label': 'DRIVER', 'start_frame': 222, 'end_frame': 343}, {'label': 'GREETINGS', 'start_frame': 374, 'end_frame': 426}]
[val_user1_20260705T054057Z] metadata -> trained_models/results/val_user1_20260705t054057z_metadata.parquet
[val_user1_20260705T054057Z] arrays   -> trained_models/results/val_user1_20260705t054057z_arrays.npz
  sequences : 33
  npz keys  : 264

============================================================
STREAMING METRICS EVALUATION (from WER outputs) — Test (user1)
============================================================
Sequences: 76 | Classes: 21
Running: corrected


────────────────────────────────────────────────────────────
CORRECTED METRICS (SHREC'21 protocol) — Test (user1)
────────────────────────────────────────────────────────────
============================================================
GLOBAL RESULTS  (Corrected — SHREC'21 protocol)
============================================================
Class AUGUST:
  Detection Rate : 1.0000  (13/13)
  Misclass Rate  : 0.0000  (0/13)
  False Pos Rate : 0.0000  (0 FP / 13 GT)
  Avg Latency    : 23.46 frames
  Avg Jaccard    : 0.7086
Class BIG:
  Detection Rate : 0.1875  (3/16)
  Misclass Rate  : 0.8125  (13/16)
  False Pos Rate : 0.0000  (0 FP / 16 GT)
  Avg Latency    : 46.33 frames
  Avg Jaccard    : 0.0475
Class BIRD:
  Detection Rate : 0.9231  (12/13)
  Misclass Rate  : 0.0000  (0/13)
  False Pos Rate : 0.1538  (2 FP / 13 GT)
  Avg Latency    : 23.08 frames
  Avg Jaccard    : 0.4999
Class BOAT:
  Detection Rate : 1.0000  (13/13)
  Misclass Rate  : 0.0000  (0/13)
  False Pos Rate : 0.0769  (1 FP / 13 GT)
  Avg Latency    : 25.08 frames
  Avg Jaccard    : 0.6916
Class COME:
  Detection Rate : 0.7857  (11/14)
  Misclass Rate  : 0.0000  (0/14)
  False Pos Rate : 0.3571  (5 FP / 14 GT)
  Avg Latency    : 30.91 frames
  Avg Jaccard    : 0.3236
Class DRIVER:
  Detection Rate : 1.0000  (13/13)
  Misclass Rate  : 0.0000  (0/13)
  False Pos Rate : 0.0000  (0 FP / 13 GT)
  Avg Latency    : 27.92 frames
  Avg Jaccard    : 0.7643
Class FARMING:
  Detection Rate : 1.0000  (16/16)
  Misclass Rate  : 0.0000  (0/16)
  False Pos Rate : 0.0000  (0 FP / 16 GT)
  Avg Latency    : 41.00 frames
  Avg Jaccard    : 0.7178
Class FEBRUARY:
  Detection Rate : 1.0000  (13/13)
  Misclass Rate  : 0.0000  (0/13)
  False Pos Rate : 0.0769  (1 FP / 13 GT)
  Avg Latency    : 21.62 frames
  Avg Jaccard    : 0.6599
Class GO:
  Detection Rate : 0.9333  (14/15)
  Misclass Rate  : 0.0667  (1/15)
  False Pos Rate : 0.0000  (0 FP / 15 GT)
  Avg Latency    : 35.29 frames
  Avg Jaccard    : 0.5230
Class GREETINGS:
  Detection Rate : 0.7857  (11/14)
  Misclass Rate  : 0.1429  (2/14)
  False Pos Rate : 0.1429  (2 FP / 14 GT)
  Avg Latency    : 25.00 frames
  Avg Jaccard    : 0.3963
Class OUR:
  Detection Rate : 0.9286  (13/14)
  Misclass Rate  : 0.0714  (1/14)
  False Pos Rate : 0.1429  (2 FP / 14 GT)
  Avg Latency    : 27.08 frames
  Avg Jaccard    : 0.4307
Class READ:
  Detection Rate : 1.0000  (15/15)
  Misclass Rate  : 0.0000  (0/15)
  False Pos Rate : 0.0667  (1 FP / 15 GT)
  Avg Latency    : 26.93 frames
  Avg Jaccard    : 0.7739
Class SMALL:
  Detection Rate : 1.0000  (16/16)
  Misclass Rate  : 0.0000  (0/16)
  False Pos Rate : 0.3750  (6 FP / 16 GT)
  Avg Latency    : 14.50 frames
  Avg Jaccard    : 0.5021
Class TIGER:
  Detection Rate : 1.0000  (13/13)
  Misclass Rate  : 0.0000  (0/13)
  False Pos Rate : 0.2308  (3 FP / 13 GT)
  Avg Latency    : 23.31 frames
  Avg Jaccard    : 0.4134
Class TRAIN:
  Detection Rate : 0.8333  (10/12)
  Misclass Rate  : 0.0833  (1/12)
  False Pos Rate : 0.7500  (9 FP / 12 GT)
  Avg Latency    : 22.80 frames
  Avg Jaccard    : 0.3002
Class UGLY:
  Detection Rate : 0.9231  (12/13)
  Misclass Rate  : 0.0000  (0/13)
  False Pos Rate : 0.2308  (3 FP / 13 GT)
  Avg Latency    : 18.17 frames
  Avg Jaccard    : 0.4804
Class VAN:
  Detection Rate : 1.0000  (16/16)
  Misclass Rate  : 0.0000  (0/16)
  False Pos Rate : 0.0000  (0 FP / 16 GT)
  Avg Latency    : 27.06 frames
  Avg Jaccard    : 0.7078
Class WHAT:
  Detection Rate : 0.0000  (0/14)
  Misclass Rate  : 0.0000  (0/14)
  False Pos Rate : 0.5714  (8 FP / 14 GT)
  Avg Latency    : nan frames
  Avg Jaccard    : 0.0820
Class WHICH:
  Detection Rate : 0.7692  (10/13)
  Misclass Rate  : 0.0000  (0/13)
  False Pos Rate : 1.0000  (13 FP / 13 GT)
  Avg Latency    : 17.60 frames
  Avg Jaccard    : 0.2034
Class WRITE:
  Detection Rate : 1.0000  (13/13)
  Misclass Rate  : 0.0000  (0/13)
  False Pos Rate : 0.0000  (0 FP / 13 GT)
  Avg Latency    : 20.46 frames
  Avg Jaccard    : 0.6722

--- Macro averages (across all classes) ---
  Detection Rate : 0.8495
  Misclass Rate  : 0.0645
  False Pos Rate : 0.2007
  Jaccard Index  : 0.4949
============================================================
Saved model checkpoint: trained_models/20260705T071601Z_thct_net_val-0.9953_f90b4614.pt
Training curves saved to: trained_models/plots/curves_test_user1_20260705T054057Z.png

──────────────────────────────────────────────────────────────────────
FOLD CONFIG: test_user=user2
──────────────────────────────────────────────────────────────────────
  Epochs            : 10
  Learning rate     : 0.0003
  Glosses/batch     : 12
  Samples/gloss     : 12
  Loss function     : CrossEntropyLoss
  Augmentation      : True
    Rotation prob   : 0.5 (range: ±8.0 deg)
    Scaling prob    : 0.5 (range: [0.95, 1.05])
    Noise prob      : 0.5 (std: 2.0 mm)
    Dropout prob    : 0.35 (rate: 0.25)
──────────────────────────────────────────────────────────────────────

======================================================================
FOLD: test_user=user2, dev_users=['user1', 'user3', 'user5']
======================================================================

============================================================
SPLIT: test_user=user2, dev_users=['user1', 'user3', 'user5']
============================================================
Dev removed by filter   : {'missing_data': 1, 'low_confidence': 1, 'too_short': 3}
Test removed by filter  : {'too_short': 2}
Train segments (filtered): 1410
Val segments (filtered)  : 272
Test segments (filtered) : 605
Label mapping (string -> ID):
  np.str_('AUGUST') -> 0
  np.str_('BIG') -> 1
  np.str_('BIRD') -> 2
  np.str_('BOAT') -> 3
  np.str_('COME') -> 4
  np.str_('DRIVER') -> 5
  np.str_('FARMING') -> 6
  np.str_('FEBRUARY') -> 7
  np.str_('GO') -> 8
  np.str_('GREETINGS') -> 9
  np.str_('OUR') -> 10
  np.str_('READ') -> 11
  np.str_('SMALL') -> 12
  np.str_('TIGER') -> 13
  np.str_('TRAIN') -> 14
  np.str_('UGLY') -> 15
  np.str_('VAN') -> 16
  np.str_('WHAT') -> 17
  np.str_('WHICH') -> 18
  np.str_('WRITE') -> 19
  np.str_('background') -> 20

Total classes: 21
Background class ID: 20
WER catalog sizes -> train: 170, val: 33, test: 73
Train windows: 87053 | Val windows: 16967 | Test windows: 32238
Train batches: 605 | Val batches: 4242 | Test batches: 8060
Loss function: CrossEntropyLoss
Model: thct_net | Trainable params: 1,185,727
[thct_net] using normalization: palm_ref
Stabilization: grad_clip=True (norm=1.0), scheduler=True, early_stopping_patience=15
Model selection criterion: validation macro-F1
  -> [thct_net] new best in memory (val_f1=0.9721, val_acc=0.9867)
thct_net | Epoch 01 | Loss: 0.4404 | Train Acc: 0.9105 | Train F1: 0.9110 | Val Acc: 0.9867 | Val F1: 0.9721
thct_net | Epoch 02 | Loss: 0.0201 | Train Acc: 0.9944 | Train F1: 0.9944 | Val Acc: 0.9825 | Val F1: 0.9654
  -> [thct_net] new best in memory (val_f1=0.9879, val_acc=0.9940)
thct_net | Epoch 03 | Loss: 0.0107 | Train Acc: 0.9970 | Train F1: 0.9970 | Val Acc: 0.9940 | Val F1: 0.9879
thct_net | Epoch 04 | Loss: 0.0079 | Train Acc: 0.9978 | Train F1: 0.9978 | Val Acc: 0.9858 | Val F1: 0.9744
thct_net | Epoch 05 | Loss: 0.0071 | Train Acc: 0.9980 | Train F1: 0.9980 | Val Acc: 0.9907 | Val F1: 0.9781
thct_net | Epoch 06 | Loss: 0.0042 | Train Acc: 0.9988 | Train F1: 0.9988 | Val Acc: 0.9898 | Val F1: 0.9828
thct_net | Epoch 07 | Loss: 0.0068 | Train Acc: 0.9980 | Train F1: 0.9980 | Val Acc: 0.9947 | Val F1: 0.9864
  -> [thct_net] new best in memory (val_f1=0.9889, val_acc=0.9940)
thct_net | Epoch 08 | Loss: 0.0062 | Train Acc: 0.9983 | Train F1: 0.9983 | Val Acc: 0.9940 | Val F1: 0.9889
thct_net | Epoch 09 | Loss: 0.0040 | Train Acc: 0.9988 | Train F1: 0.9988 | Val Acc: 0.9938 | Val F1: 0.9871
thct_net | Epoch 10 | Loss: 0.0039 | Train Acc: 0.9988 | Train F1: 0.9988 | Val Acc: 0.9948 | Val F1: 0.9883

thct_net per-epoch summary:
      model normalization  epoch  train_loss  train_batch_acc  train_f1   val_acc    val_f1
0  thct_net      palm_ref      1    0.440368         0.910468  0.911009  0.986739  0.972089
1  thct_net      palm_ref      2    0.020125         0.994376  0.994436  0.982495  0.965371
2  thct_net      palm_ref      3    0.010720         0.997004  0.997026  0.994047  0.987942
3  thct_net      palm_ref      4    0.007852         0.997819  0.997839  0.985796  0.974437
4  thct_net      palm_ref      5    0.007065         0.998014  0.998033  0.990688  0.978125
5  thct_net      palm_ref      6    0.004166         0.998806  0.998818  0.989804  0.982843
6  thct_net      palm_ref      7    0.006799         0.998003  0.998006  0.994696  0.986449
7  thct_net      palm_ref      8    0.006154         0.998267  0.998287  0.994047  0.988910
8  thct_net      palm_ref      9    0.004022         0.998783  0.998796  0.993812  0.987064
9  thct_net      palm_ref     10    0.003862         0.998829  0.998839  0.994813  0.988250
[thct_net] best model restored from memory.

========== TRAIN WINDOW-LEVEL REPORT ==========
Accuracy: 0.9993
              precision    recall  f1-score   support

      AUGUST       1.00      1.00      1.00      4092
         BIG       1.00      1.00      1.00      3960
        BIRD       1.00      1.00      1.00      4296
        BOAT       1.00      1.00      1.00      4140
        COME       1.00      1.00      1.00      4248
      DRIVER       1.00      1.00      1.00      3996
     FARMING       1.00      1.00      1.00      4116
    FEBRUARY       1.00      1.00      1.00      4116
          GO       1.00      1.00      1.00      4260
   GREETINGS       1.00      1.00      1.00      4044
         OUR       1.00      1.00      1.00      4512
        READ       1.00      1.00      1.00      4128
       SMALL       1.00      1.00      1.00      4200
       TIGER       1.00      1.00      1.00      4164
       TRAIN       0.99      1.00      1.00      4188
        UGLY       1.00      1.00      1.00      4392
         VAN       1.00      1.00      1.00      3888
        WHAT       1.00      1.00      1.00      4188
       WHICH       1.00      1.00      1.00      3996
       WRITE       1.00      1.00      1.00      4104
  background       1.00      1.00      1.00      4092

    accuracy                           1.00     87120
   macro avg       1.00      1.00      1.00     87120
weighted avg       1.00      1.00      1.00     87120


========== VAL WINDOW-LEVEL REPORT ==========
Accuracy: 0.9940
              precision    recall  f1-score   support

      AUGUST       0.99      1.00      1.00       510
         BIG       1.00      1.00      1.00       185
        BIRD       0.95      1.00      0.98       296
        BOAT       0.97      1.00      0.98       267
        COME       1.00      1.00      1.00       269
      DRIVER       1.00      1.00      1.00       546
     FARMING       1.00      0.93      0.96       302
    FEBRUARY       1.00      0.99      0.99       426
          GO       0.92      1.00      0.96       158
   GREETINGS       1.00      1.00      1.00       373
         OUR       0.94      1.00      0.97       206
        READ       1.00      1.00      1.00       458
       SMALL       1.00      1.00      1.00       304
       TIGER       0.93      1.00      0.96       236
       TRAIN       1.00      1.00      1.00       327
        UGLY       0.98      0.97      0.97       302
         VAN       0.99      1.00      1.00       251
        WHAT       1.00      1.00      1.00        28
       WHICH       1.00      1.00      1.00       335
       WRITE       1.00      1.00      1.00       347
  background       1.00      0.99      1.00     10841

    accuracy                           0.99     16967
   macro avg       0.98      0.99      0.99     16967
weighted avg       0.99      0.99      0.99     16967

Confusion matrix saved to: trained_models/plots/confusion_matrices/user2/val_confusion_normalized.png
Misclassification matrix saved to: trained_models/plots/confusion_matrices/user2/val_confusion_misclassifications.png

========== TEST WINDOW-LEVEL REPORT ==========
Accuracy: 0.9731
              precision    recall  f1-score   support

      AUGUST       0.99      1.00      0.99       978
         BIG       0.90      0.72      0.80       465
        BIRD       0.99      1.00      1.00       699
        BOAT       0.94      1.00      0.97       357
        COME       1.00      0.68      0.81       228
      DRIVER       1.00      1.00      1.00      1210
     FARMING       0.99      0.99      0.99       510
    FEBRUARY       1.00      0.65      0.79      1039
          GO       0.66      1.00      0.80       172
   GREETINGS       0.64      1.00      0.78       673
         OUR       0.79      0.87      0.83       275
        READ       0.99      1.00      0.99      1178
       SMALL       0.79      1.00      0.88       504
       TIGER       0.99      1.00      0.99       241
       TRAIN       1.00      1.00      1.00       428
        UGLY       0.96      0.84      0.90       299
         VAN       1.00      1.00      1.00       216
        WHAT       1.00      1.00      1.00        18
       WHICH       1.00      0.95      0.97       754
       WRITE       1.00      1.00      1.00       605
  background       1.00      0.99      0.99     21389

    accuracy                           0.97     32238
   macro avg       0.93      0.94      0.93     32238
weighted avg       0.98      0.97      0.97     32238

Confusion matrix saved to: trained_models/plots/confusion_matrices/user2/test_confusion_normalized.png
Misclassification matrix saved to: trained_models/plots/confusion_matrices/user2/test_confusion_misclassifications.png

========== WINDOW ACCURACY SUMMARY ==========
split  frame_accuracy
Train        0.999300
  Val        0.994047
 Test        0.973106

========== TEST (USER2) WER SUMMARY ==========
Normalization  : palm_ref
Stream mode    : thct_net_batch
Bag size       : 5  (167ms)
Aggregation    : mean
Conf threshold : 0.35
Min sign frames: 15  (500ms)
Total sequences evaluated: 73
Mean WER:   0.0753
Median WER: 0.0000
Std WER:    0.1454

Showing 5 example sequence(s):
  [1] user2 | P2_S7_R4
    Frames       : 600 | Missing ratio: 0.000
    Stream steps : 571 | Emitted: 3
    GT           : ['COME', 'DRIVER', 'BIRD']
    Prediction   : ['COME', 'DRIVER', 'BIRD']
    WER          : 0.0000
    Emit regions : [(33, 69, np.str_('COME')), (131, 233, np.str_('DRIVER')), (303, 384, np.str_('BIRD'))]
    GT segments  : [{'label': 'COME', 'start_frame': 6, 'end_frame': 52}, {'label': 'DRIVER', 'start_frame': 118, 'end_frame': 211}, {'label': 'BIRD', 'start_frame': 287, 'end_frame': 365}]
  [2] user2 | P2_S2_R6
    Frames       : 750 | Missing ratio: 0.000
    Stream steps : 721 | Emitted: 4
    GT           : ['FARMING', 'BIG', 'VAN', 'SMALL']
    Prediction   : ['FARMING', 'BIG', 'VAN', 'SMALL']
    WER          : 0.0000
    Emit regions : [(87, 146, np.str_('FARMING')), (251, 333, np.str_('BIG')), (413, 460, np.str_('VAN')), (590, 671, np.str_('SMALL'))]
    GT segments  : [{'label': 'FARMING', 'start_frame': 72, 'end_frame': 124}, {'label': 'BIG', 'start_frame': 238, 'end_frame': 290}, {'label': 'VAN', 'start_frame': 399, 'end_frame': 438}, {'label': 'SMALL', 'start_frame': 566, 'end_frame': 620}]
  [3] user2 | P2_S10_R5
    Frames       : 750 | Missing ratio: 0.000
    Stream steps : 721 | Emitted: 3
    GT           : ['SMALL', 'FEBRUARY', 'BOAT']
    Prediction   : ['SMALL', 'FEBRUARY', 'BOAT']
    WER          : 0.0000
    Emit regions : [(80, 136, np.str_('SMALL')), (349, 495, np.str_('FEBRUARY')), (558, 613, np.str_('BOAT'))]
    GT segments  : [{'label': 'SMALL', 'start_frame': 53, 'end_frame': 117}, {'label': 'FEBRUARY', 'start_frame': 331, 'end_frame': 477}, {'label': 'BOAT', 'start_frame': 543, 'end_frame': 589}]
  [4] user2 | P2_S1_R6
    Frames       : 750 | Missing ratio: 0.000
    Stream steps : 721 | Emitted: 4
    GT           : ['GO', 'READ', 'OUR', 'COME']
    Prediction   : ['GO', 'READ', 'OUR', 'COME']
    WER          : 0.0000
    Emit regions : [(87, 125, np.str_('GO')), (177, 290, np.str_('READ')), (363, 384, np.str_('OUR')), (475, 524, np.str_('COME'))]
    GT segments  : [{'label': 'GO', 'start_frame': 75, 'end_frame': 110}, {'label': 'READ', 'start_frame': 163, 'end_frame': 273}, {'label': 'OUR', 'start_frame': 328, 'end_frame': 375}, {'label': 'COME', 'start_frame': 453, 'end_frame': 495}]
  [5] user2 | P2_S8_R2
    Frames       : 600 | Missing ratio: 0.000
    Stream steps : 571 | Emitted: 6
    GT           : ['BIG', 'GREETINGS', 'WHICH', 'FARMING']
    Prediction   : ['BIG', 'BIG', 'GREETINGS', 'WHICH', 'WHICH', 'FARMING']
    WER          : 0.5000
    Emit regions : [(33, 74, np.str_('BIG')), (87, 118, np.str_('BIG')), (203, 256, np.str_('GREETINGS')), (305, 341, np.str_('WHICH')), (351, 388, np.str_('WHICH')), (445, 516, np.str_('FARMING'))]
    GT segments  : [{'label': 'BIG', 'start_frame': 18, 'end_frame': 92}, {'label': 'GREETINGS', 'start_frame': 182, 'end_frame': 238}, {'label': 'WHICH', 'start_frame': 276, 'end_frame': 355}, {'label': 'FARMING', 'start_frame': 434, 'end_frame': 500}]
[test_user2_20260705T054057Z] metadata -> trained_models/results/test_user2_20260705t054057z_metadata.parquet
[test_user2_20260705T054057Z] arrays   -> trained_models/results/test_user2_20260705t054057z_arrays.npz
  sequences : 73
  npz keys  : 584

========== DEV VAL WER SUMMARY ==========
Normalization  : palm_ref
Stream mode    : thct_net_batch
Bag size       : 5  (167ms)
Aggregation    : mean
Conf threshold : 0.35
Min sign frames: 15  (500ms)
Total sequences evaluated: 33
Mean WER:   0.0101
Median WER: 0.0000
Std WER:    0.0571

Showing 5 example sequence(s):
  [1] user1 | P1_S2_R5
    Frames       : 750 | Missing ratio: 0.000
    Stream steps : 721 | Emitted: 4
    GT           : ['FARMING', 'BIG', 'VAN', 'SMALL']
    Prediction   : ['FARMING', 'BIG', 'VAN', 'SMALL']
    WER          : 0.0000
    Emit regions : [(51, 154, np.str_('FARMING')), (213, 294, np.str_('BIG')), (386, 477, np.str_('VAN')), (551, 634, np.str_('SMALL'))]
    GT segments  : [{'label': 'FARMING', 'start_frame': 28, 'end_frame': 138}, {'label': 'BIG', 'start_frame': 198, 'end_frame': 277}, {'label': 'VAN', 'start_frame': 369, 'end_frame': 462}, {'label': 'SMALL', 'start_frame': 527, 'end_frame': 616}]
  [2] user1 | P1_S7_R3
    Frames       : 750 | Missing ratio: 0.027
    Stream steps : 721 | Emitted: 3
    GT           : ['COME', 'DRIVER', 'BIRD']
    Prediction   : ['COME', 'DRIVER', 'BIRD']
    WER          : 0.0000
    Emit regions : [(69, 153, np.str_('COME')), (226, 349, np.str_('DRIVER')), (401, 501, np.str_('BIRD'))]
    GT segments  : [{'label': 'COME', 'start_frame': 49, 'end_frame': 132}, {'label': 'DRIVER', 'start_frame': 202, 'end_frame': 332}, {'label': 'BIRD', 'start_frame': 377, 'end_frame': 481}]
  [3] user1 | P1_S8_R4
    Frames       : 750 | Missing ratio: 0.000
    Stream steps : 721 | Emitted: 4
    GT           : ['BIG', 'GREETINGS', 'WHICH', 'FARMING']
    Prediction   : ['BIG', 'GREETINGS', 'WHICH', 'FARMING']
    WER          : 0.0000
    Emit regions : [(73, 137, np.str_('BIG')), (260, 364, np.str_('GREETINGS')), (408, 519, np.str_('WHICH')), (571, 639, np.str_('FARMING'))]
    GT segments  : [{'label': 'BIG', 'start_frame': 56, 'end_frame': 114}, {'label': 'GREETINGS', 'start_frame': 242, 'end_frame': 346}, {'label': 'WHICH', 'start_frame': 393, 'end_frame': 487}, {'label': 'FARMING', 'start_frame': 559, 'end_frame': 624}]
  [4] user1 | P1_S5_R7
    Frames       : 750 | Missing ratio: 0.000
    Stream steps : 721 | Emitted: 4
    GT           : ['BIRD', 'WHAT', 'DRIVER', 'GREETINGS']
    Prediction   : ['BIRD', 'WHAT', 'DRIVER', 'GREETINGS']
    WER          : 0.0000
    Emit regions : [(58, 142, np.str_('BIRD')), (178, 210, np.str_('WHAT')), (283, 399, np.str_('DRIVER')), (469, 563, np.str_('GREETINGS'))]
    GT segments  : [{'label': 'BIRD', 'start_frame': 38, 'end_frame': 116}, {'label': 'WHAT', 'start_frame': 158, 'end_frame': 192}, {'label': 'DRIVER', 'start_frame': 269, 'end_frame': 383}, {'label': 'GREETINGS', 'start_frame': 448, 'end_frame': 548}]
  [5] user1 | P1_S6_R5
    Frames       : 750 | Missing ratio: 0.000
    Stream steps : 721 | Emitted: 3
    GT           : ['WHICH', 'OUR', 'TRAIN']
    Prediction   : ['WHICH', 'OUR', 'TRAIN']
    WER          : 0.0000
    Emit regions : [(43, 137, np.str_('WHICH')), (199, 247, np.str_('OUR')), (314, 396, np.str_('TRAIN'))]
    GT segments  : [{'label': 'WHICH', 'start_frame': 27, 'end_frame': 110}, {'label': 'OUR', 'start_frame': 177, 'end_frame': 237}, {'label': 'TRAIN', 'start_frame': 297, 'end_frame': 374}]
[val_user2_20260705T054057Z] metadata -> trained_models/results/val_user2_20260705t054057z_metadata.parquet
[val_user2_20260705T054057Z] arrays   -> trained_models/results/val_user2_20260705t054057z_arrays.npz
  sequences : 33
  npz keys  : 264

============================================================
STREAMING METRICS EVALUATION (from WER outputs) — Test (user2)
============================================================
Sequences: 73 | Classes: 21
Running: corrected


────────────────────────────────────────────────────────────
CORRECTED METRICS (SHREC'21 protocol) — Test (user2)
────────────────────────────────────────────────────────────
============================================================
GLOBAL RESULTS  (Corrected — SHREC'21 protocol)
============================================================
Class AUGUST:
  Detection Rate : 1.0000  (13/13)
  Misclass Rate  : 0.0000  (0/13)
  False Pos Rate : 0.0000  (0 FP / 13 GT)
  Avg Latency    : 14.92 frames
  Avg Jaccard    : 0.7648
Class BIG:
  Detection Rate : 0.8667  (13/15)
  Misclass Rate  : 0.1333  (2/15)
  False Pos Rate : 0.0667  (1 FP / 15 GT)
  Avg Latency    : 12.85 frames
  Avg Jaccard    : 0.3789
Class BIRD:
  Detection Rate : 1.0000  (12/12)
  Misclass Rate  : 0.0000  (0/12)
  False Pos Rate : 0.0000  (0 FP / 12 GT)
  Avg Latency    : 18.58 frames
  Avg Jaccard    : 0.6407
Class BOAT:
  Detection Rate : 1.0000  (13/13)
  Misclass Rate  : 0.0000  (0/13)
  False Pos Rate : 0.0000  (0 FP / 13 GT)
  Avg Latency    : 24.46 frames
  Avg Jaccard    : 0.5132
Class COME:
  Detection Rate : 0.4286  (6/14)
  Misclass Rate  : 0.2143  (3/14)
  False Pos Rate : 0.3571  (5 FP / 14 GT)
  Avg Latency    : 21.00 frames
  Avg Jaccard    : 0.1409
Class DRIVER:
  Detection Rate : 1.0000  (12/12)
  Misclass Rate  : 0.0000  (0/12)
  False Pos Rate : 0.0000  (0 FP / 12 GT)
  Avg Latency    : 13.00 frames
  Avg Jaccard    : 0.7991
Class FARMING:
  Detection Rate : 1.0000  (15/15)
  Misclass Rate  : 0.0000  (0/15)
  False Pos Rate : 0.0000  (0 FP / 15 GT)
  Avg Latency    : 16.87 frames
  Avg Jaccard    : 0.5761
Class FEBRUARY:
  Detection Rate : 0.4615  (6/13)
  Misclass Rate  : 0.5385  (7/13)
  False Pos Rate : 0.0000  (0 FP / 13 GT)
  Avg Latency    : 21.67 frames
  Avg Jaccard    : 0.2241
Class GO:
  Detection Rate : 0.7143  (10/14)
  Misclass Rate  : 0.1429  (2/14)
  False Pos Rate : 0.2143  (3 FP / 14 GT)
  Avg Latency    : 19.60 frames
  Avg Jaccard    : 0.2398
Class GREETINGS:
  Detection Rate : 1.0000  (13/13)
  Misclass Rate  : 0.0000  (0/13)
  False Pos Rate : 0.0000  (0 FP / 13 GT)
  Avg Latency    : 16.08 frames
  Avg Jaccard    : 0.6276
Class OUR:
  Detection Rate : 0.2143  (3/14)
  Misclass Rate  : 0.0000  (0/14)
  False Pos Rate : 0.7857  (11 FP / 14 GT)
  Avg Latency    : 24.00 frames
  Avg Jaccard    : 0.1039
Class READ:
  Detection Rate : 1.0000  (14/14)
  Misclass Rate  : 0.0000  (0/14)
  False Pos Rate : 0.0000  (0 FP / 14 GT)
  Avg Latency    : 13.79 frames
  Avg Jaccard    : 0.7435
Class SMALL:
  Detection Rate : 1.0000  (14/14)
  Misclass Rate  : 0.0000  (0/14)
  False Pos Rate : 0.0000  (0 FP / 14 GT)
  Avg Latency    : 23.14 frames
  Avg Jaccard    : 0.4513
Class TIGER:
  Detection Rate : 1.0000  (13/13)
  Misclass Rate  : 0.0000  (0/13)
  False Pos Rate : 0.0000  (0 FP / 13 GT)
  Avg Latency    : 18.62 frames
  Avg Jaccard    : 0.3814
Class TRAIN:
  Detection Rate : 1.0000  (13/13)
  Misclass Rate  : 0.0000  (0/13)
  False Pos Rate : 0.0000  (0 FP / 13 GT)
  Avg Latency    : 16.00 frames
  Avg Jaccard    : 0.5918
Class UGLY:
  Detection Rate : 0.9231  (12/13)
  Misclass Rate  : 0.0769  (1/13)
  False Pos Rate : 0.0000  (0 FP / 13 GT)
  Avg Latency    : 15.42 frames
  Avg Jaccard    : 0.4201
Class VAN:
  Detection Rate : 0.9286  (13/14)
  Misclass Rate  : 0.0000  (0/14)
  False Pos Rate : 0.0714  (1 FP / 14 GT)
  Avg Latency    : 15.85 frames
  Avg Jaccard    : 0.3707
Class WHAT:
  Detection Rate : 0.1667  (2/12)
  Misclass Rate  : 0.0000  (0/12)
  False Pos Rate : 0.8333  (10 FP / 12 GT)
  Avg Latency    : 14.00 frames
  Avg Jaccard    : 0.1050
Class WHICH:
  Detection Rate : 0.6923  (9/13)
  Misclass Rate  : 0.0000  (0/13)
  False Pos Rate : 0.6154  (8 FP / 13 GT)
  Avg Latency    : 21.44 frames
  Avg Jaccard    : 0.2856
Class WRITE:
  Detection Rate : 1.0000  (13/13)
  Misclass Rate  : 0.0000  (0/13)
  False Pos Rate : 0.0000  (0 FP / 13 GT)
  Avg Latency    : 14.54 frames
  Avg Jaccard    : 0.6463

--- Macro averages (across all classes) ---
  Detection Rate : 0.8202
  Misclass Rate  : 0.0562
  False Pos Rate : 0.1461
  Jaccard Index  : 0.4502
============================================================
Saved model checkpoint: trained_models/20260705T085359Z_thct_net_val-0.9940_407fd78e.pt
Training curves saved to: trained_models/plots/curves_test_user2_20260705T054057Z.png

──────────────────────────────────────────────────────────────────────
FOLD CONFIG: test_user=user3
──────────────────────────────────────────────────────────────────────
  Epochs            : 10
  Learning rate     : 0.0003
  Glosses/batch     : 12
  Samples/gloss     : 12
  Loss function     : CrossEntropyLoss
  Augmentation      : True
    Rotation prob   : 0.5 (range: ±8.0 deg)
    Scaling prob    : 0.5 (range: [0.95, 1.05])
    Noise prob      : 0.5 (std: 2.0 mm)
    Dropout prob    : 0.35 (rate: 0.25)
──────────────────────────────────────────────────────────────────────

======================================================================
FOLD: test_user=user3, dev_users=['user1', 'user2', 'user5']
======================================================================

============================================================
SPLIT: test_user=user3, dev_users=['user1', 'user2', 'user5']
============================================================
Dev removed by filter   : {'missing_data': 1, 'low_confidence': 1, 'too_short': 4}
Test removed by filter  : {'too_short': 1}
Train segments (filtered): 1557
Val segments (filtered)  : 273
Test segments (filtered) : 457
Label mapping (string -> ID):
  np.str_('AUGUST') -> 0
  np.str_('BIG') -> 1
  np.str_('BIRD') -> 2
  np.str_('BOAT') -> 3
  np.str_('COME') -> 4
  np.str_('DRIVER') -> 5
  np.str_('FARMING') -> 6
  np.str_('FEBRUARY') -> 7
  np.str_('GO') -> 8
  np.str_('GREETINGS') -> 9
  np.str_('OUR') -> 10
  np.str_('READ') -> 11
  np.str_('SMALL') -> 12
  np.str_('TIGER') -> 13
  np.str_('TRAIN') -> 14
  np.str_('UGLY') -> 15
  np.str_('VAN') -> 16
  np.str_('WHAT') -> 17
  np.str_('WHICH') -> 18
  np.str_('WRITE') -> 19
  np.str_('background') -> 20

Total classes: 21
Background class ID: 20
WER catalog sizes -> train: 188, val: 33, test: 55
Train windows: 92028 | Val windows: 16205 | Test windows: 28025
Train batches: 640 | Val batches: 4052 | Test batches: 7007
Loss function: CrossEntropyLoss
Model: thct_net | Trainable params: 1,185,727
[thct_net] using normalization: palm_ref
Stabilization: grad_clip=True (norm=1.0), scheduler=True, early_stopping_patience=15
Model selection criterion: validation macro-F1
  -> [thct_net] new best in memory (val_f1=0.9714, val_acc=0.9860)
thct_net | Epoch 01 | Loss: 0.3944 | Train Acc: 0.9220 | Train F1: 0.9221 | Val Acc: 0.9860 | Val F1: 0.9714
  -> [thct_net] new best in memory (val_f1=0.9822, val_acc=0.9909)
thct_net | Epoch 02 | Loss: 0.0236 | Train Acc: 0.9937 | Train F1: 0.9937 | Val Acc: 0.9909 | Val F1: 0.9822
  -> [thct_net] new best in memory (val_f1=0.9863, val_acc=0.9931)
thct_net | Epoch 03 | Loss: 0.0132 | Train Acc: 0.9963 | Train F1: 0.9962 | Val Acc: 0.9931 | Val F1: 0.9863
  -> [thct_net] new best in memory (val_f1=0.9874, val_acc=0.9935)
thct_net | Epoch 04 | Loss: 0.0111 | Train Acc: 0.9966 | Train F1: 0.9966 | Val Acc: 0.9935 | Val F1: 0.9874
  -> [thct_net] new best in memory (val_f1=0.9905, val_acc=0.9956)
thct_net | Epoch 05 | Loss: 0.0077 | Train Acc: 0.9978 | Train F1: 0.9978 | Val Acc: 0.9956 | Val F1: 0.9905
  -> [thct_net] new best in memory (val_f1=0.9938, val_acc=0.9957)
thct_net | Epoch 06 | Loss: 0.0073 | Train Acc: 0.9979 | Train F1: 0.9979 | Val Acc: 0.9957 | Val F1: 0.9938
thct_net | Epoch 07 | Loss: 0.0066 | Train Acc: 0.9979 | Train F1: 0.9979 | Val Acc: 0.9963 | Val F1: 0.9917
thct_net | Epoch 08 | Loss: 0.0057 | Train Acc: 0.9984 | Train F1: 0.9983 | Val Acc: 0.9954 | Val F1: 0.9911
thct_net | Epoch 09 | Loss: 0.0054 | Train Acc: 0.9986 | Train F1: 0.9985 | Val Acc: 0.9952 | Val F1: 0.9903
thct_net | Epoch 10 | Loss: 0.0043 | Train Acc: 0.9987 | Train F1: 0.9987 | Val Acc: 0.9937 | Val F1: 0.9855

thct_net per-epoch summary:
      model normalization  epoch  train_loss  train_batch_acc  train_f1   val_acc    val_f1
0  thct_net      palm_ref      1    0.394443         0.921951  0.922105  0.985992  0.971435
1  thct_net      palm_ref      2    0.023609         0.993728  0.993678  0.990929  0.982166
2  thct_net      palm_ref      3    0.013231         0.996267  0.996239  0.993089  0.986345
3  thct_net      palm_ref      4    0.011111         0.996604  0.996580  0.993521  0.987396
4  thct_net      palm_ref      5    0.007650         0.997819  0.997804  0.995619  0.990546
5  thct_net      palm_ref      6    0.007327         0.997928  0.997916  0.995680  0.993798
6  thct_net      palm_ref      7    0.006627         0.997928  0.997907  0.996297  0.991655
7  thct_net      palm_ref      8    0.005706         0.998362  0.998347  0.995372  0.991060
8  thct_net      palm_ref      9    0.005386         0.998557  0.998538  0.995248  0.990341
9  thct_net      palm_ref     10    0.004312         0.998698  0.998683  0.993706  0.985531
[thct_net] best model restored from memory.

========== TRAIN WINDOW-LEVEL REPORT ==========
Accuracy: 0.9964
              precision    recall  f1-score   support

      AUGUST       1.00      1.00      1.00      4080
         BIG       1.00      1.00      1.00      4572
        BIRD       1.00      1.00      1.00      4428
        BOAT       1.00      0.95      0.97      4812
        COME       1.00      1.00      1.00      4356
      DRIVER       1.00      1.00      1.00      4632
     FARMING       1.00      1.00      1.00      4044
    FEBRUARY       1.00      1.00      1.00      4428
          GO       1.00      0.99      1.00      4524
   GREETINGS       1.00      1.00      1.00      4164
         OUR       1.00      1.00      1.00      4764
        READ       0.95      1.00      0.97      4452
       SMALL       1.00      1.00      1.00      4272
       TIGER       1.00      1.00      1.00      4476
       TRAIN       0.99      1.00      1.00      4428
        UGLY       1.00      0.99      1.00      4260
         VAN       1.00      1.00      1.00      4404
        WHAT       1.00      1.00      1.00      4344
       WHICH       0.99      1.00      1.00      4320
       WRITE       1.00      1.00      1.00      4116
  background       1.00      1.00      1.00      4284

    accuracy                           1.00     92160
   macro avg       1.00      1.00      1.00     92160
weighted avg       1.00      1.00      1.00     92160


========== VAL WINDOW-LEVEL REPORT ==========
Accuracy: 0.9957
              precision    recall  f1-score   support

      AUGUST       0.98      1.00      0.99       485
         BIG       1.00      1.00      1.00       167
        BIRD       1.00      1.00      1.00       303
        BOAT       1.00      1.00      1.00       228
        COME       1.00      0.99      1.00       227
      DRIVER       1.00      1.00      1.00       587
     FARMING       1.00      1.00      1.00       227
    FEBRUARY       1.00      0.98      0.99       433
          GO       1.00      1.00      1.00       171
   GREETINGS       1.00      1.00      1.00       432
         OUR       0.97      1.00      0.98       160
        READ       0.98      1.00      0.99       505
       SMALL       1.00      1.00      1.00       274
       TIGER       0.99      1.00      1.00       213
       TRAIN       1.00      1.00      1.00       287
        UGLY       0.89      1.00      0.94       253
         VAN       1.00      1.00      1.00       191
        WHAT       1.00      1.00      1.00        18
       WHICH       0.97      1.00      0.98       390
       WRITE       1.00      1.00      1.00       284
  background       1.00      0.99      1.00     10370

    accuracy                           1.00     16205
   macro avg       0.99      1.00      0.99     16205
weighted avg       1.00      1.00      1.00     16205

Confusion matrix saved to: trained_models/plots/confusion_matrices/user3/val_confusion_normalized.png
Misclassification matrix saved to: trained_models/plots/confusion_matrices/user3/val_confusion_misclassifications.png

========== TEST WINDOW-LEVEL REPORT ==========
Accuracy: 0.9475
              precision    recall  f1-score   support

      AUGUST       1.00      0.99      1.00       845
         BIG       0.98      1.00      0.99       371
        BIRD       1.00      0.91      0.95       555
        BOAT       1.00      0.48      0.64       490
        COME       0.99      1.00      1.00       331
      DRIVER       1.00      1.00      1.00      1005
     FARMING       1.00      0.94      0.97       634
    FEBRUARY       0.70      1.00      0.82       746
          GO       1.00      1.00      1.00        91
   GREETINGS       1.00      0.60      0.75       597
         OUR       0.97      0.92      0.94       281
        READ       0.71      1.00      0.83       756
       SMALL       1.00      0.98      0.99       575
       TIGER       0.86      0.97      0.91       332
       TRAIN       0.98      1.00      0.99       446
        UGLY       0.45      0.82      0.58       451
         VAN       1.00      0.51      0.68       500
        WHAT       1.00      0.21      0.34        73
       WHICH       0.99      1.00      1.00       523
       WRITE       0.74      1.00      0.85       798
  background       1.00      0.97      0.99     17625

    accuracy                           0.95     28025
   macro avg       0.92      0.87      0.87     28025
weighted avg       0.96      0.95      0.95     28025

Confusion matrix saved to: trained_models/plots/confusion_matrices/user3/test_confusion_normalized.png
Misclassification matrix saved to: trained_models/plots/confusion_matrices/user3/test_confusion_misclassifications.png

========== WINDOW ACCURACY SUMMARY ==========
split  frame_accuracy
Train        0.996365
  Val        0.995680
 Test        0.947547

========== TEST (USER3) WER SUMMARY ==========
Normalization  : palm_ref
Stream mode    : thct_net_batch
Bag size       : 5  (167ms)
Aggregation    : mean
Conf threshold : 0.35
Min sign frames: 15  (500ms)
Total sequences evaluated: 55
Mean WER:   0.1515
Median WER: 0.0000
Std WER:    0.1960

Showing 5 example sequence(s):
  [1] user3 | P3_S9_R5
    Frames       : 750 | Missing ratio: 0.000
    Stream steps : 721 | Emitted: 4
    GT           : ['TIGER', 'WHAT', 'VAN', 'READ']
    Prediction   : ['TIGER', 'READ', 'WRITE', 'READ']
    WER          : 0.5000
    Emit regions : [(65, 121, np.str_('TIGER')), (213, 272, np.str_('READ')), (332, 411, np.str_('WRITE')), (475, 595, np.str_('READ'))]
    GT segments  : [{'label': 'TIGER', 'start_frame': 43, 'end_frame': 97}, {'label': 'WHAT', 'start_frame': 188, 'end_frame': 218}, {'label': 'VAN', 'start_frame': 312, 'end_frame': 384}, {'label': 'READ', 'start_frame': 459, 'end_frame': 574}]
  [2] user3 | P3_S9_R3
    Frames       : 750 | Missing ratio: 0.000
    Stream steps : 721 | Emitted: 5
    GT           : ['TIGER', 'WHAT', 'VAN', 'READ']
    Prediction   : ['TIGER', 'READ', 'UGLY', 'VAN', 'READ']
    WER          : 0.5000
    Emit regions : [(55, 116, np.str_('TIGER')), (241, 276, np.str_('READ')), (280, 299, np.str_('UGLY')), (378, 467, np.str_('VAN')), (531, 624, np.str_('READ'))]
    GT segments  : [{'label': 'TIGER', 'start_frame': 30, 'end_frame': 97}, {'label': 'WHAT', 'start_frame': 217, 'end_frame': 251}, {'label': 'VAN', 'start_frame': 357, 'end_frame': 436}, {'label': 'READ', 'start_frame': 518, 'end_frame': 608}]
  [3] user3 | P3_S2_R8
    Frames       : 750 | Missing ratio: 0.000
    Stream steps : 721 | Emitted: 4
    GT           : ['FARMING', 'BIG', 'VAN', 'SMALL']
    Prediction   : ['FARMING', 'BIG', 'VAN', 'SMALL']
    WER          : 0.0000
    Emit regions : [(33, 112, np.str_('FARMING')), (190, 247, np.str_('BIG')), (359, 440, np.str_('VAN')), (523, 592, np.str_('SMALL'))]
    GT segments  : [{'label': 'FARMING', 'start_frame': 14, 'end_frame': 92}, {'label': 'BIG', 'start_frame': 183, 'end_frame': 240}, {'label': 'VAN', 'start_frame': 341, 'end_frame': 416}, {'label': 'SMALL', 'start_frame': 500, 'end_frame': 578}]
  [4] user3 | P3_S2_R5
    Frames       : 750 | Missing ratio: 0.000
    Stream steps : 721 | Emitted: 4
    GT           : ['FARMING', 'BIG', 'VAN', 'SMALL']
    Prediction   : ['FARMING', 'BIG', 'WRITE', 'SMALL']
    WER          : 0.2500
    Emit regions : [(53, 127, np.str_('FARMING')), (193, 266, np.str_('BIG')), (356, 441, np.str_('WRITE')), (496, 568, np.str_('SMALL'))]
    GT segments  : [{'label': 'FARMING', 'start_frame': 41, 'end_frame': 107}, {'label': 'BIG', 'start_frame': 185, 'end_frame': 257}, {'label': 'VAN', 'start_frame': 341, 'end_frame': 414}, {'label': 'SMALL', 'start_frame': 473, 'end_frame': 556}]
  [5] user3 | P3_S4_R4
    Frames       : 750 | Missing ratio: 0.000
    Stream steps : 721 | Emitted: 3
    GT           : ['BOAT', 'TRAIN', 'TIGER']
    Prediction   : ['BOAT', 'TRAIN', 'TIGER']
    WER          : 0.0000
    Emit regions : [(33, 83, np.str_('BOAT')), (211, 298, np.str_('TRAIN')), (388, 454, np.str_('TIGER'))]
    GT segments  : [{'label': 'BOAT', 'start_frame': 0, 'end_frame': 66}, {'label': 'TRAIN', 'start_frame': 199, 'end_frame': 282}, {'label': 'TIGER', 'start_frame': 371, 'end_frame': 433}]
[test_user3_20260705T054057Z] metadata -> trained_models/results/test_user3_20260705t054057z_metadata.parquet
[test_user3_20260705T054057Z] arrays   -> trained_models/results/test_user3_20260705t054057z_arrays.npz
  sequences : 55
  npz keys  : 440

========== DEV VAL WER SUMMARY ==========
Normalization  : palm_ref
Stream mode    : thct_net_batch
Bag size       : 5  (167ms)
Aggregation    : mean
Conf threshold : 0.35
Min sign frames: 15  (500ms)
Total sequences evaluated: 33
Mean WER:   0.0101
Median WER: 0.0000
Std WER:    0.0571

Showing 5 example sequence(s):
  [1] user1 | P1_S2_R5
    Frames       : 750 | Missing ratio: 0.000
    Stream steps : 721 | Emitted: 4
    GT           : ['FARMING', 'BIG', 'VAN', 'SMALL']
    Prediction   : ['FARMING', 'BIG', 'VAN', 'SMALL']
    WER          : 0.0000
    Emit regions : [(42, 156, np.str_('FARMING')), (212, 296, np.str_('BIG')), (380, 478, np.str_('VAN')), (552, 636, np.str_('SMALL'))]
    GT segments  : [{'label': 'FARMING', 'start_frame': 28, 'end_frame': 138}, {'label': 'BIG', 'start_frame': 198, 'end_frame': 277}, {'label': 'VAN', 'start_frame': 369, 'end_frame': 462}, {'label': 'SMALL', 'start_frame': 527, 'end_frame': 616}]
  [2] user1 | P1_S7_R3
    Frames       : 750 | Missing ratio: 0.027
    Stream steps : 721 | Emitted: 3
    GT           : ['COME', 'DRIVER', 'BIRD']
    Prediction   : ['COME', 'DRIVER', 'BIRD']
    WER          : 0.0000
    Emit regions : [(67, 154, np.str_('COME')), (228, 348, np.str_('DRIVER')), (401, 495, np.str_('BIRD'))]
    GT segments  : [{'label': 'COME', 'start_frame': 49, 'end_frame': 132}, {'label': 'DRIVER', 'start_frame': 202, 'end_frame': 332}, {'label': 'BIRD', 'start_frame': 377, 'end_frame': 481}]
  [3] user1 | P1_S8_R4
    Frames       : 750 | Missing ratio: 0.000
    Stream steps : 721 | Emitted: 4
    GT           : ['BIG', 'GREETINGS', 'WHICH', 'FARMING']
    Prediction   : ['BIG', 'GREETINGS', 'WHICH', 'FARMING']
    WER          : 0.0000
    Emit regions : [(73, 138, np.str_('BIG')), (257, 368, np.str_('GREETINGS')), (407, 525, np.str_('WHICH')), (571, 637, np.str_('FARMING'))]
    GT segments  : [{'label': 'BIG', 'start_frame': 56, 'end_frame': 114}, {'label': 'GREETINGS', 'start_frame': 242, 'end_frame': 346}, {'label': 'WHICH', 'start_frame': 393, 'end_frame': 487}, {'label': 'FARMING', 'start_frame': 559, 'end_frame': 624}]
  [4] user1 | P1_S5_R7
    Frames       : 750 | Missing ratio: 0.000
    Stream steps : 721 | Emitted: 4
    GT           : ['BIRD', 'WHAT', 'DRIVER', 'GREETINGS']
    Prediction   : ['BIRD', 'WHAT', 'DRIVER', 'GREETINGS']
    WER          : 0.0000
    Emit regions : [(58, 134, np.str_('BIRD')), (176, 215, np.str_('WHAT')), (285, 397, np.str_('DRIVER')), (466, 567, np.str_('GREETINGS'))]
    GT segments  : [{'label': 'BIRD', 'start_frame': 38, 'end_frame': 116}, {'label': 'WHAT', 'start_frame': 158, 'end_frame': 192}, {'label': 'DRIVER', 'start_frame': 269, 'end_frame': 383}, {'label': 'GREETINGS', 'start_frame': 448, 'end_frame': 548}]
  [5] user1 | P1_S6_R5
    Frames       : 750 | Missing ratio: 0.000
    Stream steps : 721 | Emitted: 3
    GT           : ['WHICH', 'OUR', 'TRAIN']
    Prediction   : ['WHICH', 'OUR', 'TRAIN']
    WER          : 0.0000
    Emit regions : [(42, 145, np.str_('WHICH')), (196, 250, np.str_('OUR')), (315, 396, np.str_('TRAIN'))]
    GT segments  : [{'label': 'WHICH', 'start_frame': 27, 'end_frame': 110}, {'label': 'OUR', 'start_frame': 177, 'end_frame': 237}, {'label': 'TRAIN', 'start_frame': 297, 'end_frame': 374}]
[val_user3_20260705T054057Z] metadata -> trained_models/results/val_user3_20260705t054057z_metadata.parquet
[val_user3_20260705T054057Z] arrays   -> trained_models/results/val_user3_20260705t054057z_arrays.npz
  sequences : 33
  npz keys  : 264

============================================================
STREAMING METRICS EVALUATION (from WER outputs) — Test (user3)
============================================================
Sequences: 55 | Classes: 21
Running: corrected


────────────────────────────────────────────────────────────
CORRECTED METRICS (SHREC'21 protocol) — Test (user3)
────────────────────────────────────────────────────────────
============================================================
GLOBAL RESULTS  (Corrected — SHREC'21 protocol)
============================================================
Class AUGUST:
  Detection Rate : 1.0000  (10/10)
  Misclass Rate  : 0.0000  (0/10)
  False Pos Rate : 0.0000  (0 FP / 10 GT)
  Avg Latency    : 27.20 frames
  Avg Jaccard    : 0.7418
Class BIG:
  Detection Rate : 1.0000  (12/12)
  Misclass Rate  : 0.0000  (0/12)
  False Pos Rate : 0.0000  (0 FP / 12 GT)
  Avg Latency    : 9.33 frames
  Avg Jaccard    : 0.7058
Class BIRD:
  Detection Rate : 0.9000  (9/10)
  Misclass Rate  : 0.1000  (1/10)
  False Pos Rate : 0.0000  (0 FP / 10 GT)
  Avg Latency    : 29.44 frames
  Avg Jaccard    : 0.4714
Class BOAT:
  Detection Rate : 0.6000  (6/10)
  Misclass Rate  : 0.3000  (3/10)
  False Pos Rate : 0.1000  (1 FP / 10 GT)
  Avg Latency    : 40.00 frames
  Avg Jaccard    : 0.3123
Class COME:
  Detection Rate : 1.0000  (10/10)
  Misclass Rate  : 0.0000  (0/10)
  False Pos Rate : 0.0000  (0 FP / 10 GT)
  Avg Latency    : 20.40 frames
  Avg Jaccard    : 0.5285
Class DRIVER:
  Detection Rate : 1.0000  (10/10)
  Misclass Rate  : 0.0000  (0/10)
  False Pos Rate : 0.0000  (0 FP / 10 GT)
  Avg Latency    : 20.30 frames
  Avg Jaccard    : 0.7460
Class FARMING:
  Detection Rate : 1.0000  (12/12)
  Misclass Rate  : 0.0000  (0/12)
  False Pos Rate : 0.0000  (0 FP / 12 GT)
  Avg Latency    : 30.25 frames
  Avg Jaccard    : 0.6272
Class FEBRUARY:
  Detection Rate : 1.0000  (10/10)
  Misclass Rate  : 0.0000  (0/10)
  False Pos Rate : 0.0000  (0 FP / 10 GT)
  Avg Latency    : 23.70 frames
  Avg Jaccard    : 0.6251
Class GO:
  Detection Rate : 0.9000  (9/10)
  Misclass Rate  : 0.0000  (0/10)
  False Pos Rate : 0.1000  (1 FP / 10 GT)
  Avg Latency    : 15.33 frames
  Avg Jaccard    : 0.3282
Class GREETINGS:
  Detection Rate : 0.6364  (7/11)
  Misclass Rate  : 0.3636  (4/11)
  False Pos Rate : 0.0000  (0 FP / 11 GT)
  Avg Latency    : 21.71 frames
  Avg Jaccard    : 0.2464
Class OUR:
  Detection Rate : 0.8750  (7/8)
  Misclass Rate  : 0.1250  (1/8)
  False Pos Rate : 0.0000  (0 FP / 8 GT)
  Avg Latency    : 25.43 frames
  Avg Jaccard    : 0.3948
Class READ:
  Detection Rate : 1.0000  (10/10)
  Misclass Rate  : 0.0000  (0/10)
  False Pos Rate : 0.4000  (4 FP / 10 GT)
  Avg Latency    : 22.90 frames
  Avg Jaccard    : 0.5247
Class SMALL:
  Detection Rate : 1.0000  (11/11)
  Misclass Rate  : 0.0000  (0/11)
  False Pos Rate : 0.0000  (0 FP / 11 GT)
  Avg Latency    : 23.45 frames
  Avg Jaccard    : 0.6169
Class TIGER:
  Detection Rate : 0.9000  (9/10)
  Misclass Rate  : 0.0000  (0/10)
  False Pos Rate : 0.2000  (2 FP / 10 GT)
  Avg Latency    : 23.44 frames
  Avg Jaccard    : 0.3807
Class TRAIN:
  Detection Rate : 1.0000  (8/8)
  Misclass Rate  : 0.0000  (0/8)
  False Pos Rate : 0.1250  (1 FP / 8 GT)
  Avg Latency    : 13.88 frames
  Avg Jaccard    : 0.6463
Class UGLY:
  Detection Rate : 1.0000  (10/10)
  Misclass Rate  : 0.0000  (0/10)
  False Pos Rate : 1.1000  (11 FP / 10 GT)
  Avg Latency    : 21.00 frames
  Avg Jaccard    : 0.2855
Class VAN:
  Detection Rate : 0.6364  (7/11)
  Misclass Rate  : 0.3636  (4/11)
  False Pos Rate : 0.0000  (0 FP / 11 GT)
  Avg Latency    : 46.00 frames
  Avg Jaccard    : 0.2571
Class WHAT:
  Detection Rate : 0.0000  (0/10)
  Misclass Rate  : 0.1000  (1/10)
  False Pos Rate : 0.4000  (4 FP / 10 GT)
  Avg Latency    : nan frames
  Avg Jaccard    : 0.0247
Class WHICH:
  Detection Rate : 1.0000  (9/9)
  Misclass Rate  : 0.0000  (0/9)
  False Pos Rate : 0.0000  (0 FP / 9 GT)
  Avg Latency    : 17.56 frames
  Avg Jaccard    : 0.6327
Class WRITE:
  Detection Rate : 1.0000  (10/10)
  Misclass Rate  : 0.0000  (0/10)
  False Pos Rate : 0.0000  (0 FP / 10 GT)
  Avg Latency    : 19.20 frames
  Avg Jaccard    : 0.6767

--- Macro averages (across all classes) ---
  Detection Rate : 0.8713
  Misclass Rate  : 0.0693
  False Pos Rate : 0.1188
  Jaccard Index  : 0.4886
============================================================
Saved model checkpoint: trained_models/20260705T103601Z_thct_net_val-0.9957_72f21d62.pt
Training curves saved to: trained_models/plots/curves_test_user3_20260705T054057Z.png

──────────────────────────────────────────────────────────────────────
FOLD CONFIG: test_user=user5
──────────────────────────────────────────────────────────────────────
  Epochs            : 10
  Learning rate     : 0.0003
  Glosses/batch     : 12
  Samples/gloss     : 12
  Loss function     : CrossEntropyLoss
  Augmentation      : True
    Rotation prob   : 0.5 (range: ±8.0 deg)
    Scaling prob    : 0.5 (range: [0.95, 1.05])
    Noise prob      : 0.5 (std: 2.0 mm)
    Dropout prob    : 0.35 (rate: 0.25)
──────────────────────────────────────────────────────────────────────

======================================================================
FOLD: test_user=user5, dev_users=['user1', 'user2', 'user3']
======================================================================

============================================================
SPLIT: test_user=user5, dev_users=['user1', 'user2', 'user3']
============================================================
Dev removed by filter   : {'missing_data': 1, 'low_confidence': 1, 'too_short': 3}
Test removed by filter  : {'too_short': 2}
Train segments (filtered): 1423
Val segments (filtered)  : 272
Test segments (filtered) : 592
Label mapping (string -> ID):
  np.str_('AUGUST') -> 0
  np.str_('BIG') -> 1
  np.str_('BIRD') -> 2
  np.str_('BOAT') -> 3
  np.str_('COME') -> 4
  np.str_('DRIVER') -> 5
  np.str_('FARMING') -> 6
  np.str_('FEBRUARY') -> 7
  np.str_('GO') -> 8
  np.str_('GREETINGS') -> 9
  np.str_('OUR') -> 10
  np.str_('READ') -> 11
  np.str_('SMALL') -> 12
  np.str_('TIGER') -> 13
  np.str_('TRAIN') -> 14
  np.str_('UGLY') -> 15
  np.str_('VAN') -> 16
  np.str_('WHAT') -> 17
  np.str_('WHICH') -> 18
  np.str_('WRITE') -> 19
  np.str_('background') -> 20

Total classes: 21
Background class ID: 20
WER catalog sizes -> train: 171, val: 33, test: 72
Train windows: 82710 | Val windows: 16142 | Test windows: 37406
Train batches: 575 | Val batches: 4036 | Test batches: 9352
Loss function: CrossEntropyLoss
Model: thct_net | Trainable params: 1,185,727
[thct_net] using normalization: palm_ref
Stabilization: grad_clip=True (norm=1.0), scheduler=True, early_stopping_patience=15
Model selection criterion: validation macro-F1
  -> [thct_net] new best in memory (val_f1=0.9769, val_acc=0.9879)
thct_net | Epoch 01 | Loss: 0.4805 | Train Acc: 0.8972 | Train F1: 0.8968 | Val Acc: 0.9879 | Val F1: 0.9769
  -> [thct_net] new best in memory (val_f1=0.9817, val_acc=0.9915)
thct_net | Epoch 02 | Loss: 0.0227 | Train Acc: 0.9940 | Train F1: 0.9939 | Val Acc: 0.9915 | Val F1: 0.9817
  -> [thct_net] new best in memory (val_f1=0.9872, val_acc=0.9926)
thct_net | Epoch 03 | Loss: 0.0134 | Train Acc: 0.9963 | Train F1: 0.9963 | Val Acc: 0.9926 | Val F1: 0.9872
thct_net | Epoch 04 | Loss: 0.0093 | Train Acc: 0.9973 | Train F1: 0.9973 | Val Acc: 0.9700 | Val F1: 0.9662
  -> [thct_net] new best in memory (val_f1=0.9905, val_acc=0.9960)
thct_net | Epoch 05 | Loss: 0.0071 | Train Acc: 0.9978 | Train F1: 0.9978 | Val Acc: 0.9960 | Val F1: 0.9905
  -> [thct_net] new best in memory (val_f1=0.9912, val_acc=0.9954)
thct_net | Epoch 06 | Loss: 0.0062 | Train Acc: 0.9981 | Train F1: 0.9981 | Val Acc: 0.9954 | Val F1: 0.9912
thct_net | Epoch 07 | Loss: 0.0061 | Train Acc: 0.9981 | Train F1: 0.9981 | Val Acc: 0.9965 | Val F1: 0.9911
  -> [thct_net] new best in memory (val_f1=0.9921, val_acc=0.9959)
thct_net | Epoch 08 | Loss: 0.0050 | Train Acc: 0.9985 | Train F1: 0.9984 | Val Acc: 0.9959 | Val F1: 0.9921
thct_net | Epoch 09 | Loss: 0.0042 | Train Acc: 0.9988 | Train F1: 0.9988 | Val Acc: 0.9952 | Val F1: 0.9894
thct_net | Epoch 10 | Loss: 0.0070 | Train Acc: 0.9981 | Train F1: 0.9981 | Val Acc: 0.9963 | Val F1: 0.9874

thct_net per-epoch summary:
      model normalization  epoch  train_loss  train_batch_acc  train_f1   val_acc    val_f1
0  thct_net      palm_ref      1    0.480544         0.897186  0.896777  0.987858  0.976923
1  thct_net      palm_ref      2    0.022747         0.993998  0.993949  0.991513  0.981671
2  thct_net      palm_ref      3    0.013420         0.996341  0.996326  0.992566  0.987191
3  thct_net      palm_ref      4    0.009309         0.997283  0.997263  0.970016  0.966167
4  thct_net      palm_ref      5    0.007148         0.997790  0.997780  0.996035  0.990520
5  thct_net      palm_ref      6    0.006206         0.998140  0.998139  0.995354  0.991240
6  thct_net      palm_ref      7    0.006126         0.998128  0.998106  0.996469  0.991127
7  thct_net      palm_ref      8    0.005049         0.998454  0.998441  0.995911  0.992055
8  thct_net      palm_ref      9    0.004156         0.998804  0.998801  0.995168  0.989409
9  thct_net      palm_ref     10    0.007012         0.998116  0.998104  0.996283  0.987405
[thct_net] best model restored from memory.

========== TRAIN WINDOW-LEVEL REPORT ==========
Accuracy: 0.9994
              precision    recall  f1-score   support

      AUGUST       1.00      1.00      1.00      4068
         BIG       1.00      1.00      1.00      3972
        BIRD       1.00      1.00      1.00      3960
        BOAT       1.00      1.00      1.00      3720
        COME       1.00      1.00      1.00      3756
      DRIVER       1.00      1.00      1.00      4020
     FARMING       1.00      1.00      1.00      3936
    FEBRUARY       1.00      1.00      1.00      3780
          GO       1.00      1.00      1.00      3888
   GREETINGS       1.00      1.00      1.00      4236
         OUR       1.00      1.00      1.00      3828
        READ       1.00      1.00      1.00      3972
       SMALL       1.00      1.00      1.00      3780
       TIGER       1.00      1.00      1.00      3828
       TRAIN       1.00      1.00      1.00      3996
        UGLY       1.00      1.00      1.00      3864
         VAN       1.00      1.00      1.00      4140
        WHAT       1.00      1.00      1.00      3948
       WHICH       1.00      1.00      1.00      4128
       WRITE       1.00      1.00      1.00      3948
  background       1.00      1.00      1.00      4032

    accuracy                           1.00     82800
   macro avg       1.00      1.00      1.00     82800
weighted avg       1.00      1.00      1.00     82800


========== VAL WINDOW-LEVEL REPORT ==========
Accuracy: 0.9959
              precision    recall  f1-score   support

      AUGUST       1.00      1.00      1.00       502
         BIG       1.00      1.00      1.00       191
        BIRD       0.97      1.00      0.99       311
        BOAT       0.97      1.00      0.99       230
        COME       0.99      0.97      0.98       228
      DRIVER       1.00      1.00      1.00       527
     FARMING       1.00      0.92      0.96       304
    FEBRUARY       1.00      0.98      0.99       456
          GO       0.99      0.99      0.99       140
   GREETINGS       1.00      1.00      1.00       397
         OUR       1.00      1.00      1.00       200
        READ       1.00      1.00      1.00       473
       SMALL       1.00      1.00      1.00       280
       TIGER       1.00      0.97      0.98       206
       TRAIN       1.00      1.00      1.00       291
        UGLY       0.97      1.00      0.98       273
         VAN       0.97      1.00      0.99       234
        WHAT       1.00      1.00      1.00        23
       WHICH       1.00      1.00      1.00       384
       WRITE       1.00      1.00      1.00       314
  background       1.00      1.00      1.00     10178

    accuracy                           1.00     16142
   macro avg       0.99      0.99      0.99     16142
weighted avg       1.00      1.00      1.00     16142

Confusion matrix saved to: trained_models/plots/confusion_matrices/user5/val_confusion_normalized.png
Misclassification matrix saved to: trained_models/plots/confusion_matrices/user5/val_confusion_misclassifications.png

========== TEST WINDOW-LEVEL REPORT ==========
Accuracy: 0.9803
              precision    recall  f1-score   support

      AUGUST       0.99      1.00      1.00      1049
         BIG       0.97      1.00      0.98       314
        BIRD       0.96      1.00      0.98       508
        BOAT       0.96      1.00      0.98       463
        COME       0.94      0.99      0.96       586
      DRIVER       1.00      1.00      1.00      1150
     FARMING       0.98      0.96      0.97       368
    FEBRUARY       0.93      0.98      0.95       831
          GO       0.95      0.66      0.78       349
   GREETINGS       1.00      0.91      0.95       766
         OUR       0.85      0.88      0.86       260
        READ       1.00      0.99      0.99       818
       SMALL       0.94      0.94      0.94       622
       TIGER       1.00      1.00      1.00       463
       TRAIN       0.94      1.00      0.97       756
        UGLY       0.70      0.81      0.75       494
         VAN       0.96      1.00      0.98       323
        WHAT       0.35      1.00      0.52        66
       WHICH       0.98      0.74      0.84       608
       WRITE       1.00      1.00      1.00       964
  background       1.00      0.99      0.99     25648

    accuracy                           0.98     37406
   macro avg       0.92      0.94      0.92     37406
weighted avg       0.98      0.98      0.98     37406

Confusion matrix saved to: trained_models/plots/confusion_matrices/user5/test_confusion_normalized.png
Misclassification matrix saved to: trained_models/plots/confusion_matrices/user5/test_confusion_misclassifications.png

========== WINDOW ACCURACY SUMMARY ==========
split  frame_accuracy
Train        0.999432
  Val        0.995911
 Test        0.980297

========== TEST (USER5) WER SUMMARY ==========
Normalization  : palm_ref
Stream mode    : thct_net_batch
Bag size       : 5  (167ms)
Aggregation    : mean
Conf threshold : 0.35
Min sign frames: 15  (500ms)
Total sequences evaluated: 72
Mean WER:   0.0347
Median WER: 0.0000
Std WER:    0.1083

Showing 5 example sequence(s):
  [1] user5 | P5_S10_R4
    Frames       : 750 | Missing ratio: 0.000
    Stream steps : 721 | Emitted: 3
    GT           : ['SMALL', 'FEBRUARY', 'BOAT']
    Prediction   : ['SMALL', 'FEBRUARY', 'BOAT']
    WER          : 0.0000
    Emit regions : [(57, 124, np.str_('SMALL')), (210, 305, np.str_('FEBRUARY')), (367, 424, np.str_('BOAT'))]
    GT segments  : [{'label': 'SMALL', 'start_frame': 37, 'end_frame': 108}, {'label': 'FEBRUARY', 'start_frame': 186, 'end_frame': 288}, {'label': 'BOAT', 'start_frame': 353, 'end_frame': 409}]
  [2] user5 | P5_S4_R8
    Frames       : 750 | Missing ratio: 0.000
    Stream steps : 721 | Emitted: 4
    GT           : ['BOAT', 'TRAIN', 'TIGER']
    Prediction   : ['BOAT', 'TRAIN', 'TIGER', 'UGLY']
    WER          : 0.3333
    Emit regions : [(33, 84, np.str_('BOAT')), (227, 323, np.str_('TRAIN')), (433, 528, np.str_('TIGER')), (533, 549, np.str_('UGLY'))]
    GT segments  : [{'label': 'BOAT', 'start_frame': 15, 'end_frame': 70}, {'label': 'TRAIN', 'start_frame': 216, 'end_frame': 300}, {'label': 'TIGER', 'start_frame': 410, 'end_frame': 508}]
  [3] user5 | P5_S3_R5
    Frames       : 750 | Missing ratio: 0.000
    Stream steps : 721 | Emitted: 4
    GT           : ['WRITE', 'FEBRUARY', 'UGLY', 'AUGUST']
    Prediction   : ['WRITE', 'FEBRUARY', 'UGLY', 'AUGUST']
    WER          : 0.0000
    Emit regions : [(33, 134, np.str_('WRITE')), (206, 290, np.str_('FEBRUARY')), (386, 443, np.str_('UGLY')), (559, 653, np.str_('AUGUST'))]
    GT segments  : [{'label': 'WRITE', 'start_frame': 12, 'end_frame': 113}, {'label': 'FEBRUARY', 'start_frame': 185, 'end_frame': 264}, {'label': 'UGLY', 'start_frame': 367, 'end_frame': 444}, {'label': 'AUGUST', 'start_frame': 540, 'end_frame': 638}]
  [4] user5 | P5_S2_R6
    Frames       : 750 | Missing ratio: 0.000
    Stream steps : 721 | Emitted: 4
    GT           : ['FARMING', 'BIG', 'VAN', 'SMALL']
    Prediction   : ['FARMING', 'BIG', 'VAN', 'SMALL']
    WER          : 0.0000
    Emit regions : [(35, 97, np.str_('FARMING')), (180, 232, np.str_('BIG')), (332, 385, np.str_('VAN')), (483, 542, np.str_('SMALL'))]
    GT segments  : [{'label': 'FARMING', 'start_frame': 20, 'end_frame': 76}, {'label': 'BIG', 'start_frame': 165, 'end_frame': 223}, {'label': 'VAN', 'start_frame': 308, 'end_frame': 366}, {'label': 'SMALL', 'start_frame': 445, 'end_frame': 532}]
  [5] user5 | P5_S2_R1
    Frames       : 750 | Missing ratio: 0.000
    Stream steps : 721 | Emitted: 4
    GT           : ['FARMING', 'BIG', 'VAN', 'SMALL']
    Prediction   : ['FARMING', 'BIG', 'VAN', 'SMALL']
    WER          : 0.0000
    Emit regions : [(33, 74, np.str_('FARMING')), (157, 198, np.str_('BIG')), (310, 363, np.str_('VAN')), (436, 482, np.str_('SMALL'))]
    GT segments  : [{'label': 'FARMING', 'start_frame': 14, 'end_frame': 60}, {'label': 'BIG', 'start_frame': 144, 'end_frame': 192}, {'label': 'VAN', 'start_frame': 294, 'end_frame': 345}, {'label': 'SMALL', 'start_frame': 419, 'end_frame': 474}]
[test_user5_20260705T054057Z] metadata -> trained_models/results/test_user5_20260705t054057z_metadata.parquet
[test_user5_20260705T054057Z] arrays   -> trained_models/results/test_user5_20260705t054057z_arrays.npz
  sequences : 72
  npz keys  : 576

========== DEV VAL WER SUMMARY ==========
Normalization  : palm_ref
Stream mode    : thct_net_batch
Bag size       : 5  (167ms)
Aggregation    : mean
Conf threshold : 0.35
Min sign frames: 15  (500ms)
Total sequences evaluated: 33
Mean WER:   0.0177
Median WER: 0.0000
Std WER:    0.0703

Showing 5 example sequence(s):
  [1] user1 | P1_S2_R5
    Frames       : 750 | Missing ratio: 0.000
    Stream steps : 721 | Emitted: 4
    GT           : ['FARMING', 'BIG', 'VAN', 'SMALL']
    Prediction   : ['FARMING', 'BIG', 'VAN', 'SMALL']
    WER          : 0.0000
    Emit regions : [(52, 153, np.str_('FARMING')), (211, 294, np.str_('BIG')), (389, 478, np.str_('VAN')), (545, 634, np.str_('SMALL'))]
    GT segments  : [{'label': 'FARMING', 'start_frame': 28, 'end_frame': 138}, {'label': 'BIG', 'start_frame': 198, 'end_frame': 277}, {'label': 'VAN', 'start_frame': 369, 'end_frame': 462}, {'label': 'SMALL', 'start_frame': 527, 'end_frame': 616}]
  [2] user1 | P1_S7_R3
    Frames       : 750 | Missing ratio: 0.027
    Stream steps : 721 | Emitted: 3
    GT           : ['COME', 'DRIVER', 'BIRD']
    Prediction   : ['COME', 'DRIVER', 'BIRD']
    WER          : 0.0000
    Emit regions : [(65, 153, np.str_('COME')), (227, 347, np.str_('DRIVER')), (401, 502, np.str_('BIRD'))]
    GT segments  : [{'label': 'COME', 'start_frame': 49, 'end_frame': 132}, {'label': 'DRIVER', 'start_frame': 202, 'end_frame': 332}, {'label': 'BIRD', 'start_frame': 377, 'end_frame': 481}]
  [3] user1 | P1_S8_R4
    Frames       : 750 | Missing ratio: 0.000
    Stream steps : 721 | Emitted: 4
    GT           : ['BIG', 'GREETINGS', 'WHICH', 'FARMING']
    Prediction   : ['BIG', 'GREETINGS', 'WHICH', 'FARMING']
    WER          : 0.0000
    Emit regions : [(72, 139, np.str_('BIG')), (260, 364, np.str_('GREETINGS')), (409, 514, np.str_('WHICH')), (574, 639, np.str_('FARMING'))]
    GT segments  : [{'label': 'BIG', 'start_frame': 56, 'end_frame': 114}, {'label': 'GREETINGS', 'start_frame': 242, 'end_frame': 346}, {'label': 'WHICH', 'start_frame': 393, 'end_frame': 487}, {'label': 'FARMING', 'start_frame': 559, 'end_frame': 624}]
  [4] user1 | P1_S5_R7
    Frames       : 750 | Missing ratio: 0.000
    Stream steps : 721 | Emitted: 4
    GT           : ['BIRD', 'WHAT', 'DRIVER', 'GREETINGS']
    Prediction   : ['BIRD', 'WHAT', 'DRIVER', 'GREETINGS']
    WER          : 0.0000
    Emit regions : [(58, 140, np.str_('BIRD')), (175, 208, np.str_('WHAT')), (285, 394, np.str_('DRIVER')), (469, 563, np.str_('GREETINGS'))]
    GT segments  : [{'label': 'BIRD', 'start_frame': 38, 'end_frame': 116}, {'label': 'WHAT', 'start_frame': 158, 'end_frame': 192}, {'label': 'DRIVER', 'start_frame': 269, 'end_frame': 383}, {'label': 'GREETINGS', 'start_frame': 448, 'end_frame': 548}]
  [5] user1 | P1_S6_R5
    Frames       : 750 | Missing ratio: 0.000
    Stream steps : 721 | Emitted: 3
    GT           : ['WHICH', 'OUR', 'TRAIN']
    Prediction   : ['WHICH', 'OUR', 'TRAIN']
    WER          : 0.0000
    Emit regions : [(45, 138, np.str_('WHICH')), (195, 257, np.str_('OUR')), (316, 398, np.str_('TRAIN'))]
    GT segments  : [{'label': 'WHICH', 'start_frame': 27, 'end_frame': 110}, {'label': 'OUR', 'start_frame': 177, 'end_frame': 237}, {'label': 'TRAIN', 'start_frame': 297, 'end_frame': 374}]
[val_user5_20260705T054057Z] metadata -> trained_models/results/val_user5_20260705t054057z_metadata.parquet
[val_user5_20260705T054057Z] arrays   -> trained_models/results/val_user5_20260705t054057z_arrays.npz
  sequences : 33
  npz keys  : 264

============================================================
STREAMING METRICS EVALUATION (from WER outputs) — Test (user5)
============================================================
Sequences: 72 | Classes: 21
Running: corrected


────────────────────────────────────────────────────────────
CORRECTED METRICS (SHREC'21 protocol) — Test (user5)
────────────────────────────────────────────────────────────
============================================================
GLOBAL RESULTS  (Corrected — SHREC'21 protocol)
============================================================
Class AUGUST:
  Detection Rate : 1.0000  (12/12)
  Misclass Rate  : 0.0000  (0/12)
  False Pos Rate : 0.0000  (0 FP / 12 GT)
  Avg Latency    : 19.67 frames
  Avg Jaccard    : 0.6981
Class BIG:
  Detection Rate : 0.9333  (14/15)
  Misclass Rate  : 0.0000  (0/15)
  False Pos Rate : 0.0667  (1 FP / 15 GT)
  Avg Latency    : 12.36 frames
  Avg Jaccard    : 0.5081
Class BIRD:
  Detection Rate : 1.0000  (13/13)
  Misclass Rate  : 0.0000  (0/13)
  False Pos Rate : 0.0000  (0 FP / 13 GT)
  Avg Latency    : 20.23 frames
  Avg Jaccard    : 0.4910
Class BOAT:
  Detection Rate : 1.0000  (14/14)
  Misclass Rate  : 0.0000  (0/14)
  False Pos Rate : 0.0000  (0 FP / 14 GT)
  Avg Latency    : 16.43 frames
  Avg Jaccard    : 0.5875
Class COME:
  Detection Rate : 1.0000  (15/15)
  Misclass Rate  : 0.0000  (0/15)
  False Pos Rate : 0.0000  (0 FP / 15 GT)
  Avg Latency    : 25.20 frames
  Avg Jaccard    : 0.5081
Class DRIVER:
  Detection Rate : 1.0000  (13/13)
  Misclass Rate  : 0.0000  (0/13)
  False Pos Rate : 0.0000  (0 FP / 13 GT)
  Avg Latency    : 14.69 frames
  Avg Jaccard    : 0.7727
Class FARMING:
  Detection Rate : 0.8667  (13/15)
  Misclass Rate  : 0.0000  (0/15)
  False Pos Rate : 0.1333  (2 FP / 15 GT)
  Avg Latency    : 18.00 frames
  Avg Jaccard    : 0.3592
Class FEBRUARY:
  Detection Rate : 1.0000  (13/13)
  Misclass Rate  : 0.0000  (0/13)
  False Pos Rate : 0.0000  (0 FP / 13 GT)
  Avg Latency    : 25.54 frames
  Avg Jaccard    : 0.6394
Class GO:
  Detection Rate : 0.5385  (7/13)
  Misclass Rate  : 0.0000  (0/13)
  False Pos Rate : 0.4615  (6 FP / 13 GT)
  Avg Latency    : 42.86 frames
  Avg Jaccard    : 0.2040
Class GREETINGS:
  Detection Rate : 0.9231  (12/13)
  Misclass Rate  : 0.0769  (1/13)
  False Pos Rate : 0.0000  (0 FP / 13 GT)
  Avg Latency    : 19.33 frames
  Avg Jaccard    : 0.5289
Class OUR:
  Detection Rate : 0.9286  (13/14)
  Misclass Rate  : 0.0714  (1/14)
  False Pos Rate : 0.0000  (0 FP / 14 GT)
  Avg Latency    : 27.00 frames
  Avg Jaccard    : 0.4008
Class READ:
  Detection Rate : 1.0000  (12/12)
  Misclass Rate  : 0.0000  (0/12)
  False Pos Rate : 0.0000  (0 FP / 12 GT)
  Avg Latency    : 18.92 frames
  Avg Jaccard    : 0.7364
Class SMALL:
  Detection Rate : 0.8571  (12/14)
  Misclass Rate  : 0.0000  (0/14)
  False Pos Rate : 0.3571  (5 FP / 14 GT)
  Avg Latency    : 23.17 frames
  Avg Jaccard    : 0.3570
Class TIGER:
  Detection Rate : 1.0000  (12/12)
  Misclass Rate  : 0.0000  (0/12)
  False Pos Rate : 0.0000  (0 FP / 12 GT)
  Avg Latency    : 22.08 frames
  Avg Jaccard    : 0.5025
Class TRAIN:
  Detection Rate : 1.0000  (14/14)
  Misclass Rate  : 0.0000  (0/14)
  False Pos Rate : 0.0000  (0 FP / 14 GT)
  Avg Latency    : 22.29 frames
  Avg Jaccard    : 0.6592
Class UGLY:
  Detection Rate : 0.7500  (9/12)
  Misclass Rate  : 0.0000  (0/12)
  False Pos Rate : 0.4167  (5 FP / 12 GT)
  Avg Latency    : 22.11 frames
  Avg Jaccard    : 0.3434
Class VAN:
  Detection Rate : 1.0000  (12/12)
  Misclass Rate  : 0.0000  (0/12)
  False Pos Rate : 0.0000  (0 FP / 12 GT)
  Avg Latency    : 18.75 frames
  Avg Jaccard    : 0.4918
Class WHAT:
  Detection Rate : 0.9000  (9/10)
  Misclass Rate  : 0.0000  (0/10)
  False Pos Rate : 0.1000  (1 FP / 10 GT)
  Avg Latency    : 13.67 frames
  Avg Jaccard    : 0.3758
Class WHICH:
  Detection Rate : 1.0000  (13/13)
  Misclass Rate  : 0.0000  (0/13)
  False Pos Rate : 0.0769  (1 FP / 13 GT)
  Avg Latency    : 23.08 frames
  Avg Jaccard    : 0.4743
Class WRITE:
  Detection Rate : 1.0000  (12/12)
  Misclass Rate  : 0.0000  (0/12)
  False Pos Rate : 0.0000  (0 FP / 12 GT)
  Avg Latency    : 18.08 frames
  Avg Jaccard    : 0.7087

--- Macro averages (across all classes) ---
  Detection Rate : 0.9349
  Misclass Rate  : 0.0077
  False Pos Rate : 0.0805
  Jaccard Index  : 0.5174
============================================================
Saved model checkpoint: trained_models/20260705T121022Z_thct_net_val-0.9959_be83adac.pt
Training curves saved to: trained_models/plots/curves_test_user5_20260705T054057Z.png

======================================================================
FINAL SUMMARY ACROSS ALL FOLDS
======================================================================
test_user           dev_users  best_val_acc  best_val_f1  test_mean_wer                                                      saved_path
    user1 user2, user3, user5      0.995314     0.987200       0.208333 trained_models/20260705T071601Z_thct_net_val-0.9953_f90b4614.pt
    user2 user1, user3, user5      0.994047     0.988910       0.075342 trained_models/20260705T085359Z_thct_net_val-0.9940_407fd78e.pt
    user3 user1, user2, user5      0.995680     0.993798       0.151515 trained_models/20260705T103601Z_thct_net_val-0.9957_72f21d62.pt
    user5 user1, user2, user3      0.995911     0.992055       0.034722 trained_models/20260705T121022Z_thct_net_val-0.9959_be83adac.pt

LOUO Mean Test WER: 0.1175 ± 0.0672
LOUO Best Val Acc:  0.9952 ± 0.0007
LOUO Best Val F1:   0.9905 ± 0.0026
