[ignoring loop detection]
==================================================
RUN START TIME (UTC): 20260704T095436Z
Log filepath        : trained_models\logs\run_single_user1_20260704T095436Z.log
==================================================
COMMAND LINE ARGUMENTS:
  --louo      : False
  --test_mode : True
  --test_user : user1
  --epochs    : 7
  --lr        : 0.0003
  --save_dir  : trained_models
  --dataset_root: C:\Shoab\Thesis\Experiments\dataset
  --glosses_per_batch: 4
  --samples_per_gloss: 6
  --comment   : 
  --from_checkpoint: False
  --focal_loss: False
  --focal_gamma: 2.0
  --exclude_train_seq: 
  --augment   : False
  --rotation_prob: 0.5
  --rotation_range: 8.0
  --scaling_prob: 0.5
  --scaling_min: 0.95
  --scaling_max: 1.05
  --noise_prob: 0.5
  --noise_std : 2.0
  --dropout_prob: 0.2
  --dropout_rate: 0.05
  --user1_epochs: None
  --user1_lr  : None
  --user1_glosses_per_batch: None
  --user1_samples_per_gloss: None
  --user1_focal_loss: None
  --user1_focal_gamma: None
  --user1_exclude_train_seq: None
  --user1_augment: True
  --user1_rotation_prob: None
  --user1_rotation_range: None
  --user1_scaling_prob: None
  --user1_scaling_min: None
  --user1_scaling_max: None
  --user1_noise_prob: None
  --user1_noise_std: None
  --user1_dropout_prob: None
  --user1_dropout_rate: 0.1
  --user2_epochs: None
  --user2_lr  : None
  --user2_glosses_per_batch: None
  --user2_samples_per_gloss: None
  --user2_focal_loss: None
  --user2_focal_gamma: None
  --user2_exclude_train_seq: None
  --user2_augment: None
  --user2_rotation_prob: None
  --user2_rotation_range: None
  --user2_scaling_prob: None
  --user2_scaling_min: None
  --user2_scaling_max: None
  --user2_noise_prob: None
  --user2_noise_std: None
  --user2_dropout_prob: None
  --user2_dropout_rate: None
  --user3_epochs: None
  --user3_lr  : None
  --user3_glosses_per_batch: None
  --user3_samples_per_gloss: None
  --user3_focal_loss: None
  --user3_focal_gamma: None
  --user3_exclude_train_seq: None
  --user3_augment: None
  --user3_rotation_prob: None
  --user3_rotation_range: None
  --user3_scaling_prob: None
  --user3_scaling_min: None
  --user3_scaling_max: None
  --user3_noise_prob: None
  --user3_noise_std: None
  --user3_dropout_prob: None
  --user3_dropout_rate: None
  --user5_epochs: None
  --user5_lr  : None
  --user5_glosses_per_batch: None
  --user5_samples_per_gloss: None
  --user5_focal_loss: None
  --user5_focal_gamma: None
  --user5_exclude_train_seq: None
  --user5_augment: None
  --user5_rotation_prob: None
  --user5_rotation_range: None
  --user5_scaling_prob: None
  --user5_scaling_min: None
  --user5_scaling_max: None
  --user5_noise_prob: None
  --user5_noise_std: None
  --user5_dropout_prob: None
  --user5_dropout_rate: None
==================================================
CENTRAL HYPERPARAMETERS:
  Device            : cuda
  Dataset root      : C:\Shoab\Thesis\Experiments\dataset
  Glosses/batch     : 4
  Samples/gloss     : 6
  Seed              : 42
  Dev-Val Ratio     : 0.12
  Batch size        : 4
  Test mode         : True
  Model name        : thct_net
  Normalization     : palm_ref
  Learning rate     : 0.0003
  Epochs            : 7
  From checkpoint   : False
  D_MODEL           : 128
  NUM_HEADS         : 4
  NUM_TRANS_LAYERS  : 4
  BASE_CH           : 64
  Dropout           : 0.1
  Decoder bag size  : 5
  Decoder threshold : 0.35
  Loss function     : CrossEntropyLoss
  Augmentation      : False
  Per-user overrides: see RESOLVED PER-USER FOLD CONFIGURATIONS below
==================================================

Using device: cuda
Dataset root: C:\Shoab\Thesis\Experiments\dataset
Matched recordings per user:
  user1: 76 recordings
  user2: 73 recordings
  user3: 55 recordings
  user5: 72 recordings

[A
[A
[A
[A
[A
[A
[A
[A
[A
[A
[A
[A
[A
[A
[A
[A
[A
[A
[A
[A
[A
[A
[A
[A
[A
[A
[A
[A
[A
[A
[A
[A
[A
[A
[A
[A
[A
[A
[A
[A
[A
[A
[A
[A
[A
[A
[A
[A
[A
[A
[A
[A
[A
[A
[A
[A
[A
[A
[A
[A
[A
[A
[A
[A
[A
[A
[A
[A
[A
[A
[A
[A
[A
[A
[A
[A
[A
[A
[A
[A
[A
[A
[A
[A
[A
[A
[A
[A
[A
[A
[A
[A
[A
[A
[A
[A
[A
[A
[A
[A
[A
[A
[A
[A
[A
[A
[A
[A
[A
[A
[A
[A
[A
[A
[A
[A
[A
[A
[A
[A
[A
[A
[A
[A
[A
[A
[A
[A
[A
[A
[A
[A
[A
[A
[A
[A
[A
[A
[A
[A
[A
[A
[A
[A
[A
[A
[A
[A
[A
[A
[A
[A
[A
[A
[A
[A
[A
[A
[A
[A
[A
[A
[A
[A
[A
[A
[A
[A
[A
[A
[A
[A
[A
[A
[A
[A
[A
[A
[A
[A
[A
[A
[A
[A
[A
[A
[A
[A
[A
[A
[A
[A
[A
[A
[A
[A
[A
[A
[A
[A
[A
[A
[A
[A
[A
[A
[A
[A
[A
[A
[A
[A
[A
[A
[A
[A
[A
[A
[A
[A
[A
[A
[A
[A
[A
[A
[A
[A
[A
[A
[A
[A
[A
[A
[A
[A
[A
[A
[A
[A
[A
[A
[A
[A
[A
[A
[A
[A
[A
[A
[A
[A
[A
[A
[A
[A
[A
[A
[A
[A
[A
[A
[A
[A
[A
[A
[A
[A
[A
[A
[A
[A
[A
[A
[A
[A
[A
[A
[A
[A
[A
[A
[A
[A
[A
[A
[A
[A
[A
[A
[A
[A
[A
[A
[A
[A
[A
[A
[A
[A
[A
[A
[A
[A
[A
[A
[A
[A
[A
[A
[A
[A
[A
[A
[A
[A
[A
[A
[A
[A
[A
[A
[A
[A
[A
[A
[A
[A
[A
[A
[A
[A
[A
[A
[A
[A
[A
[A
[A
[A
[A
[A
[A
[A
[A
[A
[A
[A
[A
[A
[A
[A
[A
[A
[A
[A
[A
[A
[A
[A
[A
[A
[A
[A
[A
[A
[A
[A
[A
[A
[A
[A
[A
[A
[A
[A
[A
[A
[A
[A
[A
[A
[A
[A
[A
[A
[A
[A
[A
[A
[A
[A
[A
[A
[A
[A
[A
[A
[A
[A
[A
[A
[A
[A
[A
[A
[A
[A
[A
[A
[A
[A
[A
[A
[A
[A
[A
[A
[A
[A
[A
[A
[A
[A
[A
[A
[A
[A
[A
[A
[A
[A
[A
[A
[A
[A
[A
[A
[A
[A
[A
[A
[A
[A
[A
[A
[A
[A
[A
[A
[A
[A
[A
[A
[A
[A
[A
[A
[A
[A
[A
[A
[A
[A
[A
[A
[A
[A
[A
[A
[A
[A
[A
[A
[A
[A
[A
[A
[A
[A
[A
[A
[A
[A
[A
[A
[A
[A
[A
[A
[A
[A
[A
[A
[A
[A
[A
[A
[A
[A
[A
[A
[A
[A
[A
[A
[A
[A
[A
[A
[A
[A
[A
[A
[A
[A
[A
[A
[A
[A
[A
[A
[A
[A
[A
[A
[A

[A
[A
[A
[A
[A
[A
[A
[A
[A
[A
[A
[A
[A
[A
[A
[A
[A
[A
[A
[A
[A
[A
[A
[A
[A
[A
[A
[A
[A
[A
[A
[A
[A
[A
[A
[A
[A
[A
[A
[A
[A
[A
[A
[A
[A
[A
[A
[A
[A
[A
[A
[A
[A
[A
[A
[A
[A
[A
[A
[A
[A
[A
[A
[A
[A
[A
[A
[A
[A
[A
[A
[A
[A
[A
[A
[A
[A
[A
[A
[A
[A
[A
[A
[A
[A
[A
[A
[A
[A
[A
[A
[A
[A
[A
[A
[A
[A
[A
[A
[A
[A
[A
[A
[A
[A
[A
[A
[A
[A
[A
[A
[A
[A
[A
[A
[A
[A
[A
[A
[A
[A
[A
[A
[A
[A
[A
[A
[A
[A
[A
[A
[A
[A
[A
[A
[A
[A
[A
[A
[A
[A
[A
[A
[A
[A
[A
[A
[A
[A
[A
[A
[A
[A
[A
[A
[A
[A
[A
[A
[A
[A
[A
[A
[A
[A
[A
[A
[A
[A
[A
[A
[A
[A
[A
[A
[A
[A
[A
[A
[A
[A
[A
[A
[A
[A
[A
[A
[A
[A
[A
[A
[A
[A
[A
[A
[A
[A
[A
[A
[A
[A
[A
[A
[A
[A
[A
[A
[A
[A
[A
[A
[A
[A
[A
[A
[A
[A
[A
[A
[A
[A
[A
[A
[A
[A
[A
[A
[A
[A
[A
[A
[A
[A
[A
[A
[A
[A
[A
[A
[A
[A
[A
[A
[A
[A
[A
[A
[A
[A
[A
[A
[A
[A
[A
[A
[A
[A
[A
[A
[A
[A
[A
[A
[A
[A
[A
[A
[A
[A
[A
[A
[A
[A
[A
[A
[A
[A
[A
[A
[A
[A
[A
[A
[A
[A
[A
[A
[A
[A
[A
[A
[A
[A
[A
[A
[A
[A
[A
[A
[A
[A
[A
[A
[A
[A
[A
[A
[A
[A
[A
[A
[A
[A
[A
[A
[A
[A
[A
[A
[A
[A
[A
[A
[A
[A
[A
[A
[A
[A
[A
[A
[A
[A
[A
[A
[A
[A
[A
[A
[A
[A
[A
[A
[A
[A
[A
[A
[A
[A
[A
[A
[A
[A
[A
[A
[A
[A
[A
[A
[A
[A
[A
[A
[A
[A
[A
[A
[A
[A
[A
[A
[A
[A
[A
[A
[A
[A
[A
[A
[A
[A
[A
[A
[A
[A
[A
[A
[A
[A
[A
[A
[A
[A
[A
[A
[A
[A
[A
[A
[A
[A
[A
[A
[A
[A
[A
[A
[A
[A
[A
[A
[A
[A
[A
[A
[A
[A
[A
[A
[A
[A
[A
[A
[A
[A
[A
[A
[A
[A
[A
[A
[A
[A
[A
[A
[A
[A
[A
[A
[A
[A
[A
[A
[A
[A
[A
[A
[A
[A
[A
[A
[A
[A
[A
[A
[A
[A
[A
[A
[A
[A
[A
[A
[A
[A
[A
[A
[A
[A
[A
[A
[A
[A
[A
[A
[A
[A
[A
[A
[A
[A
[A
[A
[A
[A
[A
[A
[A
[A
[A
[A
[A
[A
[A
[A
[A
[A
[A
[A
[A
[A
[A
[A
[A
[A
[A
[A
[A
[A
[A
[A
[A
[A
[A
[A
[A
[A
[A
[A
[A
[A
[A
[A
[A
[A
[A
[A
[A
[A
[A
[A
[A
[A
[A
[A
[A
[A
[A
[A

[A
[A
[A
[A
[A
[A
[A
[A
[A
[A
[A
[A
[A
[A
[A
[A
[A
[A
[A
[A
[A
[A
[A
[A
[A
[A
[A
[A
[A
[A
[A
[A
[A
[A
[A
[A
[A
[A
[A
[A
[A
[A
[A
[A
[A
[A
[A
[A
[A
[A
[A
[A
[A
[A
[A
[A
[A
[A
[A
[A
[A
[A
[A
[A
[A
[A
[A
[A
[A
[A
[A
[A
[A
[A
[A
[A
[A
[A
[A
[A
[A
[A
[A
[A
[A
[A
[A
[A
[A
[A
[A
[A
[A
[A
[A
[A
[A
[A
[A
[A
[A
[A
[A
[A
[A
[A
[A
[A
[A
[A
[A
[A
[A
[A
[A
[A
[A
[A
[A
[A
[A
[A
[A
[A
[A
[A
[A
[A
[A
[A
[A
[A
[A
[A
[A
[A
[A
[A
[A
[A
[A
[A
[A
[A
[A
[A
[A
[A
[A
[A
[A
[A
[A
[A
[A
[A
[A
[A
[A
[A
[A
[A
[A
[A
[A
[A
[A
[A
[A
[A
[A
[A
[A
[A
[A
[A
[A
[A
[A
[A
[A
[A
[A
[A
[A
[A
[A
[A
[A
[A
[A
[A
[A
[A
[A
[A
[A
[A
[A
[A
[A
[A
[A
[A
[A
[A
[A
[A
[A
[A
[A
[A
[A
[A
[A
[A
[A
[A
[A
[A
[A
[A
[A
[A
[A
[A
[A
[A
[A
[A
[A
[A
[A
[A
[A
[A
[A
[A
[A
[A
[A
[A
[A
[A
[A
[A
[A
[A
[A
[A
[A
[A
[A
[A
[A
[A
[A
[A
[A
[A
[A
[A
[A
[A
[A
[A
[A
[A
[A
[A
[A
[A
[A
[A
[A
[A
[A
[A
[A
[A
[A
[A
[A
[A
[A
[A
[A
[A
[A
[A
[A
[A
[A
[A
[A
[A
[A
[A
[A
[A
[A
[A
[A
[A
[A
[A
[A
[A
[A
[A
[A
[A
[A
[A
[A
[A
[A
[A
[A
[A
[A
[A
[A
[A
[A
[A
[A
[A
[A
[A
[A
[A
[A
[A
[A
[A
[A
[A
[A
[A
[A
[A
[A
[A
[A
[A
[A
[A
[A
[A
[A
[A
[A
[A
[A
[A
[A
[A
[A
[A
[A
[A
[A
[A
[A
[A
[A
[A
[A
[A
[A
[A
[A
[A
[A
[A
[A
[A
[A
[A
[A
[A
[A
[A
[A
[A
[A
[A
[A
[A
[A
[A
[A
[A
[A
[A
[A
[A
[A
[A
[A
[A
[A
[A
[A
[A
[A
[A
[A
[A
[A
[A
[A
[A
[A
[A
[A
[A
[A
[A
[A
[A
[A
[A
[A
[A
[A
[A
[A
[A
[A
[A
[A
[A
[A
[A
[A
[A
[A
[A
[A
[A
[A
[A
[A
[A
[A
[A
[A
[A
[A
[A
[A
[A
[A
[A
[A
[A
[A
[A
[A
[A
[A
[A
[A
[A
[A
[A
[A
[A
[A
[A
[A
[A
[A
[A
[A
[A
[A
[A
[A
[A
[A
[A
[A
[A
[A
[A
[A
[A
[A
[A
[A
[A

[A
[A
[A
[A
[A
[A
[A
[A
[A
[A
[A
[A
[A
[A
[A
[A
[A
[A
[A
[A
[A
[A
[A
[A
[A
[A
[A
[A
[A
[A
[A
[A
[A
[A
[A
[A
[A
[A
[A
[A
[A
[A
[A
[A
[A
[A
[A
[A
[A
[A
[A
[A
[A
[A
[A
[A
[A
[A
[A
[A
[A
[A
[A
[A
[A
[A
[A
[A
[A
[A
[A
[A
[A
[A
[A
[A
[A
[A
[A
[A
[A
[A
[A
[A
[A
[A
[A
[A
[A
[A
[A
[A
[A
[A
[A
[A
[A
[A
[A
[A
[A
[A
[A
[A
[A
[A
[A
[A
[A
[A
[A
[A
[A
[A
[A
[A
[A
[A
[A
[A
[A
[A
[A
[A
[A
[A
[A
[A
[A
[A
[A
[A
[A
[A
[A
[A
[A
[A
[A
[A
[A
[A
[A
[A
[A
[A
[A
[A
[A
[A
[A
[A
[A
[A
[A
[A
[A
[A
[A
[A
[A
[A
[A
[A
[A
[A
[A
[A
[A
[A
[A
[A
[A
[A
[A
[A
[A
[A
[A
[A
[A
[A
[A
[A
[A
[A
[A
[A
[A
[A
[A
[A
[A
[A
[A
[A
[A
[A
[A
[A
[A
[A
[A
[A
[A
[A
[A
[A
[A
[A
[A
[A
[A
[A
[A
[A
[A
[A
[A
[A
[A
[A
[A
[A
[A
[A
[A
[A
[A
[A
[A
[A
[A
[A
[A
[A
[A
[A
[A
[A
[A
[A
[A
[A
[A
[A
[A
[A
[A
[A
[A
[A
[A
[A
[A
[A
[A
[A
[A
[A
[A
[A
[A
[A
[A
[A
[A
[A
[A
[A
[A
[A
[A
[A
[A
[A
[A
[A
[A
[A
[A
[A
[A
[A
[A
[A
[A
[A
[A
[A
[A
[A
[A
[A
[A
[A
[A
[A
[A
[A
[A
[A
[A
[A
[A
[A
[A
[A
[A
[A
[A
[A
[A
[A
[A
[A
[A
[A
[A
[A
[A
[A
[A
[A
[A
[A
[A
[A
[A
[A
[A
[A
[A
[A
[A
[A
[A
[A
[A
[A
[A
[A
[A
[A
[A
[A
[A
[A
[A
[A
[A
[A
[A
[A
[A
[A
[A
[A
[A
[A
[A
[A
[A
[A
[A
[A
[A
[A
[A
[A
[A
[A
[A
[A
[A
[A
[A
[A
[A
[A
[A
[A
[A
[A
[A
[A
[A
[A
[A
[A
[A
[A
[A
[A
[A
[A
[A
[A
[A
[A
[A
[A
[A
[A
[A
[A
[A
[A
[A
[A
[A
[A
[A
[A
[A
[A
[A
[A
[A
[A
[A
[A
[A
[A
[A
[A
[A
[A
[A
[A
[A
[A
[A
[A
[A
[A
[A
[A
[A
[A
[A
[A
[A
[A
[A
[A
[A
[A
[A
[A
[A
[A
[A
[A
[A
[A
[A
[A
[A
[A
[A
[A
[A
[A
[A
[A
[A
[A
[A
[A
[A
[A
[A
[A
[A
[A
[A
[A
[A
[A
[A
[A
[A
[A
[A
[A
[A
[A
[A
[A
[A
[A
[A
[A
[A
[A
[A
[A
[A
[A
[A
[A
[A
[A
[A
[A
[A
[A
[A
[A
[A
[A
[A
[A
[A
[A
[A
[A
[A
[A
[A
[A
[A
[A
[A
[A
[A
[A
[A
[A
[A
[A
[A
[A
[A
[A
[A
[A
[A
[A
[A
[A
[A
[A
[A
[A
[A
[A
[A
[A
[A
[A
[A
[A
[A
[A
[A
[A
[A
[A
[A
[A
[A
[A
[A
[A
[A
[A
[A
[A
[A
[A
[A
[A
[A
[A
[A
[A
[A
[A
[A
[A
[A
[A
[A
[A
[A
[A
[A
[A
[A
[A
[A
[A
[A
[A
[A
[A
[A
[A
[A
[A
[A
[A
[A
[A
[A
[A
[A
[A
[A
[A
[A
[A
[A
[A
[A
[A
[A
[A
[A
[A
[A
[A
[A
[A
[A
[A
[A
[A
[A
[A
[A
[A
[A
[A
[A
[A
[A
[A
[A
[A
[A
[A
[A
[A
[A
[A

Total raw segments (sign + background): 2293

[!] TEST MODE ENABLED: Limiting to 2 recordings per user.
[!] TEST MODE: Limiting training to 2 epoch(s).
Available users: ['user1', 'user2', 'user3', 'user5']

======================================================================
RESOLVED PER-USER FOLD CONFIGURATIONS
======================================================================

  [user1]
    epochs=2, lr=0.0003, augment=True
    aug: rot_p=0.5, rot_r=±8.0, scale_p=0.5, scale=[0.95,1.05], noise_p=0.5, noise_std=2.0, drop_p=0.2, drop_r=0.1
======================================================================

