[ignoring loop detection]
==================================================
COMMENT: running on singe folds on fixed model
==================================================
RUN START TIME (UTC): 20260705T123916Z
Log filepath        : trained_models/logs/run_single_user3_20260705T123916Z.log
==================================================
COMMAND LINE ARGUMENTS:
  --louo      : False
  --test_mode : False
  --test_user : user3
  --epochs    : 10
  --lr        : 0.0003
  --save_dir  : trained_models
  --dataset_root: /kaggle/input/datasets/shoabahamed/sign-language-thesis/dataset/dataset
  --glosses_per_batch: 12
  --samples_per_gloss: 12
  --comment   : running on all folds on fixed model
  --from_checkpoint: False
  --focal_loss: False
  --focal_gamma: 2.0
  --exclude_train_seq: 
  --augment   : True
  --rotation_prob: 0.5
  --rotation_range: 8.0
  --scaling_prob: 0.5
  --scaling_min: 0.95
  --scaling_max: 1.05
  --noise_prob: 0.5
  --noise_std : 2.0
  --dropout_prob: 0.35
  --dropout_rate: 0.25
  --user1_epochs: None
  --user1_lr  : None
  --user1_glosses_per_batch: None
  --user1_samples_per_gloss: None
  --user1_focal_loss: None
  --user1_focal_gamma: None
  --user1_exclude_train_seq: None
  --user1_augment: None
  --user1_rotation_prob: None
  --user1_rotation_range: None
  --user1_scaling_prob: None
  --user1_scaling_min: None
  --user1_scaling_max: None
  --user1_noise_prob: None
  --user1_noise_std: None
  --user1_dropout_prob: None
  --user1_dropout_rate: None
  --user2_epochs: None
  --user2_lr  : None
  --user2_glosses_per_batch: None
  --user2_samples_per_gloss: None
  --user2_focal_loss: None
  --user2_focal_gamma: None
  --user2_exclude_train_seq: None
  --user2_augment: None
  --user2_rotation_prob: None
  --user2_rotation_range: None
  --user2_scaling_prob: None
  --user2_scaling_min: None
  --user2_scaling_max: None
  --user2_noise_prob: None
  --user2_noise_std: None
  --user2_dropout_prob: None
  --user2_dropout_rate: None
  --user3_epochs: None
  --user3_lr  : None
  --user3_glosses_per_batch: None
  --user3_samples_per_gloss: None
  --user3_focal_loss: None
  --user3_focal_gamma: None
  --user3_exclude_train_seq: None
  --user3_augment: None
  --user3_rotation_prob: None
  --user3_rotation_range: None
  --user3_scaling_prob: None
  --user3_scaling_min: None
  --user3_scaling_max: None
  --user3_noise_prob: None
  --user3_noise_std: None
  --user3_dropout_prob: None
  --user3_dropout_rate: 0.15
  --user5_epochs: None
  --user5_lr  : None
  --user5_glosses_per_batch: None
  --user5_samples_per_gloss: None
  --user5_focal_loss: None
  --user5_focal_gamma: None
  --user5_exclude_train_seq: None
  --user5_augment: None
  --user5_rotation_prob: None
  --user5_rotation_range: None
  --user5_scaling_prob: None
  --user5_scaling_min: None
  --user5_scaling_max: None
  --user5_noise_prob: None
  --user5_noise_std: None
  --user5_dropout_prob: None
  --user5_dropout_rate: None
==================================================
CENTRAL HYPERPARAMETERS:
  Device            : cuda
  Dataset root      : /kaggle/input/datasets/shoabahamed/sign-language-thesis/dataset/dataset
  Glosses/batch     : 12
  Samples/gloss     : 12
  Seed              : 42
  Dev-Val Ratio     : 0.12
  Batch size        : 4
  Test mode         : False
  Model name        : thct_net
  Normalization     : palm_ref
  Learning rate     : 0.0003
  Epochs            : 10
  From checkpoint   : False
  D_MODEL           : 128
  NUM_HEADS         : 4
  NUM_TRANS_LAYERS  : 4
  BASE_CH           : 64
  Dropout           : 0.1
  Decoder bag size  : 5
  Decoder threshold : 0.35
  Loss function     : CrossEntropyLoss
  Augmentation      : True
    Rotation prob   : 0.5 (range: ±8.0 deg)
    Scaling prob    : 0.5 (range: [0.95, 1.05])
    Noise prob      : 0.5 (std: 2.0 mm)
    Dropout prob    : 0.35 (rate: 0.25)
  Per-user overrides: see RESOLVED PER-USER FOLD CONFIGURATIONS below
==================================================

Using device: cuda
Dataset root: /kaggle/input/datasets/shoabahamed/sign-language-thesis/dataset/dataset
Matched recordings per user:
  user1: 76 recordings
  user2: 73 recordings
  user3: 55 recordings
  user5: 72 recordings

Total raw segments (sign + background): 2293
Available users: ['user1', 'user2', 'user3', 'user5']

======================================================================
RESOLVED PER-USER FOLD CONFIGURATIONS
======================================================================

  [user3]
    epochs=10, lr=0.0003, augment=True
    aug: rot_p=0.5, rot_r=±8.0, scale_p=0.5, scale=[0.95,1.05], noise_p=0.5, noise_std=2.0, drop_p=0.35, drop_r=0.15
======================================================================


──────────────────────────────────────────────────────────────────────
FOLD CONFIG: test_user=user3
──────────────────────────────────────────────────────────────────────
  Epochs            : 10
  Learning rate     : 0.0003
  Glosses/batch     : 12
  Samples/gloss     : 12
  Loss function     : CrossEntropyLoss
  Augmentation      : True
    Rotation prob   : 0.5 (range: ±8.0 deg)
    Scaling prob    : 0.5 (range: [0.95, 1.05])
    Noise prob      : 0.5 (std: 2.0 mm)
    Dropout prob    : 0.35 (rate: 0.15)
──────────────────────────────────────────────────────────────────────

======================================================================
FOLD: test_user=user3, dev_users=['user1', 'user2', 'user5']
======================================================================

============================================================
SPLIT: test_user=user3, dev_users=['user1', 'user2', 'user5']
============================================================
Dev removed by filter   : {'missing_data': 1, 'low_confidence': 1, 'too_short': 4}
Test removed by filter  : {'too_short': 1}
Train segments (filtered): 1557
Val segments (filtered)  : 273
Test segments (filtered) : 457
Label mapping (string -> ID):
  np.str_('AUGUST') -> 0
  np.str_('BIG') -> 1
  np.str_('BIRD') -> 2
  np.str_('BOAT') -> 3
  np.str_('COME') -> 4
  np.str_('DRIVER') -> 5
  np.str_('FARMING') -> 6
  np.str_('FEBRUARY') -> 7
  np.str_('GO') -> 8
  np.str_('GREETINGS') -> 9
  np.str_('OUR') -> 10
  np.str_('READ') -> 11
  np.str_('SMALL') -> 12
  np.str_('TIGER') -> 13
  np.str_('TRAIN') -> 14
  np.str_('UGLY') -> 15
  np.str_('VAN') -> 16
  np.str_('WHAT') -> 17
  np.str_('WHICH') -> 18
  np.str_('WRITE') -> 19
  np.str_('background') -> 20

Total classes: 21
Background class ID: 20
WER catalog sizes -> train: 188, val: 33, test: 55
Train windows: 92028 | Val windows: 16205 | Test windows: 28025
Train batches: 640 | Val batches: 4052 | Test batches: 7007
Loss function: CrossEntropyLoss
Model: thct_net | Trainable params: 1,185,727
[thct_net] using normalization: palm_ref
Stabilization: grad_clip=True (norm=1.0), scheduler=True, early_stopping_patience=15
Model selection criterion: validation macro-F1
  -> [thct_net] new best in memory (val_f1=0.9638, val_acc=0.9850)
thct_net | Epoch 01 | Loss: 0.4066 | Train Acc: 0.9141 | Train F1: 0.9144 | Val Acc: 0.9850 | Val F1: 0.9638
  -> [thct_net] new best in memory (val_f1=0.9791, val_acc=0.9913)
thct_net | Epoch 02 | Loss: 0.0218 | Train Acc: 0.9942 | Train F1: 0.9942 | Val Acc: 0.9913 | Val F1: 0.9791
  -> [thct_net] new best in memory (val_f1=0.9883, val_acc=0.9944)
thct_net | Epoch 03 | Loss: 0.0115 | Train Acc: 0.9967 | Train F1: 0.9967 | Val Acc: 0.9944 | Val F1: 0.9883
thct_net | Epoch 04 | Loss: 0.0108 | Train Acc: 0.9971 | Train F1: 0.9971 | Val Acc: 0.9930 | Val F1: 0.9851
thct_net | Epoch 05 | Loss: 0.0073 | Train Acc: 0.9979 | Train F1: 0.9979 | Val Acc: 0.9939 | Val F1: 0.9848
thct_net | Epoch 06 | Loss: 0.0060 | Train Acc: 0.9983 | Train F1: 0.9983 | Val Acc: 0.9931 | Val F1: 0.9845
thct_net | Epoch 07 | Loss: 0.0068 | Train Acc: 0.9980 | Train F1: 0.9980 | Val Acc: 0.9938 | Val F1: 0.9864
  -> [thct_net] new best in memory (val_f1=0.9883, val_acc=0.9951)
thct_net | Epoch 08 | Loss: 0.0053 | Train Acc: 0.9984 | Train F1: 0.9984 | Val Acc: 0.9951 | Val F1: 0.9883
thct_net | Epoch 09 | Loss: 0.0049 | Train Acc: 0.9986 | Train F1: 0.9986 | Val Acc: 0.9952 | Val F1: 0.9882
  -> [thct_net] new best in memory (val_f1=0.9888, val_acc=0.9944)
thct_net | Epoch 10 | Loss: 0.0021 | Train Acc: 0.9993 | Train F1: 0.9993 | Val Acc: 0.9944 | Val F1: 0.9888

thct_net per-epoch summary:
      model normalization  epoch  train_loss  train_batch_acc  train_f1   val_acc    val_f1
0  thct_net      palm_ref      1    0.406585         0.914117  0.914431  0.985005  0.963789
1  thct_net      palm_ref      2    0.021756         0.994217  0.994179  0.991299  0.979092
2  thct_net      palm_ref      3    0.011477         0.996723  0.996703  0.994384  0.988273
3  thct_net      palm_ref      4    0.010755         0.997092  0.997077  0.992965  0.985142
4  thct_net      palm_ref      5    0.007332         0.997928  0.997917  0.993891  0.984831
5  thct_net      palm_ref      6    0.006013         0.998340  0.998323  0.993089  0.984453
6  thct_net      palm_ref      7    0.006815         0.998025  0.998000  0.993767  0.986366
7  thct_net      palm_ref      8    0.005271         0.998416  0.998407  0.995063  0.988303
8  thct_net      palm_ref      9    0.004900         0.998622  0.998624  0.995187  0.988198
9  thct_net      palm_ref     10    0.002100         0.999327  0.999322  0.994446  0.988789
[thct_net] best model restored from memory.

========== TRAIN WINDOW-LEVEL REPORT ==========
Accuracy: 0.9994
              precision    recall  f1-score   support

      AUGUST       1.00      1.00      1.00      4080
         BIG       1.00      1.00      1.00      4572
        BIRD       1.00      1.00      1.00      4428
        BOAT       1.00      1.00      1.00      4812
        COME       1.00      1.00      1.00      4356
      DRIVER       1.00      1.00      1.00      4632
     FARMING       1.00      1.00      1.00      4044
    FEBRUARY       1.00      1.00      1.00      4428
          GO       1.00      1.00      1.00      4524
   GREETINGS       1.00      1.00      1.00      4164
         OUR       1.00      1.00      1.00      4764
        READ       1.00      1.00      1.00      4452
       SMALL       1.00      1.00      1.00      4272
       TIGER       1.00      1.00      1.00      4476
       TRAIN       1.00      1.00      1.00      4428
        UGLY       1.00      1.00      1.00      4260
         VAN       1.00      1.00      1.00      4404
        WHAT       1.00      1.00      1.00      4344
       WHICH       1.00      1.00      1.00      4320
       WRITE       1.00      1.00      1.00      4116
  background       1.00      0.99      1.00      4284

    accuracy                           1.00     92160
   macro avg       1.00      1.00      1.00     92160
weighted avg       1.00      1.00      1.00     92160


========== VAL WINDOW-LEVEL REPORT ==========
Accuracy: 0.9944
              precision    recall  f1-score   support

      AUGUST       0.99      1.00      0.99       485
         BIG       1.00      1.00      1.00       167
        BIRD       0.99      1.00      0.99       303
        BOAT       0.96      1.00      0.98       228
        COME       0.99      1.00      1.00       227
      DRIVER       1.00      1.00      1.00       587
     FARMING       1.00      1.00      1.00       227
    FEBRUARY       1.00      0.98      0.99       433
          GO       0.97      0.99      0.98       171
   GREETINGS       1.00      1.00      1.00       432
         OUR       0.90      1.00      0.95       160
        READ       1.00      1.00      1.00       505
       SMALL       1.00      1.00      1.00       274
       TIGER       0.87      1.00      0.93       213
       TRAIN       0.99      1.00      0.99       287
        UGLY       0.96      0.97      0.97       253
         VAN       1.00      1.00      1.00       191
        WHAT       1.00      1.00      1.00        18
       WHICH       0.99      1.00      1.00       390
       WRITE       1.00      1.00      1.00       284
  background       1.00      0.99      1.00     10370

    accuracy                           0.99     16205
   macro avg       0.98      1.00      0.99     16205
weighted avg       0.99      0.99      0.99     16205

Confusion matrix saved to: trained_models/plots/confusion_matrices/user3/val_confusion_normalized.png
Misclassification matrix saved to: trained_models/plots/confusion_matrices/user3/val_confusion_misclassifications.png

========== TEST WINDOW-LEVEL REPORT ==========
Accuracy: 0.9889
              precision    recall  f1-score   support

      AUGUST       1.00      1.00      1.00       845
         BIG       0.98      1.00      0.99       371
        BIRD       1.00      1.00      1.00       555
        BOAT       0.98      0.87      0.93       490
        COME       0.98      1.00      0.99       331
      DRIVER       1.00      1.00      1.00      1005
     FARMING       1.00      0.97      0.98       634
    FEBRUARY       0.94      1.00      0.97       746
          GO       0.96      1.00      0.98        91
   GREETINGS       1.00      1.00      1.00       597
         OUR       0.91      0.94      0.92       281
        READ       0.94      0.99      0.96       756
       SMALL       1.00      0.99      0.99       575
       TIGER       0.86      1.00      0.93       332
       TRAIN       0.96      1.00      0.98       446
        UGLY       0.92      0.89      0.90       451
         VAN       1.00      1.00      1.00       500
        WHAT       1.00      0.66      0.79        73
       WHICH       0.98      1.00      0.99       523
       WRITE       0.99      1.00      1.00       798
  background       1.00      0.99      1.00     17625

    accuracy                           0.99     28025
   macro avg       0.97      0.97      0.97     28025
weighted avg       0.99      0.99      0.99     28025

Confusion matrix saved to: trained_models/plots/confusion_matrices/user3/test_confusion_normalized.png
Misclassification matrix saved to: trained_models/plots/confusion_matrices/user3/test_confusion_misclassifications.png

========== WINDOW ACCURACY SUMMARY ==========
split  frame_accuracy
Train        0.999447
  Val        0.994446
 Test        0.988867

========== TEST (USER3) WER SUMMARY ==========
Normalization  : palm_ref
Stream mode    : thct_net_batch
Bag size       : 5  (167ms)
Aggregation    : mean
Conf threshold : 0.35
Min sign frames: 15  (500ms)
Total sequences evaluated: 55
Mean WER:   0.0500
Median WER: 0.0000
Std WER:    0.1174

Showing 5 example sequence(s):
  [1] user3 | P3_S9_R5
    Frames       : 750 | Missing ratio: 0.000
    Stream steps : 721 | Emitted: 4
    GT           : ['TIGER', 'WHAT', 'VAN', 'READ']
    Prediction   : ['TIGER', 'OUR', 'VAN', 'READ']
    WER          : 0.2500
    Emit regions : [(62, 120, np.str_('TIGER')), (208, 240, np.str_('OUR')), (336, 410, np.str_('VAN')), (481, 590, np.str_('READ'))]
    GT segments  : [{'label': 'TIGER', 'start_frame': 43, 'end_frame': 97}, {'label': 'WHAT', 'start_frame': 188, 'end_frame': 218}, {'label': 'VAN', 'start_frame': 312, 'end_frame': 384}, {'label': 'READ', 'start_frame': 459, 'end_frame': 574}]
  [2] user3 | P3_S9_R3
    Frames       : 750 | Missing ratio: 0.000
    Stream steps : 721 | Emitted: 4
    GT           : ['TIGER', 'WHAT', 'VAN', 'READ']
    Prediction   : ['TIGER', 'WHAT', 'VAN', 'READ']
    WER          : 0.0000
    Emit regions : [(51, 115, np.str_('TIGER')), (243, 273, np.str_('WHAT')), (379, 469, np.str_('VAN')), (528, 624, np.str_('READ'))]
    GT segments  : [{'label': 'TIGER', 'start_frame': 30, 'end_frame': 97}, {'label': 'WHAT', 'start_frame': 217, 'end_frame': 251}, {'label': 'VAN', 'start_frame': 357, 'end_frame': 436}, {'label': 'READ', 'start_frame': 518, 'end_frame': 608}]
  [3] user3 | P3_S2_R8
    Frames       : 750 | Missing ratio: 0.000
    Stream steps : 721 | Emitted: 4
    GT           : ['FARMING', 'BIG', 'VAN', 'SMALL']
    Prediction   : ['FARMING', 'BIG', 'VAN', 'SMALL']
    WER          : 0.0000
    Emit regions : [(33, 113, np.str_('FARMING')), (188, 246, np.str_('BIG')), (360, 440, np.str_('VAN')), (517, 594, np.str_('SMALL'))]
    GT segments  : [{'label': 'FARMING', 'start_frame': 14, 'end_frame': 92}, {'label': 'BIG', 'start_frame': 183, 'end_frame': 240}, {'label': 'VAN', 'start_frame': 341, 'end_frame': 416}, {'label': 'SMALL', 'start_frame': 500, 'end_frame': 578}]
  [4] user3 | P3_S2_R5
    Frames       : 750 | Missing ratio: 0.000
    Stream steps : 721 | Emitted: 4
    GT           : ['FARMING', 'BIG', 'VAN', 'SMALL']
    Prediction   : ['FARMING', 'BIG', 'VAN', 'SMALL']
    WER          : 0.0000
    Emit regions : [(50, 128, np.str_('FARMING')), (191, 265, np.str_('BIG')), (367, 440, np.str_('VAN')), (491, 569, np.str_('SMALL'))]
    GT segments  : [{'label': 'FARMING', 'start_frame': 41, 'end_frame': 107}, {'label': 'BIG', 'start_frame': 185, 'end_frame': 257}, {'label': 'VAN', 'start_frame': 341, 'end_frame': 414}, {'label': 'SMALL', 'start_frame': 473, 'end_frame': 556}]
  [5] user3 | P3_S4_R4
    Frames       : 750 | Missing ratio: 0.000
    Stream steps : 721 | Emitted: 4
    GT           : ['BOAT', 'TRAIN', 'TIGER']
    Prediction   : ['BOAT', 'TRAIN', 'TIGER', 'TIGER']
    WER          : 0.3333
    Emit regions : [(33, 85, np.str_('BOAT')), (210, 300, np.str_('TRAIN')), (392, 455, np.str_('TIGER')), (475, 492, np.str_('TIGER'))]
    GT segments  : [{'label': 'BOAT', 'start_frame': 0, 'end_frame': 66}, {'label': 'TRAIN', 'start_frame': 199, 'end_frame': 282}, {'label': 'TIGER', 'start_frame': 371, 'end_frame': 433}]
[test_user3_20260705T123916Z] metadata -> trained_models/results/test_user3_20260705t123916z_metadata.parquet
[test_user3_20260705T123916Z] arrays   -> trained_models/results/test_user3_20260705t123916z_arrays.npz
  sequences : 55
  npz keys  : 440

========== DEV VAL WER SUMMARY ==========
Normalization  : palm_ref
Stream mode    : thct_net_batch
Bag size       : 5  (167ms)
Aggregation    : mean
Conf threshold : 0.35
Min sign frames: 15  (500ms)
Total sequences evaluated: 33
Mean WER:   0.0000
Median WER: 0.0000
Std WER:    0.0000

Showing 5 example sequence(s):
  [1] user1 | P1_S2_R5
    Frames       : 750 | Missing ratio: 0.000
    Stream steps : 721 | Emitted: 4
    GT           : ['FARMING', 'BIG', 'VAN', 'SMALL']
    Prediction   : ['FARMING', 'BIG', 'VAN', 'SMALL']
    WER          : 0.0000
    Emit regions : [(43, 154, np.str_('FARMING')), (211, 293, np.str_('BIG')), (379, 484, np.str_('VAN')), (542, 639, np.str_('SMALL'))]
    GT segments  : [{'label': 'FARMING', 'start_frame': 28, 'end_frame': 138}, {'label': 'BIG', 'start_frame': 198, 'end_frame': 277}, {'label': 'VAN', 'start_frame': 369, 'end_frame': 462}, {'label': 'SMALL', 'start_frame': 527, 'end_frame': 616}]
  [2] user1 | P1_S7_R3
    Frames       : 750 | Missing ratio: 0.027
    Stream steps : 721 | Emitted: 3
    GT           : ['COME', 'DRIVER', 'BIRD']
    Prediction   : ['COME', 'DRIVER', 'BIRD']
    WER          : 0.0000
    Emit regions : [(56, 155, np.str_('COME')), (227, 349, np.str_('DRIVER')), (397, 500, np.str_('BIRD'))]
    GT segments  : [{'label': 'COME', 'start_frame': 49, 'end_frame': 132}, {'label': 'DRIVER', 'start_frame': 202, 'end_frame': 332}, {'label': 'BIRD', 'start_frame': 377, 'end_frame': 481}]
  [3] user1 | P1_S8_R4
    Frames       : 750 | Missing ratio: 0.000
    Stream steps : 721 | Emitted: 4
    GT           : ['BIG', 'GREETINGS', 'WHICH', 'FARMING']
    Prediction   : ['BIG', 'GREETINGS', 'WHICH', 'FARMING']
    WER          : 0.0000
    Emit regions : [(71, 137, np.str_('BIG')), (258, 365, np.str_('GREETINGS')), (406, 521, np.str_('WHICH')), (568, 638, np.str_('FARMING'))]
    GT segments  : [{'label': 'BIG', 'start_frame': 56, 'end_frame': 114}, {'label': 'GREETINGS', 'start_frame': 242, 'end_frame': 346}, {'label': 'WHICH', 'start_frame': 393, 'end_frame': 487}, {'label': 'FARMING', 'start_frame': 559, 'end_frame': 624}]
  [4] user1 | P1_S5_R7
    Frames       : 750 | Missing ratio: 0.000
    Stream steps : 721 | Emitted: 4
    GT           : ['BIRD', 'WHAT', 'DRIVER', 'GREETINGS']
    Prediction   : ['BIRD', 'WHAT', 'DRIVER', 'GREETINGS']
    WER          : 0.0000
    Emit regions : [(55, 138, np.str_('BIRD')), (175, 213, np.str_('WHAT')), (283, 400, np.str_('DRIVER')), (467, 562, np.str_('GREETINGS'))]
    GT segments  : [{'label': 'BIRD', 'start_frame': 38, 'end_frame': 116}, {'label': 'WHAT', 'start_frame': 158, 'end_frame': 192}, {'label': 'DRIVER', 'start_frame': 269, 'end_frame': 383}, {'label': 'GREETINGS', 'start_frame': 448, 'end_frame': 548}]
  [5] user1 | P1_S6_R5
    Frames       : 750 | Missing ratio: 0.000
    Stream steps : 721 | Emitted: 3
    GT           : ['WHICH', 'OUR', 'TRAIN']
    Prediction   : ['WHICH', 'OUR', 'TRAIN']
    WER          : 0.0000
    Emit regions : [(42, 143, np.str_('WHICH')), (196, 252, np.str_('OUR')), (312, 399, np.str_('TRAIN'))]
    GT segments  : [{'label': 'WHICH', 'start_frame': 27, 'end_frame': 110}, {'label': 'OUR', 'start_frame': 177, 'end_frame': 237}, {'label': 'TRAIN', 'start_frame': 297, 'end_frame': 374}]
[val_user3_20260705T123916Z] metadata -> trained_models/results/val_user3_20260705t123916z_metadata.parquet
[val_user3_20260705T123916Z] arrays   -> trained_models/results/val_user3_20260705t123916z_arrays.npz
  sequences : 33
  npz keys  : 264

============================================================
STREAMING METRICS EVALUATION (from WER outputs) — Test (user3)
============================================================
Sequences: 55 | Classes: 21
Running: corrected


────────────────────────────────────────────────────────────
CORRECTED METRICS (SHREC'21 protocol) — Test (user3)
────────────────────────────────────────────────────────────
============================================================
GLOBAL RESULTS  (Corrected — SHREC'21 protocol)
============================================================
Class AUGUST:
  Detection Rate : 1.0000  (10/10)
  Misclass Rate  : 0.0000  (0/10)
  False Pos Rate : 0.0000  (0 FP / 10 GT)
  Avg Latency    : 15.60 frames
  Avg Jaccard    : 0.7767
Class BIG:
  Detection Rate : 1.0000  (12/12)
  Misclass Rate  : 0.0000  (0/12)
  False Pos Rate : 0.0000  (0 FP / 12 GT)
  Avg Latency    : 7.50 frames
  Avg Jaccard    : 0.7392
Class BIRD:
  Detection Rate : 1.0000  (10/10)
  Misclass Rate  : 0.0000  (0/10)
  False Pos Rate : 0.0000  (0 FP / 10 GT)
  Avg Latency    : 22.80 frames
  Avg Jaccard    : 0.5549
Class BOAT:
  Detection Rate : 0.7000  (7/10)
  Misclass Rate  : 0.2000  (2/10)
  False Pos Rate : 0.2000  (2 FP / 10 GT)
  Avg Latency    : 20.86 frames
  Avg Jaccard    : 0.3522
Class COME:
  Detection Rate : 1.0000  (10/10)
  Misclass Rate  : 0.0000  (0/10)
  False Pos Rate : 0.0000  (0 FP / 10 GT)
  Avg Latency    : 19.50 frames
  Avg Jaccard    : 0.4997
Class DRIVER:
  Detection Rate : 1.0000  (10/10)
  Misclass Rate  : 0.0000  (0/10)
  False Pos Rate : 0.1000  (1 FP / 10 GT)
  Avg Latency    : 18.20 frames
  Avg Jaccard    : 0.6957
Class FARMING:
  Detection Rate : 1.0000  (12/12)
  Misclass Rate  : 0.0000  (0/12)
  False Pos Rate : 0.0000  (0 FP / 12 GT)
  Avg Latency    : 22.50 frames
  Avg Jaccard    : 0.5895
Class FEBRUARY:
  Detection Rate : 1.0000  (10/10)
  Misclass Rate  : 0.0000  (0/10)
  False Pos Rate : 0.0000  (0 FP / 10 GT)
  Avg Latency    : 19.70 frames
  Avg Jaccard    : 0.6327
Class GO:
  Detection Rate : 1.0000  (10/10)
  Misclass Rate  : 0.0000  (0/10)
  False Pos Rate : 0.0000  (0 FP / 10 GT)
  Avg Latency    : 14.50 frames
  Avg Jaccard    : 0.4383
Class GREETINGS:
  Detection Rate : 1.0000  (11/11)
  Misclass Rate  : 0.0000  (0/11)
  False Pos Rate : 0.0000  (0 FP / 11 GT)
  Avg Latency    : 21.09 frames
  Avg Jaccard    : 0.5853
Class OUR:
  Detection Rate : 1.0000  (8/8)
  Misclass Rate  : 0.0000  (0/8)
  False Pos Rate : 0.3750  (3 FP / 8 GT)
  Avg Latency    : 28.75 frames
  Avg Jaccard    : 0.3984
Class READ:
  Detection Rate : 1.0000  (10/10)
  Misclass Rate  : 0.0000  (0/10)
  False Pos Rate : 0.0000  (0 FP / 10 GT)
  Avg Latency    : 24.80 frames
  Avg Jaccard    : 0.7751
Class SMALL:
  Detection Rate : 1.0000  (11/11)
  Misclass Rate  : 0.0000  (0/11)
  False Pos Rate : 0.0000  (0 FP / 11 GT)
  Avg Latency    : 18.09 frames
  Avg Jaccard    : 0.6629
Class TIGER:
  Detection Rate : 1.0000  (10/10)
  Misclass Rate  : 0.0000  (0/10)
  False Pos Rate : 0.1000  (1 FP / 10 GT)
  Avg Latency    : 17.70 frames
  Avg Jaccard    : 0.4687
Class TRAIN:
  Detection Rate : 1.0000  (8/8)
  Misclass Rate  : 0.0000  (0/8)
  False Pos Rate : 0.1250  (1 FP / 8 GT)
  Avg Latency    : 11.38 frames
  Avg Jaccard    : 0.6383
Class UGLY:
  Detection Rate : 1.0000  (10/10)
  Misclass Rate  : 0.0000  (0/10)
  False Pos Rate : 0.1000  (1 FP / 10 GT)
  Avg Latency    : 19.00 frames
  Avg Jaccard    : 0.5103
Class VAN:
  Detection Rate : 1.0000  (11/11)
  Misclass Rate  : 0.0000  (0/11)
  False Pos Rate : 0.0000  (0 FP / 11 GT)
  Avg Latency    : 26.00 frames
  Avg Jaccard    : 0.5157
Class WHAT:
  Detection Rate : 0.1000  (1/10)
  Misclass Rate  : 0.1000  (1/10)
  False Pos Rate : 0.6000  (6 FP / 10 GT)
  Avg Latency    : 19.00 frames
  Avg Jaccard    : 0.0589
Class WHICH:
  Detection Rate : 1.0000  (9/9)
  Misclass Rate  : 0.0000  (0/9)
  False Pos Rate : 0.0000  (0 FP / 9 GT)
  Avg Latency    : 16.22 frames
  Avg Jaccard    : 0.6572
Class WRITE:
  Detection Rate : 1.0000  (10/10)
  Misclass Rate  : 0.0000  (0/10)
  False Pos Rate : 0.0000  (0 FP / 10 GT)
  Avg Latency    : 27.40 frames
  Avg Jaccard    : 0.6674

--- Macro averages (across all classes) ---
  Detection Rate : 0.9406
  Misclass Rate  : 0.0149
  False Pos Rate : 0.0743
  Jaccard Index  : 0.5609
============================================================
Saved model checkpoint: trained_models/20260705T141955Z_thct_net_val-0.9944_b129742c.pt
Training curves saved to: trained_models/plots/curves_test_user3_20260705T123916Z.png

======================================================================
FINAL SUMMARY ACROSS ALL FOLDS
======================================================================
test_user           dev_users  best_val_acc  best_val_f1  test_mean_wer                                                      saved_path
    user3 user1, user2, user5      0.994446     0.988789           0.05 trained_models/20260705T141955Z_thct_net_val-0.9944_b129742c.pt
