[ignoring loop detection]
==================================================
COMMENT: running on all folds on fixed model
==================================================
RUN START TIME (UTC): 20260703T095056Z
Log filepath        : trained_models/logs/run_LOUO_20260703T095056Z.log
==================================================
COMMAND LINE ARGUMENTS:
  --louo      : True
  --test_mode : False
  --test_user : user3
  --epochs    : 10
  --lr        : 0.0003
  --save_dir  : trained_models
  --dataset_root: /kaggle/input/datasets/shoabahamed/sign-language-thesis/dataset/dataset
  --glosses_per_batch: 12
  --samples_per_gloss: 12
  --comment   : running on all folds on fixed model
  --from_checkpoint: False
  --focal_loss: False
  --focal_gamma: 2.0
  --exclude_train_seq: 
  --augment   : True
  --rotation_prob: 0.5
  --rotation_range: 8.0
  --scaling_prob: 0.5
  --scaling_min: 0.95
  --scaling_max: 1.05
  --noise_prob: 0.5
  --noise_std : 2.0
  --dropout_prob: 0.35
  --dropout_rate: 0.25
==================================================
CENTRAL HYPERPARAMETERS:
  Device            : cuda
  Dataset root      : /kaggle/input/datasets/shoabahamed/sign-language-thesis/dataset/dataset
  Glosses/batch     : 12
  Samples/gloss     : 12
  Seed              : 42
  Dev-Val Ratio     : 0.12
  Batch size        : 4
  Test mode         : False
  Model name        : thct_net
  Normalization     : palm_ref
  Learning rate     : 0.0003
  Epochs            : 10
  From checkpoint   : False
  D_MODEL           : 128
  NUM_HEADS         : 4
  NUM_TRANS_LAYERS  : 4
  BASE_CH           : 64
  Dropout           : 0.1
  Decoder bag size  : 5
  Decoder threshold : 0.35
  Loss function     : CrossEntropyLoss
  Augmentation      : True
    Rotation prob   : 0.5 (range: ±8.0 deg)
    Scaling prob    : 0.5 (range: [0.95, 1.05])
    Noise prob      : 0.5 (std: 2.0 mm)
    Dropout prob    : 0.35 (rate: 0.25)
==================================================

Using device: cuda
Dataset root: /kaggle/input/datasets/shoabahamed/sign-language-thesis/dataset/dataset
Matched recordings per user:
  user1: 76 recordings
  user2: 73 recordings
  user3: 55 recordings
  user5: 72 recordings

Total raw segments (sign + background): 2293
Available users: ['user1', 'user2', 'user3', 'user5']

######################################################################
LEAVE-ONE-OUT USER CROSS-VALIDATION
Users to evaluate: ['user1', 'user2', 'user3', 'user5']
######################################################################

======================================================================
FOLD: test_user=user1, dev_users=['user2', 'user3', 'user5']
======================================================================

============================================================
SPLIT: test_user=user1, dev_users=['user2', 'user3', 'user5']
============================================================
Dev removed by filter   : {'too_short': 5}
Test removed by filter  : {'missing_data': 1, 'low_confidence': 1}
Train segments (filtered): 1382
Val segments (filtered)  : 272
Test segments (filtered) : 633
Label mapping (string -> ID):
  np.str_('AUGUST') -> 0
  np.str_('BIG') -> 1
  np.str_('BIRD') -> 2
  np.str_('BOAT') -> 3
  np.str_('COME') -> 4
  np.str_('DRIVER') -> 5
  np.str_('FARMING') -> 6
  np.str_('FEBRUARY') -> 7
  np.str_('GO') -> 8
  np.str_('GREETINGS') -> 9
  np.str_('OUR') -> 10
  np.str_('READ') -> 11
  np.str_('SMALL') -> 12
  np.str_('TIGER') -> 13
  np.str_('TRAIN') -> 14
  np.str_('UGLY') -> 15
  np.str_('VAN') -> 16
  np.str_('WHAT') -> 17
  np.str_('WHICH') -> 18
  np.str_('WRITE') -> 19
  np.str_('background') -> 20

Total classes: 21
Background class ID: 20
WER catalog sizes -> train: 167, val: 33, test: 76
Train windows: 81451 | Val windows: 16218 | Test windows: 38589
Train batches: 566 | Val batches: 4055 | Test batches: 9648
Loss function: CrossEntropyLoss
Model: thct_net | Trainable params: 1,185,727
[thct_net] using normalization: palm_ref
Stabilization: grad_clip=True (norm=1.0), scheduler=True, early_stopping_patience=15
Model selection criterion: validation macro-F1
  -> [thct_net] new best in memory (val_f1=0.9740, val_acc=0.9891)
thct_net | Epoch 01 | Loss: 0.3927 | Train Acc: 0.9233 | Train F1: 0.9242 | Val Acc: 0.9891 | Val F1: 0.9740
  -> [thct_net] new best in memory (val_f1=0.9783, val_acc=0.9911)
thct_net | Epoch 02 | Loss: 0.0109 | Train Acc: 0.9975 | Train F1: 0.9976 | Val Acc: 0.9911 | Val F1: 0.9783
thct_net | Epoch 03 | Loss: 0.0072 | Train Acc: 0.9980 | Train F1: 0.9980 | Val Acc: 0.9880 | Val F1: 0.9644
  -> [thct_net] new best in memory (val_f1=0.9793, val_acc=0.9910)
thct_net | Epoch 04 | Loss: 0.0053 | Train Acc: 0.9983 | Train F1: 0.9984 | Val Acc: 0.9910 | Val F1: 0.9793
  -> [thct_net] new best in memory (val_f1=0.9865, val_acc=0.9945)
thct_net | Epoch 05 | Loss: 0.0031 | Train Acc: 0.9992 | Train F1: 0.9992 | Val Acc: 0.9945 | Val F1: 0.9865
thct_net | Epoch 06 | Loss: 0.0026 | Train Acc: 0.9993 | Train F1: 0.9993 | Val Acc: 0.9912 | Val F1: 0.9797
thct_net | Epoch 07 | Loss: 0.0036 | Train Acc: 0.9990 | Train F1: 0.9990 | Val Acc: 0.9934 | Val F1: 0.9818
thct_net | Epoch 08 | Loss: 0.0030 | Train Acc: 0.9993 | Train F1: 0.9993 | Val Acc: 0.9942 | Val F1: 0.9842
thct_net | Epoch 09 | Loss: 0.0023 | Train Acc: 0.9994 | Train F1: 0.9994 | Val Acc: 0.9939 | Val F1: 0.9785
  -> [thct_net] new best in memory (val_f1=0.9886, val_acc=0.9957)
thct_net | Epoch 10 | Loss: 0.0017 | Train Acc: 0.9995 | Train F1: 0.9995 | Val Acc: 0.9957 | Val F1: 0.9886

thct_net per-epoch summary:
      model normalization  epoch  train_loss  train_batch_acc  train_f1   val_acc    val_f1
0  thct_net      palm_ref      1    0.392697         0.923317  0.924193  0.989086  0.974020
1  thct_net      palm_ref      2    0.010857         0.997546  0.997551  0.991059  0.978334
2  thct_net      palm_ref      3    0.007155         0.998012  0.998006  0.987976  0.964363
3  thct_net      palm_ref      4    0.005339         0.998344  0.998359  0.990998  0.979348
4  thct_net      palm_ref      5    0.003133         0.999153  0.999156  0.994451  0.986516
5  thct_net      palm_ref      6    0.002602         0.999276  0.999273  0.991244  0.979687
6  thct_net      palm_ref      7    0.003561         0.999031  0.999034  0.993402  0.981844
7  thct_net      palm_ref      8    0.002966         0.999288  0.999289  0.994204  0.984172
8  thct_net      palm_ref      9    0.002264         0.999399  0.999397  0.993896  0.978544
9  thct_net      palm_ref     10    0.001719         0.999534  0.999535  0.995745  0.988597
[thct_net] best model restored from memory.

========== TRAIN WINDOW-LEVEL REPORT ==========
Accuracy: 0.9999
              precision    recall  f1-score   support

      AUGUST       1.00      1.00      1.00      4056
         BIG       1.00      1.00      1.00      3984
        BIRD       1.00      1.00      1.00      4128
        BOAT       1.00      1.00      1.00      3792
        COME       1.00      1.00      1.00      3696
      DRIVER       1.00      1.00      1.00      3624
     FARMING       1.00      1.00      1.00      3948
    FEBRUARY       1.00      1.00      1.00      3864
          GO       1.00      1.00      1.00      3912
   GREETINGS       1.00      1.00      1.00      3804
         OUR       1.00      1.00      1.00      3804
        READ       1.00      1.00      1.00      3900
       SMALL       1.00      1.00      1.00      3840
       TIGER       1.00      1.00      1.00      3672
       TRAIN       1.00      1.00      1.00      3852
        UGLY       1.00      1.00      1.00      3924
         VAN       1.00      1.00      1.00      4248
        WHAT       1.00      1.00      1.00      3912
       WHICH       1.00      1.00      1.00      3840
       WRITE       1.00      1.00      1.00      3756
  background       1.00      1.00      1.00      3948

    accuracy                           1.00     81504
   macro avg       1.00      1.00      1.00     81504
weighted avg       1.00      1.00      1.00     81504


========== VAL WINDOW-LEVEL REPORT ==========
Accuracy: 0.9957
              precision    recall  f1-score   support

      AUGUST       0.99      1.00      1.00       534
         BIG       1.00      1.00      1.00       150
        BIRD       1.00      1.00      1.00       266
        BOAT       1.00      1.00      1.00       229
        COME       1.00      0.98      0.99       179
      DRIVER       0.99      1.00      1.00       548
     FARMING       0.98      0.90      0.94       238
    FEBRUARY       1.00      1.00      1.00       437
          GO       0.90      0.97      0.93       116
   GREETINGS       1.00      1.00      1.00       379
         OUR       0.96      1.00      0.98       151
        READ       1.00      1.00      1.00       409
       SMALL       1.00      1.00      1.00       258
       TIGER       1.00      1.00      1.00       182
       TRAIN       1.00      1.00      1.00       280
        UGLY       1.00      0.97      0.98       243
         VAN       0.93      1.00      0.96       185
        WHAT       1.00      1.00      1.00        15
       WHICH       0.99      0.98      0.99       373
       WRITE       1.00      1.00      1.00       369
  background       1.00      1.00      1.00     10677

    accuracy                           1.00     16218
   macro avg       0.99      0.99      0.99     16218
weighted avg       1.00      1.00      1.00     16218

Confusion matrix saved to: trained_models/plots/confusion_matrices/val_confusion_normalized.png
Misclassification matrix saved to: trained_models/plots/confusion_matrices/val_confusion_misclassifications.png

========== TEST WINDOW-LEVEL REPORT ==========
Accuracy: 0.9393
              precision    recall  f1-score   support

      AUGUST       0.93      0.93      0.93       971
         BIG       0.86      0.91      0.89       655
        BIRD       0.97      0.97      0.97       892
        BOAT       0.96      0.89      0.92       589
        COME       0.92      0.61      0.73       779
      DRIVER       0.99      0.99      0.99      1250
     FARMING       0.98      0.77      0.86      1257
    FEBRUARY       0.85      0.93      0.89       994
          GO       0.97      0.75      0.84       465
   GREETINGS       1.00      0.79      0.88       846
         OUR       0.69      0.93      0.79       591
        READ       1.00      0.85      0.92      1256
       SMALL       0.59      0.99      0.74       815
       TIGER       0.90      1.00      0.95       657
       TRAIN       0.99      0.62      0.77       880
        UGLY       0.75      0.92      0.83       779
         VAN       0.99      0.96      0.97       828
        WHAT       0.79      1.00      0.88        75
       WHICH       0.66      0.71      0.69       884
       WRITE       0.99      1.00      1.00       422
  background       0.98      0.99      0.99     22704

    accuracy                           0.94     38589
   macro avg       0.89      0.88      0.88     38589
weighted avg       0.95      0.94      0.94     38589

Confusion matrix saved to: trained_models/plots/confusion_matrices/test_confusion_normalized.png
Misclassification matrix saved to: trained_models/plots/confusion_matrices/test_confusion_misclassifications.png

========== WINDOW ACCURACY SUMMARY ==========
split  frame_accuracy
Train        0.999902
  Val        0.995745
 Test        0.939309

========== TEST (USER1) WER SUMMARY ==========
Normalization  : palm_ref
Stream mode    : thct_net_batch
Bag size       : 5  (167ms)
Aggregation    : mean
Conf threshold : 0.35
Min sign frames: 15  (500ms)
Total sequences evaluated: 76
Mean WER:   0.1831
Median WER: 0.0000
Std WER:    0.2536

Showing 5 example sequence(s):
  [1] user1 | P1_S7_R5
    Frames       : 750 | Missing ratio: 0.000
    Stream steps : 721 | Emitted: 3
    GT           : ['COME', 'DRIVER', 'BIRD']
    Prediction   : ['COME', 'DRIVER', 'BIRD']
    WER          : 0.0000
    Emit regions : [(58, 129, np.str_('COME')), (200, 338, np.str_('DRIVER')), (415, 511, np.str_('BIRD'))]
    GT segments  : [{'label': 'COME', 'start_frame': 38, 'end_frame': 115}, {'label': 'DRIVER', 'start_frame': 187, 'end_frame': 327}, {'label': 'BIRD', 'start_frame': 393, 'end_frame': 497}]
  [2] user1 | P1_S10_R1
    Frames       : 750 | Missing ratio: 0.000
    Stream steps : 721 | Emitted: 3
    GT           : ['SMALL', 'FEBRUARY', 'BOAT']
    Prediction   : ['SMALL', 'FEBRUARY', 'SMALL']
    WER          : 0.3333
    Emit regions : [(46, 132, np.str_('SMALL')), (194, 292, np.str_('FEBRUARY')), (319, 388, np.str_('SMALL'))]
    GT segments  : [{'label': 'SMALL', 'start_frame': 35, 'end_frame': 122}, {'label': 'FEBRUARY', 'start_frame': 178, 'end_frame': 273}, {'label': 'BOAT', 'start_frame': 309, 'end_frame': 387}]
  [3] user1 | P1_S2_R5
    Frames       : 750 | Missing ratio: 0.000
    Stream steps : 721 | Emitted: 5
    GT           : ['FARMING', 'BIG', 'VAN', 'SMALL']
    Prediction   : ['FARMING', 'BIG', 'VAN', 'SMALL', 'SMALL']
    WER          : 0.2500
    Emit regions : [(43, 152, np.str_('FARMING')), (214, 298, np.str_('BIG')), (379, 478, np.str_('VAN')), (538, 643, np.str_('SMALL')), (681, 700, np.str_('SMALL'))]
    GT segments  : [{'label': 'FARMING', 'start_frame': 28, 'end_frame': 138}, {'label': 'BIG', 'start_frame': 198, 'end_frame': 277}, {'label': 'VAN', 'start_frame': 369, 'end_frame': 462}, {'label': 'SMALL', 'start_frame': 527, 'end_frame': 616}]
  [4] user1 | P1_S3_R1
    Frames       : 750 | Missing ratio: 0.000
    Stream steps : 721 | Emitted: 5
    GT           : ['WRITE', 'FEBRUARY', 'UGLY', 'AUGUST']
    Prediction   : ['WRITE', 'FEBRUARY', 'UGLY', 'UGLY', 'AUGUST']
    WER          : 0.2500
    Emit regions : [(43, 127, np.str_('WRITE')), (229, 373, np.str_('FEBRUARY')), (410, 459, np.str_('UGLY')), (469, 547, np.str_('UGLY')), (616, 746, np.str_('AUGUST'))]
    GT segments  : [{'label': 'WRITE', 'start_frame': 39, 'end_frame': 115}, {'label': 'FEBRUARY', 'start_frame': 213, 'end_frame': 357}, {'label': 'UGLY', 'start_frame': 408, 'end_frame': 531}, {'label': 'AUGUST', 'start_frame': 595, 'end_frame': 735}]
  [5] user1 | P1_S2_R4
    Frames       : 750 | Missing ratio: 0.000
    Stream steps : 721 | Emitted: 4
    GT           : ['FARMING', 'BIG', 'VAN', 'SMALL']
    Prediction   : ['FARMING', 'BIG', 'VAN', 'SMALL']
    WER          : 0.0000
    Emit regions : [(33, 128, np.str_('FARMING')), (201, 315, np.str_('BIG')), (380, 471, np.str_('VAN')), (542, 614, np.str_('SMALL'))]
    GT segments  : [{'label': 'FARMING', 'start_frame': 19, 'end_frame': 134}, {'label': 'BIG', 'start_frame': 197, 'end_frame': 279}, {'label': 'VAN', 'start_frame': 369, 'end_frame': 458}, {'label': 'SMALL', 'start_frame': 523, 'end_frame': 610}]
[test_user1_20260703T095056Z] metadata -> trained_models/results/test_user1_20260703t095056z_metadata.parquet
[test_user1_20260703T095056Z] arrays   -> trained_models/results/test_user1_20260703t095056z_arrays.npz
  sequences : 76
  npz keys  : 608

========== DEV VAL WER SUMMARY ==========
Normalization  : palm_ref
Stream mode    : thct_net_batch
Bag size       : 5  (167ms)
Aggregation    : mean
Conf threshold : 0.35
Min sign frames: 15  (500ms)
Total sequences evaluated: 33
Mean WER:   0.0076
Median WER: 0.0000
Std WER:    0.0429

Showing 5 example sequence(s):
  [1] user2 | P2_S10_R5
    Frames       : 750 | Missing ratio: 0.000
    Stream steps : 721 | Emitted: 3
    GT           : ['SMALL', 'FEBRUARY', 'BOAT']
    Prediction   : ['SMALL', 'FEBRUARY', 'BOAT']
    WER          : 0.0000
    Emit regions : [(74, 137, np.str_('SMALL')), (343, 496, np.str_('FEBRUARY')), (559, 606, np.str_('BOAT'))]
    GT segments  : [{'label': 'SMALL', 'start_frame': 53, 'end_frame': 117}, {'label': 'FEBRUARY', 'start_frame': 331, 'end_frame': 477}, {'label': 'BOAT', 'start_frame': 543, 'end_frame': 589}]
  [2] user2 | P2_S7_R2
    Frames       : 600 | Missing ratio: 0.000
    Stream steps : 571 | Emitted: 3
    GT           : ['COME', 'DRIVER', 'BIRD']
    Prediction   : ['COME', 'DRIVER', 'BIRD']
    WER          : 0.0000
    Emit regions : [(72, 121, np.str_('COME')), (170, 299, np.str_('DRIVER')), (413, 499, np.str_('BIRD'))]
    GT segments  : [{'label': 'COME', 'start_frame': 61, 'end_frame': 99}, {'label': 'DRIVER', 'start_frame': 156, 'end_frame': 281}, {'label': 'BIRD', 'start_frame': 395, 'end_frame': 477}]
  [3] user2 | P2_S6_R4
    Frames       : 750 | Missing ratio: 0.000
    Stream steps : 721 | Emitted: 3
    GT           : ['WHICH', 'OUR', 'TRAIN']
    Prediction   : ['WHICH', 'OUR', 'TRAIN']
    WER          : 0.0000
    Emit regions : [(78, 189, np.str_('WHICH')), (287, 322, np.str_('OUR')), (502, 554, np.str_('TRAIN'))]
    GT segments  : [{'label': 'WHICH', 'start_frame': 65, 'end_frame': 173}, {'label': 'OUR', 'start_frame': 261, 'end_frame': 306}, {'label': 'TRAIN', 'start_frame': 483, 'end_frame': 543}]
  [4] user2 | P2_S2_R5
    Frames       : 750 | Missing ratio: 0.000
    Stream steps : 721 | Emitted: 4
    GT           : ['FARMING', 'BIG', 'VAN', 'SMALL']
    Prediction   : ['FARMING', 'BIG', 'VAN', 'SMALL']
    WER          : 0.0000
    Emit regions : [(75, 140, np.str_('FARMING')), (245, 311, np.str_('BIG')), (433, 482, np.str_('VAN')), (654, 714, np.str_('SMALL'))]
    GT segments  : [{'label': 'FARMING', 'start_frame': 62, 'end_frame': 115}, {'label': 'BIG', 'start_frame': 233, 'end_frame': 285}, {'label': 'VAN', 'start_frame': 420, 'end_frame': 459}, {'label': 'SMALL', 'start_frame': 634, 'end_frame': 694}]
  [5] user2 | P2_S5_R2
    Frames       : 600 | Missing ratio: 0.000
    Stream steps : 571 | Emitted: 4
    GT           : ['BIRD', 'WHAT', 'DRIVER', 'GREETINGS']
    Prediction   : ['BIRD', 'WHAT', 'DRIVER', 'GREETINGS']
    WER          : 0.0000
    Emit regions : [(48, 111, np.str_('BIRD')), (153, 184, np.str_('WHAT')), (234, 356, np.str_('DRIVER')), (388, 438, np.str_('GREETINGS'))]
    GT segments  : [{'label': 'BIRD', 'start_frame': 31, 'end_frame': 101}, {'label': 'WHAT', 'start_frame': 140, 'end_frame': 161}, {'label': 'DRIVER', 'start_frame': 222, 'end_frame': 343}, {'label': 'GREETINGS', 'start_frame': 374, 'end_frame': 426}]
[val_user1_20260703T095056Z] metadata -> trained_models/results/val_user1_20260703t095056z_metadata.parquet
[val_user1_20260703T095056Z] arrays   -> trained_models/results/val_user1_20260703t095056z_arrays.npz
  sequences : 33
  npz keys  : 264

============================================================
STREAMING METRICS EVALUATION (from WER outputs) — Test (user1)
============================================================
Sequences: 76 | Classes: 21
Running: original+corrected


────────────────────────────────────────────────────────────
CORRECTED METRICS (SHREC'21 protocol) — Test (user1)
────────────────────────────────────────────────────────────
============================================================
GLOBAL RESULTS  (Corrected — SHREC'21 protocol)
============================================================
Class AUGUST:
  Detection Rate : 1.0000  (13/13)
  Misclass Rate  : 0.0000  (0/13)
  False Pos Rate : 0.1538  (2 FP / 13 GT)
  Avg Latency    : 23.62 frames
  Avg Jaccard    : 0.6699
Class BIG:
  Detection Rate : 0.8125  (13/16)
  Misclass Rate  : 0.1250  (2/16)
  False Pos Rate : 0.0625  (1 FP / 16 GT)
  Avg Latency    : 29.77 frames
  Avg Jaccard    : 0.3831
Class BIRD:
  Detection Rate : 0.9231  (12/13)
  Misclass Rate  : 0.0000  (0/13)
  False Pos Rate : 0.1538  (2 FP / 13 GT)
  Avg Latency    : 28.08 frames
  Avg Jaccard    : 0.5294
Class BOAT:
  Detection Rate : 0.8462  (11/13)
  Misclass Rate  : 0.1538  (2/13)
  False Pos Rate : 0.3077  (4 FP / 13 GT)
  Avg Latency    : 23.18 frames
  Avg Jaccard    : 0.4758
Class COME:
  Detection Rate : 0.6429  (9/14)
  Misclass Rate  : 0.2857  (4/14)
  False Pos Rate : 0.2143  (3 FP / 14 GT)
  Avg Latency    : 40.44 frames
  Avg Jaccard    : 0.2338
Class DRIVER:
  Detection Rate : 1.0000  (13/13)
  Misclass Rate  : 0.0000  (0/13)
  False Pos Rate : 0.0000  (0 FP / 13 GT)
  Avg Latency    : 25.08 frames
  Avg Jaccard    : 0.7723
Class FARMING:
  Detection Rate : 0.9375  (15/16)
  Misclass Rate  : 0.0625  (1/16)
  False Pos Rate : 0.1250  (2 FP / 16 GT)
  Avg Latency    : 39.80 frames
  Avg Jaccard    : 0.5436
Class FEBRUARY:
  Detection Rate : 1.0000  (13/13)
  Misclass Rate  : 0.0000  (0/13)
  False Pos Rate : 0.0769  (1 FP / 13 GT)
  Avg Latency    : 19.23 frames
  Avg Jaccard    : 0.6858
Class GO:
  Detection Rate : 0.6667  (10/15)
  Misclass Rate  : 0.0000  (0/15)
  False Pos Rate : 0.3333  (5 FP / 15 GT)
  Avg Latency    : 31.10 frames
  Avg Jaccard    : 0.3022
Class GREETINGS:
  Detection Rate : 0.7857  (11/14)
  Misclass Rate  : 0.2143  (3/14)
  False Pos Rate : 0.0000  (0 FP / 14 GT)
  Avg Latency    : 29.27 frames
  Avg Jaccard    : 0.4532
Class OUR:
  Detection Rate : 0.9286  (13/14)
  Misclass Rate  : 0.0000  (0/14)
  False Pos Rate : 0.1429  (2 FP / 14 GT)
  Avg Latency    : 20.08 frames
  Avg Jaccard    : 0.4683
Class READ:
  Detection Rate : 0.9333  (14/15)
  Misclass Rate  : 0.0667  (1/15)
  False Pos Rate : 0.1333  (2 FP / 15 GT)
  Avg Latency    : 27.64 frames
  Avg Jaccard    : 0.6088
Class SMALL:
  Detection Rate : 1.0000  (16/16)
  Misclass Rate  : 0.0000  (0/16)
  False Pos Rate : 0.2500  (4 FP / 16 GT)
  Avg Latency    : 14.50 frames
  Avg Jaccard    : 0.5569
Class TIGER:
  Detection Rate : 1.0000  (13/13)
  Misclass Rate  : 0.0000  (0/13)
  False Pos Rate : 0.0000  (0 FP / 13 GT)
  Avg Latency    : 18.23 frames
  Avg Jaccard    : 0.5481
Class TRAIN:
  Detection Rate : 0.5833  (7/12)
  Misclass Rate  : 0.1667  (2/12)
  False Pos Rate : 0.4167  (5 FP / 12 GT)
  Avg Latency    : 25.86 frames
  Avg Jaccard    : 0.2769
Class UGLY:
  Detection Rate : 1.0000  (13/13)
  Misclass Rate  : 0.0000  (0/13)
  False Pos Rate : 0.1538  (2 FP / 13 GT)
  Avg Latency    : 19.77 frames
  Avg Jaccard    : 0.5588
Class VAN:
  Detection Rate : 1.0000  (16/16)
  Misclass Rate  : 0.0000  (0/16)
  False Pos Rate : 0.0000  (0 FP / 16 GT)
  Avg Latency    : 27.00 frames
  Avg Jaccard    : 0.6969
Class WHAT:
  Detection Rate : 0.5000  (7/14)
  Misclass Rate  : 0.0000  (0/14)
  False Pos Rate : 0.5714  (8 FP / 14 GT)
  Avg Latency    : 15.86 frames
  Avg Jaccard    : 0.1960
Class WHICH:
  Detection Rate : 1.0000  (13/13)
  Misclass Rate  : 0.0000  (0/13)
  False Pos Rate : 0.9231  (12 FP / 13 GT)
  Avg Latency    : 13.62 frames
  Avg Jaccard    : 0.2884
Class WRITE:
  Detection Rate : 1.0000  (13/13)
  Misclass Rate  : 0.0000  (0/13)
  False Pos Rate : 0.0000  (0 FP / 13 GT)
  Avg Latency    : 21.31 frames
  Avg Jaccard    : 0.7004

--- Macro averages (across all classes) ---
  Detection Rate : 0.8781
  Misclass Rate  : 0.0538
  False Pos Rate : 0.1971
  Jaccard Index  : 0.4974
============================================================
Saved model checkpoint: trained_models/20260703T112458Z_thct_net_val-0.9957_530df1cc.pt
Training curves saved to: trained_models/plots/curves_test_user1_20260703T095056Z.png

======================================================================
FOLD: test_user=user2, dev_users=['user1', 'user3', 'user5']
======================================================================

============================================================
SPLIT: test_user=user2, dev_users=['user1', 'user3', 'user5']
============================================================
Dev removed by filter   : {'missing_data': 1, 'low_confidence': 1, 'too_short': 3}
Test removed by filter  : {'too_short': 2}
Train segments (filtered): 1410
Val segments (filtered)  : 272
Test segments (filtered) : 605
Label mapping (string -> ID):
  np.str_('AUGUST') -> 0
  np.str_('BIG') -> 1
  np.str_('BIRD') -> 2
  np.str_('BOAT') -> 3
  np.str_('COME') -> 4
  np.str_('DRIVER') -> 5
  np.str_('FARMING') -> 6
  np.str_('FEBRUARY') -> 7
  np.str_('GO') -> 8
  np.str_('GREETINGS') -> 9
  np.str_('OUR') -> 10
  np.str_('READ') -> 11
  np.str_('SMALL') -> 12
  np.str_('TIGER') -> 13
  np.str_('TRAIN') -> 14
  np.str_('UGLY') -> 15
  np.str_('VAN') -> 16
  np.str_('WHAT') -> 17
  np.str_('WHICH') -> 18
  np.str_('WRITE') -> 19
  np.str_('background') -> 20

Total classes: 21
Background class ID: 20
WER catalog sizes -> train: 170, val: 33, test: 73
Train windows: 87053 | Val windows: 16967 | Test windows: 32238
Train batches: 605 | Val batches: 4242 | Test batches: 8060
Loss function: CrossEntropyLoss
Model: thct_net | Trainable params: 1,185,727
[thct_net] using normalization: palm_ref
Stabilization: grad_clip=True (norm=1.0), scheduler=True, early_stopping_patience=15
Model selection criterion: validation macro-F1
  -> [thct_net] new best in memory (val_f1=0.9660, val_acc=0.9839)
thct_net | Epoch 01 | Loss: 0.4483 | Train Acc: 0.9084 | Train F1: 0.9090 | Val Acc: 0.9839 | Val F1: 0.9660
  -> [thct_net] new best in memory (val_f1=0.9741, val_acc=0.9880)
thct_net | Epoch 02 | Loss: 0.0200 | Train Acc: 0.9947 | Train F1: 0.9947 | Val Acc: 0.9880 | Val F1: 0.9741
thct_net | Epoch 03 | Loss: 0.0112 | Train Acc: 0.9968 | Train F1: 0.9969 | Val Acc: 0.9843 | Val F1: 0.9719
thct_net | Epoch 04 | Loss: 0.0088 | Train Acc: 0.9974 | Train F1: 0.9974 | Val Acc: 0.9811 | Val F1: 0.9672
  -> [thct_net] new best in memory (val_f1=0.9885, val_acc=0.9948)
thct_net | Epoch 05 | Loss: 0.0059 | Train Acc: 0.9985 | Train F1: 0.9985 | Val Acc: 0.9948 | Val F1: 0.9885
thct_net | Epoch 06 | Loss: 0.0061 | Train Acc: 0.9982 | Train F1: 0.9982 | Val Acc: 0.9929 | Val F1: 0.9846
thct_net | Epoch 07 | Loss: 0.0061 | Train Acc: 0.9982 | Train F1: 0.9982 | Val Acc: 0.9919 | Val F1: 0.9800
thct_net | Epoch 08 | Loss: 0.0046 | Train Acc: 0.9987 | Train F1: 0.9987 | Val Acc: 0.9904 | Val F1: 0.9797
thct_net | Epoch 09 | Loss: 0.0047 | Train Acc: 0.9986 | Train F1: 0.9986 | Val Acc: 0.9849 | Val F1: 0.9740
thct_net | Epoch 10 | Loss: 0.0025 | Train Acc: 0.9993 | Train F1: 0.9993 | Val Acc: 0.9947 | Val F1: 0.9873

thct_net per-epoch summary:
      model normalization  epoch  train_loss  train_batch_acc  train_f1   val_acc    val_f1
0  thct_net      palm_ref      1    0.448335         0.908414  0.908953  0.983851  0.966038
1  thct_net      palm_ref      2    0.019973         0.994685  0.994736  0.988036  0.974063
2  thct_net      palm_ref      3    0.011238         0.996843  0.996870  0.984323  0.971933
3  thct_net      palm_ref      4    0.008794         0.997383  0.997400  0.981140  0.967197
4  thct_net      palm_ref      5    0.005913         0.998450  0.998454  0.994755  0.988519
5  thct_net      palm_ref      6    0.006061         0.998163  0.998178  0.992869  0.984639
6  thct_net      palm_ref      7    0.006120         0.998163  0.998168  0.991867  0.980042
7  thct_net      palm_ref      8    0.004560         0.998737  0.998742  0.990393  0.979681
8  thct_net      palm_ref      9    0.004688         0.998623  0.998634  0.984912  0.974039
9  thct_net      palm_ref     10    0.002500         0.999311  0.999318  0.994696  0.987284
[thct_net] best model restored from memory.

========== TRAIN WINDOW-LEVEL REPORT ==========
Accuracy: 0.9968
              precision    recall  f1-score   support

      AUGUST       1.00      1.00      1.00      4092
         BIG       1.00      1.00      1.00      3960
        BIRD       1.00      1.00      1.00      4296
        BOAT       1.00      1.00      1.00      4140
        COME       1.00      1.00      1.00      4248
      DRIVER       1.00      1.00      1.00      3996
     FARMING       0.95      1.00      0.98      4116
    FEBRUARY       1.00      0.99      0.99      4116
          GO       1.00      1.00      1.00      4260
   GREETINGS       1.00      1.00      1.00      4044
         OUR       1.00      1.00      1.00      4512
        READ       1.00      1.00      1.00      4128
       SMALL       1.00      1.00      1.00      4200
       TIGER       1.00      1.00      1.00      4164
       TRAIN       1.00      1.00      1.00      4188
        UGLY       0.99      1.00      0.99      4392
         VAN       1.00      0.95      0.97      3888
        WHAT       1.00      1.00      1.00      4188
       WHICH       1.00      1.00      1.00      3996
       WRITE       1.00      1.00      1.00      4104
  background       1.00      1.00      1.00      4092

    accuracy                           1.00     87120
   macro avg       1.00      1.00      1.00     87120
weighted avg       1.00      1.00      1.00     87120


========== VAL WINDOW-LEVEL REPORT ==========
Accuracy: 0.9948
              precision    recall  f1-score   support

      AUGUST       1.00      1.00      1.00       510
         BIG       1.00      1.00      1.00       185
        BIRD       0.95      1.00      0.97       296
        BOAT       0.97      1.00      0.98       267
        COME       1.00      1.00      1.00       269
      DRIVER       1.00      1.00      1.00       546
     FARMING       0.97      0.98      0.98       302
    FEBRUARY       1.00      0.97      0.99       426
          GO       0.92      0.99      0.95       158
   GREETINGS       1.00      1.00      1.00       373
         OUR       0.94      1.00      0.97       206
        READ       1.00      1.00      1.00       458
       SMALL       1.00      1.00      1.00       304
       TIGER       0.99      1.00      1.00       236
       TRAIN       1.00      1.00      1.00       327
        UGLY       0.96      0.97      0.97       302
         VAN       0.98      0.96      0.97       251
        WHAT       1.00      1.00      1.00        28
       WHICH       0.98      1.00      0.99       335
       WRITE       1.00      1.00      1.00       347
  background       1.00      1.00      1.00     10841

    accuracy                           0.99     16967
   macro avg       0.98      0.99      0.99     16967
weighted avg       0.99      0.99      0.99     16967

Confusion matrix saved to: trained_models/plots/confusion_matrices/val_confusion_normalized.png
Misclassification matrix saved to: trained_models/plots/confusion_matrices/val_confusion_misclassifications.png

========== TEST WINDOW-LEVEL REPORT ==========
Accuracy: 0.9724
              precision    recall  f1-score   support

      AUGUST       1.00      1.00      1.00       978
         BIG       0.92      0.94      0.93       465
        BIRD       1.00      0.91      0.96       699
        BOAT       0.92      1.00      0.96       357
        COME       0.98      0.74      0.84       228
      DRIVER       0.95      1.00      0.98      1210
     FARMING       0.96      0.99      0.98       510
    FEBRUARY       0.98      0.68      0.80      1039
          GO       0.67      0.99      0.80       172
   GREETINGS       0.65      1.00      0.79       673
         OUR       0.82      0.87      0.85       275
        READ       0.99      1.00      1.00      1178
       SMALL       0.92      1.00      0.96       504
       TIGER       0.98      1.00      0.99       241
       TRAIN       1.00      1.00      1.00       428
        UGLY       0.98      0.76      0.86       299
         VAN       0.99      0.92      0.95       216
        WHAT       0.78      1.00      0.88        18
       WHICH       0.97      0.95      0.96       754
       WRITE       1.00      1.00      1.00       605
  background       0.99      0.99      0.99     21389

    accuracy                           0.97     32238
   macro avg       0.93      0.94      0.93     32238
weighted avg       0.98      0.97      0.97     32238

Confusion matrix saved to: trained_models/plots/confusion_matrices/test_confusion_normalized.png
Misclassification matrix saved to: trained_models/plots/confusion_matrices/test_confusion_misclassifications.png

========== WINDOW ACCURACY SUMMARY ==========
split  frame_accuracy
Train        0.996775
  Val        0.994755
 Test        0.972424

========== TEST (USER2) WER SUMMARY ==========
Normalization  : palm_ref
Stream mode    : thct_net_batch
Bag size       : 5  (167ms)
Aggregation    : mean
Conf threshold : 0.35
Min sign frames: 15  (500ms)
Total sequences evaluated: 73
Mean WER:   0.0639
Median WER: 0.0000
Std WER:    0.1175

Showing 5 example sequence(s):
  [1] user2 | P2_S7_R4
    Frames       : 600 | Missing ratio: 0.000
    Stream steps : 571 | Emitted: 3
    GT           : ['COME', 'DRIVER', 'BIRD']
    Prediction   : ['COME', 'DRIVER', 'BIRD']
    WER          : 0.0000
    Emit regions : [(33, 72, np.str_('COME')), (131, 232, np.str_('DRIVER')), (304, 382, np.str_('BIRD'))]
    GT segments  : [{'label': 'COME', 'start_frame': 6, 'end_frame': 52}, {'label': 'DRIVER', 'start_frame': 118, 'end_frame': 211}, {'label': 'BIRD', 'start_frame': 287, 'end_frame': 365}]
  [2] user2 | P2_S2_R6
    Frames       : 750 | Missing ratio: 0.000
    Stream steps : 721 | Emitted: 4
    GT           : ['FARMING', 'BIG', 'VAN', 'SMALL']
    Prediction   : ['FARMING', 'BIG', 'VAN', 'SMALL']
    WER          : 0.0000
    Emit regions : [(80, 144, np.str_('FARMING')), (248, 333, np.str_('BIG')), (406, 461, np.str_('VAN')), (585, 670, np.str_('SMALL'))]
    GT segments  : [{'label': 'FARMING', 'start_frame': 72, 'end_frame': 124}, {'label': 'BIG', 'start_frame': 238, 'end_frame': 290}, {'label': 'VAN', 'start_frame': 399, 'end_frame': 438}, {'label': 'SMALL', 'start_frame': 566, 'end_frame': 620}]
  [3] user2 | P2_S10_R5
    Frames       : 750 | Missing ratio: 0.000
    Stream steps : 721 | Emitted: 3
    GT           : ['SMALL', 'FEBRUARY', 'BOAT']
    Prediction   : ['SMALL', 'FEBRUARY', 'BOAT']
    WER          : 0.0000
    Emit regions : [(71, 135, np.str_('SMALL')), (346, 500, np.str_('FEBRUARY')), (554, 611, np.str_('BOAT'))]
    GT segments  : [{'label': 'SMALL', 'start_frame': 53, 'end_frame': 117}, {'label': 'FEBRUARY', 'start_frame': 331, 'end_frame': 477}, {'label': 'BOAT', 'start_frame': 543, 'end_frame': 589}]
  [4] user2 | P2_S1_R6
    Frames       : 750 | Missing ratio: 0.000
    Stream steps : 721 | Emitted: 4
    GT           : ['GO', 'READ', 'OUR', 'COME']
    Prediction   : ['GO', 'READ', 'OUR', 'COME']
    WER          : 0.0000
    Emit regions : [(82, 123, np.str_('GO')), (170, 284, np.str_('READ')), (363, 387, np.str_('OUR')), (472, 523, np.str_('COME'))]
    GT segments  : [{'label': 'GO', 'start_frame': 75, 'end_frame': 110}, {'label': 'READ', 'start_frame': 163, 'end_frame': 273}, {'label': 'OUR', 'start_frame': 328, 'end_frame': 375}, {'label': 'COME', 'start_frame': 453, 'end_frame': 495}]
  [5] user2 | P2_S8_R2
    Frames       : 600 | Missing ratio: 0.000
    Stream steps : 571 | Emitted: 5
    GT           : ['BIG', 'GREETINGS', 'WHICH', 'FARMING']
    Prediction   : ['BIG', 'GREETINGS', 'WHICH', 'WHICH', 'FARMING']
    WER          : 0.2500
    Emit regions : [(33, 117, np.str_('BIG')), (194, 259, np.str_('GREETINGS')), (304, 338, np.str_('WHICH')), (351, 395, np.str_('WHICH')), (441, 515, np.str_('FARMING'))]
    GT segments  : [{'label': 'BIG', 'start_frame': 18, 'end_frame': 92}, {'label': 'GREETINGS', 'start_frame': 182, 'end_frame': 238}, {'label': 'WHICH', 'start_frame': 276, 'end_frame': 355}, {'label': 'FARMING', 'start_frame': 434, 'end_frame': 500}]
[test_user2_20260703T095056Z] metadata -> trained_models/results/test_user2_20260703t095056z_metadata.parquet
[test_user2_20260703T095056Z] arrays   -> trained_models/results/test_user2_20260703t095056z_arrays.npz
  sequences : 73
  npz keys  : 584

========== DEV VAL WER SUMMARY ==========
Normalization  : palm_ref
Stream mode    : thct_net_batch
Bag size       : 5  (167ms)
Aggregation    : mean
Conf threshold : 0.35
Min sign frames: 15  (500ms)
Total sequences evaluated: 33
Mean WER:   0.0076
Median WER: 0.0000
Std WER:    0.0429

Showing 5 example sequence(s):
  [1] user1 | P1_S2_R5
    Frames       : 750 | Missing ratio: 0.000
    Stream steps : 721 | Emitted: 4
    GT           : ['FARMING', 'BIG', 'VAN', 'SMALL']
    Prediction   : ['FARMING', 'BIG', 'VAN', 'SMALL']
    WER          : 0.0000
    Emit regions : [(46, 155, np.str_('FARMING')), (212, 293, np.str_('BIG')), (379, 476, np.str_('VAN')), (547, 635, np.str_('SMALL'))]
    GT segments  : [{'label': 'FARMING', 'start_frame': 28, 'end_frame': 138}, {'label': 'BIG', 'start_frame': 198, 'end_frame': 277}, {'label': 'VAN', 'start_frame': 369, 'end_frame': 462}, {'label': 'SMALL', 'start_frame': 527, 'end_frame': 616}]
  [2] user1 | P1_S7_R3
    Frames       : 750 | Missing ratio: 0.027
    Stream steps : 721 | Emitted: 3
    GT           : ['COME', 'DRIVER', 'BIRD']
    Prediction   : ['COME', 'DRIVER', 'BIRD']
    WER          : 0.0000
    Emit regions : [(67, 152, np.str_('COME')), (228, 348, np.str_('DRIVER')), (402, 498, np.str_('BIRD'))]
    GT segments  : [{'label': 'COME', 'start_frame': 49, 'end_frame': 132}, {'label': 'DRIVER', 'start_frame': 202, 'end_frame': 332}, {'label': 'BIRD', 'start_frame': 377, 'end_frame': 481}]
  [3] user1 | P1_S8_R4
    Frames       : 750 | Missing ratio: 0.000
    Stream steps : 721 | Emitted: 4
    GT           : ['BIG', 'GREETINGS', 'WHICH', 'FARMING']
    Prediction   : ['BIG', 'GREETINGS', 'WHICH', 'FARMING']
    WER          : 0.0000
    Emit regions : [(71, 138, np.str_('BIG')), (259, 365, np.str_('GREETINGS')), (408, 523, np.str_('WHICH')), (569, 636, np.str_('FARMING'))]
    GT segments  : [{'label': 'BIG', 'start_frame': 56, 'end_frame': 114}, {'label': 'GREETINGS', 'start_frame': 242, 'end_frame': 346}, {'label': 'WHICH', 'start_frame': 393, 'end_frame': 487}, {'label': 'FARMING', 'start_frame': 559, 'end_frame': 624}]
  [4] user1 | P1_S5_R7
    Frames       : 750 | Missing ratio: 0.000
    Stream steps : 721 | Emitted: 4
    GT           : ['BIRD', 'WHAT', 'DRIVER', 'GREETINGS']
    Prediction   : ['BIRD', 'WHAT', 'DRIVER', 'GREETINGS']
    WER          : 0.0000
    Emit regions : [(58, 137, np.str_('BIRD')), (176, 208, np.str_('WHAT')), (283, 399, np.str_('DRIVER')), (468, 564, np.str_('GREETINGS'))]
    GT segments  : [{'label': 'BIRD', 'start_frame': 38, 'end_frame': 116}, {'label': 'WHAT', 'start_frame': 158, 'end_frame': 192}, {'label': 'DRIVER', 'start_frame': 269, 'end_frame': 383}, {'label': 'GREETINGS', 'start_frame': 448, 'end_frame': 548}]
  [5] user1 | P1_S6_R5
    Frames       : 750 | Missing ratio: 0.000
    Stream steps : 721 | Emitted: 3
    GT           : ['WHICH', 'OUR', 'TRAIN']
    Prediction   : ['WHICH', 'OUR', 'TRAIN']
    WER          : 0.0000
    Emit regions : [(41, 143, np.str_('WHICH')), (198, 249, np.str_('OUR')), (314, 391, np.str_('TRAIN'))]
    GT segments  : [{'label': 'WHICH', 'start_frame': 27, 'end_frame': 110}, {'label': 'OUR', 'start_frame': 177, 'end_frame': 237}, {'label': 'TRAIN', 'start_frame': 297, 'end_frame': 374}]
[val_user2_20260703T095056Z] metadata -> trained_models/results/val_user2_20260703t095056z_metadata.parquet
[val_user2_20260703T095056Z] arrays   -> trained_models/results/val_user2_20260703t095056z_arrays.npz
  sequences : 33
  npz keys  : 264

============================================================
STREAMING METRICS EVALUATION (from WER outputs) — Test (user2)
============================================================
Sequences: 73 | Classes: 21
Running: original+corrected


────────────────────────────────────────────────────────────
CORRECTED METRICS (SHREC'21 protocol) — Test (user2)
────────────────────────────────────────────────────────────
============================================================
GLOBAL RESULTS  (Corrected — SHREC'21 protocol)
============================================================
Class AUGUST:
  Detection Rate : 1.0000  (13/13)
  Misclass Rate  : 0.0000  (0/13)
  False Pos Rate : 0.0000  (0 FP / 13 GT)
  Avg Latency    : 15.69 frames
  Avg Jaccard    : 0.7682
Class BIG:
  Detection Rate : 1.0000  (15/15)
  Misclass Rate  : 0.0000  (0/15)
  False Pos Rate : 0.0000  (0 FP / 15 GT)
  Avg Latency    : 10.73 frames
  Avg Jaccard    : 0.6168
Class BIRD:
  Detection Rate : 0.8333  (10/12)
  Misclass Rate  : 0.0833  (1/12)
  False Pos Rate : 0.0000  (0 FP / 12 GT)
  Avg Latency    : 20.20 frames
  Avg Jaccard    : 0.4989
Class BOAT:
  Detection Rate : 1.0000  (13/13)
  Misclass Rate  : 0.0000  (0/13)
  False Pos Rate : 0.0000  (0 FP / 13 GT)
  Avg Latency    : 21.38 frames
  Avg Jaccard    : 0.5678
Class COME:
  Detection Rate : 0.8571  (12/14)
  Misclass Rate  : 0.0000  (0/14)
  False Pos Rate : 0.1429  (2 FP / 14 GT)
  Avg Latency    : 19.50 frames
  Avg Jaccard    : 0.3485
Class DRIVER:
  Detection Rate : 1.0000  (12/12)
  Misclass Rate  : 0.0000  (0/12)
  False Pos Rate : 0.0833  (1 FP / 12 GT)
  Avg Latency    : 12.67 frames
  Avg Jaccard    : 0.7324
Class FARMING:
  Detection Rate : 1.0000  (15/15)
  Misclass Rate  : 0.0000  (0/15)
  False Pos Rate : 0.0000  (0 FP / 15 GT)
  Avg Latency    : 15.60 frames
  Avg Jaccard    : 0.6723
Class FEBRUARY:
  Detection Rate : 0.4615  (6/13)
  Misclass Rate  : 0.5385  (7/13)
  False Pos Rate : 0.0000  (0 FP / 13 GT)
  Avg Latency    : 22.00 frames
  Avg Jaccard    : 0.2264
Class GO:
  Detection Rate : 0.7143  (10/14)
  Misclass Rate  : 0.1429  (2/14)
  False Pos Rate : 0.1429  (2 FP / 14 GT)
  Avg Latency    : 23.00 frames
  Avg Jaccard    : 0.3137
Class GREETINGS:
  Detection Rate : 1.0000  (13/13)
  Misclass Rate  : 0.0000  (0/13)
  False Pos Rate : 0.0000  (0 FP / 13 GT)
  Avg Latency    : 15.23 frames
  Avg Jaccard    : 0.6289
Class OUR:
  Detection Rate : 0.1429  (2/14)
  Misclass Rate  : 0.0714  (1/14)
  False Pos Rate : 0.7857  (11 FP / 14 GT)
  Avg Latency    : 23.50 frames
  Avg Jaccard    : 0.0935
Class READ:
  Detection Rate : 1.0000  (14/14)
  Misclass Rate  : 0.0000  (0/14)
  False Pos Rate : 0.0000  (0 FP / 14 GT)
  Avg Latency    : 15.86 frames
  Avg Jaccard    : 0.8268
Class SMALL:
  Detection Rate : 1.0000  (14/14)
  Misclass Rate  : 0.0000  (0/14)
  False Pos Rate : 0.0000  (0 FP / 14 GT)
  Avg Latency    : 18.71 frames
  Avg Jaccard    : 0.5060
Class TIGER:
  Detection Rate : 1.0000  (13/13)
  Misclass Rate  : 0.0000  (0/13)
  False Pos Rate : 0.0000  (0 FP / 13 GT)
  Avg Latency    : 16.31 frames
  Avg Jaccard    : 0.4304
Class TRAIN:
  Detection Rate : 1.0000  (13/13)
  Misclass Rate  : 0.0000  (0/13)
  False Pos Rate : 0.0000  (0 FP / 13 GT)
  Avg Latency    : 24.54 frames
  Avg Jaccard    : 0.6936
Class UGLY:
  Detection Rate : 1.0000  (13/13)
  Misclass Rate  : 0.0000  (0/13)
  False Pos Rate : 0.0000  (0 FP / 13 GT)
  Avg Latency    : 13.85 frames
  Avg Jaccard    : 0.5396
Class VAN:
  Detection Rate : 1.0000  (14/14)
  Misclass Rate  : 0.0000  (0/14)
  False Pos Rate : 0.0000  (0 FP / 14 GT)
  Avg Latency    : 27.71 frames
  Avg Jaccard    : 0.5151
Class WHAT:
  Detection Rate : 0.7500  (9/12)
  Misclass Rate  : 0.0000  (0/12)
  False Pos Rate : 0.2500  (3 FP / 12 GT)
  Avg Latency    : 10.44 frames
  Avg Jaccard    : 0.2407
Class WHICH:
  Detection Rate : 0.6923  (9/13)
  Misclass Rate  : 0.0000  (0/13)
  False Pos Rate : 0.6154  (8 FP / 13 GT)
  Avg Latency    : 19.78 frames
  Avg Jaccard    : 0.2804
Class WRITE:
  Detection Rate : 1.0000  (13/13)
  Misclass Rate  : 0.0000  (0/13)
  False Pos Rate : 0.0000  (0 FP / 13 GT)
  Avg Latency    : 14.00 frames
  Avg Jaccard    : 0.6439

--- Macro averages (across all classes) ---
  Detection Rate : 0.8727
  Misclass Rate  : 0.0412
  False Pos Rate : 0.1011
  Jaccard Index  : 0.5072
============================================================
Saved model checkpoint: trained_models/20260703T130153Z_thct_net_val-0.9948_94175fc5.pt
Training curves saved to: trained_models/plots/curves_test_user2_20260703T095056Z.png

======================================================================
FOLD: test_user=user3, dev_users=['user1', 'user2', 'user5']
======================================================================

============================================================
SPLIT: test_user=user3, dev_users=['user1', 'user2', 'user5']
============================================================
Dev removed by filter   : {'missing_data': 1, 'low_confidence': 1, 'too_short': 4}
Test removed by filter  : {'too_short': 1}
Train segments (filtered): 1557
Val segments (filtered)  : 273
Test segments (filtered) : 457
Label mapping (string -> ID):
  np.str_('AUGUST') -> 0
  np.str_('BIG') -> 1
  np.str_('BIRD') -> 2
  np.str_('BOAT') -> 3
  np.str_('COME') -> 4
  np.str_('DRIVER') -> 5
  np.str_('FARMING') -> 6
  np.str_('FEBRUARY') -> 7
  np.str_('GO') -> 8
  np.str_('GREETINGS') -> 9
  np.str_('OUR') -> 10
  np.str_('READ') -> 11
  np.str_('SMALL') -> 12
  np.str_('TIGER') -> 13
  np.str_('TRAIN') -> 14
  np.str_('UGLY') -> 15
  np.str_('VAN') -> 16
  np.str_('WHAT') -> 17
  np.str_('WHICH') -> 18
  np.str_('WRITE') -> 19
  np.str_('background') -> 20

Total classes: 21
Background class ID: 20
WER catalog sizes -> train: 188, val: 33, test: 55
Train windows: 92028 | Val windows: 16205 | Test windows: 28025
Train batches: 640 | Val batches: 4052 | Test batches: 7007
Loss function: CrossEntropyLoss
Model: thct_net | Trainable params: 1,185,727
[thct_net] using normalization: palm_ref
Stabilization: grad_clip=True (norm=1.0), scheduler=True, early_stopping_patience=15
Model selection criterion: validation macro-F1
  -> [thct_net] new best in memory (val_f1=0.9644, val_acc=0.9851)
thct_net | Epoch 01 | Loss: 0.3862 | Train Acc: 0.9230 | Train F1: 0.9232 | Val Acc: 0.9851 | Val F1: 0.9644
  -> [thct_net] new best in memory (val_f1=0.9747, val_acc=0.9878)
thct_net | Epoch 02 | Loss: 0.0210 | Train Acc: 0.9944 | Train F1: 0.9943 | Val Acc: 0.9878 | Val F1: 0.9747
  -> [thct_net] new best in memory (val_f1=0.9822, val_acc=0.9904)
thct_net | Epoch 03 | Loss: 0.0121 | Train Acc: 0.9966 | Train F1: 0.9966 | Val Acc: 0.9904 | Val F1: 0.9822
thct_net | Epoch 04 | Loss: 0.0097 | Train Acc: 0.9974 | Train F1: 0.9974 | Val Acc: 0.9859 | Val F1: 0.9704
  -> [thct_net] new best in memory (val_f1=0.9838, val_acc=0.9930)
thct_net | Epoch 05 | Loss: 0.0086 | Train Acc: 0.9975 | Train F1: 0.9975 | Val Acc: 0.9930 | Val F1: 0.9838
  -> [thct_net] new best in memory (val_f1=0.9883, val_acc=0.9946)
thct_net | Epoch 06 | Loss: 0.0067 | Train Acc: 0.9981 | Train F1: 0.9981 | Val Acc: 0.9946 | Val F1: 0.9883
  -> [thct_net] new best in memory (val_f1=0.9901, val_acc=0.9957)
thct_net | Epoch 07 | Loss: 0.0056 | Train Acc: 0.9982 | Train F1: 0.9982 | Val Acc: 0.9957 | Val F1: 0.9901
thct_net | Epoch 08 | Loss: 0.0060 | Train Acc: 0.9982 | Train F1: 0.9982 | Val Acc: 0.9950 | Val F1: 0.9892
  -> [thct_net] new best in memory (val_f1=0.9908, val_acc=0.9954)
thct_net | Epoch 09 | Loss: 0.0049 | Train Acc: 0.9986 | Train F1: 0.9986 | Val Acc: 0.9954 | Val F1: 0.9908
thct_net | Epoch 10 | Loss: 0.0038 | Train Acc: 0.9990 | Train F1: 0.9990 | Val Acc: 0.9949 | Val F1: 0.9897

thct_net per-epoch summary:
      model normalization  epoch  train_loss  train_batch_acc  train_f1   val_acc    val_f1
0  thct_net      palm_ref      1    0.386186         0.923036  0.923219  0.985066  0.964416
1  thct_net      palm_ref      2    0.021010         0.994379  0.994337  0.987782  0.974730
2  thct_net      palm_ref      3    0.012114         0.996625  0.996604  0.990373  0.982234
3  thct_net      palm_ref      4    0.009684         0.997418  0.997392  0.985930  0.970416
4  thct_net      palm_ref      5    0.008571         0.997493  0.997472  0.993027  0.983817
5  thct_net      palm_ref      6    0.006715         0.998123  0.998102  0.994570  0.988313
6  thct_net      palm_ref      7    0.005589         0.998242  0.998226  0.995742  0.990069
7  thct_net      palm_ref      8    0.006041         0.998242  0.998236  0.995002  0.989210
8  thct_net      palm_ref      9    0.004873         0.998622  0.998611  0.995434  0.990804
9  thct_net      palm_ref     10    0.003762         0.998969  0.998962  0.994940  0.989690
[thct_net] best model restored from memory.

========== TRAIN WINDOW-LEVEL REPORT ==========
Accuracy: 0.9993
              precision    recall  f1-score   support

      AUGUST       1.00      1.00      1.00      4080
         BIG       1.00      1.00      1.00      4572
        BIRD       1.00      1.00      1.00      4428
        BOAT       1.00      1.00      1.00      4812
        COME       1.00      1.00      1.00      4356
      DRIVER       1.00      1.00      1.00      4632
     FARMING       1.00      1.00      1.00      4044
    FEBRUARY       1.00      1.00      1.00      4428
          GO       1.00      1.00      1.00      4524
   GREETINGS       1.00      1.00      1.00      4164
         OUR       1.00      1.00      1.00      4764
        READ       1.00      1.00      1.00      4452
       SMALL       1.00      1.00      1.00      4272
       TIGER       1.00      1.00      1.00      4476
       TRAIN       1.00      1.00      1.00      4428
        UGLY       1.00      1.00      1.00      4260
         VAN       1.00      1.00      1.00      4404
        WHAT       1.00      1.00      1.00      4344
       WHICH       1.00      1.00      1.00      4320
       WRITE       1.00      1.00      1.00      4116
  background       1.00      0.99      1.00      4284

    accuracy                           1.00     92160
   macro avg       1.00      1.00      1.00     92160
weighted avg       1.00      1.00      1.00     92160


========== VAL WINDOW-LEVEL REPORT ==========
Accuracy: 0.9954
              precision    recall  f1-score   support

      AUGUST       0.98      1.00      0.99       485
         BIG       1.00      1.00      1.00       167
        BIRD       1.00      1.00      1.00       303
        BOAT       0.95      1.00      0.98       228
        COME       1.00      0.99      0.99       227
      DRIVER       0.99      1.00      1.00       587
     FARMING       1.00      1.00      1.00       227
    FEBRUARY       1.00      0.98      0.99       433
          GO       0.93      1.00      0.96       171
   GREETINGS       1.00      1.00      1.00       432
         OUR       0.94      1.00      0.97       160
        READ       1.00      1.00      1.00       505
       SMALL       1.00      1.00      1.00       274
       TIGER       0.97      1.00      0.99       213
       TRAIN       1.00      1.00      1.00       287
        UGLY       0.96      0.95      0.95       253
         VAN       1.00      1.00      1.00       191
        WHAT       1.00      1.00      1.00        18
       WHICH       0.98      1.00      0.99       390
       WRITE       1.00      1.00      1.00       284
  background       1.00      1.00      1.00     10370

    accuracy                           1.00     16205
   macro avg       0.99      1.00      0.99     16205
weighted avg       1.00      1.00      1.00     16205

Confusion matrix saved to: trained_models/plots/confusion_matrices/val_confusion_normalized.png
Misclassification matrix saved to: trained_models/plots/confusion_matrices/val_confusion_misclassifications.png

========== TEST WINDOW-LEVEL REPORT ==========
Accuracy: 0.9692
              precision    recall  f1-score   support

      AUGUST       1.00      1.00      1.00       845
         BIG       0.98      1.00      0.99       371
        BIRD       1.00      0.90      0.95       555
        BOAT       0.99      0.90      0.94       490
        COME       0.98      0.99      0.99       331
      DRIVER       0.92      1.00      0.96      1005
     FARMING       0.96      0.96      0.96       634
    FEBRUARY       0.67      1.00      0.80       746
          GO       0.93      1.00      0.96        91
   GREETINGS       1.00      0.47      0.64       597
         OUR       0.91      0.52      0.66       281
        READ       0.88      1.00      0.93       756
       SMALL       1.00      0.99      0.99       575
       TIGER       1.00      0.91      0.95       332
       TRAIN       0.77      1.00      0.87       446
        UGLY       0.94      0.88      0.91       451
         VAN       0.98      0.91      0.95       500
        WHAT       0.00      0.00      0.00        73
       WHICH       1.00      1.00      1.00       523
       WRITE       0.94      1.00      0.97       798
  background       1.00      1.00      1.00     17625

    accuracy                           0.97     28025
   macro avg       0.90      0.88      0.88     28025
weighted avg       0.97      0.97      0.97     28025

Confusion matrix saved to: trained_models/plots/confusion_matrices/test_confusion_normalized.png
Misclassification matrix saved to: trained_models/plots/confusion_matrices/test_confusion_misclassifications.png

========== WINDOW ACCURACY SUMMARY ==========
split  frame_accuracy
Train        0.999295
  Val        0.995434
 Test        0.969242

========== TEST (USER3) WER SUMMARY ==========
Normalization  : palm_ref
Stream mode    : thct_net_batch
Bag size       : 5  (167ms)
Aggregation    : mean
Conf threshold : 0.35
Min sign frames: 15  (500ms)
Total sequences evaluated: 55
Mean WER:   0.0833
Median WER: 0.0000
Std WER:    0.1605

Showing 5 example sequence(s):
  [1] user3 | P3_S9_R5
    Frames       : 750 | Missing ratio: 0.000
    Stream steps : 721 | Emitted: 4
    GT           : ['TIGER', 'WHAT', 'VAN', 'READ']
    Prediction   : ['TIGER', 'TRAIN', 'VAN', 'READ']
    WER          : 0.2500
    Emit regions : [(66, 118, np.str_('TIGER')), (210, 251, np.str_('TRAIN')), (337, 412, np.str_('VAN')), (475, 592, np.str_('READ'))]
    GT segments  : [{'label': 'TIGER', 'start_frame': 43, 'end_frame': 97}, {'label': 'WHAT', 'start_frame': 188, 'end_frame': 218}, {'label': 'VAN', 'start_frame': 312, 'end_frame': 384}, {'label': 'READ', 'start_frame': 459, 'end_frame': 574}]
  [2] user3 | P3_S9_R3
    Frames       : 750 | Missing ratio: 0.000
    Stream steps : 721 | Emitted: 4
    GT           : ['TIGER', 'WHAT', 'VAN', 'READ']
    Prediction   : ['TIGER', 'TRAIN', 'VAN', 'READ']
    WER          : 0.2500
    Emit regions : [(56, 113, np.str_('TIGER')), (242, 281, np.str_('TRAIN')), (383, 472, np.str_('VAN')), (529, 626, np.str_('READ'))]
    GT segments  : [{'label': 'TIGER', 'start_frame': 30, 'end_frame': 97}, {'label': 'WHAT', 'start_frame': 217, 'end_frame': 251}, {'label': 'VAN', 'start_frame': 357, 'end_frame': 436}, {'label': 'READ', 'start_frame': 518, 'end_frame': 608}]
  [3] user3 | P3_S2_R8
    Frames       : 750 | Missing ratio: 0.000
    Stream steps : 721 | Emitted: 4
    GT           : ['FARMING', 'BIG', 'VAN', 'SMALL']
    Prediction   : ['FARMING', 'BIG', 'VAN', 'SMALL']
    WER          : 0.0000
    Emit regions : [(35, 111, np.str_('FARMING')), (190, 246, np.str_('BIG')), (366, 442, np.str_('VAN')), (522, 592, np.str_('SMALL'))]
    GT segments  : [{'label': 'FARMING', 'start_frame': 14, 'end_frame': 92}, {'label': 'BIG', 'start_frame': 183, 'end_frame': 240}, {'label': 'VAN', 'start_frame': 341, 'end_frame': 416}, {'label': 'SMALL', 'start_frame': 500, 'end_frame': 578}]
  [4] user3 | P3_S2_R5
    Frames       : 750 | Missing ratio: 0.000
    Stream steps : 721 | Emitted: 4
    GT           : ['FARMING', 'BIG', 'VAN', 'SMALL']
    Prediction   : ['FARMING', 'BIG', 'VAN', 'SMALL']
    WER          : 0.0000
    Emit regions : [(52, 128, np.str_('FARMING')), (193, 266, np.str_('BIG')), (366, 440, np.str_('VAN')), (495, 570, np.str_('SMALL'))]
    GT segments  : [{'label': 'FARMING', 'start_frame': 41, 'end_frame': 107}, {'label': 'BIG', 'start_frame': 185, 'end_frame': 257}, {'label': 'VAN', 'start_frame': 341, 'end_frame': 414}, {'label': 'SMALL', 'start_frame': 473, 'end_frame': 556}]
  [5] user3 | P3_S4_R4
    Frames       : 750 | Missing ratio: 0.000
    Stream steps : 721 | Emitted: 3
    GT           : ['BOAT', 'TRAIN', 'TIGER']
    Prediction   : ['BOAT', 'TRAIN', 'TIGER']
    WER          : 0.0000
    Emit regions : [(33, 90, np.str_('BOAT')), (210, 298, np.str_('TRAIN')), (396, 457, np.str_('TIGER'))]
    GT segments  : [{'label': 'BOAT', 'start_frame': 0, 'end_frame': 66}, {'label': 'TRAIN', 'start_frame': 199, 'end_frame': 282}, {'label': 'TIGER', 'start_frame': 371, 'end_frame': 433}]
[test_user3_20260703T095056Z] metadata -> trained_models/results/test_user3_20260703t095056z_metadata.parquet
[test_user3_20260703T095056Z] arrays   -> trained_models/results/test_user3_20260703t095056z_arrays.npz
  sequences : 55
  npz keys  : 440

========== DEV VAL WER SUMMARY ==========
Normalization  : palm_ref
Stream mode    : thct_net_batch
Bag size       : 5  (167ms)
Aggregation    : mean
Conf threshold : 0.35
Min sign frames: 15  (500ms)
Total sequences evaluated: 33
Mean WER:   0.0000
Median WER: 0.0000
Std WER:    0.0000

Showing 5 example sequence(s):
  [1] user1 | P1_S2_R5
    Frames       : 750 | Missing ratio: 0.000
    Stream steps : 721 | Emitted: 4
    GT           : ['FARMING', 'BIG', 'VAN', 'SMALL']
    Prediction   : ['FARMING', 'BIG', 'VAN', 'SMALL']
    WER          : 0.0000
    Emit regions : [(43, 158, np.str_('FARMING')), (210, 296, np.str_('BIG')), (383, 484, np.str_('VAN')), (548, 642, np.str_('SMALL'))]
    GT segments  : [{'label': 'FARMING', 'start_frame': 28, 'end_frame': 138}, {'label': 'BIG', 'start_frame': 198, 'end_frame': 277}, {'label': 'VAN', 'start_frame': 369, 'end_frame': 462}, {'label': 'SMALL', 'start_frame': 527, 'end_frame': 616}]
  [2] user1 | P1_S7_R3
    Frames       : 750 | Missing ratio: 0.027
    Stream steps : 721 | Emitted: 3
    GT           : ['COME', 'DRIVER', 'BIRD']
    Prediction   : ['COME', 'DRIVER', 'BIRD']
    WER          : 0.0000
    Emit regions : [(69, 155, np.str_('COME')), (226, 349, np.str_('DRIVER')), (402, 497, np.str_('BIRD'))]
    GT segments  : [{'label': 'COME', 'start_frame': 49, 'end_frame': 132}, {'label': 'DRIVER', 'start_frame': 202, 'end_frame': 332}, {'label': 'BIRD', 'start_frame': 377, 'end_frame': 481}]
  [3] user1 | P1_S8_R4
    Frames       : 750 | Missing ratio: 0.000
    Stream steps : 721 | Emitted: 4
    GT           : ['BIG', 'GREETINGS', 'WHICH', 'FARMING']
    Prediction   : ['BIG', 'GREETINGS', 'WHICH', 'FARMING']
    WER          : 0.0000
    Emit regions : [(71, 138, np.str_('BIG')), (260, 367, np.str_('GREETINGS')), (407, 523, np.str_('WHICH')), (570, 640, np.str_('FARMING'))]
    GT segments  : [{'label': 'BIG', 'start_frame': 56, 'end_frame': 114}, {'label': 'GREETINGS', 'start_frame': 242, 'end_frame': 346}, {'label': 'WHICH', 'start_frame': 393, 'end_frame': 487}, {'label': 'FARMING', 'start_frame': 559, 'end_frame': 624}]
  [4] user1 | P1_S5_R7
    Frames       : 750 | Missing ratio: 0.000
    Stream steps : 721 | Emitted: 4
    GT           : ['BIRD', 'WHAT', 'DRIVER', 'GREETINGS']
    Prediction   : ['BIRD', 'WHAT', 'DRIVER', 'GREETINGS']
    WER          : 0.0000
    Emit regions : [(61, 136, np.str_('BIRD')), (178, 214, np.str_('WHAT')), (283, 400, np.str_('DRIVER')), (469, 564, np.str_('GREETINGS'))]
    GT segments  : [{'label': 'BIRD', 'start_frame': 38, 'end_frame': 116}, {'label': 'WHAT', 'start_frame': 158, 'end_frame': 192}, {'label': 'DRIVER', 'start_frame': 269, 'end_frame': 383}, {'label': 'GREETINGS', 'start_frame': 448, 'end_frame': 548}]
  [5] user1 | P1_S6_R5
    Frames       : 750 | Missing ratio: 0.000
    Stream steps : 721 | Emitted: 3
    GT           : ['WHICH', 'OUR', 'TRAIN']
    Prediction   : ['WHICH', 'OUR', 'TRAIN']
    WER          : 0.0000
    Emit regions : [(41, 142, np.str_('WHICH')), (198, 249, np.str_('OUR')), (313, 397, np.str_('TRAIN'))]
    GT segments  : [{'label': 'WHICH', 'start_frame': 27, 'end_frame': 110}, {'label': 'OUR', 'start_frame': 177, 'end_frame': 237}, {'label': 'TRAIN', 'start_frame': 297, 'end_frame': 374}]
[val_user3_20260703T095056Z] metadata -> trained_models/results/val_user3_20260703t095056z_metadata.parquet
[val_user3_20260703T095056Z] arrays   -> trained_models/results/val_user3_20260703t095056z_arrays.npz
  sequences : 33
  npz keys  : 264

============================================================
STREAMING METRICS EVALUATION (from WER outputs) — Test (user3)
============================================================
Sequences: 55 | Classes: 21
Running: original+corrected


────────────────────────────────────────────────────────────
CORRECTED METRICS (SHREC'21 protocol) — Test (user3)
────────────────────────────────────────────────────────────
============================================================
GLOBAL RESULTS  (Corrected — SHREC'21 protocol)
============================================================
Class AUGUST:
  Detection Rate : 1.0000  (10/10)
  Misclass Rate  : 0.0000  (0/10)
  False Pos Rate : 0.0000  (0 FP / 10 GT)
  Avg Latency    : 15.60 frames
  Avg Jaccard    : 0.7250
Class BIG:
  Detection Rate : 1.0000  (12/12)
  Misclass Rate  : 0.0000  (0/12)
  False Pos Rate : 0.0000  (0 FP / 12 GT)
  Avg Latency    : 8.75 frames
  Avg Jaccard    : 0.7172
Class BIRD:
  Detection Rate : 0.8000  (8/10)
  Misclass Rate  : 0.2000  (2/10)
  False Pos Rate : 0.0000  (0 FP / 10 GT)
  Avg Latency    : 31.75 frames
  Avg Jaccard    : 0.3952
Class BOAT:
  Detection Rate : 0.8000  (8/10)
  Misclass Rate  : 0.0000  (0/10)
  False Pos Rate : 0.2000  (2 FP / 10 GT)
  Avg Latency    : 17.38 frames
  Avg Jaccard    : 0.4203
Class COME:
  Detection Rate : 1.0000  (10/10)
  Misclass Rate  : 0.0000  (0/10)
  False Pos Rate : 0.0000  (0 FP / 10 GT)
  Avg Latency    : 19.60 frames
  Avg Jaccard    : 0.4937
Class DRIVER:
  Detection Rate : 1.0000  (10/10)
  Misclass Rate  : 0.0000  (0/10)
  False Pos Rate : 0.0000  (0 FP / 10 GT)
  Avg Latency    : 16.90 frames
  Avg Jaccard    : 0.7250
Class FARMING:
  Detection Rate : 1.0000  (12/12)
  Misclass Rate  : 0.0000  (0/12)
  False Pos Rate : 0.0000  (0 FP / 12 GT)
  Avg Latency    : 23.67 frames
  Avg Jaccard    : 0.5758
Class FEBRUARY:
  Detection Rate : 1.0000  (10/10)
  Misclass Rate  : 0.0000  (0/10)
  False Pos Rate : 0.0000  (0 FP / 10 GT)
  Avg Latency    : 23.00 frames
  Avg Jaccard    : 0.6446
Class GO:
  Detection Rate : 1.0000  (10/10)
  Misclass Rate  : 0.0000  (0/10)
  False Pos Rate : 0.0000  (0 FP / 10 GT)
  Avg Latency    : 12.60 frames
  Avg Jaccard    : 0.4461
Class GREETINGS:
  Detection Rate : 0.5455  (6/11)
  Misclass Rate  : 0.4545  (5/11)
  False Pos Rate : 0.0000  (0 FP / 11 GT)
  Avg Latency    : 23.50 frames
  Avg Jaccard    : 0.2008
Class OUR:
  Detection Rate : 1.0000  (8/8)
  Misclass Rate  : 0.0000  (0/8)
  False Pos Rate : 0.1250  (1 FP / 8 GT)
  Avg Latency    : 28.12 frames
  Avg Jaccard    : 0.4411
Class READ:
  Detection Rate : 1.0000  (10/10)
  Misclass Rate  : 0.0000  (0/10)
  False Pos Rate : 0.1000  (1 FP / 10 GT)
  Avg Latency    : 21.30 frames
  Avg Jaccard    : 0.6857
Class SMALL:
  Detection Rate : 1.0000  (11/11)
  Misclass Rate  : 0.0000  (0/11)
  False Pos Rate : 0.0000  (0 FP / 11 GT)
  Avg Latency    : 22.00 frames
  Avg Jaccard    : 0.6207
Class TIGER:
  Detection Rate : 1.0000  (10/10)
  Misclass Rate  : 0.0000  (0/10)
  False Pos Rate : 0.0000  (0 FP / 10 GT)
  Avg Latency    : 27.70 frames
  Avg Jaccard    : 0.4992
Class TRAIN:
  Detection Rate : 1.0000  (8/8)
  Misclass Rate  : 0.0000  (0/8)
  False Pos Rate : 1.1250  (9 FP / 8 GT)
  Avg Latency    : 11.38 frames
  Avg Jaccard    : 0.3366
Class UGLY:
  Detection Rate : 1.0000  (10/10)
  Misclass Rate  : 0.0000  (0/10)
  False Pos Rate : 0.0000  (0 FP / 10 GT)
  Avg Latency    : 20.30 frames
  Avg Jaccard    : 0.5626
Class VAN:
  Detection Rate : 1.0000  (11/11)
  Misclass Rate  : 0.0000  (0/11)
  False Pos Rate : 0.0000  (0 FP / 11 GT)
  Avg Latency    : 32.82 frames
  Avg Jaccard    : 0.4777
Class WHAT:
  Detection Rate : 0.0000  (0/10)
  Misclass Rate  : 0.0000  (0/10)
  False Pos Rate : 0.1000  (1 FP / 10 GT)
  Avg Latency    : nan frames
  Avg Jaccard    : 0.0208
Class WHICH:
  Detection Rate : 1.0000  (9/9)
  Misclass Rate  : 0.0000  (0/9)
  False Pos Rate : 0.0000  (0 FP / 9 GT)
  Avg Latency    : 19.11 frames
  Avg Jaccard    : 0.6212
Class WRITE:
  Detection Rate : 1.0000  (10/10)
  Misclass Rate  : 0.0000  (0/10)
  False Pos Rate : 0.0000  (0 FP / 10 GT)
  Avg Latency    : 24.00 frames
  Avg Jaccard    : 0.6279

--- Macro averages (across all classes) ---
  Detection Rate : 0.9059
  Misclass Rate  : 0.0347
  False Pos Rate : 0.0693
  Jaccard Index  : 0.5119
============================================================
Saved model checkpoint: trained_models/20260703T144325Z_thct_net_val-0.9954_72276dbd.pt
Training curves saved to: trained_models/plots/curves_test_user3_20260703T095056Z.png

======================================================================
FOLD: test_user=user5, dev_users=['user1', 'user2', 'user3']
======================================================================

============================================================
SPLIT: test_user=user5, dev_users=['user1', 'user2', 'user3']
============================================================
Dev removed by filter   : {'missing_data': 1, 'low_confidence': 1, 'too_short': 3}
Test removed by filter  : {'too_short': 2}
Train segments (filtered): 1423
Val segments (filtered)  : 272
Test segments (filtered) : 592
Label mapping (string -> ID):
  np.str_('AUGUST') -> 0
  np.str_('BIG') -> 1
  np.str_('BIRD') -> 2
  np.str_('BOAT') -> 3
  np.str_('COME') -> 4
  np.str_('DRIVER') -> 5
  np.str_('FARMING') -> 6
  np.str_('FEBRUARY') -> 7
  np.str_('GO') -> 8
  np.str_('GREETINGS') -> 9
  np.str_('OUR') -> 10
  np.str_('READ') -> 11
  np.str_('SMALL') -> 12
  np.str_('TIGER') -> 13
  np.str_('TRAIN') -> 14
  np.str_('UGLY') -> 15
  np.str_('VAN') -> 16
  np.str_('WHAT') -> 17
  np.str_('WHICH') -> 18
  np.str_('WRITE') -> 19
  np.str_('background') -> 20

Total classes: 21
Background class ID: 20
WER catalog sizes -> train: 171, val: 33, test: 72
Train windows: 82710 | Val windows: 16142 | Test windows: 37406
Train batches: 575 | Val batches: 4036 | Test batches: 9352
Loss function: CrossEntropyLoss
Model: thct_net | Trainable params: 1,185,727
[thct_net] using normalization: palm_ref
Stabilization: grad_clip=True (norm=1.0), scheduler=True, early_stopping_patience=15
Model selection criterion: validation macro-F1
  -> [thct_net] new best in memory (val_f1=0.9737, val_acc=0.9867)
thct_net | Epoch 01 | Loss: 0.4702 | Train Acc: 0.8961 | Train F1: 0.8957 | Val Acc: 0.9867 | Val F1: 0.9737
  -> [thct_net] new best in memory (val_f1=0.9866, val_acc=0.9922)
thct_net | Epoch 02 | Loss: 0.0210 | Train Acc: 0.9942 | Train F1: 0.9942 | Val Acc: 0.9922 | Val F1: 0.9866
  -> [thct_net] new best in memory (val_f1=0.9888, val_acc=0.9939)
thct_net | Epoch 03 | Loss: 0.0112 | Train Acc: 0.9970 | Train F1: 0.9969 | Val Acc: 0.9939 | Val F1: 0.9888
thct_net | Epoch 04 | Loss: 0.0100 | Train Acc: 0.9971 | Train F1: 0.9970 | Val Acc: 0.9947 | Val F1: 0.9882
  -> [thct_net] new best in memory (val_f1=0.9934, val_acc=0.9966)
thct_net | Epoch 05 | Loss: 0.0066 | Train Acc: 0.9981 | Train F1: 0.9981 | Val Acc: 0.9966 | Val F1: 0.9934
thct_net | Epoch 06 | Loss: 0.0079 | Train Acc: 0.9977 | Train F1: 0.9977 | Val Acc: 0.9959 | Val F1: 0.9902
thct_net | Epoch 07 | Loss: 0.0054 | Train Acc: 0.9983 | Train F1: 0.9983 | Val Acc: 0.9957 | Val F1: 0.9907
thct_net | Epoch 08 | Loss: 0.0051 | Train Acc: 0.9985 | Train F1: 0.9985 | Val Acc: 0.9972 | Val F1: 0.9930
thct_net | Epoch 09 | Loss: 0.0047 | Train Acc: 0.9987 | Train F1: 0.9987 | Val Acc: 0.9939 | Val F1: 0.9869
thct_net | Epoch 10 | Loss: 0.0039 | Train Acc: 0.9990 | Train F1: 0.9990 | Val Acc: 0.9965 | Val F1: 0.9902

thct_net per-epoch summary:
      model normalization  epoch  train_loss  train_batch_acc  train_f1   val_acc    val_f1
0  thct_net      palm_ref      1    0.470155         0.896087  0.895748  0.986681  0.973723
1  thct_net      palm_ref      2    0.021026         0.994215  0.994162  0.992194  0.986591
2  thct_net      palm_ref      3    0.011218         0.996957  0.996937  0.993867  0.988812
3  thct_net      palm_ref      4    0.009967         0.997053  0.997036  0.994672  0.988198
4  thct_net      palm_ref      5    0.006607         0.998104  0.998085  0.996593  0.993415
5  thct_net      palm_ref      6    0.007907         0.997693  0.997672  0.995911  0.990189
6  thct_net      palm_ref      7    0.005384         0.998273  0.998260  0.995725  0.990657
7  thct_net      palm_ref      8    0.005122         0.998539  0.998526  0.997212  0.993010
8  thct_net      palm_ref      9    0.004662         0.998659  0.998655  0.993929  0.986936
9  thct_net      palm_ref     10    0.003885         0.998961  0.998953  0.996469  0.990186
[thct_net] best model restored from memory.

========== TRAIN WINDOW-LEVEL REPORT ==========
Accuracy: 0.9984
              precision    recall  f1-score   support

      AUGUST       1.00      1.00      1.00      4068
         BIG       0.98      1.00      0.99      3972
        BIRD       1.00      1.00      1.00      3960
        BOAT       1.00      1.00      1.00      3720
        COME       1.00      0.99      1.00      3756
      DRIVER       1.00      1.00      1.00      4020
     FARMING       1.00      1.00      1.00      3936
    FEBRUARY       1.00      1.00      1.00      3780
          GO       1.00      1.00      1.00      3888
   GREETINGS       1.00      1.00      1.00      4236
         OUR       1.00      1.00      1.00      3828
        READ       1.00      1.00      1.00      3972
       SMALL       1.00      0.98      0.99      3780
       TIGER       1.00      1.00      1.00      3828
       TRAIN       1.00      1.00      1.00      3996
        UGLY       1.00      1.00      1.00      3864
         VAN       1.00      1.00      1.00      4140
        WHAT       1.00      1.00      1.00      3948
       WHICH       1.00      1.00      1.00      4128
       WRITE       1.00      1.00      1.00      3948
  background       1.00      1.00      1.00      4032

    accuracy                           1.00     82800
   macro avg       1.00      1.00      1.00     82800
weighted avg       1.00      1.00      1.00     82800


========== VAL WINDOW-LEVEL REPORT ==========
Accuracy: 0.9966
              precision    recall  f1-score   support

      AUGUST       1.00      1.00      1.00       502
         BIG       1.00      1.00      1.00       191
        BIRD       0.99      1.00      1.00       311
        BOAT       0.96      1.00      0.98       230
        COME       1.00      0.97      0.99       228
      DRIVER       1.00      1.00      1.00       527
     FARMING       1.00      0.92      0.96       304
    FEBRUARY       1.00      1.00      1.00       456
          GO       0.99      1.00      1.00       140
   GREETINGS       1.00      1.00      1.00       397
         OUR       0.95      0.99      0.97       200
        READ       1.00      1.00      1.00       473
       SMALL       1.00      1.00      1.00       280
       TIGER       1.00      1.00      1.00       206
       TRAIN       1.00      1.00      1.00       291
        UGLY       1.00      1.00      1.00       273
         VAN       0.96      1.00      0.98       234
        WHAT       1.00      1.00      1.00        23
       WHICH       0.99      1.00      1.00       384
       WRITE       1.00      1.00      1.00       314
  background       1.00      1.00      1.00     10178

    accuracy                           1.00     16142
   macro avg       0.99      0.99      0.99     16142
weighted avg       1.00      1.00      1.00     16142

Confusion matrix saved to: trained_models/plots/confusion_matrices/val_confusion_normalized.png
Misclassification matrix saved to: trained_models/plots/confusion_matrices/val_confusion_misclassifications.png

========== TEST WINDOW-LEVEL REPORT ==========
Accuracy: 0.9730
              precision    recall  f1-score   support

      AUGUST       0.99      1.00      1.00      1049
         BIG       0.71      1.00      0.83       314
        BIRD       0.95      1.00      0.97       508
        BOAT       0.96      1.00      0.98       463
        COME       0.99      0.91      0.95       586
      DRIVER       1.00      1.00      1.00      1150
     FARMING       0.95      0.96      0.96       368
    FEBRUARY       0.85      0.98      0.91       831
          GO       0.79      0.68      0.73       349
   GREETINGS       1.00      0.72      0.84       766
         OUR       0.52      0.94      0.67       260
        READ       1.00      0.99      0.99       818
       SMALL       0.96      0.76      0.85       622
       TIGER       0.98      1.00      0.99       463
       TRAIN       0.99      1.00      0.99       756
        UGLY       0.66      0.94      0.77       494
         VAN       0.96      1.00      0.98       323
        WHAT       0.99      1.00      0.99        66
       WHICH       0.93      0.98      0.96       608
       WRITE       1.00      1.00      1.00       964
  background       1.00      0.99      0.99     25648

    accuracy                           0.97     37406
   macro avg       0.91      0.94      0.92     37406
weighted avg       0.98      0.97      0.97     37406

Confusion matrix saved to: trained_models/plots/confusion_matrices/test_confusion_normalized.png
Misclassification matrix saved to: trained_models/plots/confusion_matrices/test_confusion_misclassifications.png

========== WINDOW ACCURACY SUMMARY ==========
split  frame_accuracy
Train        0.998370
  Val        0.996593
 Test        0.972972

========== TEST (USER5) WER SUMMARY ==========
Normalization  : palm_ref
Stream mode    : thct_net_batch
Bag size       : 5  (167ms)
Aggregation    : mean
Conf threshold : 0.35
Min sign frames: 15  (500ms)
Total sequences evaluated: 72
Mean WER:   0.0521
Median WER: 0.0000
Std WER:    0.1149

Showing 5 example sequence(s):
  [1] user5 | P5_S10_R4
    Frames       : 750 | Missing ratio: 0.000
    Stream steps : 721 | Emitted: 3
    GT           : ['SMALL', 'FEBRUARY', 'BOAT']
    Prediction   : ['SMALL', 'FEBRUARY', 'BOAT']
    WER          : 0.0000
    Emit regions : [(58, 128, np.str_('SMALL')), (203, 308, np.str_('FEBRUARY')), (362, 426, np.str_('BOAT'))]
    GT segments  : [{'label': 'SMALL', 'start_frame': 37, 'end_frame': 108}, {'label': 'FEBRUARY', 'start_frame': 186, 'end_frame': 288}, {'label': 'BOAT', 'start_frame': 353, 'end_frame': 409}]
  [2] user5 | P5_S4_R8
    Frames       : 750 | Missing ratio: 0.000
    Stream steps : 721 | Emitted: 3
    GT           : ['BOAT', 'TRAIN', 'TIGER']
    Prediction   : ['BOAT', 'TRAIN', 'TIGER']
    WER          : 0.0000
    Emit regions : [(33, 86, np.str_('BOAT')), (226, 324, np.str_('TRAIN')), (429, 547, np.str_('TIGER'))]
    GT segments  : [{'label': 'BOAT', 'start_frame': 15, 'end_frame': 70}, {'label': 'TRAIN', 'start_frame': 216, 'end_frame': 300}, {'label': 'TIGER', 'start_frame': 410, 'end_frame': 508}]
  [3] user5 | P5_S3_R5
    Frames       : 750 | Missing ratio: 0.000
    Stream steps : 721 | Emitted: 4
    GT           : ['WRITE', 'FEBRUARY', 'UGLY', 'AUGUST']
    Prediction   : ['WRITE', 'FEBRUARY', 'UGLY', 'AUGUST']
    WER          : 0.0000
    Emit regions : [(33, 134, np.str_('WRITE')), (202, 293, np.str_('FEBRUARY')), (379, 451, np.str_('UGLY')), (557, 653, np.str_('AUGUST'))]
    GT segments  : [{'label': 'WRITE', 'start_frame': 12, 'end_frame': 113}, {'label': 'FEBRUARY', 'start_frame': 185, 'end_frame': 264}, {'label': 'UGLY', 'start_frame': 367, 'end_frame': 444}, {'label': 'AUGUST', 'start_frame': 540, 'end_frame': 638}]
  [4] user5 | P5_S2_R6
    Frames       : 750 | Missing ratio: 0.000
    Stream steps : 721 | Emitted: 4
    GT           : ['FARMING', 'BIG', 'VAN', 'SMALL']
    Prediction   : ['FARMING', 'BIG', 'VAN', 'SMALL']
    WER          : 0.0000
    Emit regions : [(33, 101, np.str_('FARMING')), (176, 234, np.str_('BIG')), (331, 384, np.str_('VAN')), (484, 543, np.str_('SMALL'))]
    GT segments  : [{'label': 'FARMING', 'start_frame': 20, 'end_frame': 76}, {'label': 'BIG', 'start_frame': 165, 'end_frame': 223}, {'label': 'VAN', 'start_frame': 308, 'end_frame': 366}, {'label': 'SMALL', 'start_frame': 445, 'end_frame': 532}]
  [5] user5 | P5_S2_R1
    Frames       : 750 | Missing ratio: 0.000
    Stream steps : 721 | Emitted: 4
    GT           : ['FARMING', 'BIG', 'VAN', 'SMALL']
    Prediction   : ['FARMING', 'BIG', 'VAN', 'SMALL']
    WER          : 0.0000
    Emit regions : [(33, 79, np.str_('FARMING')), (155, 201, np.str_('BIG')), (309, 365, np.str_('VAN')), (437, 482, np.str_('SMALL'))]
    GT segments  : [{'label': 'FARMING', 'start_frame': 14, 'end_frame': 60}, {'label': 'BIG', 'start_frame': 144, 'end_frame': 192}, {'label': 'VAN', 'start_frame': 294, 'end_frame': 345}, {'label': 'SMALL', 'start_frame': 419, 'end_frame': 474}]
[test_user5_20260703T095056Z] metadata -> trained_models/results/test_user5_20260703t095056z_metadata.parquet
[test_user5_20260703T095056Z] arrays   -> trained_models/results/test_user5_20260703t095056z_arrays.npz
  sequences : 72
  npz keys  : 576

========== DEV VAL WER SUMMARY ==========
Normalization  : palm_ref
Stream mode    : thct_net_batch
Bag size       : 5  (167ms)
Aggregation    : mean
Conf threshold : 0.35
Min sign frames: 15  (500ms)
Total sequences evaluated: 33
Mean WER:   0.0076
Median WER: 0.0000
Std WER:    0.0429

Showing 5 example sequence(s):
  [1] user1 | P1_S2_R5
    Frames       : 750 | Missing ratio: 0.000
    Stream steps : 721 | Emitted: 4
    GT           : ['FARMING', 'BIG', 'VAN', 'SMALL']
    Prediction   : ['FARMING', 'BIG', 'VAN', 'SMALL']
    WER          : 0.0000
    Emit regions : [(46, 154, np.str_('FARMING')), (209, 294, np.str_('BIG')), (382, 480, np.str_('VAN')), (548, 644, np.str_('SMALL'))]
    GT segments  : [{'label': 'FARMING', 'start_frame': 28, 'end_frame': 138}, {'label': 'BIG', 'start_frame': 198, 'end_frame': 277}, {'label': 'VAN', 'start_frame': 369, 'end_frame': 462}, {'label': 'SMALL', 'start_frame': 527, 'end_frame': 616}]
  [2] user1 | P1_S7_R3
    Frames       : 750 | Missing ratio: 0.027
    Stream steps : 721 | Emitted: 3
    GT           : ['COME', 'DRIVER', 'BIRD']
    Prediction   : ['COME', 'DRIVER', 'BIRD']
    WER          : 0.0000
    Emit regions : [(69, 158, np.str_('COME')), (226, 351, np.str_('DRIVER')), (398, 500, np.str_('BIRD'))]
    GT segments  : [{'label': 'COME', 'start_frame': 49, 'end_frame': 132}, {'label': 'DRIVER', 'start_frame': 202, 'end_frame': 332}, {'label': 'BIRD', 'start_frame': 377, 'end_frame': 481}]
  [3] user1 | P1_S8_R4
    Frames       : 750 | Missing ratio: 0.000
    Stream steps : 721 | Emitted: 4
    GT           : ['BIG', 'GREETINGS', 'WHICH', 'FARMING']
    Prediction   : ['BIG', 'GREETINGS', 'WHICH', 'FARMING']
    WER          : 0.0000
    Emit regions : [(70, 139, np.str_('BIG')), (258, 366, np.str_('GREETINGS')), (408, 520, np.str_('WHICH')), (571, 638, np.str_('FARMING'))]
    GT segments  : [{'label': 'BIG', 'start_frame': 56, 'end_frame': 114}, {'label': 'GREETINGS', 'start_frame': 242, 'end_frame': 346}, {'label': 'WHICH', 'start_frame': 393, 'end_frame': 487}, {'label': 'FARMING', 'start_frame': 559, 'end_frame': 624}]
  [4] user1 | P1_S5_R7
    Frames       : 750 | Missing ratio: 0.000
    Stream steps : 721 | Emitted: 4
    GT           : ['BIRD', 'WHAT', 'DRIVER', 'GREETINGS']
    Prediction   : ['BIRD', 'WHAT', 'DRIVER', 'GREETINGS']
    WER          : 0.0000
    Emit regions : [(57, 141, np.str_('BIRD')), (175, 209, np.str_('WHAT')), (283, 401, np.str_('DRIVER')), (469, 565, np.str_('GREETINGS'))]
    GT segments  : [{'label': 'BIRD', 'start_frame': 38, 'end_frame': 116}, {'label': 'WHAT', 'start_frame': 158, 'end_frame': 192}, {'label': 'DRIVER', 'start_frame': 269, 'end_frame': 383}, {'label': 'GREETINGS', 'start_frame': 448, 'end_frame': 548}]
  [5] user1 | P1_S6_R5
    Frames       : 750 | Missing ratio: 0.000
    Stream steps : 721 | Emitted: 3
    GT           : ['WHICH', 'OUR', 'TRAIN']
    Prediction   : ['WHICH', 'OUR', 'TRAIN']
    WER          : 0.0000
    Emit regions : [(42, 141, np.str_('WHICH')), (198, 258, np.str_('OUR')), (309, 396, np.str_('TRAIN'))]
    GT segments  : [{'label': 'WHICH', 'start_frame': 27, 'end_frame': 110}, {'label': 'OUR', 'start_frame': 177, 'end_frame': 237}, {'label': 'TRAIN', 'start_frame': 297, 'end_frame': 374}]
[val_user5_20260703T095056Z] metadata -> trained_models/results/val_user5_20260703t095056z_metadata.parquet
[val_user5_20260703T095056Z] arrays   -> trained_models/results/val_user5_20260703t095056z_arrays.npz
  sequences : 33
  npz keys  : 264

============================================================
STREAMING METRICS EVALUATION (from WER outputs) — Test (user5)
============================================================
Sequences: 72 | Classes: 21
Running: original+corrected


────────────────────────────────────────────────────────────
CORRECTED METRICS (SHREC'21 protocol) — Test (user5)
────────────────────────────────────────────────────────────
============================================================
GLOBAL RESULTS  (Corrected — SHREC'21 protocol)
============================================================
Class AUGUST:
  Detection Rate : 1.0000  (12/12)
  Misclass Rate  : 0.0000  (0/12)
  False Pos Rate : 0.0000  (0 FP / 12 GT)
  Avg Latency    : 17.75 frames
  Avg Jaccard    : 0.7315
Class BIG:
  Detection Rate : 0.9333  (14/15)
  Misclass Rate  : 0.0000  (0/15)
  False Pos Rate : 0.2667  (4 FP / 15 GT)
  Avg Latency    : 10.36 frames
  Avg Jaccard    : 0.4441
Class BIRD:
  Detection Rate : 1.0000  (13/13)
  Misclass Rate  : 0.0000  (0/13)
  False Pos Rate : 0.0000  (0 FP / 13 GT)
  Avg Latency    : 19.54 frames
  Avg Jaccard    : 0.4984
Class BOAT:
  Detection Rate : 1.0000  (14/14)
  Misclass Rate  : 0.0000  (0/14)
  False Pos Rate : 0.0000  (0 FP / 14 GT)
  Avg Latency    : 16.50 frames
  Avg Jaccard    : 0.6139
Class COME:
  Detection Rate : 1.0000  (15/15)
  Misclass Rate  : 0.0000  (0/15)
  False Pos Rate : 0.0000  (0 FP / 15 GT)
  Avg Latency    : 26.40 frames
  Avg Jaccard    : 0.4851
Class DRIVER:
  Detection Rate : 1.0000  (13/13)
  Misclass Rate  : 0.0000  (0/13)
  False Pos Rate : 0.0000  (0 FP / 13 GT)
  Avg Latency    : 13.69 frames
  Avg Jaccard    : 0.7668
Class FARMING:
  Detection Rate : 0.8667  (13/15)
  Misclass Rate  : 0.0000  (0/15)
  False Pos Rate : 0.1333  (2 FP / 15 GT)
  Avg Latency    : 16.54 frames
  Avg Jaccard    : 0.3544
Class FEBRUARY:
  Detection Rate : 1.0000  (13/13)
  Misclass Rate  : 0.0000  (0/13)
  False Pos Rate : 0.0000  (0 FP / 13 GT)
  Avg Latency    : 22.92 frames
  Avg Jaccard    : 0.6621
Class GO:
  Detection Rate : 1.0000  (13/13)
  Misclass Rate  : 0.0000  (0/13)
  False Pos Rate : 0.0000  (0 FP / 13 GT)
  Avg Latency    : 35.15 frames
  Avg Jaccard    : 0.4672
Class GREETINGS:
  Detection Rate : 0.6923  (9/13)
  Misclass Rate  : 0.3077  (4/13)
  False Pos Rate : 0.0000  (0 FP / 13 GT)
  Avg Latency    : 17.22 frames
  Avg Jaccard    : 0.3464
Class OUR:
  Detection Rate : 0.9286  (13/14)
  Misclass Rate  : 0.0714  (1/14)
  False Pos Rate : 0.3571  (5 FP / 14 GT)
  Avg Latency    : 22.62 frames
  Avg Jaccard    : 0.2989
Class READ:
  Detection Rate : 1.0000  (12/12)
  Misclass Rate  : 0.0000  (0/12)
  False Pos Rate : 0.0000  (0 FP / 12 GT)
  Avg Latency    : 15.33 frames
  Avg Jaccard    : 0.7631
Class SMALL:
  Detection Rate : 0.7857  (11/14)
  Misclass Rate  : 0.0714  (1/14)
  False Pos Rate : 0.0714  (1 FP / 14 GT)
  Avg Latency    : 24.73 frames
  Avg Jaccard    : 0.3901
Class TIGER:
  Detection Rate : 1.0000  (12/12)
  Misclass Rate  : 0.0000  (0/12)
  False Pos Rate : 0.0000  (0 FP / 12 GT)
  Avg Latency    : 18.33 frames
  Avg Jaccard    : 0.5154
Class TRAIN:
  Detection Rate : 1.0000  (14/14)
  Misclass Rate  : 0.0000  (0/14)
  False Pos Rate : 0.0000  (0 FP / 14 GT)
  Avg Latency    : 14.50 frames
  Avg Jaccard    : 0.6782
Class UGLY:
  Detection Rate : 1.0000  (12/12)
  Misclass Rate  : 0.0000  (0/12)
  False Pos Rate : 0.0833  (1 FP / 12 GT)
  Avg Latency    : 28.25 frames
  Avg Jaccard    : 0.5988
Class VAN:
  Detection Rate : 1.0000  (12/12)
  Misclass Rate  : 0.0000  (0/12)
  False Pos Rate : 0.0000  (0 FP / 12 GT)
  Avg Latency    : 17.25 frames
  Avg Jaccard    : 0.5044
Class WHAT:
  Detection Rate : 1.0000  (10/10)
  Misclass Rate  : 0.0000  (0/10)
  False Pos Rate : 0.0000  (0 FP / 10 GT)
  Avg Latency    : 13.80 frames
  Avg Jaccard    : 0.4584
Class WHICH:
  Detection Rate : 1.0000  (13/13)
  Misclass Rate  : 0.0000  (0/13)
  False Pos Rate : 0.0000  (0 FP / 13 GT)
  Avg Latency    : 22.54 frames
  Avg Jaccard    : 0.5187
Class WRITE:
  Detection Rate : 1.0000  (12/12)
  Misclass Rate  : 0.0000  (0/12)
  False Pos Rate : 0.0000  (0 FP / 12 GT)
  Avg Latency    : 16.50 frames
  Avg Jaccard    : 0.7111

--- Macro averages (across all classes) ---
  Detection Rate : 0.9579
  Misclass Rate  : 0.0230
  False Pos Rate : 0.0498
  Jaccard Index  : 0.5404
============================================================
Saved model checkpoint: trained_models/20260703T163027Z_thct_net_val-0.9966_310ff56c.pt
Training curves saved to: trained_models/plots/curves_test_user5_20260703T095056Z.png

======================================================================
FINAL SUMMARY ACROSS ALL FOLDS
======================================================================
test_user           dev_users  best_val_acc  best_val_f1  test_mean_wer                                                      saved_path
    user1 user2, user3, user5      0.995745     0.988597       0.183114 trained_models/20260703T112458Z_thct_net_val-0.9957_530df1cc.pt
    user2 user1, user3, user5      0.994755     0.988519       0.063927 trained_models/20260703T130153Z_thct_net_val-0.9948_94175fc5.pt
    user3 user1, user2, user5      0.995434     0.990804       0.083333 trained_models/20260703T144325Z_thct_net_val-0.9954_72276dbd.pt
    user5 user1, user2, user3      0.996593     0.993415       0.052083 trained_models/20260703T163027Z_thct_net_val-0.9966_310ff56c.pt

LOUO Mean Test WER: 0.0956 ± 0.0517
LOUO Best Val Acc:  0.9956 ± 0.0007
LOUO Best Val F1:   0.9903 ± 0.0020
