[ignoring loop detection] kaggle command: !python main.py --test-user user1 --comment "running on new modified model" --dataset-root "/kaggle/input/datasets/shoabahamed/sign-language-thesis/dataset/dataset" --glosses-per-batch 12 --samples-per-gloss 12 --augment --dropout-prob 0.3 --dropout-rate 0.15
==================================================
COMMENT: running on new modified model
==================================================
RUN START TIME (UTC): 20260703T020540Z
Log filepath        : trained_models/logs/run_single_user1_20260703T020540Z.log
==================================================
COMMAND LINE ARGUMENTS:
  --louo      : False
  --test_mode : False
  --test_user : user1
  --epochs    : 7
  --lr        : 0.0003
  --save_dir  : trained_models
  --dataset_root: /kaggle/input/datasets/shoabahamed/sign-language-thesis/dataset/dataset
  --glosses_per_batch: 12
  --samples_per_gloss: 12
  --comment   : running on new modified model
  --from_checkpoint: False
  --focal_loss: False
  --focal_gamma: 2.0
  --exclude_train_seq: 
  --augment   : True
  --rotation_prob: 0.5
  --rotation_range: 8.0
  --scaling_prob: 0.5
  --scaling_min: 0.95
  --scaling_max: 1.05
  --noise_prob: 0.5
  --noise_std : 2.0
  --dropout_prob: 0.3
  --dropout_rate: 0.15
==================================================
CENTRAL HYPERPARAMETERS:
  Device            : cuda
  Dataset root      : /kaggle/input/datasets/shoabahamed/sign-language-thesis/dataset/dataset
  Glosses/batch     : 12
  Samples/gloss     : 12
  Seed              : 42
  Dev-Val Ratio     : 0.12
  Batch size        : 4
  Test mode         : False
  Model name        : thct_net
  Normalization     : palm_ref
  Learning rate     : 0.0003
  Epochs            : 7
  From checkpoint   : False
  D_MODEL           : 128
  NUM_HEADS         : 4
  NUM_TRANS_LAYERS  : 4
  BASE_CH           : 64
  Dropout           : 0.1
  Decoder bag size  : 5
  Decoder threshold : 0.35
  Loss function     : CrossEntropyLoss
  Augmentation      : True
    Rotation prob   : 0.5 (range: ±8.0 deg)
    Scaling prob    : 0.5 (range: [0.95, 1.05])
    Noise prob      : 0.5 (std: 2.0 mm)
    Dropout prob    : 0.3 (rate: 0.15)
==================================================

Using device: cuda
Dataset root: /kaggle/input/datasets/shoabahamed/sign-language-thesis/dataset/dataset
Matched recordings per user:
  user1: 76 recordings
  user2: 73 recordings
  user3: 55 recordings
  user5: 72 recordings

[A
[A
[A
[A
[A
[A
[A
[A
[A
[A
[A
[A
[A
[A
[A
[A
[A
[A
[A
[A
[A
[A
[A
[A
[A
[A
[A
[A
[A
[A
[A
[A
[A
[A
[A
[A
[A
[A
[A
[A
[A
[A
[A
[A
[A
[A
[A
[A
[A
[A
[A
[A
[A
[A
[A
[A
[A
[A
[A
[A
[A
[A
[A
[A
[A
[A
[A
[A
[A
[A
[A
[A
[A
[A
[A
[A
[A
[A
[A
[A
[A
[A
[A
[A
[A
[A
[A
[A
[A
[A
[A
[A
[A
[A
[A
[A
[A
[A
[A
[A
[A
[A
[A
[A
[A
[A
[A
[A
[A
[A
[A
[A
[A
[A
[A
[A
[A
[A
[A
[A
[A
[A
[A
[A
[A
[A
[A
[A
[A
[A
[A
[A
[A
[A
[A
[A
[A
[A
[A
[A
[A
[A
[A
[A
[A
[A
[A
[A
[A
[A
[A
[A
[A
[A
[A
[A
[A
[A
[A
[A
[A
[A
[A
[A
[A
[A
[A
[A
[A
[A
[A
[A
[A
[A
[A
[A
[A
[A
[A
[A
[A
[A
[A
[A
[A
[A
[A
[A
[A
[A
[A
[A
[A
[A
[A
[A
[A
[A
[A
[A
[A
[A
[A
[A
[A
[A
[A
[A
[A
[A
[A
[A
[A
[A
[A
[A
[A
[A
[A
[A
[A
[A
[A
[A
[A
[A
[A
[A
[A
[A
[A
[A
[A
[A
[A
[A
[A
[A
[A
[A
[A
[A
[A
[A
[A
[A
[A
[A
[A
[A
[A
[A
[A
[A
[A
[A
[A
[A
[A
[A
[A
[A
[A
[A
[A
[A
[A
[A
[A
[A
[A
[A
[A
[A
[A
[A
[A
[A
[A
[A
[A
[A
[A
[A
[A
[A
[A
[A
[A
[A
[A
[A
[A
[A
[A
[A
[A
[A
[A
[A
[A
[A
[A
[A

[A
[A
[A
[A
[A
[A
[A
[A
[A
[A
[A
[A
[A
[A
[A
[A
[A
[A
[A
[A
[A
[A
[A
[A
[A
[A
[A
[A
[A
[A
[A
[A
[A
[A
[A
[A
[A
[A
[A
[A
[A
[A
[A
[A
[A
[A
[A
[A
[A
[A
[A
[A
[A
[A
[A
[A
[A
[A
[A
[A
[A
[A
[A
[A
[A
[A
[A
[A
[A
[A
[A
[A
[A
[A
[A
[A
[A
[A
[A
[A
[A
[A
[A
[A
[A
[A
[A
[A
[A
[A
[A
[A
[A
[A
[A
[A
[A
[A
[A
[A
[A
[A
[A
[A
[A
[A
[A
[A
[A
[A
[A
[A
[A
[A
[A
[A
[A
[A
[A
[A
[A
[A
[A
[A
[A
[A
[A
[A
[A
[A
[A
[A
[A
[A
[A
[A
[A
[A
[A
[A
[A
[A
[A
[A
[A
[A
[A
[A
[A
[A
[A
[A
[A
[A
[A
[A
[A
[A
[A
[A
[A
[A
[A
[A
[A
[A
[A
[A
[A
[A
[A
[A
[A
[A
[A
[A
[A
[A
[A
[A
[A
[A
[A
[A
[A
[A
[A
[A
[A
[A
[A
[A
[A
[A
[A
[A
[A
[A
[A
[A
[A
[A
[A
[A
[A
[A
[A
[A
[A
[A
[A
[A
[A
[A
[A
[A
[A
[A
[A
[A
[A
[A
[A
[A
[A
[A
[A
[A
[A
[A
[A
[A
[A
[A
[A
[A
[A
[A
[A
[A
[A
[A
[A
[A
[A
[A
[A
[A
[A
[A
[A
[A
[A
[A
[A
[A
[A
[A
[A
[A
[A
[A
[A
[A
[A
[A
[A
[A
[A
[A
[A
[A
[A
[A
[A
[A
[A

[A
[A
[A
[A
[A
[A
[A
[A
[A
[A
[A
[A
[A
[A
[A
[A
[A
[A
[A
[A
[A
[A
[A
[A
[A
[A
[A
[A
[A
[A
[A
[A
[A
[A
[A
[A
[A
[A
[A
[A
[A
[A
[A
[A
[A
[A
[A
[A
[A
[A
[A
[A
[A
[A
[A
[A
[A
[A
[A
[A
[A
[A
[A
[A
[A
[A
[A
[A
[A
[A
[A
[A
[A
[A
[A
[A
[A
[A
[A
[A
[A
[A
[A
[A
[A
[A
[A
[A
[A
[A
[A
[A
[A
[A
[A
[A
[A
[A
[A
[A
[A
[A
[A
[A
[A
[A
[A
[A
[A
[A
[A
[A
[A
[A
[A
[A
[A
[A
[A
[A
[A
[A
[A
[A
[A
[A
[A
[A
[A
[A
[A
[A
[A
[A
[A
[A
[A
[A
[A
[A
[A
[A
[A
[A
[A
[A
[A
[A
[A
[A
[A
[A
[A
[A
[A
[A
[A
[A
[A
[A
[A
[A
[A
[A
[A
[A
[A
[A
[A
[A
[A
[A
[A
[A
[A
[A
[A
[A
[A
[A
[A
[A
[A
[A
[A
[A
[A
[A
[A
[A
[A
[A
[A
[A
[A
[A
[A
[A
[A
[A
[A
[A
[A
[A
[A
[A
[A
[A
[A
[A
[A
[A
[A
[A
[A
[A
[A
[A
[A
[A

[A
[A
[A
[A
[A
[A
[A
[A
[A
[A
[A
[A
[A
[A
[A
[A
[A
[A
[A
[A
[A
[A
[A
[A
[A
[A
[A
[A
[A
[A
[A
[A
[A
[A
[A
[A
[A
[A
[A
[A
[A
[A
[A
[A
[A
[A
[A
[A
[A
[A
[A
[A
[A
[A
[A
[A
[A
[A
[A
[A
[A
[A
[A
[A
[A
[A
[A
[A
[A
[A
[A
[A
[A
[A
[A
[A
[A
[A
[A
[A
[A
[A
[A
[A
[A
[A
[A
[A
[A
[A
[A
[A
[A
[A
[A
[A
[A
[A
[A
[A
[A
[A
[A
[A
[A
[A
[A
[A
[A
[A
[A
[A
[A
[A
[A
[A
[A
[A
[A
[A
[A
[A
[A
[A
[A
[A
[A
[A
[A
[A
[A
[A
[A
[A
[A
[A
[A
[A
[A
[A
[A
[A
[A
[A
[A
[A
[A
[A
[A
[A
[A
[A
[A
[A
[A
[A
[A
[A
[A
[A
[A
[A
[A
[A
[A
[A
[A
[A
[A
[A
[A
[A
[A
[A
[A
[A
[A
[A
[A
[A
[A
[A
[A
[A
[A
[A
[A
[A
[A
[A
[A
[A
[A
[A
[A
[A
[A
[A
[A
[A
[A
[A
[A
[A
[A
[A
[A
[A
[A
[A
[A
[A
[A
[A
[A
[A
[A
[A
[A
[A
[A
[A
[A
[A
[A
[A
[A
[A
[A
[A
[A
[A
[A
[A
[A
[A
[A
[A
[A
[A
[A
[A
[A
[A
[A
[A
[A
[A
[A
[A
[A
[A
[A
[A
[A
[A
[A
[A
[A
[A
[A
[A
[A
[A
[A
[A
[A
[A
[A
[A
[A
[A
[A
[A
[A
[A
[A
[A
[A
[A
[A
[A
[A
[A
[A
[A
[A
[A

Total raw segments (sign + background): 2293
Available users: ['user1', 'user2', 'user3', 'user5']

======================================================================
FOLD: test_user=user1, dev_users=['user2', 'user3', 'user5']
======================================================================

============================================================
SPLIT: test_user=user1, dev_users=['user2', 'user3', 'user5']
============================================================
Dev removed by filter   : {'too_short': 5}
Test removed by filter  : {'missing_data': 1, 'low_confidence': 1}
Train segments (filtered): 1382
Val segments (filtered)  : 272
Test segments (filtered) : 633
Label mapping (string -> ID):
  np.str_('AUGUST') -> 0
  np.str_('BIG') -> 1
  np.str_('BIRD') -> 2
  np.str_('BOAT') -> 3
  np.str_('COME') -> 4
  np.str_('DRIVER') -> 5
  np.str_('FARMING') -> 6
  np.str_('FEBRUARY') -> 7
  np.str_('GO') -> 8
  np.str_('GREETINGS') -> 9
  np.str_('OUR') -> 10
  np.str_('READ') -> 11
  np.str_('SMALL') -> 12
  np.str_('TIGER') -> 13
  np.str_('TRAIN') -> 14
  np.str_('UGLY') -> 15
  np.str_('VAN') -> 16
  np.str_('WHAT') -> 17
  np.str_('WHICH') -> 18
  np.str_('WRITE') -> 19
  np.str_('background') -> 20

Total classes: 21
Background class ID: 20
WER catalog sizes -> train: 167, val: 33, test: 76
Train windows: 81451 | Val windows: 16218 | Test windows: 38589
Train batches: 566 | Val batches: 4055 | Test batches: 9648
Loss function: CrossEntropyLoss
Model: thct_net | Trainable params: 1,185,727
[thct_net] using normalization: palm_ref
Stabilization: grad_clip=True (norm=1.0), scheduler=True, early_stopping_patience=15
Model selection criterion: validation macro-F1
  -> [thct_net] new best in memory (val_f1=0.9689, val_acc=0.9866)
thct_net | Epoch 01 | Loss: 0.3974 | Train Acc: 0.9221 | Train F1: 0.9230 | Val Acc: 0.9866 | Val F1: 0.9689
  -> [thct_net] new best in memory (val_f1=0.9823, val_acc=0.9930)
thct_net | Epoch 02 | Loss: 0.0132 | Train Acc: 0.9970 | Train F1: 0.9970 | Val Acc: 0.9930 | Val F1: 0.9823
  -> [thct_net] new best in memory (val_f1=0.9871, val_acc=0.9941)
thct_net | Epoch 03 | Loss: 0.0067 | Train Acc: 0.9981 | Train F1: 0.9981 | Val Acc: 0.9941 | Val F1: 0.9871
thct_net | Epoch 04 | Loss: 0.0048 | Train Acc: 0.9988 | Train F1: 0.9988 | Val Acc: 0.9894 | Val F1: 0.9745
thct_net | Epoch 05 | Loss: 0.0035 | Train Acc: 0.9991 | Train F1: 0.9991 | Val Acc: 0.9920 | Val F1: 0.9806
  -> [thct_net] new best in memory (val_f1=0.9880, val_acc=0.9953)
thct_net | Epoch 06 | Loss: 0.0036 | Train Acc: 0.9990 | Train F1: 0.9990 | Val Acc: 0.9953 | Val F1: 0.9880
thct_net | Epoch 07 | Loss: 0.0031 | Train Acc: 0.9991 | Train F1: 0.9992 | Val Acc: 0.9940 | Val F1: 0.9855

thct_net per-epoch summary:
      model normalization  epoch  train_loss  train_batch_acc  train_f1   val_acc    val_f1
0  thct_net      palm_ref      1    0.397375         0.922127  0.922956  0.986558  0.968933
1  thct_net      palm_ref      2    0.013167         0.997019  0.997025  0.993032  0.982323
2  thct_net      palm_ref      3    0.006667         0.998111  0.998124  0.994142  0.987137
3  thct_net      palm_ref      4    0.004759         0.998834  0.998836  0.989394  0.974538
4  thct_net      palm_ref      5    0.003538         0.999068  0.999062  0.992046  0.980611
5  thct_net      palm_ref      6    0.003615         0.998969  0.998974  0.995314  0.988023
6  thct_net      palm_ref      7    0.003110         0.999141  0.999156  0.994019  0.985519
[thct_net] best model restored from memory.

========== TRAIN WINDOW-LEVEL REPORT ==========
Accuracy: 0.9999
              precision    recall  f1-score   support

      AUGUST       1.00      1.00      1.00      4056
         BIG       1.00      1.00      1.00      3984
        BIRD       1.00      1.00      1.00      4128
        BOAT       1.00      1.00      1.00      3792
        COME       1.00      1.00      1.00      3696
      DRIVER       1.00      1.00      1.00      3624
     FARMING       1.00      1.00      1.00      3948
    FEBRUARY       1.00      1.00      1.00      3864
          GO       1.00      1.00      1.00      3912
   GREETINGS       1.00      1.00      1.00      3804
         OUR       1.00      1.00      1.00      3804
        READ       1.00      1.00      1.00      3900
       SMALL       1.00      1.00      1.00      3840
       TIGER       1.00      1.00      1.00      3672
       TRAIN       1.00      1.00      1.00      3852
        UGLY       1.00      1.00      1.00      3924
         VAN       1.00      1.00      1.00      4248
        WHAT       1.00      1.00      1.00      3912
       WHICH       1.00      1.00      1.00      3840
       WRITE       1.00      1.00      1.00      3756
  background       1.00      1.00      1.00      3948

    accuracy                           1.00     81504
   macro avg       1.00      1.00      1.00     81504
weighted avg       1.00      1.00      1.00     81504


========== VAL WINDOW-LEVEL REPORT ==========
Accuracy: 0.9953
              precision    recall  f1-score   support

      AUGUST       0.99      1.00      0.99       534
         BIG       1.00      1.00      1.00       150
        BIRD       0.99      1.00      1.00       266
        BOAT       1.00      1.00      1.00       229
        COME       0.99      0.97      0.98       179
      DRIVER       0.99      1.00      1.00       548
     FARMING       0.97      0.90      0.93       238
    FEBRUARY       1.00      1.00      1.00       437
          GO       0.91      1.00      0.95       116
   GREETINGS       1.00      1.00      1.00       379
         OUR       0.96      1.00      0.98       151
        READ       1.00      1.00      1.00       409
       SMALL       1.00      1.00      1.00       258
       TIGER       0.99      1.00      1.00       182
       TRAIN       1.00      1.00      1.00       280
        UGLY       1.00      0.98      0.99       243
         VAN       0.89      1.00      0.94       185
        WHAT       1.00      1.00      1.00        15
       WHICH       1.00      0.98      0.99       373
       WRITE       1.00      1.00      1.00       369
  background       1.00      1.00      1.00     10677

    accuracy                           1.00     16218
   macro avg       0.99      0.99      0.99     16218
weighted avg       1.00      1.00      1.00     16218

Confusion matrix saved to: trained_models/plots/confusion_matrices/val_confusion_normalized.png
Misclassification matrix saved to: trained_models/plots/confusion_matrices/val_confusion_misclassifications.png

========== TEST WINDOW-LEVEL REPORT ==========
Accuracy: 0.9419
              precision    recall  f1-score   support

      AUGUST       0.91      1.00      0.96       971
         BIG       1.00      0.79      0.88       655
        BIRD       0.93      0.99      0.96       892
        BOAT       0.94      0.92      0.93       589
        COME       0.93      0.64      0.76       779
      DRIVER       1.00      0.98      0.99      1250
     FARMING       0.98      0.82      0.89      1257
    FEBRUARY       0.84      0.93      0.89       994
          GO       0.95      0.78      0.86       465
   GREETINGS       1.00      0.74      0.85       846
         OUR       0.73      0.96      0.83       591
        READ       1.00      0.95      0.98      1256
       SMALL       0.67      0.99      0.80       815
       TIGER       0.85      0.99      0.91       657
       TRAIN       0.86      0.60      0.71       880
        UGLY       0.81      0.92      0.86       779
         VAN       0.98      0.97      0.97       828
        WHAT       0.89      1.00      0.94        75
       WHICH       0.77      0.65      0.70       884
       WRITE       1.00      1.00      1.00       422
  background       0.97      0.99      0.98     22704

    accuracy                           0.94     38589
   macro avg       0.91      0.89      0.89     38589
weighted avg       0.95      0.94      0.94     38589

Confusion matrix saved to: trained_models/plots/confusion_matrices/test_confusion_normalized.png
Misclassification matrix saved to: trained_models/plots/confusion_matrices/test_confusion_misclassifications.png

========== WINDOW ACCURACY SUMMARY ==========
split  frame_accuracy
Train        0.999890
  Val        0.995314
 Test        0.941926

========== TEST (USER1) WER SUMMARY ==========
Normalization  : palm_ref
Stream mode    : thct_net_batch
Bag size       : 5  (167ms)
Aggregation    : mean
Conf threshold : 0.35
Min sign frames: 15  (500ms)
Total sequences evaluated: 76
Mean WER:   0.1875
Median WER: 0.0000
Std WER:    0.2392

Showing 5 example sequence(s):
  [1] user1 | P1_S7_R5
    Frames       : 750 | Missing ratio: 0.000
    Stream steps : 721 | Emitted: 3
    GT           : ['COME', 'DRIVER', 'BIRD']
    Prediction   : ['COME', 'DRIVER', 'BIRD']
    WER          : 0.0000
    Emit regions : [(55, 129, np.str_('COME')), (198, 342, np.str_('DRIVER')), (412, 515, np.str_('BIRD'))]
    GT segments  : [{'label': 'COME', 'start_frame': 38, 'end_frame': 115}, {'label': 'DRIVER', 'start_frame': 187, 'end_frame': 327}, {'label': 'BIRD', 'start_frame': 393, 'end_frame': 497}]
  [2] user1 | P1_S10_R1
    Frames       : 750 | Missing ratio: 0.000
    Stream steps : 721 | Emitted: 3
    GT           : ['SMALL', 'FEBRUARY', 'BOAT']
    Prediction   : ['SMALL', 'FEBRUARY', 'BOAT']
    WER          : 0.0000
    Emit regions : [(47, 134, np.str_('SMALL')), (198, 290, np.str_('FEBRUARY')), (318, 393, np.str_('BOAT'))]
    GT segments  : [{'label': 'SMALL', 'start_frame': 35, 'end_frame': 122}, {'label': 'FEBRUARY', 'start_frame': 178, 'end_frame': 273}, {'label': 'BOAT', 'start_frame': 309, 'end_frame': 387}]
  [3] user1 | P1_S2_R5
    Frames       : 750 | Missing ratio: 0.000
    Stream steps : 721 | Emitted: 5
    GT           : ['FARMING', 'BIG', 'VAN', 'SMALL']
    Prediction   : ['FARMING', 'SMALL', 'VAN', 'SMALL', 'SMALL']
    WER          : 0.5000
    Emit regions : [(45, 154, np.str_('FARMING')), (209, 295, np.str_('SMALL')), (377, 479, np.str_('VAN')), (539, 645, np.str_('SMALL')), (681, 699, np.str_('SMALL'))]
    GT segments  : [{'label': 'FARMING', 'start_frame': 28, 'end_frame': 138}, {'label': 'BIG', 'start_frame': 198, 'end_frame': 277}, {'label': 'VAN', 'start_frame': 369, 'end_frame': 462}, {'label': 'SMALL', 'start_frame': 527, 'end_frame': 616}]
  [4] user1 | P1_S3_R1
    Frames       : 750 | Missing ratio: 0.000
    Stream steps : 721 | Emitted: 5
    GT           : ['WRITE', 'FEBRUARY', 'UGLY', 'AUGUST']
    Prediction   : ['WRITE', 'FEBRUARY', 'UGLY', 'UGLY', 'AUGUST']
    WER          : 0.2500
    Emit regions : [(44, 130, np.str_('WRITE')), (231, 370, np.str_('FEBRUARY')), (415, 458, np.str_('UGLY')), (471, 546, np.str_('UGLY')), (623, 749, np.str_('AUGUST'))]
    GT segments  : [{'label': 'WRITE', 'start_frame': 39, 'end_frame': 115}, {'label': 'FEBRUARY', 'start_frame': 213, 'end_frame': 357}, {'label': 'UGLY', 'start_frame': 408, 'end_frame': 531}, {'label': 'AUGUST', 'start_frame': 595, 'end_frame': 735}]
  [5] user1 | P1_S2_R4
    Frames       : 750 | Missing ratio: 0.000
    Stream steps : 721 | Emitted: 4
    GT           : ['FARMING', 'BIG', 'VAN', 'SMALL']
    Prediction   : ['FARMING', 'SMALL', 'VAN', 'SMALL']
    WER          : 0.2500
    Emit regions : [(33, 128, np.str_('FARMING')), (201, 313, np.str_('SMALL')), (379, 471, np.str_('VAN')), (544, 614, np.str_('SMALL'))]
    GT segments  : [{'label': 'FARMING', 'start_frame': 19, 'end_frame': 134}, {'label': 'BIG', 'start_frame': 197, 'end_frame': 279}, {'label': 'VAN', 'start_frame': 369, 'end_frame': 458}, {'label': 'SMALL', 'start_frame': 523, 'end_frame': 610}]
[test_user1_20260703T020540Z] metadata -> trained_models/results/test_user1_20260703t020540z_metadata.parquet
[test_user1_20260703T020540Z] arrays   -> trained_models/results/test_user1_20260703t020540z_arrays.npz
  sequences : 76
  npz keys  : 608

========== DEV VAL WER SUMMARY ==========
Normalization  : palm_ref
Stream mode    : thct_net_batch
Bag size       : 5  (167ms)
Aggregation    : mean
Conf threshold : 0.35
Min sign frames: 15  (500ms)
Total sequences evaluated: 33
Mean WER:   0.0000
Median WER: 0.0000
Std WER:    0.0000

Showing 5 example sequence(s):
  [1] user2 | P2_S10_R5
    Frames       : 750 | Missing ratio: 0.000
    Stream steps : 721 | Emitted: 3
    GT           : ['SMALL', 'FEBRUARY', 'BOAT']
    Prediction   : ['SMALL', 'FEBRUARY', 'BOAT']
    WER          : 0.0000
    Emit regions : [(72, 140, np.str_('SMALL')), (345, 495, np.str_('FEBRUARY')), (555, 606, np.str_('BOAT'))]
    GT segments  : [{'label': 'SMALL', 'start_frame': 53, 'end_frame': 117}, {'label': 'FEBRUARY', 'start_frame': 331, 'end_frame': 477}, {'label': 'BOAT', 'start_frame': 543, 'end_frame': 589}]
  [2] user2 | P2_S7_R2
    Frames       : 600 | Missing ratio: 0.000
    Stream steps : 571 | Emitted: 3
    GT           : ['COME', 'DRIVER', 'BIRD']
    Prediction   : ['COME', 'DRIVER', 'BIRD']
    WER          : 0.0000
    Emit regions : [(74, 129, np.str_('COME')), (171, 301, np.str_('DRIVER')), (413, 500, np.str_('BIRD'))]
    GT segments  : [{'label': 'COME', 'start_frame': 61, 'end_frame': 99}, {'label': 'DRIVER', 'start_frame': 156, 'end_frame': 281}, {'label': 'BIRD', 'start_frame': 395, 'end_frame': 477}]
  [3] user2 | P2_S6_R4
    Frames       : 750 | Missing ratio: 0.000
    Stream steps : 721 | Emitted: 3
    GT           : ['WHICH', 'OUR', 'TRAIN']
    Prediction   : ['WHICH', 'OUR', 'TRAIN']
    WER          : 0.0000
    Emit regions : [(78, 192, np.str_('WHICH')), (287, 324, np.str_('OUR')), (501, 555, np.str_('TRAIN'))]
    GT segments  : [{'label': 'WHICH', 'start_frame': 65, 'end_frame': 173}, {'label': 'OUR', 'start_frame': 261, 'end_frame': 306}, {'label': 'TRAIN', 'start_frame': 483, 'end_frame': 543}]
  [4] user2 | P2_S2_R5
    Frames       : 750 | Missing ratio: 0.000
    Stream steps : 721 | Emitted: 4
    GT           : ['FARMING', 'BIG', 'VAN', 'SMALL']
    Prediction   : ['FARMING', 'BIG', 'VAN', 'SMALL']
    WER          : 0.0000
    Emit regions : [(74, 142, np.str_('FARMING')), (242, 310, np.str_('BIG')), (432, 484, np.str_('VAN')), (653, 716, np.str_('SMALL'))]
    GT segments  : [{'label': 'FARMING', 'start_frame': 62, 'end_frame': 115}, {'label': 'BIG', 'start_frame': 233, 'end_frame': 285}, {'label': 'VAN', 'start_frame': 420, 'end_frame': 459}, {'label': 'SMALL', 'start_frame': 634, 'end_frame': 694}]
  [5] user2 | P2_S5_R2
    Frames       : 600 | Missing ratio: 0.000
    Stream steps : 571 | Emitted: 4
    GT           : ['BIRD', 'WHAT', 'DRIVER', 'GREETINGS']
    Prediction   : ['BIRD', 'WHAT', 'DRIVER', 'GREETINGS']
    WER          : 0.0000
    Emit regions : [(49, 114, np.str_('BIRD')), (151, 183, np.str_('WHAT')), (235, 358, np.str_('DRIVER')), (389, 439, np.str_('GREETINGS'))]
    GT segments  : [{'label': 'BIRD', 'start_frame': 31, 'end_frame': 101}, {'label': 'WHAT', 'start_frame': 140, 'end_frame': 161}, {'label': 'DRIVER', 'start_frame': 222, 'end_frame': 343}, {'label': 'GREETINGS', 'start_frame': 374, 'end_frame': 426}]
[val_user1_20260703T020540Z] metadata -> trained_models/results/val_user1_20260703t020540z_metadata.parquet
[val_user1_20260703T020540Z] arrays   -> trained_models/results/val_user1_20260703t020540z_arrays.npz
  sequences : 33
  npz keys  : 264

============================================================
STREAMING METRICS EVALUATION (from WER outputs) — Test (user1)
============================================================
Sequences: 76 | Classes: 21
Running: original+corrected


────────────────────────────────────────────────────────────
ORIGINAL METRICS (Duo Streamers baseline) — Test (user1)
────────────────────────────────────────────────────────────
==================================================
GLOBAL RESULTS (Original / Duo Streamers version)
==================================================
Class AUGUST:
  Detection Rate : 0.3333
  FP Rate (buggy): 0.0000
  Avg Latency    : 19.46 frames
  Avg Jaccard    : 0.7229
Class BIG:
  Detection Rate : 0.0625
  FP Rate (buggy): 0.0400
  Avg Latency    : 32.00 frames
  Avg Jaccard    : 0.4322
Class BIRD:
  Detection Rate : 0.3333
  FP Rate (buggy): 0.0714
  Avg Latency    : 19.38 frames
  Avg Jaccard    : 0.6660
Class BOAT:
  Detection Rate : 0.3333
  FP Rate (buggy): 0.0714
  Avg Latency    : 25.15 frames
  Avg Jaccard    : 0.5843
Class COME:
  Detection Rate : 0.2381
  FP Rate (buggy): 0.0000
  Avg Latency    : 40.10 frames
  Avg Jaccard    : 0.3715
Class DRIVER:
  Detection Rate : 0.3333
  FP Rate (buggy): 0.0000
  Avg Latency    : 26.85 frames
  Avg Jaccard    : 0.6955
Class FARMING:
  Detection Rate : 0.3333
  FP Rate (buggy): 0.0000
  Avg Latency    : 34.75 frames
  Avg Jaccard    : 0.5847
Class FEBRUARY:
  Detection Rate : 0.3333
  FP Rate (buggy): 0.1333
  Avg Latency    : 17.85 frames
  Avg Jaccard    : 0.6955
Class GO:
  Detection Rate : 0.2000
  FP Rate (buggy): 0.1176
  Avg Latency    : 33.67 frames
  Avg Jaccard    : 0.3461
Class GREETINGS:
  Detection Rate : 0.2381
  FP Rate (buggy): 0.0233
  Avg Latency    : 29.20 frames
  Avg Jaccard    : 0.4538
Class OUR:
  Detection Rate : 0.3333
  FP Rate (buggy): 0.0455
  Avg Latency    : 19.71 frames
  Avg Jaccard    : 0.5951
Class READ:
  Detection Rate : 0.3111
  FP Rate (buggy): 0.0000
  Avg Latency    : 27.14 frames
  Avg Jaccard    : 0.6861
Class SMALL:
  Detection Rate : 0.3333
  FP Rate (buggy): 0.2615
  Avg Latency    : 14.62 frames
  Avg Jaccard    : 0.7287
Class TIGER:
  Detection Rate : 0.1538
  FP Rate (buggy): 0.1522
  Avg Latency    : 16.67 frames
  Avg Jaccard    : 0.4216
Class TRAIN:
  Detection Rate : 0.2222
  FP Rate (buggy): 0.0526
  Avg Latency    : 23.00 frames
  Avg Jaccard    : 0.4800
Class UGLY:
  Detection Rate : 0.3333
  FP Rate (buggy): 0.0488
  Avg Latency    : 17.00 frames
  Avg Jaccard    : 0.6199
Class VAN:
  Detection Rate : 0.3333
  FP Rate (buggy): 0.0000
  Avg Latency    : 24.69 frames
  Avg Jaccard    : 0.5718
Class WHAT:
  Detection Rate : 0.0476
  FP Rate (buggy): 0.1765
  Avg Latency    : 25.50 frames
  Avg Jaccard    : 0.2612
Class WHICH:
  Detection Rate : 0.3333
  FP Rate (buggy): 0.0250
  Avg Latency    : 14.38 frames
  Avg Jaccard    : 0.5730
Class WRITE:
  Detection Rate : 0.3333
  FP Rate (buggy): 0.0000
  Avg Latency    : 17.77 frames
  Avg Jaccard    : 0.5793

--- Macro averages ---
  Overall Detection Rate : 0.2724
  Overall FPR (buggy)    : 0.0679
  Overall Jaccard Index  : 0.5535  
==================================================

────────────────────────────────────────────────────────────
CORRECTED METRICS (SHREC'21 protocol) — Test (user1)
────────────────────────────────────────────────────────────
============================================================
GLOBAL RESULTS  (Corrected — SHREC'21 protocol)
============================================================
Class AUGUST:
  Detection Rate : 1.0000  (13/13)
  Misclass Rate  : 0.0000  (0/13)
  False Pos Rate : 0.0000  (0 FP / 13 GT)
  Avg Latency    : 19.46 frames
  Avg Jaccard    : 0.7423
Class BIG:
  Detection Rate : 0.3125  (5/16)
  Misclass Rate  : 0.6875  (11/16)
  False Pos Rate : 0.0000  (0 FP / 16 GT)
  Avg Latency    : 36.20 frames
  Avg Jaccard    : 0.1020
Class BIRD:
  Detection Rate : 1.0000  (13/13)
  Misclass Rate  : 0.0000  (0/13)
  False Pos Rate : 0.0000  (0 FP / 13 GT)
  Avg Latency    : 19.38 frames
  Avg Jaccard    : 0.6759
Class BOAT:
  Detection Rate : 1.0000  (13/13)
  Misclass Rate  : 0.0000  (0/13)
  False Pos Rate : 0.2308  (3 FP / 13 GT)
  Avg Latency    : 25.15 frames
  Avg Jaccard    : 0.6665
Class COME:
  Detection Rate : 0.7143  (10/14)
  Misclass Rate  : 0.1429  (2/14)
  False Pos Rate : 0.1429  (2 FP / 14 GT)
  Avg Latency    : 40.10 frames
  Avg Jaccard    : 0.3456
Class DRIVER:
  Detection Rate : 1.0000  (13/13)
  Misclass Rate  : 0.0000  (0/13)
  False Pos Rate : 0.0000  (0 FP / 13 GT)
  Avg Latency    : 26.85 frames
  Avg Jaccard    : 0.7677
Class FARMING:
  Detection Rate : 0.9375  (15/16)
  Misclass Rate  : 0.0625  (1/16)
  False Pos Rate : 0.1250  (2 FP / 16 GT)
  Avg Latency    : 33.67 frames
  Avg Jaccard    : 0.5306
Class FEBRUARY:
  Detection Rate : 1.0000  (13/13)
  Misclass Rate  : 0.0000  (0/13)
  False Pos Rate : 0.0769  (1 FP / 13 GT)
  Avg Latency    : 17.85 frames
  Avg Jaccard    : 0.6772
Class GO:
  Detection Rate : 0.9333  (14/15)
  Misclass Rate  : 0.0000  (0/15)
  False Pos Rate : 0.0667  (1 FP / 15 GT)
  Avg Latency    : 34.21 frames
  Avg Jaccard    : 0.4628
Class GREETINGS:
  Detection Rate : 0.6429  (9/14)
  Misclass Rate  : 0.2857  (4/14)
  False Pos Rate : 0.0714  (1 FP / 14 GT)
  Avg Latency    : 25.89 frames
  Avg Jaccard    : 0.3386
Class OUR:
  Detection Rate : 1.0000  (14/14)
  Misclass Rate  : 0.0000  (0/14)
  False Pos Rate : 0.0714  (1 FP / 14 GT)
  Avg Latency    : 19.71 frames
  Avg Jaccard    : 0.5517
Class READ:
  Detection Rate : 0.9333  (14/15)
  Misclass Rate  : 0.0667  (1/15)
  False Pos Rate : 0.0000  (0 FP / 15 GT)
  Avg Latency    : 27.14 frames
  Avg Jaccard    : 0.7778
Class SMALL:
  Detection Rate : 0.9375  (15/16)
  Misclass Rate  : 0.0000  (0/16)
  False Pos Rate : 0.3750  (6 FP / 16 GT)
  Avg Latency    : 15.20 frames
  Avg Jaccard    : 0.4583
Class TIGER:
  Detection Rate : 1.0000  (13/13)
  Misclass Rate  : 0.0000  (0/13)
  False Pos Rate : 0.0000  (0 FP / 13 GT)
  Avg Latency    : 19.62 frames
  Avg Jaccard    : 0.4960
Class TRAIN:
  Detection Rate : 0.5833  (7/12)
  Misclass Rate  : 0.0000  (0/12)
  False Pos Rate : 0.4167  (5 FP / 12 GT)
  Avg Latency    : 23.00 frames
  Avg Jaccard    : 0.2992
Class UGLY:
  Detection Rate : 0.8462  (11/13)
  Misclass Rate  : 0.0000  (0/13)
  False Pos Rate : 0.3846  (5 FP / 13 GT)
  Avg Latency    : 18.36 frames
  Avg Jaccard    : 0.3968
Class VAN:
  Detection Rate : 1.0000  (16/16)
  Misclass Rate  : 0.0000  (0/16)
  False Pos Rate : 0.0000  (0 FP / 16 GT)
  Avg Latency    : 24.69 frames
  Avg Jaccard    : 0.6832
Class WHAT:
  Detection Rate : 0.1429  (2/14)
  Misclass Rate  : 0.0000  (0/14)
  False Pos Rate : 0.5714  (8 FP / 14 GT)
  Avg Latency    : 18.50 frames
  Avg Jaccard    : 0.1159
Class WHICH:
  Detection Rate : 0.9231  (12/13)
  Misclass Rate  : 0.0000  (0/13)
  False Pos Rate : 1.1538  (15 FP / 13 GT)
  Avg Latency    : 13.33 frames
  Avg Jaccard    : 0.2361
Class WRITE:
  Detection Rate : 1.0000  (13/13)
  Misclass Rate  : 0.0000  (0/13)
  False Pos Rate : 0.0000  (0 FP / 13 GT)
  Avg Latency    : 17.77 frames
  Avg Jaccard    : 0.6678

--- Macro averages (across all classes) ---
  Detection Rate : 0.8423
  Misclass Rate  : 0.0681
  False Pos Rate : 0.1792
  Jaccard Index  : 0.4996
============================================================
Saved model checkpoint: trained_models/20260703T032334Z_thct_net_val-0.9953_f7ff5934.pt
Training curves saved to: trained_models/plots/curves_test_user1_20260703T020540Z.png

======================================================================
FINAL SUMMARY ACROSS ALL FOLDS
======================================================================
test_user           dev_users  best_val_acc  best_val_f1  test_mean_wer                                                      saved_path
    user1 user2, user3, user5      0.995314     0.988023         0.1875 trained_models/20260703T032334Z_thct_net_val-0.9953_f7ff5934.pt
