[ignoring loop detection]
==================================================
COMMENT: running on all folds with final version with same rotation for both hand and fixed sampler per epoch
==================================================
RUN START TIME (UTC): 20260709T002610Z
Log filepath        : trained_models/logs/run_LOUO_20260709T002610Z.log
==================================================
COMMAND LINE ARGUMENTS:
  --louo      : True
  --test_mode : False
  --test_user : user3
  --seed      : 44
  --epochs    : 10
  --lr        : 0.0003
  --save_dir  : trained_models
  --dataset_root: /kaggle/input/datasets/shoabahamed/sign-language-thesis/dataset/dataset
  --glosses_per_batch: 12
  --samples_per_gloss: 12
  --comment   : running on all folds with final version with same rotation for both hand and fixed sampler per epoch
  --from_checkpoint: False
  --focal_loss: False
  --focal_gamma: 2.0
  --exclude_train_seq: 
  --augment   : True
  --rotation_prob: 0.5
  --rotation_range: 8.0
  --scaling_prob: 0.5
  --scaling_min: 0.95
  --scaling_max: 1.05
  --noise_prob: 0.5
  --noise_std : 2.0
  --dropout_prob: 0.35
  --dropout_rate: 0.15
  --user1_epochs: None
  --user1_lr  : None
  --user1_glosses_per_batch: None
  --user1_samples_per_gloss: None
  --user1_focal_loss: None
  --user1_focal_gamma: None
  --user1_exclude_train_seq: None
  --user1_augment: None
  --user1_rotation_prob: None
  --user1_rotation_range: None
  --user1_scaling_prob: None
  --user1_scaling_min: None
  --user1_scaling_max: None
  --user1_noise_prob: None
  --user1_noise_std: None
  --user1_dropout_prob: None
  --user1_dropout_rate: None
  --user2_epochs: None
  --user2_lr  : None
  --user2_glosses_per_batch: None
  --user2_samples_per_gloss: None
  --user2_focal_loss: None
  --user2_focal_gamma: None
  --user2_exclude_train_seq: None
  --user2_augment: None
  --user2_rotation_prob: None
  --user2_rotation_range: None
  --user2_scaling_prob: None
  --user2_scaling_min: None
  --user2_scaling_max: None
  --user2_noise_prob: None
  --user2_noise_std: None
  --user2_dropout_prob: None
  --user2_dropout_rate: None
  --user3_epochs: None
  --user3_lr  : None
  --user3_glosses_per_batch: None
  --user3_samples_per_gloss: None
  --user3_focal_loss: None
  --user3_focal_gamma: None
  --user3_exclude_train_seq: None
  --user3_augment: None
  --user3_rotation_prob: None
  --user3_rotation_range: None
  --user3_scaling_prob: None
  --user3_scaling_min: None
  --user3_scaling_max: None
  --user3_noise_prob: None
  --user3_noise_std: None
  --user3_dropout_prob: None
  --user3_dropout_rate: None
  --user5_epochs: None
  --user5_lr  : None
  --user5_glosses_per_batch: None
  --user5_samples_per_gloss: None
  --user5_focal_loss: None
  --user5_focal_gamma: None
  --user5_exclude_train_seq: None
  --user5_augment: None
  --user5_rotation_prob: None
  --user5_rotation_range: None
  --user5_scaling_prob: None
  --user5_scaling_min: None
  --user5_scaling_max: None
  --user5_noise_prob: None
  --user5_noise_std: None
  --user5_dropout_prob: None
  --user5_dropout_rate: None
==================================================
CENTRAL HYPERPARAMETERS:
  Device            : cuda
  Dataset root      : /kaggle/input/datasets/shoabahamed/sign-language-thesis/dataset/dataset
  Glosses/batch     : 12
  Samples/gloss     : 12
  Seed              : 44
  Dev-Val Ratio     : 0.12
  Batch size        : 4
  Test mode         : False
  Model name        : thct_net
  Normalization     : palm_ref
  Learning rate     : 0.0003
  Epochs            : 10
  From checkpoint   : False
  D_MODEL           : 128
  NUM_HEADS         : 4
  NUM_TRANS_LAYERS  : 4
  BASE_CH           : 64
  Dropout           : 0.1
  Decoder bag size  : 5
  Decoder threshold : 0.35
  Loss function     : CrossEntropyLoss
  Augmentation      : True
    Rotation prob   : 0.5 (range: ±8.0 deg)
    Scaling prob    : 0.5 (range: [0.95, 1.05])
    Noise prob      : 0.5 (std: 2.0 mm)
    Dropout prob    : 0.35 (rate: 0.15)
  Per-user overrides: see RESOLVED PER-USER FOLD CONFIGURATIONS below
==================================================

Using device: cuda
Dataset root: /kaggle/input/datasets/shoabahamed/sign-language-thesis/dataset/dataset
Matched recordings per user:
  user1: 76 recordings
  user2: 73 recordings
  user3: 55 recordings
  user5: 72 recordings

[A
[A
[A
[A
[A
[A
[A
[A
[A
[A
[A
[A
[A
[A
[A
[A
[A
[A
[A
[A
[A
[A
[A
[A
[A
[A
[A
[A
[A
[A
[A
[A
[A
[A
[A
[A
[A
[A
[A
[A
[A
[A
[A
[A
[A
[A
[A
[A
[A
[A
[A
[A
[A
[A
[A
[A
[A
[A
[A
[A
[A
[A
[A
[A
[A
[A
[A
[A
[A
[A
[A
[A
[A
[A
[A
[A
[A
[A
[A
[A
[A
[A
[A
[A
[A
[A
[A
[A
[A
[A
[A
[A
[A
[A
[A
[A
[A
[A
[A
[A
[A
[A
[A
[A
[A
[A
[A
[A
[A
[A
[A
[A
[A
[A
[A
[A
[A
[A
[A
[A
[A
[A
[A
[A
[A
[A
[A
[A
[A
[A
[A
[A
[A
[A
[A
[A
[A
[A
[A
[A
[A
[A
[A
[A
[A
[A
[A
[A
[A
[A
[A
[A
[A
[A
[A
[A
[A
[A
[A
[A
[A
[A
[A
[A
[A
[A
[A
[A
[A
[A
[A
[A
[A
[A
[A
[A
[A
[A
[A
[A
[A
[A
[A
[A
[A
[A
[A
[A
[A
[A
[A
[A
[A
[A
[A
[A
[A
[A
[A
[A
[A
[A
[A
[A
[A
[A
[A
[A
[A
[A
[A
[A
[A
[A
[A
[A
[A
[A
[A
[A
[A
[A
[A
[A
[A
[A
[A
[A
[A
[A
[A
[A
[A
[A
[A
[A
[A
[A
[A
[A
[A
[A
[A
[A
[A
[A
[A
[A
[A
[A
[A
[A
[A
[A
[A
[A
[A
[A
[A
[A
[A
[A
[A
[A
[A
[A
[A
[A
[A
[A
[A
[A
[A
[A
[A
[A
[A
[A
[A
[A
[A
[A
[A
[A
[A
[A
[A
[A
[A
[A
[A
[A
[A
[A
[A
[A
[A
[A
[A
[A
[A
[A
[A
[A
[A

[A
[A
[A
[A
[A
[A
[A
[A
[A
[A
[A
[A
[A
[A
[A
[A
[A
[A
[A
[A
[A
[A
[A
[A
[A
[A
[A
[A
[A
[A
[A
[A
[A
[A
[A
[A
[A
[A
[A
[A
[A
[A
[A
[A
[A
[A
[A
[A
[A
[A
[A
[A
[A
[A
[A
[A
[A
[A
[A
[A
[A
[A
[A
[A
[A
[A
[A
[A
[A
[A
[A
[A
[A
[A
[A
[A
[A
[A
[A
[A
[A
[A
[A
[A
[A
[A
[A
[A
[A
[A
[A
[A
[A
[A
[A
[A
[A
[A
[A
[A
[A
[A
[A
[A
[A
[A
[A
[A
[A
[A
[A
[A
[A
[A
[A
[A
[A
[A
[A
[A
[A
[A
[A
[A
[A
[A
[A
[A
[A
[A
[A
[A
[A
[A
[A
[A
[A
[A
[A
[A
[A
[A
[A
[A
[A
[A
[A
[A
[A
[A
[A
[A
[A
[A
[A
[A
[A
[A
[A
[A
[A
[A
[A
[A
[A
[A
[A
[A
[A
[A
[A
[A
[A
[A
[A
[A
[A
[A
[A
[A
[A
[A
[A
[A
[A
[A
[A
[A
[A
[A
[A
[A
[A
[A
[A
[A
[A
[A
[A
[A
[A
[A
[A
[A
[A
[A
[A
[A
[A
[A
[A
[A
[A
[A
[A
[A
[A
[A
[A
[A
[A
[A
[A
[A
[A
[A
[A
[A
[A
[A
[A
[A
[A
[A
[A
[A
[A
[A
[A
[A
[A
[A
[A
[A
[A
[A
[A
[A
[A
[A
[A
[A
[A
[A
[A
[A
[A
[A
[A
[A
[A
[A
[A
[A
[A
[A
[A
[A
[A
[A
[A
[A
[A
[A
[A
[A
[A
[A
[A
[A
[A
[A
[A
[A
[A
[A
[A
[A
[A
[A
[A
[A

[A
[A
[A
[A
[A
[A
[A
[A
[A
[A
[A
[A
[A
[A
[A
[A
[A
[A
[A
[A
[A
[A
[A
[A
[A
[A
[A
[A
[A
[A
[A
[A
[A
[A
[A
[A
[A
[A
[A
[A
[A
[A
[A
[A
[A
[A
[A
[A
[A
[A
[A
[A
[A
[A
[A
[A
[A
[A
[A
[A
[A
[A
[A
[A
[A
[A
[A
[A
[A
[A
[A
[A
[A
[A
[A
[A
[A
[A
[A
[A
[A
[A
[A
[A
[A
[A
[A
[A
[A
[A
[A
[A
[A
[A
[A
[A
[A
[A
[A
[A
[A
[A
[A
[A
[A
[A
[A
[A
[A
[A
[A
[A
[A
[A
[A
[A
[A
[A
[A
[A
[A
[A
[A
[A
[A
[A
[A
[A
[A
[A
[A
[A
[A
[A
[A
[A
[A
[A
[A
[A
[A
[A
[A
[A
[A
[A
[A
[A
[A
[A
[A
[A
[A
[A
[A
[A
[A
[A
[A
[A
[A
[A
[A
[A
[A
[A
[A
[A
[A
[A
[A
[A
[A
[A
[A
[A
[A
[A
[A
[A
[A
[A
[A
[A
[A
[A
[A
[A
[A
[A
[A
[A
[A
[A
[A
[A
[A
[A
[A
[A
[A
[A
[A
[A
[A
[A
[A
[A
[A
[A
[A
[A
[A
[A
[A
[A
[A
[A
[A
[A

[A
[A
[A
[A
[A
[A
[A
[A
[A
[A
[A
[A
[A
[A
[A
[A
[A
[A
[A
[A
[A
[A
[A
[A
[A
[A
[A
[A
[A
[A
[A
[A
[A
[A
[A
[A
[A
[A
[A
[A
[A
[A
[A
[A
[A
[A
[A
[A
[A
[A
[A
[A
[A
[A
[A
[A
[A
[A
[A
[A
[A
[A
[A
[A
[A
[A
[A
[A
[A
[A
[A
[A
[A
[A
[A
[A
[A
[A
[A
[A
[A
[A
[A
[A
[A
[A
[A
[A
[A
[A
[A
[A
[A
[A
[A
[A
[A
[A
[A
[A
[A
[A
[A
[A
[A
[A
[A
[A
[A
[A
[A
[A
[A
[A
[A
[A
[A
[A
[A
[A
[A
[A
[A
[A
[A
[A
[A
[A
[A
[A
[A
[A
[A
[A
[A
[A
[A
[A
[A
[A
[A
[A
[A
[A
[A
[A
[A
[A
[A
[A
[A
[A
[A
[A
[A
[A
[A
[A
[A
[A
[A
[A
[A
[A
[A
[A
[A
[A
[A
[A
[A
[A
[A
[A
[A
[A
[A
[A
[A
[A
[A
[A
[A
[A
[A
[A
[A
[A
[A
[A
[A
[A
[A
[A
[A
[A
[A
[A
[A
[A
[A
[A
[A
[A
[A
[A
[A
[A
[A
[A
[A
[A
[A
[A
[A
[A
[A
[A
[A
[A
[A
[A
[A
[A
[A
[A
[A
[A
[A
[A
[A
[A
[A
[A
[A
[A
[A
[A
[A
[A
[A
[A
[A
[A
[A
[A
[A
[A
[A
[A
[A
[A
[A
[A
[A
[A
[A
[A
[A
[A
[A
[A
[A
[A
[A
[A
[A
[A
[A
[A
[A
[A
[A
[A
[A
[A
[A
[A
[A
[A
[A
[A
[A
[A
[A
[A
[A
[A

Total raw segments (sign + background): 2293
Available users: ['user1', 'user2', 'user3', 'user5']

######################################################################
LEAVE-ONE-OUT USER CROSS-VALIDATION
Users to evaluate: ['user1', 'user2', 'user3', 'user5']
######################################################################

======================================================================
RESOLVED PER-USER FOLD CONFIGURATIONS
======================================================================

  [user1]
    epochs=10, lr=0.0003, augment=True
    aug: rot_p=0.5, rot_r=±8.0, scale_p=0.5, scale=[0.95,1.05], noise_p=0.5, noise_std=2.0, drop_p=0.35, drop_r=0.15

  [user2]
    epochs=10, lr=0.0003, augment=True
    aug: rot_p=0.5, rot_r=±8.0, scale_p=0.5, scale=[0.95,1.05], noise_p=0.5, noise_std=2.0, drop_p=0.35, drop_r=0.15

  [user3]
    epochs=10, lr=0.0003, augment=True
    aug: rot_p=0.5, rot_r=±8.0, scale_p=0.5, scale=[0.95,1.05], noise_p=0.5, noise_std=2.0, drop_p=0.35, drop_r=0.15

  [user5]
    epochs=10, lr=0.0003, augment=True
    aug: rot_p=0.5, rot_r=±8.0, scale_p=0.5, scale=[0.95,1.05], noise_p=0.5, noise_std=2.0, drop_p=0.35, drop_r=0.15
======================================================================


──────────────────────────────────────────────────────────────────────
FOLD CONFIG: test_user=user1
──────────────────────────────────────────────────────────────────────
  Epochs            : 10
  Learning rate     : 0.0003
  Glosses/batch     : 12
  Samples/gloss     : 12
  Loss function     : CrossEntropyLoss
  Augmentation      : True
    Rotation prob   : 0.5 (range: ±8.0 deg)
    Scaling prob    : 0.5 (range: [0.95, 1.05])
    Noise prob      : 0.5 (std: 2.0 mm)
    Dropout prob    : 0.35 (rate: 0.15)
──────────────────────────────────────────────────────────────────────

======================================================================
FOLD: test_user=user1, dev_users=['user2', 'user3', 'user5']
======================================================================
Fold seed: 540 (base 44 + user offset)

============================================================
SPLIT: test_user=user1, dev_users=['user2', 'user3', 'user5']
============================================================
Dev removed by filter   : {'too_short': 5}
Test removed by filter  : {'missing_data': 1, 'low_confidence': 1}
Train segments (filtered): 1384
Val segments (filtered)  : 270
Test segments (filtered) : 633
Label mapping (string -> ID):
  np.str_('AUGUST') -> 0
  np.str_('BIG') -> 1
  np.str_('BIRD') -> 2
  np.str_('BOAT') -> 3
  np.str_('COME') -> 4
  np.str_('DRIVER') -> 5
  np.str_('FARMING') -> 6
  np.str_('FEBRUARY') -> 7
  np.str_('GO') -> 8
  np.str_('GREETINGS') -> 9
  np.str_('OUR') -> 10
  np.str_('READ') -> 11
  np.str_('SMALL') -> 12
  np.str_('TIGER') -> 13
  np.str_('TRAIN') -> 14
  np.str_('UGLY') -> 15
  np.str_('VAN') -> 16
  np.str_('WHAT') -> 17
  np.str_('WHICH') -> 18
  np.str_('WRITE') -> 19
  np.str_('background') -> 20

Total classes: 21
Background class ID: 20
WER catalog sizes -> train: 167, val: 33, test: 76
Train windows: 81589 | Val windows: 16080 | Test windows: 38589
Train batches: 567 | Val batches: 4020 | Test batches: 9648
Loss function: CrossEntropyLoss
Model: thct_net | Trainable params: 1,185,727
[thct_net] using normalization: palm_ref
Stabilization: grad_clip=True (norm=1.0), scheduler=True, early_stopping_patience=15
Model selection criterion: validation macro-F1
  -> [thct_net] new best in memory (val_f1=0.9748, val_acc=0.9863)
thct_net | Epoch 01 | Loss: 0.4028 | Train Acc: 0.9208 | Train F1: 0.9208 | Val Loss: 0.0582 | Val Acc: 0.9863 | Val F1: 0.9748
  -> [thct_net] new best in memory (val_f1=0.9780, val_acc=0.9891)
thct_net | Epoch 02 | Loss: 0.0139 | Train Acc: 0.9967 | Train F1: 0.9967 | Val Loss: 0.0430 | Val Acc: 0.9891 | Val F1: 0.9780
  -> [thct_net] new best in memory (val_f1=0.9815, val_acc=0.9912)
thct_net | Epoch 03 | Loss: 0.0070 | Train Acc: 0.9983 | Train F1: 0.9983 | Val Loss: 0.0408 | Val Acc: 0.9912 | Val F1: 0.9815
  -> [thct_net] new best in memory (val_f1=0.9819, val_acc=0.9928)
thct_net | Epoch 04 | Loss: 0.0068 | Train Acc: 0.9982 | Train F1: 0.9982 | Val Loss: 0.0326 | Val Acc: 0.9928 | Val F1: 0.9819
  -> [thct_net] new best in memory (val_f1=0.9856, val_acc=0.9928)
thct_net | Epoch 05 | Loss: 0.0031 | Train Acc: 0.9993 | Train F1: 0.9993 | Val Loss: 0.0325 | Val Acc: 0.9928 | Val F1: 0.9856
  -> [thct_net] new best in memory (val_f1=0.9894, val_acc=0.9950)
thct_net | Epoch 06 | Loss: 0.0052 | Train Acc: 0.9985 | Train F1: 0.9985 | Val Loss: 0.0238 | Val Acc: 0.9950 | Val F1: 0.9894
thct_net | Epoch 07 | Loss: 0.0033 | Train Acc: 0.9991 | Train F1: 0.9991 | Val Loss: 0.0400 | Val Acc: 0.9909 | Val F1: 0.9799
thct_net | Epoch 08 | Loss: 0.0025 | Train Acc: 0.9994 | Train F1: 0.9994 | Val Loss: 0.0311 | Val Acc: 0.9941 | Val F1: 0.9844
thct_net | Epoch 09 | Loss: 0.0057 | Train Acc: 0.9985 | Train F1: 0.9985 | Val Loss: 0.0198 | Val Acc: 0.9950 | Val F1: 0.9873
thct_net | Epoch 10 | Loss: 0.0021 | Train Acc: 0.9993 | Train F1: 0.9993 | Val Loss: 0.0487 | Val Acc: 0.9912 | Val F1: 0.9803

thct_net per-epoch summary:
      model normalization  epoch  train_loss  train_batch_acc  train_f1  val_loss   val_acc    val_f1
0  thct_net      palm_ref      1    0.402829         0.920757  0.920838  0.058198  0.986318  0.974794
1  thct_net      palm_ref      2    0.013942         0.996742  0.996718  0.042969  0.989055  0.978042
2  thct_net      palm_ref      3    0.006982         0.998285  0.998265  0.040774  0.991169  0.981485
3  thct_net      palm_ref      4    0.006784         0.998212  0.998239  0.032613  0.992848  0.981943
4  thct_net      palm_ref      5    0.003141         0.999265  0.999264  0.032543  0.992848  0.985626
5  thct_net      palm_ref      6    0.005240         0.998518  0.998526  0.023759  0.994963  0.989431
6  thct_net      palm_ref      7    0.003283         0.999118  0.999093  0.039995  0.990920  0.979882
7  thct_net      palm_ref      8    0.002453         0.999375  0.999371  0.031068  0.994092  0.984406
8  thct_net      palm_ref      9    0.005728         0.998506  0.998500  0.019757  0.994963  0.987315
9  thct_net      palm_ref     10    0.002063         0.999326  0.999325  0.048696  0.991231  0.980315
[thct_net] best model restored from memory.

========== TRAIN WINDOW-LEVEL REPORT ==========
Accuracy: 0.9996
              precision    recall  f1-score   support

      AUGUST       1.00      1.00      1.00      3936
         BIG       1.00      1.00      1.00      3780
        BIRD       1.00      1.00      1.00      3780
        BOAT       1.00      1.00      1.00      4008
        COME       1.00      1.00      1.00      3972
      DRIVER       1.00      1.00      1.00      3900
     FARMING       1.00      1.00      1.00      3624
    FEBRUARY       1.00      1.00      1.00      3840
          GO       1.00      1.00      1.00      3876
   GREETINGS       1.00      1.00      1.00      3900
         OUR       1.00      1.00      1.00      3900
        READ       1.00      1.00      1.00      3960
       SMALL       1.00      1.00      1.00      4068
       TIGER       1.00      1.00      1.00      4152
       TRAIN       1.00      1.00      1.00      3732
        UGLY       1.00      1.00      1.00      3840
         VAN       1.00      1.00      1.00      3864
        WHAT       1.00      1.00      1.00      4056
       WHICH       1.00      1.00      1.00      3828
       WRITE       1.00      1.00      1.00      3876
  background       1.00      1.00      1.00      3756

    accuracy                           1.00     81648
   macro avg       1.00      1.00      1.00     81648
weighted avg       1.00      1.00      1.00     81648


========== VAL WINDOW-LEVEL REPORT ==========
Accuracy: 0.9950
              precision    recall  f1-score   support

      AUGUST       1.00      1.00      1.00       487
         BIG       0.91      1.00      0.95       195
        BIRD       1.00      1.00      1.00       281
        BOAT       1.00      1.00      1.00       231
        COME       0.99      1.00      0.99       170
      DRIVER       1.00      1.00      1.00       649
     FARMING       1.00      0.98      0.99       252
    FEBRUARY       1.00      0.98      0.99       437
          GO       0.99      1.00      0.99        94
   GREETINGS       1.00      1.00      1.00       269
         OUR       1.00      1.00      1.00       129
        READ       1.00      1.00      1.00       476
       SMALL       0.93      1.00      0.96       267
       TIGER       0.90      1.00      0.95       193
       TRAIN       1.00      1.00      1.00       234
        UGLY       0.97      1.00      0.98       225
         VAN       1.00      1.00      1.00       171
        WHAT       1.00      0.95      0.97        40
       WHICH       0.98      1.00      0.99       264
       WRITE       1.00      1.00      1.00       381
  background       1.00      0.99      1.00     10635

    accuracy                           0.99     16080
   macro avg       0.98      1.00      0.99     16080
weighted avg       1.00      0.99      1.00     16080

Confusion matrix saved to: trained_models/plots/confusion_matrices/user1/val_confusion_normalized.png
Misclassification matrix saved to: trained_models/plots/confusion_matrices/user1/val_confusion_misclassifications.png

========== TEST WINDOW-LEVEL REPORT ==========
Accuracy: 0.9407
              precision    recall  f1-score   support

      AUGUST       0.98      1.00      0.99       971
         BIG       1.00      0.91      0.95       655
        BIRD       0.84      0.94      0.89       892
        BOAT       0.88      1.00      0.93       589
        COME       0.80      0.72      0.76       779
      DRIVER       0.99      0.86      0.92      1250
     FARMING       0.98      0.86      0.92      1257
    FEBRUARY       0.77      0.94      0.85       994
          GO       1.00      0.79      0.88       465
   GREETINGS       1.00      0.68      0.81       846
         OUR       0.76      0.95      0.84       591
        READ       0.96      0.94      0.95      1256
       SMALL       0.79      1.00      0.88       815
       TIGER       0.75      0.97      0.84       657
       TRAIN       0.98      0.67      0.79       880
        UGLY       0.88      0.89      0.89       779
         VAN       1.00      0.97      0.98       828
        WHAT       0.74      0.45      0.56        75
       WHICH       0.89      0.68      0.77       884
       WRITE       1.00      1.00      1.00       422
  background       0.97      0.99      0.98     22704

    accuracy                           0.94     38589
   macro avg       0.90      0.87      0.88     38589
weighted avg       0.94      0.94      0.94     38589

Confusion matrix saved to: trained_models/plots/confusion_matrices/user1/test_confusion_normalized.png
Misclassification matrix saved to: trained_models/plots/confusion_matrices/user1/test_confusion_misclassifications.png

========== WINDOW ACCURACY SUMMARY ==========
split  frame_accuracy
Train        0.999608
  Val        0.994963
 Test        0.940657

========== TEST (USER1) WER SUMMARY ==========
Normalization  : palm_ref
Stream mode    : thct_net_batch
Bag size       : 5  (167ms)
Aggregation    : mean
Conf threshold : 0.35
Min sign frames: 15  (500ms)
Total sequences evaluated: 76
Mean WER:   0.2018
Median WER: 0.0000
Std WER:    0.2519

Showing 5 example sequence(s):
  [1] user1 | P1_S7_R5
    Frames       : 750 | Missing ratio: 0.000
    Stream steps : 721 | Emitted: 3
    GT           : ['COME', 'DRIVER', 'BIRD']
    Prediction   : ['COME', 'DRIVER', 'BIRD']
    WER          : 0.0000
    Emit regions : [(54, 126, np.str_('COME')), (201, 339, np.str_('DRIVER')), (416, 515, np.str_('BIRD'))]
    GT segments  : [{'label': 'COME', 'start_frame': 38, 'end_frame': 115}, {'label': 'DRIVER', 'start_frame': 187, 'end_frame': 327}, {'label': 'BIRD', 'start_frame': 393, 'end_frame': 497}]
  [2] user1 | P1_S10_R1
    Frames       : 750 | Missing ratio: 0.000
    Stream steps : 721 | Emitted: 3
    GT           : ['SMALL', 'FEBRUARY', 'BOAT']
    Prediction   : ['SMALL', 'FEBRUARY', 'BOAT']
    WER          : 0.0000
    Emit regions : [(49, 132, np.str_('SMALL')), (199, 294, np.str_('FEBRUARY')), (316, 395, np.str_('BOAT'))]
    GT segments  : [{'label': 'SMALL', 'start_frame': 35, 'end_frame': 122}, {'label': 'FEBRUARY', 'start_frame': 178, 'end_frame': 273}, {'label': 'BOAT', 'start_frame': 309, 'end_frame': 387}]
  [3] user1 | P1_S2_R5
    Frames       : 750 | Missing ratio: 0.000
    Stream steps : 721 | Emitted: 5
    GT           : ['FARMING', 'BIG', 'VAN', 'SMALL']
    Prediction   : ['FARMING', 'BIG', 'VAN', 'SMALL', 'SMALL']
    WER          : 0.2500
    Emit regions : [(46, 152, np.str_('FARMING')), (219, 294, np.str_('BIG')), (391, 475, np.str_('VAN')), (539, 633, np.str_('SMALL')), (684, 702, np.str_('SMALL'))]
    GT segments  : [{'label': 'FARMING', 'start_frame': 28, 'end_frame': 138}, {'label': 'BIG', 'start_frame': 198, 'end_frame': 277}, {'label': 'VAN', 'start_frame': 369, 'end_frame': 462}, {'label': 'SMALL', 'start_frame': 527, 'end_frame': 616}]
  [4] user1 | P1_S3_R1
    Frames       : 750 | Missing ratio: 0.000
    Stream steps : 721 | Emitted: 6
    GT           : ['WRITE', 'FEBRUARY', 'UGLY', 'AUGUST']
    Prediction   : ['WRITE', 'FEBRUARY', 'FEBRUARY', 'UGLY', 'UGLY', 'AUGUST']
    WER          : 0.5000
    Emit regions : [(42, 130, np.str_('WRITE')), (240, 299, np.str_('FEBRUARY')), (301, 374, np.str_('FEBRUARY')), (419, 458, np.str_('UGLY')), (480, 543, np.str_('UGLY')), (626, 743, np.str_('AUGUST'))]
    GT segments  : [{'label': 'WRITE', 'start_frame': 39, 'end_frame': 115}, {'label': 'FEBRUARY', 'start_frame': 213, 'end_frame': 357}, {'label': 'UGLY', 'start_frame': 408, 'end_frame': 531}, {'label': 'AUGUST', 'start_frame': 595, 'end_frame': 735}]
  [5] user1 | P1_S2_R4
    Frames       : 750 | Missing ratio: 0.000
    Stream steps : 721 | Emitted: 4
    GT           : ['FARMING', 'BIG', 'VAN', 'SMALL']
    Prediction   : ['FARMING', 'BIG', 'VAN', 'SMALL']
    WER          : 0.0000
    Emit regions : [(36, 127, np.str_('FARMING')), (196, 309, np.str_('BIG')), (393, 469, np.str_('VAN')), (543, 612, np.str_('SMALL'))]
    GT segments  : [{'label': 'FARMING', 'start_frame': 19, 'end_frame': 134}, {'label': 'BIG', 'start_frame': 197, 'end_frame': 279}, {'label': 'VAN', 'start_frame': 369, 'end_frame': 458}, {'label': 'SMALL', 'start_frame': 523, 'end_frame': 610}]
[test_user1_20260709T002610Z] metadata -> trained_models/results/test_user1_20260709t002610z_metadata.parquet
[test_user1_20260709T002610Z] arrays   -> trained_models/results/test_user1_20260709t002610z_arrays.npz
  sequences : 76
  npz keys  : 608

========== DEV VAL WER SUMMARY ==========
Normalization  : palm_ref
Stream mode    : thct_net_batch
Bag size       : 5  (167ms)
Aggregation    : mean
Conf threshold : 0.35
Min sign frames: 15  (500ms)
Total sequences evaluated: 33
Mean WER:   0.0000
Median WER: 0.0000
Std WER:    0.0000

Showing 5 example sequence(s):
  [1] user2 | P2_S2_R6
    Frames       : 750 | Missing ratio: 0.000
    Stream steps : 721 | Emitted: 4
    GT           : ['FARMING', 'BIG', 'VAN', 'SMALL']
    Prediction   : ['FARMING', 'BIG', 'VAN', 'SMALL']
    WER          : 0.0000
    Emit regions : [(87, 144, np.str_('FARMING')), (254, 333, np.str_('BIG')), (411, 461, np.str_('VAN')), (587, 671, np.str_('SMALL'))]
    GT segments  : [{'label': 'FARMING', 'start_frame': 72, 'end_frame': 124}, {'label': 'BIG', 'start_frame': 238, 'end_frame': 290}, {'label': 'VAN', 'start_frame': 399, 'end_frame': 438}, {'label': 'SMALL', 'start_frame': 566, 'end_frame': 620}]
  [2] user2 | P2_S9_R6
    Frames       : 750 | Missing ratio: 0.000
    Stream steps : 721 | Emitted: 4
    GT           : ['TIGER', 'WHAT', 'VAN', 'READ']
    Prediction   : ['TIGER', 'WHAT', 'VAN', 'READ']
    WER          : 0.0000
    Emit regions : [(81, 118, np.str_('TIGER')), (228, 251, np.str_('WHAT')), (352, 401, np.str_('VAN')), (514, 655, np.str_('READ'))]
    GT segments  : [{'label': 'TIGER', 'start_frame': 61, 'end_frame': 100}, {'label': 'WHAT', 'start_frame': 210, 'end_frame': 241}, {'label': 'VAN', 'start_frame': 340, 'end_frame': 378}, {'label': 'READ', 'start_frame': 499, 'end_frame': 644}]
  [3] user2 | P2_S10_R2
    Frames       : 600 | Missing ratio: 0.000
    Stream steps : 571 | Emitted: 3
    GT           : ['SMALL', 'FEBRUARY', 'BOAT']
    Prediction   : ['SMALL', 'FEBRUARY', 'BOAT']
    WER          : 0.0000
    Emit regions : [(57, 122, np.str_('SMALL')), (203, 339, np.str_('FEBRUARY')), (396, 472, np.str_('BOAT'))]
    GT segments  : [{'label': 'SMALL', 'start_frame': 39, 'end_frame': 102}, {'label': 'FEBRUARY', 'start_frame': 187, 'end_frame': 326}, {'label': 'BOAT', 'start_frame': 382, 'end_frame': 449}]
  [4] user2 | P2_S5_R1
    Frames       : 600 | Missing ratio: 0.000
    Stream steps : 571 | Emitted: 4
    GT           : ['BIRD', 'WHAT', 'DRIVER', 'GREETINGS']
    Prediction   : ['BIRD', 'WHAT', 'DRIVER', 'GREETINGS']
    WER          : 0.0000
    Emit regions : [(46, 92, np.str_('BIRD')), (134, 160, np.str_('WHAT')), (215, 319, np.str_('DRIVER')), (348, 401, np.str_('GREETINGS'))]
    GT segments  : [{'label': 'BIRD', 'start_frame': 27, 'end_frame': 86}, {'label': 'WHAT', 'start_frame': 120, 'end_frame': 144}, {'label': 'DRIVER', 'start_frame': 202, 'end_frame': 304}, {'label': 'GREETINGS', 'start_frame': 331, 'end_frame': 386}]
  [5] user2 | P2_S1_R1
    Frames       : 750 | Missing ratio: 0.000
    Stream steps : 721 | Emitted: 4
    GT           : ['GO', 'READ', 'OUR', 'COME']
    Prediction   : ['GO', 'READ', 'OUR', 'COME']
    WER          : 0.0000
    Emit regions : [(36, 85, np.str_('GO')), (159, 270, np.str_('READ')), (312, 363, np.str_('OUR')), (449, 509, np.str_('COME'))]
    GT segments  : [{'label': 'GO', 'start_frame': 22, 'end_frame': 68}, {'label': 'READ', 'start_frame': 146, 'end_frame': 257}, {'label': 'OUR', 'start_frame': 292, 'end_frame': 340}, {'label': 'COME', 'start_frame': 440, 'end_frame': 493}]
[val_user1_20260709T002610Z] metadata -> trained_models/results/val_user1_20260709t002610z_metadata.parquet
[val_user1_20260709T002610Z] arrays   -> trained_models/results/val_user1_20260709t002610z_arrays.npz
  sequences : 33
  npz keys  : 264

============================================================
STREAMING METRICS EVALUATION (from WER outputs) — Test (user1)
============================================================
Sequences: 76 | Classes: 21
Running: corrected


────────────────────────────────────────────────────────────
CORRECTED METRICS (SHREC'21 protocol) — Test (user1)
────────────────────────────────────────────────────────────
============================================================
GLOBAL RESULTS  (Corrected — SHREC'21 protocol)
============================================================
Class AUGUST:
  Detection Rate : 1.0000  (13/13)
  Misclass Rate  : 0.0000  (0/13)
  False Pos Rate : 0.0000  (0 FP / 13 GT)
  Avg Latency    : 22.23 frames
  Avg Jaccard    : 0.7234
Class BIG:
  Detection Rate : 0.6875  (11/16)
  Misclass Rate  : 0.1250  (2/16)
  False Pos Rate : 0.1875  (3 FP / 16 GT)
  Avg Latency    : 28.09 frames
  Avg Jaccard    : 0.3134
Class BIRD:
  Detection Rate : 1.0000  (13/13)
  Misclass Rate  : 0.0000  (0/13)
  False Pos Rate : 0.1538  (2 FP / 13 GT)
  Avg Latency    : 23.85 frames
  Avg Jaccard    : 0.5223
Class BOAT:
  Detection Rate : 1.0000  (13/13)
  Misclass Rate  : 0.0000  (0/13)
  False Pos Rate : 0.1538  (2 FP / 13 GT)
  Avg Latency    : 20.15 frames
  Avg Jaccard    : 0.6180
Class COME:
  Detection Rate : 0.7857  (11/14)
  Misclass Rate  : 0.0000  (0/14)
  False Pos Rate : 0.7143  (10 FP / 14 GT)
  Avg Latency    : 35.64 frames
  Avg Jaccard    : 0.3079
Class DRIVER:
  Detection Rate : 0.9231  (12/13)
  Misclass Rate  : 0.0000  (0/13)
  False Pos Rate : 0.0769  (1 FP / 13 GT)
  Avg Latency    : 34.67 frames
  Avg Jaccard    : 0.6403
Class FARMING:
  Detection Rate : 0.8750  (14/16)
  Misclass Rate  : 0.0000  (0/16)
  False Pos Rate : 0.1875  (3 FP / 16 GT)
  Avg Latency    : 28.79 frames
  Avg Jaccard    : 0.4824
Class FEBRUARY:
  Detection Rate : 0.9231  (12/13)
  Misclass Rate  : 0.0000  (0/13)
  False Pos Rate : 0.6154  (8 FP / 13 GT)
  Avg Latency    : 21.83 frames
  Avg Jaccard    : 0.3937
Class GO:
  Detection Rate : 0.7333  (11/15)
  Misclass Rate  : 0.0000  (0/15)
  False Pos Rate : 0.2667  (4 FP / 15 GT)
  Avg Latency    : 30.45 frames
  Avg Jaccard    : 0.3235
Class GREETINGS:
  Detection Rate : 0.6429  (9/14)
  Misclass Rate  : 0.2143  (3/14)
  False Pos Rate : 0.0000  (0 FP / 14 GT)
  Avg Latency    : 23.78 frames
  Avg Jaccard    : 0.3296
Class OUR:
  Detection Rate : 0.8571  (12/14)
  Misclass Rate  : 0.0000  (0/14)
  False Pos Rate : 0.5714  (8 FP / 14 GT)
  Avg Latency    : 16.58 frames
  Avg Jaccard    : 0.3254
Class READ:
  Detection Rate : 1.0000  (15/15)
  Misclass Rate  : 0.0000  (0/15)
  False Pos Rate : 0.0000  (0 FP / 15 GT)
  Avg Latency    : 28.00 frames
  Avg Jaccard    : 0.8469
Class SMALL:
  Detection Rate : 1.0000  (16/16)
  Misclass Rate  : 0.0000  (0/16)
  False Pos Rate : 0.1875  (3 FP / 16 GT)
  Avg Latency    : 15.44 frames
  Avg Jaccard    : 0.5661
Class TIGER:
  Detection Rate : 1.0000  (13/13)
  Misclass Rate  : 0.0000  (0/13)
  False Pos Rate : 0.0000  (0 FP / 13 GT)
  Avg Latency    : 22.00 frames
  Avg Jaccard    : 0.4656
Class TRAIN:
  Detection Rate : 0.7500  (9/12)
  Misclass Rate  : 0.0000  (0/12)
  False Pos Rate : 0.4167  (5 FP / 12 GT)
  Avg Latency    : 29.67 frames
  Avg Jaccard    : 0.3152
Class UGLY:
  Detection Rate : 0.8462  (11/13)
  Misclass Rate  : 0.0000  (0/13)
  False Pos Rate : 0.2308  (3 FP / 13 GT)
  Avg Latency    : 17.27 frames
  Avg Jaccard    : 0.4360
Class VAN:
  Detection Rate : 1.0000  (16/16)
  Misclass Rate  : 0.0000  (0/16)
  False Pos Rate : 0.0000  (0 FP / 16 GT)
  Avg Latency    : 22.56 frames
  Avg Jaccard    : 0.6222
Class WHAT:
  Detection Rate : 0.2857  (4/14)
  Misclass Rate  : 0.1429  (2/14)
  False Pos Rate : 0.1429  (2 FP / 14 GT)
  Avg Latency    : 30.25 frames
  Avg Jaccard    : 0.1250
Class WHICH:
  Detection Rate : 0.6923  (9/13)
  Misclass Rate  : 0.0000  (0/13)
  False Pos Rate : 1.3077  (17 FP / 13 GT)
  Avg Latency    : 20.67 frames
  Avg Jaccard    : 0.1705
Class WRITE:
  Detection Rate : 1.0000  (13/13)
  Misclass Rate  : 0.0000  (0/13)
  False Pos Rate : 0.0000  (0 FP / 13 GT)
  Avg Latency    : 17.54 frames
  Avg Jaccard    : 0.6060

--- Macro averages (across all classes) ---
  Detection Rate : 0.8495
  Misclass Rate  : 0.0251
  False Pos Rate : 0.2545
  Jaccard Index  : 0.4567
============================================================
Saved model checkpoint: trained_models/20260709T020454Z_thct_net_val-0.9950_7d674406.pt
Training curve saved to: trained_models/plots/curves_test_user1_20260709T002610Z_loss.png
Training curve saved to: trained_models/plots/curves_test_user1_20260709T002610Z_accuracy.png
Training curve saved to: trained_models/plots/curves_test_user1_20260709T002610Z_f1.png

──────────────────────────────────────────────────────────────────────
FOLD CONFIG: test_user=user2
──────────────────────────────────────────────────────────────────────
  Epochs            : 10
  Learning rate     : 0.0003
  Glosses/batch     : 12
  Samples/gloss     : 12
  Loss function     : CrossEntropyLoss
  Augmentation      : True
    Rotation prob   : 0.5 (range: ±8.0 deg)
    Scaling prob    : 0.5 (range: [0.95, 1.05])
    Noise prob      : 0.5 (std: 2.0 mm)
    Dropout prob    : 0.35 (rate: 0.15)
──────────────────────────────────────────────────────────────────────

======================================================================
FOLD: test_user=user2, dev_users=['user1', 'user3', 'user5']
======================================================================
Fold seed: 541 (base 44 + user offset)

============================================================
SPLIT: test_user=user2, dev_users=['user1', 'user3', 'user5']
============================================================
Dev removed by filter   : {'missing_data': 1, 'low_confidence': 1, 'too_short': 3}
Test removed by filter  : {'too_short': 2}
Train segments (filtered): 1411
Val segments (filtered)  : 271
Test segments (filtered) : 605
Label mapping (string -> ID):
  np.str_('AUGUST') -> 0
  np.str_('BIG') -> 1
  np.str_('BIRD') -> 2
  np.str_('BOAT') -> 3
  np.str_('COME') -> 4
  np.str_('DRIVER') -> 5
  np.str_('FARMING') -> 6
  np.str_('FEBRUARY') -> 7
  np.str_('GO') -> 8
  np.str_('GREETINGS') -> 9
  np.str_('OUR') -> 10
  np.str_('READ') -> 11
  np.str_('SMALL') -> 12
  np.str_('TIGER') -> 13
  np.str_('TRAIN') -> 14
  np.str_('UGLY') -> 15
  np.str_('VAN') -> 16
  np.str_('WHAT') -> 17
  np.str_('WHICH') -> 18
  np.str_('WRITE') -> 19
  np.str_('background') -> 20

Total classes: 21
Background class ID: 20
WER catalog sizes -> train: 170, val: 33, test: 73
Train windows: 87043 | Val windows: 16977 | Test windows: 32238
Train batches: 605 | Val batches: 4245 | Test batches: 8060
Loss function: CrossEntropyLoss
Model: thct_net | Trainable params: 1,185,727
[thct_net] using normalization: palm_ref
Stabilization: grad_clip=True (norm=1.0), scheduler=True, early_stopping_patience=15
Model selection criterion: validation macro-F1
  -> [thct_net] new best in memory (val_f1=0.9595, val_acc=0.9808)
thct_net | Epoch 01 | Loss: 0.4165 | Train Acc: 0.9124 | Train F1: 0.9136 | Val Loss: 0.0625 | Val Acc: 0.9808 | Val F1: 0.9595
  -> [thct_net] new best in memory (val_f1=0.9742, val_acc=0.9878)
thct_net | Epoch 02 | Loss: 0.0185 | Train Acc: 0.9951 | Train F1: 0.9951 | Val Loss: 0.0428 | Val Acc: 0.9878 | Val F1: 0.9742
  -> [thct_net] new best in memory (val_f1=0.9806, val_acc=0.9916)
thct_net | Epoch 03 | Loss: 0.0095 | Train Acc: 0.9974 | Train F1: 0.9974 | Val Loss: 0.0292 | Val Acc: 0.9916 | Val F1: 0.9806
thct_net | Epoch 04 | Loss: 0.0100 | Train Acc: 0.9971 | Train F1: 0.9971 | Val Loss: 0.0375 | Val Acc: 0.9900 | Val F1: 0.9761
thct_net | Epoch 05 | Loss: 0.0062 | Train Acc: 0.9982 | Train F1: 0.9982 | Val Loss: 0.0501 | Val Acc: 0.9907 | Val F1: 0.9798
thct_net | Epoch 06 | Loss: 0.0051 | Train Acc: 0.9985 | Train F1: 0.9985 | Val Loss: 0.0470 | Val Acc: 0.9900 | Val F1: 0.9772
thct_net | Epoch 07 | Loss: 0.0065 | Train Acc: 0.9982 | Train F1: 0.9982 | Val Loss: 0.0368 | Val Acc: 0.9915 | Val F1: 0.9778
thct_net | Epoch 08 | Loss: 0.0042 | Train Acc: 0.9989 | Train F1: 0.9989 | Val Loss: 0.0340 | Val Acc: 0.9921 | Val F1: 0.9783
  -> [thct_net] new best in memory (val_f1=0.9807, val_acc=0.9915)
thct_net | Epoch 09 | Loss: 0.0028 | Train Acc: 0.9992 | Train F1: 0.9992 | Val Loss: 0.0429 | Val Acc: 0.9915 | Val F1: 0.9807
  -> [thct_net] new best in memory (val_f1=0.9811, val_acc=0.9927)
thct_net | Epoch 10 | Loss: 0.0011 | Train Acc: 0.9997 | Train F1: 0.9997 | Val Loss: 0.0316 | Val Acc: 0.9927 | Val F1: 0.9811

thct_net per-epoch summary:
      model normalization  epoch  train_loss  train_batch_acc  train_f1  val_loss   val_acc    val_f1
0  thct_net      palm_ref      1    0.416547         0.912431  0.913643  0.062534  0.980798  0.959519
1  thct_net      palm_ref      2    0.018541         0.995133  0.995095  0.042825  0.987807  0.974189
2  thct_net      palm_ref      3    0.009490         0.997394  0.997396  0.029187  0.991577  0.980617
3  thct_net      palm_ref      4    0.010042         0.997119  0.997132  0.037515  0.989986  0.976133
4  thct_net      palm_ref      5    0.006170         0.998175  0.998166  0.050052  0.990693  0.979760
5  thct_net      palm_ref      6    0.005075         0.998462  0.998451  0.046985  0.989986  0.977181
6  thct_net      palm_ref      7    0.006544         0.998163  0.998179  0.036833  0.991518  0.977818
7  thct_net      palm_ref      8    0.004204         0.998875  0.998884  0.034013  0.992107  0.978255
8  thct_net      palm_ref      9    0.002816         0.999197  0.999188  0.042932  0.991459  0.980707
9  thct_net      palm_ref     10    0.001135         0.999667  0.999667  0.031604  0.992696  0.981134
[thct_net] best model restored from memory.

========== TRAIN WINDOW-LEVEL REPORT ==========
Accuracy: 0.9995
              precision    recall  f1-score   support

      AUGUST       1.00      1.00      1.00      3948
         BIG       1.00      1.00      1.00      4188
        BIRD       1.00      1.00      1.00      3816
        BOAT       1.00      1.00      1.00      4452
        COME       0.99      1.00      1.00      4224
      DRIVER       1.00      1.00      1.00      4332
     FARMING       1.00      1.00      1.00      4020
    FEBRUARY       1.00      1.00      1.00      3912
          GO       1.00      1.00      1.00      4260
   GREETINGS       1.00      1.00      1.00      4200
         OUR       1.00      1.00      1.00      4092
        READ       1.00      1.00      1.00      4392
       SMALL       1.00      1.00      1.00      4140
       TIGER       1.00      1.00      1.00      4128
       TRAIN       1.00      0.99      1.00      4308
        UGLY       1.00      1.00      1.00      3888
         VAN       1.00      1.00      1.00      4236
        WHAT       1.00      1.00      1.00      3972
       WHICH       1.00      1.00      1.00      4188
       WRITE       1.00      1.00      1.00      4260
  background       1.00      1.00      1.00      4164

    accuracy                           1.00     87120
   macro avg       1.00      1.00      1.00     87120
weighted avg       1.00      1.00      1.00     87120


========== VAL WINDOW-LEVEL REPORT ==========
Accuracy: 0.9927
              precision    recall  f1-score   support

      AUGUST       0.98      1.00      0.99       509
         BIG       1.00      1.00      1.00       178
        BIRD       1.00      1.00      1.00       336
        BOAT       1.00      1.00      1.00       238
        COME       0.94      1.00      0.97       236
      DRIVER       1.00      1.00      1.00       546
     FARMING       1.00      1.00      1.00       325
    FEBRUARY       0.94      1.00      0.97       456
          GO       0.88      1.00      0.94       114
   GREETINGS       1.00      1.00      1.00       351
         OUR       1.00      0.90      0.95       196
        READ       1.00      1.00      1.00       428
       SMALL       0.93      1.00      0.97       307
       TIGER       0.97      1.00      0.99       241
       TRAIN       0.97      1.00      0.98       329
        UGLY       0.95      0.91      0.93       288
         VAN       1.00      1.00      1.00       230
        WHAT       1.00      0.97      0.98        64
       WHICH       0.99      0.89      0.94       375
       WRITE       1.00      1.00      1.00       363
  background       1.00      1.00      1.00     10867

    accuracy                           0.99     16977
   macro avg       0.98      0.98      0.98     16977
weighted avg       0.99      0.99      0.99     16977

Confusion matrix saved to: trained_models/plots/confusion_matrices/user2/val_confusion_normalized.png
Misclassification matrix saved to: trained_models/plots/confusion_matrices/user2/val_confusion_misclassifications.png

========== TEST WINDOW-LEVEL REPORT ==========
Accuracy: 0.9707
              precision    recall  f1-score   support

      AUGUST       0.95      1.00      0.98       978
         BIG       0.90      0.80      0.85       465
        BIRD       1.00      0.87      0.93       699
        BOAT       0.95      0.97      0.96       357
        COME       0.74      0.90      0.81       228
      DRIVER       1.00      1.00      1.00      1210
     FARMING       0.98      1.00      0.99       510
    FEBRUARY       1.00      0.66      0.79      1039
          GO       0.95      0.78      0.86       172
   GREETINGS       0.63      1.00      0.78       673
         OUR       0.93      0.90      0.91       275
        READ       0.98      1.00      0.99      1178
       SMALL       0.84      0.97      0.90       504
       TIGER       0.95      1.00      0.97       241
       TRAIN       0.94      1.00      0.97       428
        UGLY       0.95      0.78      0.86       299
         VAN       1.00      1.00      1.00       216
        WHAT       0.72      1.00      0.84        18
       WHICH       0.98      0.92      0.95       754
       WRITE       1.00      1.00      1.00       605
  background       0.99      0.99      0.99     21389

    accuracy                           0.97     32238
   macro avg       0.92      0.93      0.92     32238
weighted avg       0.98      0.97      0.97     32238

Confusion matrix saved to: trained_models/plots/confusion_matrices/user2/test_confusion_normalized.png
Misclassification matrix saved to: trained_models/plots/confusion_matrices/user2/test_confusion_misclassifications.png

========== WINDOW ACCURACY SUMMARY ==========
split  frame_accuracy
Train        0.999518
  Val        0.992696
 Test        0.970718

========== TEST (USER2) WER SUMMARY ==========
Normalization  : palm_ref
Stream mode    : thct_net_batch
Bag size       : 5  (167ms)
Aggregation    : mean
Conf threshold : 0.35
Min sign frames: 15  (500ms)
Total sequences evaluated: 73
Mean WER:   0.0708
Median WER: 0.0000
Std WER:    0.1425

Showing 5 example sequence(s):
  [1] user2 | P2_S7_R4
    Frames       : 600 | Missing ratio: 0.000
    Stream steps : 571 | Emitted: 3
    GT           : ['COME', 'DRIVER', 'BIRD']
    Prediction   : ['COME', 'DRIVER', 'BIRD']
    WER          : 0.0000
    Emit regions : [(33, 74, np.str_('COME')), (129, 233, np.str_('DRIVER')), (305, 378, np.str_('BIRD'))]
    GT segments  : [{'label': 'COME', 'start_frame': 6, 'end_frame': 52}, {'label': 'DRIVER', 'start_frame': 118, 'end_frame': 211}, {'label': 'BIRD', 'start_frame': 287, 'end_frame': 365}]
  [2] user2 | P2_S2_R6
    Frames       : 750 | Missing ratio: 0.000
    Stream steps : 721 | Emitted: 4
    GT           : ['FARMING', 'BIG', 'VAN', 'SMALL']
    Prediction   : ['FARMING', 'BIG', 'VAN', 'SMALL']
    WER          : 0.0000
    Emit regions : [(81, 141, np.str_('FARMING')), (250, 333, np.str_('BIG')), (411, 460, np.str_('VAN')), (588, 672, np.str_('SMALL'))]
    GT segments  : [{'label': 'FARMING', 'start_frame': 72, 'end_frame': 124}, {'label': 'BIG', 'start_frame': 238, 'end_frame': 290}, {'label': 'VAN', 'start_frame': 399, 'end_frame': 438}, {'label': 'SMALL', 'start_frame': 566, 'end_frame': 620}]
  [3] user2 | P2_S10_R5
    Frames       : 750 | Missing ratio: 0.000
    Stream steps : 721 | Emitted: 3
    GT           : ['SMALL', 'FEBRUARY', 'BOAT']
    Prediction   : ['SMALL', 'FEBRUARY', 'BOAT']
    WER          : 0.0000
    Emit regions : [(72, 136, np.str_('SMALL')), (343, 494, np.str_('FEBRUARY')), (554, 608, np.str_('BOAT'))]
    GT segments  : [{'label': 'SMALL', 'start_frame': 53, 'end_frame': 117}, {'label': 'FEBRUARY', 'start_frame': 331, 'end_frame': 477}, {'label': 'BOAT', 'start_frame': 543, 'end_frame': 589}]
  [4] user2 | P2_S1_R6
    Frames       : 750 | Missing ratio: 0.000
    Stream steps : 721 | Emitted: 4
    GT           : ['GO', 'READ', 'OUR', 'COME']
    Prediction   : ['GO', 'READ', 'OUR', 'COME']
    WER          : 0.0000
    Emit regions : [(83, 124, np.str_('GO')), (173, 287, np.str_('READ')), (362, 391, np.str_('OUR')), (471, 523, np.str_('COME'))]
    GT segments  : [{'label': 'GO', 'start_frame': 75, 'end_frame': 110}, {'label': 'READ', 'start_frame': 163, 'end_frame': 273}, {'label': 'OUR', 'start_frame': 328, 'end_frame': 375}, {'label': 'COME', 'start_frame': 453, 'end_frame': 495}]
  [5] user2 | P2_S8_R2
    Frames       : 600 | Missing ratio: 0.000
    Stream steps : 571 | Emitted: 5
    GT           : ['BIG', 'GREETINGS', 'WHICH', 'FARMING']
    Prediction   : ['BIG', 'BIG', 'GREETINGS', 'WHICH', 'FARMING']
    WER          : 0.2500
    Emit regions : [(33, 71, np.str_('BIG')), (81, 120, np.str_('BIG')), (200, 260, np.str_('GREETINGS')), (303, 387, np.str_('WHICH')), (442, 514, np.str_('FARMING'))]
    GT segments  : [{'label': 'BIG', 'start_frame': 18, 'end_frame': 92}, {'label': 'GREETINGS', 'start_frame': 182, 'end_frame': 238}, {'label': 'WHICH', 'start_frame': 276, 'end_frame': 355}, {'label': 'FARMING', 'start_frame': 434, 'end_frame': 500}]
[test_user2_20260709T002610Z] metadata -> trained_models/results/test_user2_20260709t002610z_metadata.parquet
[test_user2_20260709T002610Z] arrays   -> trained_models/results/test_user2_20260709t002610z_arrays.npz
  sequences : 73
  npz keys  : 584

========== DEV VAL WER SUMMARY ==========
Normalization  : palm_ref
Stream mode    : thct_net_batch
Bag size       : 5  (167ms)
Aggregation    : mean
Conf threshold : 0.35
Min sign frames: 15  (500ms)
Total sequences evaluated: 33
Mean WER:   0.0177
Median WER: 0.0000
Std WER:    0.0703

Showing 5 example sequence(s):
  [1] user1 | P1_S8_R3
    Frames       : 750 | Missing ratio: 0.000
    Stream steps : 721 | Emitted: 4
    GT           : ['BIG', 'GREETINGS', 'WHICH', 'FARMING']
    Prediction   : ['BIG', 'GREETINGS', 'WHICH', 'FARMING']
    WER          : 0.0000
    Emit regions : [(87, 152, np.str_('BIG')), (222, 288, np.str_('GREETINGS')), (305, 396, np.str_('WHICH')), (422, 524, np.str_('FARMING'))]
    GT segments  : [{'label': 'BIG', 'start_frame': 58, 'end_frame': 127}, {'label': 'GREETINGS', 'start_frame': 204, 'end_frame': 270}, {'label': 'WHICH', 'start_frame': 291, 'end_frame': 376}, {'label': 'FARMING', 'start_frame': 408, 'end_frame': 511}]
  [2] user1 | P1_S6_R3
    Frames       : 750 | Missing ratio: 0.000
    Stream steps : 721 | Emitted: 4
    GT           : ['WHICH', 'OUR', 'TRAIN']
    Prediction   : ['WHICH', 'WHICH', 'OUR', 'TRAIN']
    WER          : 0.3333
    Emit regions : [(74, 162, np.str_('WHICH')), (163, 214, np.str_('WHICH')), (252, 347, np.str_('OUR')), (386, 487, np.str_('TRAIN'))]
    GT segments  : [{'label': 'WHICH', 'start_frame': 58, 'end_frame': 198}, {'label': 'OUR', 'start_frame': 237, 'end_frame': 333}, {'label': 'TRAIN', 'start_frame': 373, 'end_frame': 463}]
  [3] user1 | P1_S1_R8
    Frames       : 750 | Missing ratio: 0.000
    Stream steps : 721 | Emitted: 4
    GT           : ['GO', 'READ', 'OUR', 'COME']
    Prediction   : ['GO', 'READ', 'OUR', 'COME']
    WER          : 0.0000
    Emit regions : [(74, 113, np.str_('GO')), (162, 243, np.str_('READ')), (293, 348, np.str_('OUR')), (410, 478, np.str_('COME'))]
    GT segments  : [{'label': 'GO', 'start_frame': 47, 'end_frame': 101}, {'label': 'READ', 'start_frame': 154, 'end_frame': 232}, {'label': 'OUR', 'start_frame': 275, 'end_frame': 335}, {'label': 'COME', 'start_frame': 394, 'end_frame': 460}]
  [4] user1 | P1_S10_R6
    Frames       : 750 | Missing ratio: 0.000
    Stream steps : 721 | Emitted: 3
    GT           : ['SMALL', 'FEBRUARY', 'BOAT']
    Prediction   : ['SMALL', 'FEBRUARY', 'BOAT']
    WER          : 0.0000
    Emit regions : [(41, 117, np.str_('SMALL')), (173, 285, np.str_('FEBRUARY')), (329, 415, np.str_('BOAT'))]
    GT segments  : [{'label': 'SMALL', 'start_frame': 17, 'end_frame': 98}, {'label': 'FEBRUARY', 'start_frame': 156, 'end_frame': 263}, {'label': 'BOAT', 'start_frame': 320, 'end_frame': 393}]
  [5] user1 | P1_S5_R5
    Frames       : 750 | Missing ratio: 0.000
    Stream steps : 721 | Emitted: 4
    GT           : ['BIRD', 'WHAT', 'DRIVER', 'GREETINGS']
    Prediction   : ['BIRD', 'WHAT', 'DRIVER', 'GREETINGS']
    WER          : 0.0000
    Emit regions : [(49, 138, np.str_('BIRD')), (189, 223, np.str_('WHAT')), (303, 423, np.str_('DRIVER')), (506, 640, np.str_('GREETINGS'))]
    GT segments  : [{'label': 'BIRD', 'start_frame': 30, 'end_frame': 114}, {'label': 'WHAT', 'start_frame': 170, 'end_frame': 207}, {'label': 'DRIVER', 'start_frame': 286, 'end_frame': 406}, {'label': 'GREETINGS', 'start_frame': 490, 'end_frame': 620}]
[val_user2_20260709T002610Z] metadata -> trained_models/results/val_user2_20260709t002610z_metadata.parquet
[val_user2_20260709T002610Z] arrays   -> trained_models/results/val_user2_20260709t002610z_arrays.npz
  sequences : 33
  npz keys  : 264

============================================================
STREAMING METRICS EVALUATION (from WER outputs) — Test (user2)
============================================================
Sequences: 73 | Classes: 21
Running: corrected


────────────────────────────────────────────────────────────
CORRECTED METRICS (SHREC'21 protocol) — Test (user2)
────────────────────────────────────────────────────────────
============================================================
GLOBAL RESULTS  (Corrected — SHREC'21 protocol)
============================================================
Class AUGUST:
  Detection Rate : 1.0000  (13/13)
  Misclass Rate  : 0.0000  (0/13)
  False Pos Rate : 0.0000  (0 FP / 13 GT)
  Avg Latency    : 13.38 frames
  Avg Jaccard    : 0.7606
Class BIG:
  Detection Rate : 0.9333  (14/15)
  Misclass Rate  : 0.0667  (1/15)
  False Pos Rate : 0.0667  (1 FP / 15 GT)
  Avg Latency    : 21.50 frames
  Avg Jaccard    : 0.4686
Class BIRD:
  Detection Rate : 0.7500  (9/12)
  Misclass Rate  : 0.0000  (0/12)
  False Pos Rate : 0.0833  (1 FP / 12 GT)
  Avg Latency    : 22.00 frames
  Avg Jaccard    : 0.4557
Class BOAT:
  Detection Rate : 1.0000  (13/13)
  Misclass Rate  : 0.0000  (0/13)
  False Pos Rate : 0.0000  (0 FP / 13 GT)
  Avg Latency    : 27.46 frames
  Avg Jaccard    : 0.5819
Class COME:
  Detection Rate : 0.7143  (10/14)
  Misclass Rate  : 0.0000  (0/14)
  False Pos Rate : 0.3571  (5 FP / 14 GT)
  Avg Latency    : 13.60 frames
  Avg Jaccard    : 0.2469
Class DRIVER:
  Detection Rate : 1.0000  (12/12)
  Misclass Rate  : 0.0000  (0/12)
  False Pos Rate : 0.0000  (0 FP / 12 GT)
  Avg Latency    : 13.17 frames
  Avg Jaccard    : 0.7903
Class FARMING:
  Detection Rate : 1.0000  (15/15)
  Misclass Rate  : 0.0000  (0/15)
  False Pos Rate : 0.0000  (0 FP / 15 GT)
  Avg Latency    : 16.20 frames
  Avg Jaccard    : 0.6789
Class FEBRUARY:
  Detection Rate : 0.6154  (8/13)
  Misclass Rate  : 0.3846  (5/13)
  False Pos Rate : 0.0000  (0 FP / 13 GT)
  Avg Latency    : 20.75 frames
  Avg Jaccard    : 0.3407
Class GO:
  Detection Rate : 0.5714  (8/14)
  Misclass Rate  : 0.4286  (6/14)
  False Pos Rate : 0.0000  (0 FP / 14 GT)
  Avg Latency    : 17.75 frames
  Avg Jaccard    : 0.2157
Class GREETINGS:
  Detection Rate : 1.0000  (13/13)
  Misclass Rate  : 0.0000  (0/13)
  False Pos Rate : 0.0000  (0 FP / 13 GT)
  Avg Latency    : 13.85 frames
  Avg Jaccard    : 0.6343
Class OUR:
  Detection Rate : 0.2143  (3/14)
  Misclass Rate  : 0.0000  (0/14)
  False Pos Rate : 0.7857  (11 FP / 14 GT)
  Avg Latency    : 24.67 frames
  Avg Jaccard    : 0.1058
Class READ:
  Detection Rate : 1.0000  (14/14)
  Misclass Rate  : 0.0000  (0/14)
  False Pos Rate : 0.0000  (0 FP / 14 GT)
  Avg Latency    : 12.86 frames
  Avg Jaccard    : 0.7964
Class SMALL:
  Detection Rate : 1.0000  (14/14)
  Misclass Rate  : 0.0000  (0/14)
  False Pos Rate : 0.0000  (0 FP / 14 GT)
  Avg Latency    : 18.71 frames
  Avg Jaccard    : 0.5235
Class TIGER:
  Detection Rate : 1.0000  (13/13)
  Misclass Rate  : 0.0000  (0/13)
  False Pos Rate : 0.0000  (0 FP / 13 GT)
  Avg Latency    : 15.15 frames
  Avg Jaccard    : 0.4203
Class TRAIN:
  Detection Rate : 1.0000  (13/13)
  Misclass Rate  : 0.0000  (0/13)
  False Pos Rate : 0.0000  (0 FP / 13 GT)
  Avg Latency    : 13.69 frames
  Avg Jaccard    : 0.6523
Class UGLY:
  Detection Rate : 0.9231  (12/13)
  Misclass Rate  : 0.0769  (1/13)
  False Pos Rate : 0.3077  (4 FP / 13 GT)
  Avg Latency    : 11.25 frames
  Avg Jaccard    : 0.3041
Class VAN:
  Detection Rate : 0.9286  (13/14)
  Misclass Rate  : 0.0000  (0/14)
  False Pos Rate : 0.0714  (1 FP / 14 GT)
  Avg Latency    : 14.00 frames
  Avg Jaccard    : 0.4022
Class WHAT:
  Detection Rate : 0.3333  (4/12)
  Misclass Rate  : 0.0000  (0/12)
  False Pos Rate : 0.6667  (8 FP / 12 GT)
  Avg Latency    : 12.75 frames
  Avg Jaccard    : 0.1310
Class WHICH:
  Detection Rate : 1.0000  (13/13)
  Misclass Rate  : 0.0000  (0/13)
  False Pos Rate : 0.0000  (0 FP / 13 GT)
  Avg Latency    : 23.38 frames
  Avg Jaccard    : 0.6094
Class WRITE:
  Detection Rate : 1.0000  (13/13)
  Misclass Rate  : 0.0000  (0/13)
  False Pos Rate : 0.0000  (0 FP / 13 GT)
  Avg Latency    : 12.54 frames
  Avg Jaccard    : 0.6209

--- Macro averages (across all classes) ---
  Detection Rate : 0.8502
  Misclass Rate  : 0.0487
  False Pos Rate : 0.1161
  Jaccard Index  : 0.4870
============================================================
Saved model checkpoint: trained_models/20260709T034708Z_thct_net_val-0.9927_f819536c.pt
Training curve saved to: trained_models/plots/curves_test_user2_20260709T002610Z_loss.png
Training curve saved to: trained_models/plots/curves_test_user2_20260709T002610Z_accuracy.png
Training curve saved to: trained_models/plots/curves_test_user2_20260709T002610Z_f1.png

──────────────────────────────────────────────────────────────────────
FOLD CONFIG: test_user=user3
──────────────────────────────────────────────────────────────────────
  Epochs            : 10
  Learning rate     : 0.0003
  Glosses/batch     : 12
  Samples/gloss     : 12
  Loss function     : CrossEntropyLoss
  Augmentation      : True
    Rotation prob   : 0.5 (range: ±8.0 deg)
    Scaling prob    : 0.5 (range: [0.95, 1.05])
    Noise prob      : 0.5 (std: 2.0 mm)
    Dropout prob    : 0.35 (rate: 0.15)
──────────────────────────────────────────────────────────────────────

======================================================================
FOLD: test_user=user3, dev_users=['user1', 'user2', 'user5']
======================================================================
Fold seed: 542 (base 44 + user offset)

============================================================
SPLIT: test_user=user3, dev_users=['user1', 'user2', 'user5']
============================================================
Dev removed by filter   : {'missing_data': 1, 'low_confidence': 1, 'too_short': 4}
Test removed by filter  : {'too_short': 1}
Train segments (filtered): 1559
Val segments (filtered)  : 271
Test segments (filtered) : 457
Label mapping (string -> ID):
  np.str_('AUGUST') -> 0
  np.str_('BIG') -> 1
  np.str_('BIRD') -> 2
  np.str_('BOAT') -> 3
  np.str_('COME') -> 4
  np.str_('DRIVER') -> 5
  np.str_('FARMING') -> 6
  np.str_('FEBRUARY') -> 7
  np.str_('GO') -> 8
  np.str_('GREETINGS') -> 9
  np.str_('OUR') -> 10
  np.str_('READ') -> 11
  np.str_('SMALL') -> 12
  np.str_('TIGER') -> 13
  np.str_('TRAIN') -> 14
  np.str_('UGLY') -> 15
  np.str_('VAN') -> 16
  np.str_('WHAT') -> 17
  np.str_('WHICH') -> 18
  np.str_('WRITE') -> 19
  np.str_('background') -> 20

Total classes: 21
Background class ID: 20
WER catalog sizes -> train: 188, val: 33, test: 55
Train windows: 92146 | Val windows: 16087 | Test windows: 28025
Train batches: 640 | Val batches: 4022 | Test batches: 7007
Loss function: CrossEntropyLoss
Model: thct_net | Trainable params: 1,185,727
[thct_net] using normalization: palm_ref
Stabilization: grad_clip=True (norm=1.0), scheduler=True, early_stopping_patience=15
Model selection criterion: validation macro-F1
  -> [thct_net] new best in memory (val_f1=0.9539, val_acc=0.9786)
thct_net | Epoch 01 | Loss: 0.4002 | Train Acc: 0.9185 | Train F1: 0.9187 | Val Loss: 0.0835 | Val Acc: 0.9786 | Val F1: 0.9539
  -> [thct_net] new best in memory (val_f1=0.9653, val_acc=0.9843)
thct_net | Epoch 02 | Loss: 0.0167 | Train Acc: 0.9956 | Train F1: 0.9956 | Val Loss: 0.0661 | Val Acc: 0.9843 | Val F1: 0.9653
  -> [thct_net] new best in memory (val_f1=0.9679, val_acc=0.9855)
thct_net | Epoch 03 | Loss: 0.0088 | Train Acc: 0.9976 | Train F1: 0.9976 | Val Loss: 0.0668 | Val Acc: 0.9855 | Val F1: 0.9679
thct_net | Epoch 04 | Loss: 0.0091 | Train Acc: 0.9975 | Train F1: 0.9974 | Val Loss: 0.0774 | Val Acc: 0.9838 | Val F1: 0.9640
  -> [thct_net] new best in memory (val_f1=0.9725, val_acc=0.9883)
thct_net | Epoch 05 | Loss: 0.0070 | Train Acc: 0.9979 | Train F1: 0.9979 | Val Loss: 0.0649 | Val Acc: 0.9883 | Val F1: 0.9725
  -> [thct_net] new best in memory (val_f1=0.9737, val_acc=0.9879)
thct_net | Epoch 06 | Loss: 0.0069 | Train Acc: 0.9979 | Train F1: 0.9979 | Val Loss: 0.0632 | Val Acc: 0.9879 | Val F1: 0.9737
thct_net | Epoch 07 | Loss: 0.0043 | Train Acc: 0.9986 | Train F1: 0.9986 | Val Loss: 0.0725 | Val Acc: 0.9867 | Val F1: 0.9659
thct_net | Epoch 08 | Loss: 0.0046 | Train Acc: 0.9987 | Train F1: 0.9987 | Val Loss: 0.0703 | Val Acc: 0.9874 | Val F1: 0.9693
thct_net | Epoch 09 | Loss: 0.0051 | Train Acc: 0.9986 | Train F1: 0.9986 | Val Loss: 0.0665 | Val Acc: 0.9871 | Val F1: 0.9725
thct_net | Epoch 10 | Loss: 0.0033 | Train Acc: 0.9990 | Train F1: 0.9990 | Val Loss: 0.0635 | Val Acc: 0.9876 | Val F1: 0.9684

thct_net per-epoch summary:
      model normalization  epoch  train_loss  train_batch_acc  train_f1  val_loss   val_acc    val_f1
0  thct_net      palm_ref      1    0.400200         0.918522  0.918749  0.083509  0.978616  0.953914
1  thct_net      palm_ref      2    0.016744         0.995573  0.995554  0.066124  0.984335  0.965324
2  thct_net      palm_ref      3    0.008782         0.997613  0.997605  0.066752  0.985516  0.967943
3  thct_net      palm_ref      4    0.009062         0.997450  0.997444  0.077409  0.983838  0.963991
4  thct_net      palm_ref      5    0.006951         0.997884  0.997863  0.064891  0.988251  0.972479
5  thct_net      palm_ref      6    0.006900         0.997928  0.997934  0.063151  0.987941  0.973668
6  thct_net      palm_ref      7    0.004287         0.998600  0.998617  0.072503  0.986697  0.965945
7  thct_net      palm_ref      8    0.004576         0.998665  0.998654  0.070288  0.987443  0.969347
8  thct_net      palm_ref      9    0.005135         0.998611  0.998602  0.066483  0.987132  0.972453
9  thct_net      palm_ref     10    0.003282         0.998980  0.999002  0.063476  0.987568  0.968425
[thct_net] best model restored from memory.

========== TRAIN WINDOW-LEVEL REPORT ==========
Accuracy: 0.9991
              precision    recall  f1-score   support

      AUGUST       1.00      1.00      1.00      4368
         BIG       1.00      1.00      1.00      4224
        BIRD       1.00      1.00      1.00      4344
        BOAT       1.00      1.00      1.00      4284
        COME       0.99      1.00      1.00      4416
      DRIVER       1.00      1.00      1.00      4152
     FARMING       1.00      1.00      1.00      4500
    FEBRUARY       1.00      1.00      1.00      4392
          GO       1.00      1.00      1.00      4572
   GREETINGS       1.00      1.00      1.00      4380
         OUR       1.00      1.00      1.00      4344
        READ       1.00      1.00      1.00      4284
       SMALL       1.00      1.00      1.00      4320
       TIGER       1.00      1.00      1.00      4212
       TRAIN       1.00      0.99      1.00      4572
        UGLY       1.00      1.00      1.00      4668
         VAN       1.00      1.00      1.00      4236
        WHAT       1.00      1.00      1.00      4344
       WHICH       1.00      1.00      1.00      4608
       WRITE       1.00      1.00      1.00      4500
  background       1.00      1.00      1.00      4440

    accuracy                           1.00     92160
   macro avg       1.00      1.00      1.00     92160
weighted avg       1.00      1.00      1.00     92160


========== VAL WINDOW-LEVEL REPORT ==========
Accuracy: 0.9879
              precision    recall  f1-score   support

      AUGUST       1.00      1.00      1.00       489
         BIG       0.89      1.00      0.94       206
        BIRD       1.00      1.00      1.00       305
        BOAT       1.00      1.00      1.00       210
        COME       0.88      1.00      0.94       207
      DRIVER       1.00      1.00      1.00       589
     FARMING       1.00      0.98      0.99       320
    FEBRUARY       0.93      1.00      0.97       460
          GO       0.91      1.00      0.95       127
   GREETINGS       1.00      1.00      1.00       298
         OUR       0.95      0.88      0.92       165
        READ       1.00      1.00      1.00       480
       SMALL       0.83      1.00      0.91       282
       TIGER       0.97      1.00      0.99       195
       TRAIN       1.00      1.00      1.00       251
        UGLY       1.00      0.87      0.93       245
         VAN       1.00      1.00      1.00       162
        WHAT       1.00      1.00      1.00        45
       WHICH       0.93      0.93      0.93       329
       WRITE       0.99      1.00      1.00       326
  background       1.00      0.99      0.99     10396

    accuracy                           0.99     16087
   macro avg       0.97      0.98      0.97     16087
weighted avg       0.99      0.99      0.99     16087

Confusion matrix saved to: trained_models/plots/confusion_matrices/user3/val_confusion_normalized.png
Misclassification matrix saved to: trained_models/plots/confusion_matrices/user3/val_confusion_misclassifications.png

========== TEST WINDOW-LEVEL REPORT ==========
Accuracy: 0.9565
              precision    recall  f1-score   support

      AUGUST       1.00      1.00      1.00       845
         BIG       0.96      1.00      0.98       371
        BIRD       0.88      1.00      0.94       555
        BOAT       0.99      0.78      0.87       490
        COME       0.96      0.95      0.95       331
      DRIVER       1.00      1.00      1.00      1005
     FARMING       1.00      0.92      0.96       634
    FEBRUARY       0.56      1.00      0.72       746
          GO       0.82      1.00      0.90        91
   GREETINGS       1.00      0.07      0.13       597
         OUR       0.78      0.97      0.87       281
        READ       0.89      0.99      0.94       756
       SMALL       1.00      0.99      0.99       575
       TIGER       1.00      1.00      1.00       332
       TRAIN       0.99      1.00      0.99       446
        UGLY       0.65      0.92      0.76       451
         VAN       0.93      0.95      0.94       500
        WHAT       0.97      0.81      0.88        73
       WHICH       0.98      1.00      0.99       523
       WRITE       0.96      1.00      0.98       798
  background       1.00      0.98      0.99     17625

    accuracy                           0.96     28025
   macro avg       0.92      0.92      0.89     28025
weighted avg       0.97      0.96      0.95     28025

Confusion matrix saved to: trained_models/plots/confusion_matrices/user3/test_confusion_normalized.png
Misclassification matrix saved to: trained_models/plots/confusion_matrices/user3/test_confusion_misclassifications.png

========== WINDOW ACCURACY SUMMARY ==========
split  frame_accuracy
Train        0.999132
  Val        0.987941
 Test        0.956539

========== TEST (USER3) WER SUMMARY ==========
Normalization  : palm_ref
Stream mode    : thct_net_batch
Bag size       : 5  (167ms)
Aggregation    : mean
Conf threshold : 0.35
Min sign frames: 15  (500ms)
Total sequences evaluated: 55
Mean WER:   0.0864
Median WER: 0.0000
Std WER:    0.1421

Showing 5 example sequence(s):
  [1] user3 | P3_S9_R5
    Frames       : 750 | Missing ratio: 0.000
    Stream steps : 721 | Emitted: 4
    GT           : ['TIGER', 'WHAT', 'VAN', 'READ']
    Prediction   : ['TIGER', 'WHAT', 'VAN', 'READ']
    WER          : 0.0000
    Emit regions : [(65, 122, np.str_('TIGER')), (211, 236, np.str_('WHAT')), (325, 408, np.str_('VAN')), (469, 590, np.str_('READ'))]
    GT segments  : [{'label': 'TIGER', 'start_frame': 43, 'end_frame': 97}, {'label': 'WHAT', 'start_frame': 188, 'end_frame': 218}, {'label': 'VAN', 'start_frame': 312, 'end_frame': 384}, {'label': 'READ', 'start_frame': 459, 'end_frame': 574}]
  [2] user3 | P3_S9_R3
    Frames       : 750 | Missing ratio: 0.000
    Stream steps : 721 | Emitted: 4
    GT           : ['TIGER', 'WHAT', 'VAN', 'READ']
    Prediction   : ['TIGER', 'WHAT', 'VAN', 'READ']
    WER          : 0.0000
    Emit regions : [(54, 116, np.str_('TIGER')), (243, 270, np.str_('WHAT')), (372, 466, np.str_('VAN')), (528, 620, np.str_('READ'))]
    GT segments  : [{'label': 'TIGER', 'start_frame': 30, 'end_frame': 97}, {'label': 'WHAT', 'start_frame': 217, 'end_frame': 251}, {'label': 'VAN', 'start_frame': 357, 'end_frame': 436}, {'label': 'READ', 'start_frame': 518, 'end_frame': 608}]
  [3] user3 | P3_S2_R8
    Frames       : 750 | Missing ratio: 0.000
    Stream steps : 721 | Emitted: 4
    GT           : ['FARMING', 'BIG', 'VAN', 'SMALL']
    Prediction   : ['FARMING', 'BIG', 'VAN', 'SMALL']
    WER          : 0.0000
    Emit regions : [(33, 111, np.str_('FARMING')), (187, 248, np.str_('BIG')), (351, 438, np.str_('VAN')), (522, 593, np.str_('SMALL'))]
    GT segments  : [{'label': 'FARMING', 'start_frame': 14, 'end_frame': 92}, {'label': 'BIG', 'start_frame': 183, 'end_frame': 240}, {'label': 'VAN', 'start_frame': 341, 'end_frame': 416}, {'label': 'SMALL', 'start_frame': 500, 'end_frame': 578}]
  [4] user3 | P3_S2_R5
    Frames       : 750 | Missing ratio: 0.000
    Stream steps : 721 | Emitted: 4
    GT           : ['FARMING', 'BIG', 'VAN', 'SMALL']
    Prediction   : ['FARMING', 'BIG', 'VAN', 'SMALL']
    WER          : 0.0000
    Emit regions : [(48, 131, np.str_('FARMING')), (190, 267, np.str_('BIG')), (348, 441, np.str_('VAN')), (497, 566, np.str_('SMALL'))]
    GT segments  : [{'label': 'FARMING', 'start_frame': 41, 'end_frame': 107}, {'label': 'BIG', 'start_frame': 185, 'end_frame': 257}, {'label': 'VAN', 'start_frame': 341, 'end_frame': 414}, {'label': 'SMALL', 'start_frame': 473, 'end_frame': 556}]
  [5] user3 | P3_S4_R4
    Frames       : 750 | Missing ratio: 0.000
    Stream steps : 721 | Emitted: 3
    GT           : ['BOAT', 'TRAIN', 'TIGER']
    Prediction   : ['BOAT', 'TRAIN', 'TIGER']
    WER          : 0.0000
    Emit regions : [(33, 84, np.str_('BOAT')), (212, 300, np.str_('TRAIN')), (394, 460, np.str_('TIGER'))]
    GT segments  : [{'label': 'BOAT', 'start_frame': 0, 'end_frame': 66}, {'label': 'TRAIN', 'start_frame': 199, 'end_frame': 282}, {'label': 'TIGER', 'start_frame': 371, 'end_frame': 433}]
[test_user3_20260709T002610Z] metadata -> trained_models/results/test_user3_20260709t002610z_metadata.parquet
[test_user3_20260709T002610Z] arrays   -> trained_models/results/test_user3_20260709t002610z_arrays.npz
  sequences : 55
  npz keys  : 440

========== DEV VAL WER SUMMARY ==========
Normalization  : palm_ref
Stream mode    : thct_net_batch
Bag size       : 5  (167ms)
Aggregation    : mean
Conf threshold : 0.35
Min sign frames: 15  (500ms)
Total sequences evaluated: 33
Mean WER:   0.0152
Median WER: 0.0000
Std WER:    0.0857

Showing 5 example sequence(s):
  [1] user1 | P1_S8_R3
    Frames       : 750 | Missing ratio: 0.000
    Stream steps : 721 | Emitted: 4
    GT           : ['BIG', 'GREETINGS', 'WHICH', 'FARMING']
    Prediction   : ['BIG', 'GREETINGS', 'WHICH', 'FARMING']
    WER          : 0.0000
    Emit regions : [(87, 151, np.str_('BIG')), (223, 285, np.str_('GREETINGS')), (304, 400, np.str_('WHICH')), (421, 530, np.str_('FARMING'))]
    GT segments  : [{'label': 'BIG', 'start_frame': 58, 'end_frame': 127}, {'label': 'GREETINGS', 'start_frame': 204, 'end_frame': 270}, {'label': 'WHICH', 'start_frame': 291, 'end_frame': 376}, {'label': 'FARMING', 'start_frame': 408, 'end_frame': 511}]
  [2] user1 | P1_S6_R3
    Frames       : 750 | Missing ratio: 0.000
    Stream steps : 721 | Emitted: 3
    GT           : ['WHICH', 'OUR', 'TRAIN']
    Prediction   : ['WHICH', 'OUR', 'TRAIN']
    WER          : 0.0000
    Emit regions : [(75, 216, np.str_('WHICH')), (247, 355, np.str_('OUR')), (386, 489, np.str_('TRAIN'))]
    GT segments  : [{'label': 'WHICH', 'start_frame': 58, 'end_frame': 198}, {'label': 'OUR', 'start_frame': 237, 'end_frame': 333}, {'label': 'TRAIN', 'start_frame': 373, 'end_frame': 463}]
  [3] user1 | P1_S1_R8
    Frames       : 750 | Missing ratio: 0.000
    Stream steps : 721 | Emitted: 4
    GT           : ['GO', 'READ', 'OUR', 'COME']
    Prediction   : ['GO', 'READ', 'OUR', 'COME']
    WER          : 0.0000
    Emit regions : [(68, 119, np.str_('GO')), (162, 241, np.str_('READ')), (290, 354, np.str_('OUR')), (409, 478, np.str_('COME'))]
    GT segments  : [{'label': 'GO', 'start_frame': 47, 'end_frame': 101}, {'label': 'READ', 'start_frame': 154, 'end_frame': 232}, {'label': 'OUR', 'start_frame': 275, 'end_frame': 335}, {'label': 'COME', 'start_frame': 394, 'end_frame': 460}]
  [4] user1 | P1_S10_R6
    Frames       : 750 | Missing ratio: 0.000
    Stream steps : 721 | Emitted: 3
    GT           : ['SMALL', 'FEBRUARY', 'BOAT']
    Prediction   : ['SMALL', 'FEBRUARY', 'BOAT']
    WER          : 0.0000
    Emit regions : [(42, 118, np.str_('SMALL')), (174, 284, np.str_('FEBRUARY')), (330, 415, np.str_('BOAT'))]
    GT segments  : [{'label': 'SMALL', 'start_frame': 17, 'end_frame': 98}, {'label': 'FEBRUARY', 'start_frame': 156, 'end_frame': 263}, {'label': 'BOAT', 'start_frame': 320, 'end_frame': 393}]
  [5] user1 | P1_S5_R5
    Frames       : 750 | Missing ratio: 0.000
    Stream steps : 721 | Emitted: 4
    GT           : ['BIRD', 'WHAT', 'DRIVER', 'GREETINGS']
    Prediction   : ['BIRD', 'WHAT', 'DRIVER', 'GREETINGS']
    WER          : 0.0000
    Emit regions : [(50, 138, np.str_('BIRD')), (193, 230, np.str_('WHAT')), (301, 424, np.str_('DRIVER')), (507, 638, np.str_('GREETINGS'))]
    GT segments  : [{'label': 'BIRD', 'start_frame': 30, 'end_frame': 114}, {'label': 'WHAT', 'start_frame': 170, 'end_frame': 207}, {'label': 'DRIVER', 'start_frame': 286, 'end_frame': 406}, {'label': 'GREETINGS', 'start_frame': 490, 'end_frame': 620}]
[val_user3_20260709T002610Z] metadata -> trained_models/results/val_user3_20260709t002610z_metadata.parquet
[val_user3_20260709T002610Z] arrays   -> trained_models/results/val_user3_20260709t002610z_arrays.npz
  sequences : 33
  npz keys  : 264

============================================================
STREAMING METRICS EVALUATION (from WER outputs) — Test (user3)
============================================================
Sequences: 55 | Classes: 21
Running: corrected


────────────────────────────────────────────────────────────
CORRECTED METRICS (SHREC'21 protocol) — Test (user3)
────────────────────────────────────────────────────────────
============================================================
GLOBAL RESULTS  (Corrected — SHREC'21 protocol)
============================================================
Class AUGUST:
  Detection Rate : 1.0000  (10/10)
  Misclass Rate  : 0.0000  (0/10)
  False Pos Rate : 0.0000  (0 FP / 10 GT)
  Avg Latency    : 18.00 frames
  Avg Jaccard    : 0.7207
Class BIG:
  Detection Rate : 1.0000  (12/12)
  Misclass Rate  : 0.0000  (0/12)
  False Pos Rate : 0.0000  (0 FP / 12 GT)
  Avg Latency    : 7.00 frames
  Avg Jaccard    : 0.7322
Class BIRD:
  Detection Rate : 1.0000  (10/10)
  Misclass Rate  : 0.0000  (0/10)
  False Pos Rate : 0.1000  (1 FP / 10 GT)
  Avg Latency    : 18.60 frames
  Avg Jaccard    : 0.5256
Class BOAT:
  Detection Rate : 0.6000  (6/10)
  Misclass Rate  : 0.3000  (3/10)
  False Pos Rate : 0.1000  (1 FP / 10 GT)
  Avg Latency    : 27.33 frames
  Avg Jaccard    : 0.3271
Class COME:
  Detection Rate : 1.0000  (10/10)
  Misclass Rate  : 0.0000  (0/10)
  False Pos Rate : 0.0000  (0 FP / 10 GT)
  Avg Latency    : 18.50 frames
  Avg Jaccard    : 0.4925
Class DRIVER:
  Detection Rate : 1.0000  (10/10)
  Misclass Rate  : 0.0000  (0/10)
  False Pos Rate : 0.0000  (0 FP / 10 GT)
  Avg Latency    : 17.40 frames
  Avg Jaccard    : 0.7385
Class FARMING:
  Detection Rate : 1.0000  (12/12)
  Misclass Rate  : 0.0000  (0/12)
  False Pos Rate : 0.0000  (0 FP / 12 GT)
  Avg Latency    : 32.58 frames
  Avg Jaccard    : 0.6760
Class FEBRUARY:
  Detection Rate : 1.0000  (10/10)
  Misclass Rate  : 0.0000  (0/10)
  False Pos Rate : 0.0000  (0 FP / 10 GT)
  Avg Latency    : 20.00 frames
  Avg Jaccard    : 0.6478
Class GO:
  Detection Rate : 1.0000  (10/10)
  Misclass Rate  : 0.0000  (0/10)
  False Pos Rate : 0.0000  (0 FP / 10 GT)
  Avg Latency    : 10.50 frames
  Avg Jaccard    : 0.4956
Class GREETINGS:
  Detection Rate : 0.0909  (1/11)
  Misclass Rate  : 0.9091  (10/11)
  False Pos Rate : 0.0000  (0 FP / 11 GT)
  Avg Latency    : 21.00 frames
  Avg Jaccard    : 0.0246
Class OUR:
  Detection Rate : 1.0000  (8/8)
  Misclass Rate  : 0.0000  (0/8)
  False Pos Rate : 0.3750  (3 FP / 8 GT)
  Avg Latency    : 29.12 frames
  Avg Jaccard    : 0.4001
Class READ:
  Detection Rate : 1.0000  (10/10)
  Misclass Rate  : 0.0000  (0/10)
  False Pos Rate : 0.0000  (0 FP / 10 GT)
  Avg Latency    : 22.20 frames
  Avg Jaccard    : 0.8006
Class SMALL:
  Detection Rate : 1.0000  (11/11)
  Misclass Rate  : 0.0000  (0/11)
  False Pos Rate : 0.0000  (0 FP / 11 GT)
  Avg Latency    : 22.91 frames
  Avg Jaccard    : 0.6173
Class TIGER:
  Detection Rate : 1.0000  (10/10)
  Misclass Rate  : 0.0000  (0/10)
  False Pos Rate : 0.0000  (0 FP / 10 GT)
  Avg Latency    : 20.40 frames
  Avg Jaccard    : 0.4748
Class TRAIN:
  Detection Rate : 1.0000  (8/8)
  Misclass Rate  : 0.0000  (0/8)
  False Pos Rate : 0.0000  (0 FP / 8 GT)
  Avg Latency    : 13.38 frames
  Avg Jaccard    : 0.6944
Class UGLY:
  Detection Rate : 1.0000  (10/10)
  Misclass Rate  : 0.0000  (0/10)
  False Pos Rate : 0.1000  (1 FP / 10 GT)
  Avg Latency    : 12.00 frames
  Avg Jaccard    : 0.5379
Class VAN:
  Detection Rate : 1.0000  (11/11)
  Misclass Rate  : 0.0000  (0/11)
  False Pos Rate : 0.0000  (0 FP / 11 GT)
  Avg Latency    : 25.27 frames
  Avg Jaccard    : 0.6210
Class WHAT:
  Detection Rate : 0.3000  (3/10)
  Misclass Rate  : 0.0000  (0/10)
  False Pos Rate : 0.7000  (7 FP / 10 GT)
  Avg Latency    : 21.67 frames
  Avg Jaccard    : 0.0837
Class WHICH:
  Detection Rate : 1.0000  (9/9)
  Misclass Rate  : 0.0000  (0/9)
  False Pos Rate : 0.0000  (0 FP / 9 GT)
  Avg Latency    : 17.11 frames
  Avg Jaccard    : 0.6393
Class WRITE:
  Detection Rate : 1.0000  (10/10)
  Misclass Rate  : 0.0000  (0/10)
  False Pos Rate : 0.0000  (0 FP / 10 GT)
  Avg Latency    : 21.70 frames
  Avg Jaccard    : 0.7226

--- Macro averages (across all classes) ---
  Detection Rate : 0.8960
  Misclass Rate  : 0.0644
  False Pos Rate : 0.0644
  Jaccard Index  : 0.5486
============================================================
Saved model checkpoint: trained_models/20260709T053306Z_thct_net_val-0.9879_b209dbd4.pt
Training curve saved to: trained_models/plots/curves_test_user3_20260709T002610Z_loss.png
Training curve saved to: trained_models/plots/curves_test_user3_20260709T002610Z_accuracy.png
Training curve saved to: trained_models/plots/curves_test_user3_20260709T002610Z_f1.png

──────────────────────────────────────────────────────────────────────
FOLD CONFIG: test_user=user5
──────────────────────────────────────────────────────────────────────
  Epochs            : 10
  Learning rate     : 0.0003
  Glosses/batch     : 12
  Samples/gloss     : 12
  Loss function     : CrossEntropyLoss
  Augmentation      : True
    Rotation prob   : 0.5 (range: ±8.0 deg)
    Scaling prob    : 0.5 (range: [0.95, 1.05])
    Noise prob      : 0.5 (std: 2.0 mm)
    Dropout prob    : 0.35 (rate: 0.15)
──────────────────────────────────────────────────────────────────────

======================================================================
FOLD: test_user=user5, dev_users=['user1', 'user2', 'user3']
======================================================================
Fold seed: 544 (base 44 + user offset)

============================================================
SPLIT: test_user=user5, dev_users=['user1', 'user2', 'user3']
============================================================
Dev removed by filter   : {'missing_data': 1, 'low_confidence': 1, 'too_short': 3}
Test removed by filter  : {'too_short': 2}
Train segments (filtered): 1424
Val segments (filtered)  : 271
Test segments (filtered) : 592
Label mapping (string -> ID):
  np.str_('AUGUST') -> 0
  np.str_('BIG') -> 1
  np.str_('BIRD') -> 2
  np.str_('BOAT') -> 3
  np.str_('COME') -> 4
  np.str_('DRIVER') -> 5
  np.str_('FARMING') -> 6
  np.str_('FEBRUARY') -> 7
  np.str_('GO') -> 8
  np.str_('GREETINGS') -> 9
  np.str_('OUR') -> 10
  np.str_('READ') -> 11
  np.str_('SMALL') -> 12
  np.str_('TIGER') -> 13
  np.str_('TRAIN') -> 14
  np.str_('UGLY') -> 15
  np.str_('VAN') -> 16
  np.str_('WHAT') -> 17
  np.str_('WHICH') -> 18
  np.str_('WRITE') -> 19
  np.str_('background') -> 20

Total classes: 21
Background class ID: 20
WER catalog sizes -> train: 171, val: 33, test: 72
Train windows: 82815 | Val windows: 16037 | Test windows: 37406
Train batches: 576 | Val batches: 4010 | Test batches: 9352
Loss function: CrossEntropyLoss
Model: thct_net | Trainable params: 1,185,727
[thct_net] using normalization: palm_ref
Stabilization: grad_clip=True (norm=1.0), scheduler=True, early_stopping_patience=15
Model selection criterion: validation macro-F1
  -> [thct_net] new best in memory (val_f1=0.9654, val_acc=0.9843)
thct_net | Epoch 01 | Loss: 0.4315 | Train Acc: 0.9124 | Train F1: 0.9128 | Val Loss: 0.0647 | Val Acc: 0.9843 | Val F1: 0.9654
thct_net | Epoch 02 | Loss: 0.0176 | Train Acc: 0.9953 | Train F1: 0.9953 | Val Loss: 0.1043 | Val Acc: 0.9755 | Val F1: 0.9461
  -> [thct_net] new best in memory (val_f1=0.9798, val_acc=0.9911)
thct_net | Epoch 03 | Loss: 0.0117 | Train Acc: 0.9966 | Train F1: 0.9966 | Val Loss: 0.0473 | Val Acc: 0.9911 | Val F1: 0.9798
thct_net | Epoch 04 | Loss: 0.0085 | Train Acc: 0.9975 | Train F1: 0.9975 | Val Loss: 0.0457 | Val Acc: 0.9908 | Val F1: 0.9775
thct_net | Epoch 05 | Loss: 0.0084 | Train Acc: 0.9976 | Train F1: 0.9976 | Val Loss: 0.0516 | Val Acc: 0.9889 | Val F1: 0.9741
thct_net | Epoch 06 | Loss: 0.0061 | Train Acc: 0.9983 | Train F1: 0.9983 | Val Loss: 0.0494 | Val Acc: 0.9910 | Val F1: 0.9773
thct_net | Epoch 07 | Loss: 0.0061 | Train Acc: 0.9981 | Train F1: 0.9981 | Val Loss: 0.0499 | Val Acc: 0.9903 | Val F1: 0.9772
  -> [thct_net] new best in memory (val_f1=0.9805, val_acc=0.9918)
thct_net | Epoch 08 | Loss: 0.0047 | Train Acc: 0.9986 | Train F1: 0.9986 | Val Loss: 0.0403 | Val Acc: 0.9918 | Val F1: 0.9805
thct_net | Epoch 09 | Loss: 0.0054 | Train Acc: 0.9984 | Train F1: 0.9984 | Val Loss: 0.0434 | Val Acc: 0.9911 | Val F1: 0.9794
  -> [thct_net] new best in memory (val_f1=0.9809, val_acc=0.9921)
thct_net | Epoch 10 | Loss: 0.0032 | Train Acc: 0.9990 | Train F1: 0.9990 | Val Loss: 0.0525 | Val Acc: 0.9921 | Val F1: 0.9809

thct_net per-epoch summary:
      model normalization  epoch  train_loss  train_batch_acc  train_f1  val_loss   val_acc    val_f1
0  thct_net      palm_ref      1    0.431534         0.912435  0.912794  0.064671  0.984286  0.965405
1  thct_net      palm_ref      2    0.017628         0.995274  0.995267  0.104278  0.975494  0.946105
2  thct_net      palm_ref      3    0.011736         0.996612  0.996587  0.047326  0.991083  0.979835
3  thct_net      palm_ref      4    0.008473         0.997541  0.997490  0.045680  0.990834  0.977507
4  thct_net      palm_ref      5    0.008377         0.997565  0.997575  0.051554  0.988901  0.974092
5  thct_net      palm_ref      6    0.006067         0.998324  0.998320  0.049352  0.990958  0.977348
6  thct_net      palm_ref      7    0.006074         0.998119  0.998119  0.049923  0.990335  0.977152
7  thct_net      palm_ref      8    0.004729         0.998589  0.998587  0.040333  0.991831  0.980472
8  thct_net      palm_ref      9    0.005447         0.998384  0.998388  0.043373  0.991145  0.979388
9  thct_net      palm_ref     10    0.003163         0.999048  0.999050  0.052460  0.992143  0.980879
[thct_net] best model restored from memory.

========== TRAIN WINDOW-LEVEL REPORT ==========
Accuracy: 0.9991
              precision    recall  f1-score   support

      AUGUST       1.00      1.00      1.00      3996
         BIG       1.00      1.00      1.00      3972
        BIRD       1.00      1.00      1.00      4032
        BOAT       1.00      1.00      1.00      3804
        COME       1.00      1.00      1.00      3912
      DRIVER       1.00      1.00      1.00      3912
     FARMING       1.00      1.00      1.00      4008
    FEBRUARY       1.00      1.00      1.00      4092
          GO       1.00      1.00      1.00      3876
   GREETINGS       1.00      1.00      1.00      3900
         OUR       1.00      1.00      1.00      4296
        READ       1.00      1.00      1.00      4032
       SMALL       1.00      1.00      1.00      3660
       TIGER       1.00      1.00      1.00      3924
       TRAIN       0.99      1.00      1.00      4044
        UGLY       1.00      1.00      1.00      3984
         VAN       1.00      1.00      1.00      3984
        WHAT       1.00      1.00      1.00      3900
       WHICH       1.00      1.00      1.00      3924
       WRITE       1.00      1.00      1.00      3900
  background       1.00      1.00      1.00      3792

    accuracy                           1.00     82944
   macro avg       1.00      1.00      1.00     82944
weighted avg       1.00      1.00      1.00     82944


========== VAL WINDOW-LEVEL REPORT ==========
Accuracy: 0.9921
              precision    recall  f1-score   support

      AUGUST       1.00      1.00      1.00       489
         BIG       0.87      1.00      0.93       210
        BIRD       1.00      1.00      1.00       359
        BOAT       1.00      1.00      1.00       257
        COME       0.86      1.00      0.92       203
      DRIVER       1.00      1.00      1.00       697
     FARMING       1.00      0.98      0.99       351
    FEBRUARY       0.99      1.00      0.99       489
          GO       1.00      1.00      1.00        94
   GREETINGS       1.00      1.00      1.00       309
         OUR       1.00      0.86      0.92       197
        READ       1.00      1.00      1.00       500
       SMALL       0.90      1.00      0.95       248
       TIGER       0.95      1.00      0.97       175
       TRAIN       0.95      1.00      0.97       266
        UGLY       0.99      0.98      0.98       262
         VAN       0.99      1.00      1.00       190
        WHAT       1.00      1.00      1.00        52
       WHICH       1.00      0.94      0.97       331
       WRITE       1.00      1.00      1.00       304
  background       1.00      0.99      1.00     10054

    accuracy                           0.99     16037
   macro avg       0.98      0.99      0.98     16037
weighted avg       0.99      0.99      0.99     16037

Confusion matrix saved to: trained_models/plots/confusion_matrices/user5/val_confusion_normalized.png
Misclassification matrix saved to: trained_models/plots/confusion_matrices/user5/val_confusion_misclassifications.png

========== TEST WINDOW-LEVEL REPORT ==========
Accuracy: 0.9859
              precision    recall  f1-score   support

      AUGUST       1.00      1.00      1.00      1049
         BIG       1.00      1.00      1.00       314
        BIRD       0.95      1.00      0.98       508
        BOAT       0.96      1.00      0.98       463
        COME       0.92      0.98      0.95       586
      DRIVER       1.00      1.00      1.00      1150
     FARMING       0.90      0.99      0.94       368
    FEBRUARY       1.00      1.00      1.00       831
          GO       0.92      0.71      0.80       349
   GREETINGS       1.00      1.00      1.00       766
         OUR       0.94      0.75      0.84       260
        READ       1.00      0.98      0.99       818
       SMALL       0.89      0.99      0.94       622
       TIGER       0.99      1.00      0.99       463
       TRAIN       0.96      1.00      0.98       756
        UGLY       0.82      0.81      0.81       494
         VAN       0.99      1.00      1.00       323
        WHAT       1.00      1.00      1.00        66
       WHICH       0.95      0.97      0.96       608
       WRITE       1.00      1.00      1.00       964
  background       1.00      0.99      0.99     25648

    accuracy                           0.99     37406
   macro avg       0.96      0.96      0.96     37406
weighted avg       0.99      0.99      0.99     37406

Confusion matrix saved to: trained_models/plots/confusion_matrices/user5/test_confusion_normalized.png
Misclassification matrix saved to: trained_models/plots/confusion_matrices/user5/test_confusion_misclassifications.png

========== WINDOW ACCURACY SUMMARY ==========
split  frame_accuracy
Train        0.999072
  Val        0.992143
 Test        0.985858

========== TEST (USER5) WER SUMMARY ==========
Normalization  : palm_ref
Stream mode    : thct_net_batch
Bag size       : 5  (167ms)
Aggregation    : mean
Conf threshold : 0.35
Min sign frames: 15  (500ms)
Total sequences evaluated: 72
Mean WER:   0.0174
Median WER: 0.0000
Std WER:    0.0760

Showing 5 example sequence(s):
  [1] user5 | P5_S10_R4
    Frames       : 750 | Missing ratio: 0.000
    Stream steps : 721 | Emitted: 3
    GT           : ['SMALL', 'FEBRUARY', 'BOAT']
    Prediction   : ['SMALL', 'FEBRUARY', 'BOAT']
    WER          : 0.0000
    Emit regions : [(58, 128, np.str_('SMALL')), (209, 301, np.str_('FEBRUARY')), (361, 426, np.str_('BOAT'))]
    GT segments  : [{'label': 'SMALL', 'start_frame': 37, 'end_frame': 108}, {'label': 'FEBRUARY', 'start_frame': 186, 'end_frame': 288}, {'label': 'BOAT', 'start_frame': 353, 'end_frame': 409}]
  [2] user5 | P5_S4_R8
    Frames       : 750 | Missing ratio: 0.000
    Stream steps : 721 | Emitted: 3
    GT           : ['BOAT', 'TRAIN', 'TIGER']
    Prediction   : ['BOAT', 'TRAIN', 'TIGER']
    WER          : 0.0000
    Emit regions : [(33, 85, np.str_('BOAT')), (227, 323, np.str_('TRAIN')), (435, 532, np.str_('TIGER'))]
    GT segments  : [{'label': 'BOAT', 'start_frame': 15, 'end_frame': 70}, {'label': 'TRAIN', 'start_frame': 216, 'end_frame': 300}, {'label': 'TIGER', 'start_frame': 410, 'end_frame': 508}]
  [3] user5 | P5_S3_R5
    Frames       : 750 | Missing ratio: 0.000
    Stream steps : 721 | Emitted: 4
    GT           : ['WRITE', 'FEBRUARY', 'UGLY', 'AUGUST']
    Prediction   : ['WRITE', 'FEBRUARY', 'UGLY', 'AUGUST']
    WER          : 0.0000
    Emit regions : [(33, 134, np.str_('WRITE')), (207, 281, np.str_('FEBRUARY')), (389, 449, np.str_('UGLY')), (560, 652, np.str_('AUGUST'))]
    GT segments  : [{'label': 'WRITE', 'start_frame': 12, 'end_frame': 113}, {'label': 'FEBRUARY', 'start_frame': 185, 'end_frame': 264}, {'label': 'UGLY', 'start_frame': 367, 'end_frame': 444}, {'label': 'AUGUST', 'start_frame': 540, 'end_frame': 638}]
  [4] user5 | P5_S2_R6
    Frames       : 750 | Missing ratio: 0.000
    Stream steps : 721 | Emitted: 4
    GT           : ['FARMING', 'BIG', 'VAN', 'SMALL']
    Prediction   : ['FARMING', 'BIG', 'VAN', 'SMALL']
    WER          : 0.0000
    Emit regions : [(33, 100, np.str_('FARMING')), (176, 233, np.str_('BIG')), (326, 388, np.str_('VAN')), (473, 545, np.str_('SMALL'))]
    GT segments  : [{'label': 'FARMING', 'start_frame': 20, 'end_frame': 76}, {'label': 'BIG', 'start_frame': 165, 'end_frame': 223}, {'label': 'VAN', 'start_frame': 308, 'end_frame': 366}, {'label': 'SMALL', 'start_frame': 445, 'end_frame': 532}]
  [5] user5 | P5_S2_R1
    Frames       : 750 | Missing ratio: 0.000
    Stream steps : 721 | Emitted: 4
    GT           : ['FARMING', 'BIG', 'VAN', 'SMALL']
    Prediction   : ['FARMING', 'BIG', 'VAN', 'SMALL']
    WER          : 0.0000
    Emit regions : [(33, 79, np.str_('FARMING')), (154, 199, np.str_('BIG')), (310, 365, np.str_('VAN')), (436, 483, np.str_('SMALL'))]
    GT segments  : [{'label': 'FARMING', 'start_frame': 14, 'end_frame': 60}, {'label': 'BIG', 'start_frame': 144, 'end_frame': 192}, {'label': 'VAN', 'start_frame': 294, 'end_frame': 345}, {'label': 'SMALL', 'start_frame': 419, 'end_frame': 474}]
[test_user5_20260709T002610Z] metadata -> trained_models/results/test_user5_20260709t002610z_metadata.parquet
[test_user5_20260709T002610Z] arrays   -> trained_models/results/test_user5_20260709t002610z_arrays.npz
  sequences : 72
  npz keys  : 576

========== DEV VAL WER SUMMARY ==========
Normalization  : palm_ref
Stream mode    : thct_net_batch
Bag size       : 5  (167ms)
Aggregation    : mean
Conf threshold : 0.35
Min sign frames: 15  (500ms)
Total sequences evaluated: 33
Mean WER:   0.0000
Median WER: 0.0000
Std WER:    0.0000

Showing 5 example sequence(s):
  [1] user1 | P1_S8_R3
    Frames       : 750 | Missing ratio: 0.000
    Stream steps : 721 | Emitted: 4
    GT           : ['BIG', 'GREETINGS', 'WHICH', 'FARMING']
    Prediction   : ['BIG', 'GREETINGS', 'WHICH', 'FARMING']
    WER          : 0.0000
    Emit regions : [(87, 154, np.str_('BIG')), (226, 285, np.str_('GREETINGS')), (310, 393, np.str_('WHICH')), (424, 534, np.str_('FARMING'))]
    GT segments  : [{'label': 'BIG', 'start_frame': 58, 'end_frame': 127}, {'label': 'GREETINGS', 'start_frame': 204, 'end_frame': 270}, {'label': 'WHICH', 'start_frame': 291, 'end_frame': 376}, {'label': 'FARMING', 'start_frame': 408, 'end_frame': 511}]
  [2] user1 | P1_S6_R3
    Frames       : 750 | Missing ratio: 0.000
    Stream steps : 721 | Emitted: 3
    GT           : ['WHICH', 'OUR', 'TRAIN']
    Prediction   : ['WHICH', 'OUR', 'TRAIN']
    WER          : 0.0000
    Emit regions : [(74, 212, np.str_('WHICH')), (255, 348, np.str_('OUR')), (388, 488, np.str_('TRAIN'))]
    GT segments  : [{'label': 'WHICH', 'start_frame': 58, 'end_frame': 198}, {'label': 'OUR', 'start_frame': 237, 'end_frame': 333}, {'label': 'TRAIN', 'start_frame': 373, 'end_frame': 463}]
  [3] user1 | P1_S1_R8
    Frames       : 750 | Missing ratio: 0.000
    Stream steps : 721 | Emitted: 4
    GT           : ['GO', 'READ', 'OUR', 'COME']
    Prediction   : ['GO', 'READ', 'OUR', 'COME']
    WER          : 0.0000
    Emit regions : [(73, 117, np.str_('GO')), (161, 241, np.str_('READ')), (296, 347, np.str_('OUR')), (415, 478, np.str_('COME'))]
    GT segments  : [{'label': 'GO', 'start_frame': 47, 'end_frame': 101}, {'label': 'READ', 'start_frame': 154, 'end_frame': 232}, {'label': 'OUR', 'start_frame': 275, 'end_frame': 335}, {'label': 'COME', 'start_frame': 394, 'end_frame': 460}]
  [4] user1 | P1_S10_R6
    Frames       : 750 | Missing ratio: 0.000
    Stream steps : 721 | Emitted: 3
    GT           : ['SMALL', 'FEBRUARY', 'BOAT']
    Prediction   : ['SMALL', 'FEBRUARY', 'BOAT']
    WER          : 0.0000
    Emit regions : [(43, 120, np.str_('SMALL')), (176, 281, np.str_('FEBRUARY')), (328, 419, np.str_('BOAT'))]
    GT segments  : [{'label': 'SMALL', 'start_frame': 17, 'end_frame': 98}, {'label': 'FEBRUARY', 'start_frame': 156, 'end_frame': 263}, {'label': 'BOAT', 'start_frame': 320, 'end_frame': 393}]
  [5] user1 | P1_S5_R5
    Frames       : 750 | Missing ratio: 0.000
    Stream steps : 721 | Emitted: 4
    GT           : ['BIRD', 'WHAT', 'DRIVER', 'GREETINGS']
    Prediction   : ['BIRD', 'WHAT', 'DRIVER', 'GREETINGS']
    WER          : 0.0000
    Emit regions : [(47, 142, np.str_('BIRD')), (192, 227, np.str_('WHAT')), (303, 425, np.str_('DRIVER')), (508, 638, np.str_('GREETINGS'))]
    GT segments  : [{'label': 'BIRD', 'start_frame': 30, 'end_frame': 114}, {'label': 'WHAT', 'start_frame': 170, 'end_frame': 207}, {'label': 'DRIVER', 'start_frame': 286, 'end_frame': 406}, {'label': 'GREETINGS', 'start_frame': 490, 'end_frame': 620}]
[val_user5_20260709T002610Z] metadata -> trained_models/results/val_user5_20260709t002610z_metadata.parquet
[val_user5_20260709T002610Z] arrays   -> trained_models/results/val_user5_20260709t002610z_arrays.npz
  sequences : 33
  npz keys  : 264

============================================================
STREAMING METRICS EVALUATION (from WER outputs) — Test (user5)
============================================================
Sequences: 72 | Classes: 21
Running: corrected


────────────────────────────────────────────────────────────
CORRECTED METRICS (SHREC'21 protocol) — Test (user5)
────────────────────────────────────────────────────────────
============================================================
GLOBAL RESULTS  (Corrected — SHREC'21 protocol)
============================================================
Class AUGUST:
  Detection Rate : 1.0000  (12/12)
  Misclass Rate  : 0.0000  (0/12)
  False Pos Rate : 0.0000  (0 FP / 12 GT)
  Avg Latency    : 21.17 frames
  Avg Jaccard    : 0.7121
Class BIG:
  Detection Rate : 0.9333  (14/15)
  Misclass Rate  : 0.0000  (0/15)
  False Pos Rate : 0.0667  (1 FP / 15 GT)
  Avg Latency    : 10.21 frames
  Avg Jaccard    : 0.5068
Class BIRD:
  Detection Rate : 1.0000  (13/13)
  Misclass Rate  : 0.0000  (0/13)
  False Pos Rate : 0.0000  (0 FP / 13 GT)
  Avg Latency    : 19.15 frames
  Avg Jaccard    : 0.4998
Class BOAT:
  Detection Rate : 1.0000  (14/14)
  Misclass Rate  : 0.0000  (0/14)
  False Pos Rate : 0.0000  (0 FP / 14 GT)
  Avg Latency    : 17.00 frames
  Avg Jaccard    : 0.6142
Class COME:
  Detection Rate : 1.0000  (15/15)
  Misclass Rate  : 0.0000  (0/15)
  False Pos Rate : 0.0000  (0 FP / 15 GT)
  Avg Latency    : 23.13 frames
  Avg Jaccard    : 0.5233
Class DRIVER:
  Detection Rate : 1.0000  (13/13)
  Misclass Rate  : 0.0000  (0/13)
  False Pos Rate : 0.0000  (0 FP / 13 GT)
  Avg Latency    : 14.69 frames
  Avg Jaccard    : 0.7585
Class FARMING:
  Detection Rate : 0.8667  (13/15)
  Misclass Rate  : 0.0000  (0/15)
  False Pos Rate : 0.1333  (2 FP / 15 GT)
  Avg Latency    : 16.15 frames
  Avg Jaccard    : 0.3482
Class FEBRUARY:
  Detection Rate : 1.0000  (13/13)
  Misclass Rate  : 0.0000  (0/13)
  False Pos Rate : 0.0000  (0 FP / 13 GT)
  Avg Latency    : 23.23 frames
  Avg Jaccard    : 0.6831
Class GO:
  Detection Rate : 0.1538  (2/13)
  Misclass Rate  : 0.0000  (0/13)
  False Pos Rate : 0.8462  (11 FP / 13 GT)
  Avg Latency    : 38.00 frames
  Avg Jaccard    : 0.0876
Class GREETINGS:
  Detection Rate : 1.0000  (13/13)
  Misclass Rate  : 0.0000  (0/13)
  False Pos Rate : 0.0000  (0 FP / 13 GT)
  Avg Latency    : 19.08 frames
  Avg Jaccard    : 0.6714
Class OUR:
  Detection Rate : 0.7857  (11/14)
  Misclass Rate  : 0.1429  (2/14)
  False Pos Rate : 0.0714  (1 FP / 14 GT)
  Avg Latency    : 30.64 frames
  Avg Jaccard    : 0.3154
Class READ:
  Detection Rate : 1.0000  (12/12)
  Misclass Rate  : 0.0000  (0/12)
  False Pos Rate : 0.0000  (0 FP / 12 GT)
  Avg Latency    : 20.17 frames
  Avg Jaccard    : 0.7143
Class SMALL:
  Detection Rate : 1.0000  (14/14)
  Misclass Rate  : 0.0000  (0/14)
  False Pos Rate : 0.0000  (0 FP / 14 GT)
  Avg Latency    : 22.93 frames
  Avg Jaccard    : 0.5699
Class TIGER:
  Detection Rate : 1.0000  (12/12)
  Misclass Rate  : 0.0000  (0/12)
  False Pos Rate : 0.0000  (0 FP / 12 GT)
  Avg Latency    : 23.08 frames
  Avg Jaccard    : 0.4649
Class TRAIN:
  Detection Rate : 1.0000  (14/14)
  Misclass Rate  : 0.0000  (0/14)
  False Pos Rate : 0.0000  (0 FP / 14 GT)
  Avg Latency    : 26.36 frames
  Avg Jaccard    : 0.6550
Class UGLY:
  Detection Rate : 0.6667  (8/12)
  Misclass Rate  : 0.0000  (0/12)
  False Pos Rate : 0.5000  (6 FP / 12 GT)
  Avg Latency    : 24.25 frames
  Avg Jaccard    : 0.2599
Class VAN:
  Detection Rate : 1.0000  (12/12)
  Misclass Rate  : 0.0000  (0/12)
  False Pos Rate : 0.0000  (0 FP / 12 GT)
  Avg Latency    : 18.58 frames
  Avg Jaccard    : 0.5075
Class WHAT:
  Detection Rate : 0.7000  (7/10)
  Misclass Rate  : 0.0000  (0/10)
  False Pos Rate : 0.3000  (3 FP / 10 GT)
  Avg Latency    : 14.29 frames
  Avg Jaccard    : 0.2462
Class WHICH:
  Detection Rate : 0.9231  (12/13)
  Misclass Rate  : 0.0000  (0/13)
  False Pos Rate : 0.1538  (2 FP / 13 GT)
  Avg Latency    : 22.33 frames
  Avg Jaccard    : 0.4114
Class WRITE:
  Detection Rate : 1.0000  (12/12)
  Misclass Rate  : 0.0000  (0/12)
  False Pos Rate : 0.0000  (0 FP / 12 GT)
  Avg Latency    : 17.33 frames
  Avg Jaccard    : 0.6969

--- Macro averages (across all classes) ---
  Detection Rate : 0.9042
  Misclass Rate  : 0.0077
  False Pos Rate : 0.0996
  Jaccard Index  : 0.5123
============================================================
Saved model checkpoint: trained_models/20260709T071333Z_thct_net_val-0.9921_a3ab2335.pt
Training curve saved to: trained_models/plots/curves_test_user5_20260709T002610Z_loss.png
Training curve saved to: trained_models/plots/curves_test_user5_20260709T002610Z_accuracy.png
Training curve saved to: trained_models/plots/curves_test_user5_20260709T002610Z_f1.png

======================================================================
FINAL SUMMARY ACROSS ALL FOLDS
======================================================================
test_user           dev_users  best_val_acc  best_val_f1  test_mean_wer                                                      saved_path
    user1 user2, user3, user5      0.994963     0.989431       0.201754 trained_models/20260709T020454Z_thct_net_val-0.9950_7d674406.pt
    user2 user1, user3, user5      0.992696     0.981134       0.070776 trained_models/20260709T034708Z_thct_net_val-0.9927_f819536c.pt
    user3 user1, user2, user5      0.987941     0.973668       0.086364 trained_models/20260709T053306Z_thct_net_val-0.9879_b209dbd4.pt
    user5 user1, user2, user3      0.992143     0.980879       0.017361 trained_models/20260709T071333Z_thct_net_val-0.9921_a3ab2335.pt

LOUO Mean Test WER: 0.0941 ± 0.0672
LOUO Best Val Acc:  0.9919 ± 0.0025
LOUO Best Val F1:   0.9813 ± 0.0056
